Device: cuda
Created DataLoaders
Number of trainable parameters: 134268738
Starting training now
Starting Validation
Epoch [1/200] - Train Loss: 0.5210, Train Accuracy: 0.7904 - 
Validation Loss: 0.5318, Validation Accuracy: 0.7719
Starting Validation
Epoch [2/200] - Train Loss: 0.5175, Train Accuracy: 0.7935 - 
Validation Loss: 0.6228, Validation Accuracy: 0.7719
Starting Validation
Epoch [3/200] - Train Loss: 0.5164, Train Accuracy: 0.7935 - 
Validation Loss: 0.5276, Validation Accuracy: 0.7719
Starting Validation
Epoch [4/200] - Train Loss: 0.5067, Train Accuracy: 0.7935 - 
Validation Loss: 0.5275, Validation Accuracy: 0.7719
Starting Validation
Epoch [5/200] - Train Loss: 0.5077, Train Accuracy: 0.7935 - 
Validation Loss: 0.5323, Validation Accuracy: 0.7719
Starting Validation
Epoch [6/200] - Train Loss: 0.5074, Train Accuracy: 0.7935 - 
Validation Loss: 0.5228, Validation Accuracy: 0.7719
Starting Validation
Epoch [7/200] - Train Loss: 0.4925, Train Accuracy: 0.7935 - 
Validation Loss: 0.5360, Validation Accuracy: 0.7719
Starting Validation
Epoch [8/200] - Train Loss: 0.4936, Train Accuracy: 0.7935 - 
Validation Loss: 0.5215, Validation Accuracy: 0.7719
Starting Validation
Epoch [9/200] - Train Loss: 0.4962, Train Accuracy: 0.7935 - 
Validation Loss: 0.5260, Validation Accuracy: 0.7719
Starting Validation
Epoch [10/200] - Train Loss: 0.4962, Train Accuracy: 0.7935 - 
Validation Loss: 0.5209, Validation Accuracy: 0.7719
Starting Validation
Epoch [11/200] - Train Loss: 0.4935, Train Accuracy: 0.7935 - 
Validation Loss: 0.5427, Validation Accuracy: 0.7719
Starting Validation
Epoch [12/200] - Train Loss: 0.4963, Train Accuracy: 0.7935 - 
Validation Loss: 0.5224, Validation Accuracy: 0.7719
Starting Validation
Epoch [13/200] - Train Loss: 0.4890, Train Accuracy: 0.7935 - 
Validation Loss: 0.5269, Validation Accuracy: 0.7719
Starting Validation
Epoch [14/200] - Train Loss: 0.4869, Train Accuracy: 0.7935 - 
Validation Loss: 0.5224, Validation Accuracy: 0.7719
Starting Validation
Epoch [15/200] - Train Loss: 0.4837, Train Accuracy: 0.7935 - 
Validation Loss: 0.5240, Validation Accuracy: 0.7719
Starting Validation
Epoch [16/200] - Train Loss: 0.4796, Train Accuracy: 0.7935 - 
Validation Loss: 0.5211, Validation Accuracy: 0.7719
Starting Validation
Epoch [17/200] - Train Loss: 0.4782, Train Accuracy: 0.7935 - 
Validation Loss: 0.5174, Validation Accuracy: 0.7719
Starting Validation
Epoch [18/200] - Train Loss: 0.4839, Train Accuracy: 0.7935 - 
Validation Loss: 0.5108, Validation Accuracy: 0.7719
Starting Validation
Epoch [19/200] - Train Loss: 0.4786, Train Accuracy: 0.7935 - 
Validation Loss: 0.5274, Validation Accuracy: 0.7719
Starting Validation
Epoch [20/200] - Train Loss: 0.5002, Train Accuracy: 0.7935 - 
Validation Loss: 0.5235, Validation Accuracy: 0.7719
Starting Validation
Epoch [21/200] - Train Loss: 0.4791, Train Accuracy: 0.7935 - 
Validation Loss: 0.5188, Validation Accuracy: 0.7719
Starting Validation
Epoch [22/200] - Train Loss: 0.4731, Train Accuracy: 0.7937 - 
Validation Loss: 0.5670, Validation Accuracy: 0.7719
Starting Validation
Epoch [23/200] - Train Loss: 0.4813, Train Accuracy: 0.7932 - 
Validation Loss: 0.5083, Validation Accuracy: 0.7719
Starting Validation
Epoch [24/200] - Train Loss: 0.4754, Train Accuracy: 0.7929 - 
Validation Loss: 0.5153, Validation Accuracy: 0.7719
Starting Validation
Epoch [25/200] - Train Loss: 0.4685, Train Accuracy: 0.7943 - 
Validation Loss: 0.5129, Validation Accuracy: 0.7713
Starting Validation
Epoch [26/200] - Train Loss: 0.4671, Train Accuracy: 0.7940 - 
Validation Loss: 0.5502, Validation Accuracy: 0.7719
Starting Validation
Epoch [27/200] - Train Loss: 0.4704, Train Accuracy: 0.7943 - 
Validation Loss: 0.5111, Validation Accuracy: 0.7707
Starting Validation
Epoch [28/200] - Train Loss: 0.4646, Train Accuracy: 0.7946 - 
Validation Loss: 0.5378, Validation Accuracy: 0.7630
Starting Validation
Epoch [29/200] - Train Loss: 0.4654, Train Accuracy: 0.7981 - 
Validation Loss: 0.5102, Validation Accuracy: 0.7649
Starting Validation
Epoch [30/200] - Train Loss: 0.4596, Train Accuracy: 0.7954 - 
Validation Loss: 0.5134, Validation Accuracy: 0.7707
Starting Validation
Epoch [31/200] - Train Loss: 0.4567, Train Accuracy: 0.8012 - 
Validation Loss: 0.5423, Validation Accuracy: 0.7719
Starting Validation
Epoch [32/200] - Train Loss: 0.4483, Train Accuracy: 0.7987 - 
Validation Loss: 0.5181, Validation Accuracy: 0.7707
Starting Validation
Epoch [33/200] - Train Loss: 0.4464, Train Accuracy: 0.8003 - 
Validation Loss: 0.5185, Validation Accuracy: 0.7534
Starting Validation
Epoch [34/200] - Train Loss: 0.4473, Train Accuracy: 0.8072 - 
Validation Loss: 0.5275, Validation Accuracy: 0.7655
Starting Validation
Epoch [35/200] - Train Loss: 0.4395, Train Accuracy: 0.8053 - 
Validation Loss: 0.5549, Validation Accuracy: 0.7668
Starting Validation
Epoch [36/200] - Train Loss: 0.4398, Train Accuracy: 0.8023 - 
Validation Loss: 0.5394, Validation Accuracy: 0.7694
Starting Validation
Epoch [37/200] - Train Loss: 0.4345, Train Accuracy: 0.8039 - 
Validation Loss: 0.5627, Validation Accuracy: 0.7732
Starting Validation
Epoch [38/200] - Train Loss: 0.4354, Train Accuracy: 0.8132 - 
Validation Loss: 0.5338, Validation Accuracy: 0.7662
Starting Validation
Epoch [39/200] - Train Loss: 0.4228, Train Accuracy: 0.8083 - 
Validation Loss: 0.6030, Validation Accuracy: 0.7578
Starting Validation
Epoch [40/200] - Train Loss: 0.4218, Train Accuracy: 0.8088 - 
Validation Loss: 0.8199, Validation Accuracy: 0.7758
Starting Validation
Epoch [41/200] - Train Loss: 0.4243, Train Accuracy: 0.8171 - 
Validation Loss: 0.5518, Validation Accuracy: 0.7700
Starting Validation
Epoch [42/200] - Train Loss: 0.4212, Train Accuracy: 0.8160 - 
Validation Loss: 0.5578, Validation Accuracy: 0.7591
Starting Validation
Epoch [43/200] - Train Loss: 0.4049, Train Accuracy: 0.8185 - 
Validation Loss: 0.5584, Validation Accuracy: 0.7418
Starting Validation
Epoch [44/200] - Train Loss: 0.3997, Train Accuracy: 0.8185 - 
Validation Loss: 0.5331, Validation Accuracy: 0.7643
Starting Validation
Epoch [45/200] - Train Loss: 0.3930, Train Accuracy: 0.8261 - 
Validation Loss: 0.5630, Validation Accuracy: 0.7489
Starting Validation
Epoch [46/200] - Train Loss: 0.3846, Train Accuracy: 0.8330 - 
Validation Loss: 0.5740, Validation Accuracy: 0.7098
Starting Validation
Epoch [47/200] - Train Loss: 0.3744, Train Accuracy: 0.8314 - 
Validation Loss: 0.6342, Validation Accuracy: 0.6739
Starting Validation
Epoch [48/200] - Train Loss: 0.3934, Train Accuracy: 0.8198 - 
Validation Loss: 0.5997, Validation Accuracy: 0.6970
Starting Validation
Epoch [49/200] - Train Loss: 0.3655, Train Accuracy: 0.8382 - 
Validation Loss: 0.6774, Validation Accuracy: 0.7572
Starting Validation
Epoch [50/200] - Train Loss: 0.3685, Train Accuracy: 0.8377 - 
Validation Loss: 0.5874, Validation Accuracy: 0.7623
Starting Validation
Epoch [51/200] - Train Loss: 0.3641, Train Accuracy: 0.8410 - 
Validation Loss: 0.6204, Validation Accuracy: 0.7553
Starting Validation
Epoch [52/200] - Train Loss: 0.3460, Train Accuracy: 0.8498 - 
Validation Loss: 0.6389, Validation Accuracy: 0.7040
Starting Validation
Epoch [53/200] - Train Loss: 0.3274, Train Accuracy: 0.8531 - 
Validation Loss: 0.7426, Validation Accuracy: 0.7476
Starting Validation
Epoch [54/200] - Train Loss: 0.3270, Train Accuracy: 0.8616 - 
Validation Loss: 0.6283, Validation Accuracy: 0.7521
Starting Validation
Epoch [55/200] - Train Loss: 0.3056, Train Accuracy: 0.8651 - 
Validation Loss: 0.6894, Validation Accuracy: 0.6682
Starting Validation
Epoch [56/200] - Train Loss: 0.3135, Train Accuracy: 0.8635 - 
Validation Loss: 0.7137, Validation Accuracy: 0.7476
Starting Validation
Epoch [57/200] - Train Loss: 0.3136, Train Accuracy: 0.8698 - 
Validation Loss: 0.6357, Validation Accuracy: 0.7470
Starting Validation
Epoch [58/200] - Train Loss: 0.2969, Train Accuracy: 0.8761 - 
Validation Loss: 0.7379, Validation Accuracy: 0.7412
Starting Validation
Epoch [59/200] - Train Loss: 0.2844, Train Accuracy: 0.8857 - 
Validation Loss: 0.7261, Validation Accuracy: 0.6246
Starting Validation
Epoch [60/200] - Train Loss: 0.2841, Train Accuracy: 0.8764 - 
Validation Loss: 0.6825, Validation Accuracy: 0.7527
Starting Validation
Epoch [61/200] - Train Loss: 0.2695, Train Accuracy: 0.8874 - 
Validation Loss: 0.7291, Validation Accuracy: 0.7175
Starting Validation
Epoch [62/200] - Train Loss: 0.2495, Train Accuracy: 0.9009 - 
Validation Loss: 0.7470, Validation Accuracy: 0.7489
Starting Validation
Epoch [63/200] - Train Loss: 0.2416, Train Accuracy: 0.9033 - 
Validation Loss: 0.7560, Validation Accuracy: 0.7021
Starting Validation
Epoch [64/200] - Train Loss: 0.2358, Train Accuracy: 0.9058 - 
Validation Loss: 0.9624, Validation Accuracy: 0.7322
Starting Validation
Epoch [65/200] - Train Loss: 0.2134, Train Accuracy: 0.9107 - 
Validation Loss: 0.8939, Validation Accuracy: 0.7072
Starting Validation
Epoch [66/200] - Train Loss: 0.2164, Train Accuracy: 0.9063 - 
Validation Loss: 0.9871, Validation Accuracy: 0.7265
Starting Validation
Epoch [67/200] - Train Loss: 0.2019, Train Accuracy: 0.9182 - 
Validation Loss: 0.8681, Validation Accuracy: 0.7162
Starting Validation
Epoch [68/200] - Train Loss: 0.2061, Train Accuracy: 0.9135 - 
Validation Loss: 1.0063, Validation Accuracy: 0.7316
Starting Validation
Epoch [69/200] - Train Loss: 0.2027, Train Accuracy: 0.9201 - 
Validation Loss: 0.8842, Validation Accuracy: 0.7444
Starting Validation
Epoch [70/200] - Train Loss: 0.1865, Train Accuracy: 0.9234 - 
Validation Loss: 0.9507, Validation Accuracy: 0.7297
Starting Validation
Epoch [71/200] - Train Loss: 0.1617, Train Accuracy: 0.9399 - 
Validation Loss: 0.8443, Validation Accuracy: 0.7521
Starting Validation
Epoch [72/200] - Train Loss: 0.1708, Train Accuracy: 0.9349 - 
Validation Loss: 1.1222, Validation Accuracy: 0.7617
Starting Validation
Epoch [73/200] - Train Loss: 0.1790, Train Accuracy: 0.9311 - 
Validation Loss: 1.2103, Validation Accuracy: 0.7438
Starting Validation
Epoch [74/200] - Train Loss: 0.1633, Train Accuracy: 0.9357 - 
Validation Loss: 1.2252, Validation Accuracy: 0.7341
Starting Validation
Epoch [75/200] - Train Loss: 0.1544, Train Accuracy: 0.9363 - 
Validation Loss: 1.1929, Validation Accuracy: 0.7290
Starting Validation
Epoch [76/200] - Train Loss: 0.1453, Train Accuracy: 0.9388 - 
Validation Loss: 1.1330, Validation Accuracy: 0.6931
Starting Validation
Epoch [77/200] - Train Loss: 0.1501, Train Accuracy: 0.9420 - 
Validation Loss: 1.1410, Validation Accuracy: 0.6944
Starting Validation
Epoch [78/200] - Train Loss: 0.1374, Train Accuracy: 0.9473 - 
Validation Loss: 0.9855, Validation Accuracy: 0.7034
Starting Validation
Epoch [79/200] - Train Loss: 0.1287, Train Accuracy: 0.9547 - 
Validation Loss: 1.1819, Validation Accuracy: 0.7226
Starting Validation
Epoch [80/200] - Train Loss: 0.1223, Train Accuracy: 0.9486 - 
Validation Loss: 1.0684, Validation Accuracy: 0.7220
Starting Validation
Epoch [81/200] - Train Loss: 0.1298, Train Accuracy: 0.9508 - 
Validation Loss: 1.3282, Validation Accuracy: 0.7111
Starting Validation
Epoch [82/200] - Train Loss: 0.1337, Train Accuracy: 0.9500 - 
Validation Loss: 1.0930, Validation Accuracy: 0.7226
Starting Validation
Epoch [83/200] - Train Loss: 0.1168, Train Accuracy: 0.9585 - 
Validation Loss: 1.2377, Validation Accuracy: 0.7008
Starting Validation
Epoch [84/200] - Train Loss: 0.1306, Train Accuracy: 0.9508 - 
Validation Loss: 1.0435, Validation Accuracy: 0.7233
Starting Validation
Epoch [85/200] - Train Loss: 0.1078, Train Accuracy: 0.9621 - 
Validation Loss: 1.3987, Validation Accuracy: 0.7297
Starting Validation
Epoch [86/200] - Train Loss: 0.1014, Train Accuracy: 0.9629 - 
Validation Loss: 1.3275, Validation Accuracy: 0.6880
Starting Validation
Epoch [87/200] - Train Loss: 0.1002, Train Accuracy: 0.9618 - 
Validation Loss: 1.3445, Validation Accuracy: 0.7252
Starting Validation
Epoch [88/200] - Train Loss: 0.0956, Train Accuracy: 0.9659 - 
Validation Loss: 1.6337, Validation Accuracy: 0.7553
Starting Validation
Epoch [89/200] - Train Loss: 0.0944, Train Accuracy: 0.9670 - 
Validation Loss: 1.5804, Validation Accuracy: 0.7514
Starting Validation
Epoch [90/200] - Train Loss: 0.0961, Train Accuracy: 0.9637 - 
Validation Loss: 1.3014, Validation Accuracy: 0.7245
Starting Validation
Epoch [91/200] - Train Loss: 0.0978, Train Accuracy: 0.9643 - 
Validation Loss: 1.2755, Validation Accuracy: 0.7008
Starting Validation
Epoch [92/200] - Train Loss: 0.0865, Train Accuracy: 0.9670 - 
Validation Loss: 1.3542, Validation Accuracy: 0.7124
Starting Validation
Epoch [93/200] - Train Loss: 0.0851, Train Accuracy: 0.9720 - 
Validation Loss: 1.3697, Validation Accuracy: 0.7361
Starting Validation
Epoch [94/200] - Train Loss: 0.0743, Train Accuracy: 0.9701 - 
Validation Loss: 1.4598, Validation Accuracy: 0.6887
Starting Validation
Epoch [95/200] - Train Loss: 0.0880, Train Accuracy: 0.9657 - 
Validation Loss: 1.3512, Validation Accuracy: 0.7220
Starting Validation
Epoch [96/200] - Train Loss: 0.0810, Train Accuracy: 0.9709 - 
Validation Loss: 1.4999, Validation Accuracy: 0.7489
Starting Validation
Epoch [97/200] - Train Loss: 0.0742, Train Accuracy: 0.9747 - 
Validation Loss: 1.4420, Validation Accuracy: 0.7329
Starting Validation
Epoch [98/200] - Train Loss: 0.0844, Train Accuracy: 0.9670 - 
Validation Loss: 1.3669, Validation Accuracy: 0.7194
Starting Validation
Epoch [99/200] - Train Loss: 0.0734, Train Accuracy: 0.9753 - 
Validation Loss: 1.1778, Validation Accuracy: 0.6899
Starting Validation
Epoch [100/200] - Train Loss: 0.0716, Train Accuracy: 0.9731 - 
Validation Loss: 1.4774, Validation Accuracy: 0.7438
Starting Validation
Epoch [101/200] - Train Loss: 0.0870, Train Accuracy: 0.9668 - 
Validation Loss: 1.2796, Validation Accuracy: 0.7386
Starting Validation
Epoch [102/200] - Train Loss: 0.0671, Train Accuracy: 0.9725 - 
Validation Loss: 1.6962, Validation Accuracy: 0.7284
Starting Validation
Epoch [103/200] - Train Loss: 0.0826, Train Accuracy: 0.9676 - 
Validation Loss: 1.2815, Validation Accuracy: 0.6970
Starting Validation
Epoch [104/200] - Train Loss: 0.0708, Train Accuracy: 0.9709 - 
Validation Loss: 1.5753, Validation Accuracy: 0.7233
Starting Validation
Epoch [105/200] - Train Loss: 0.0699, Train Accuracy: 0.9739 - 
Validation Loss: 1.5758, Validation Accuracy: 0.7002
Starting Validation
Epoch [106/200] - Train Loss: 0.0523, Train Accuracy: 0.9800 - 
Validation Loss: 1.9890, Validation Accuracy: 0.7284
Starting Validation
Epoch [107/200] - Train Loss: 0.0708, Train Accuracy: 0.9745 - 
Validation Loss: 1.7933, Validation Accuracy: 0.7277
Starting Validation
Epoch [108/200] - Train Loss: 0.0786, Train Accuracy: 0.9747 - 
Validation Loss: 1.4673, Validation Accuracy: 0.7085
Starting Validation
Epoch [109/200] - Train Loss: 0.0655, Train Accuracy: 0.9764 - 
Validation Loss: 1.7149, Validation Accuracy: 0.7188
Starting Validation
Epoch [110/200] - Train Loss: 0.0748, Train Accuracy: 0.9747 - 
Validation Loss: 1.4493, Validation Accuracy: 0.7168
Starting Validation
Epoch [111/200] - Train Loss: 0.0694, Train Accuracy: 0.9772 - 
Validation Loss: 1.6205, Validation Accuracy: 0.7297
Starting Validation
Epoch [112/200] - Train Loss: 0.0691, Train Accuracy: 0.9772 - 
Validation Loss: 1.7519, Validation Accuracy: 0.7316
Starting Validation
Epoch [113/200] - Train Loss: 0.0576, Train Accuracy: 0.9791 - 
Validation Loss: 1.7340, Validation Accuracy: 0.7297
Starting Validation
Epoch [114/200] - Train Loss: 0.0635, Train Accuracy: 0.9778 - 
Validation Loss: 1.7124, Validation Accuracy: 0.7380
Starting Validation
Epoch [115/200] - Train Loss: 0.0621, Train Accuracy: 0.9789 - 
Validation Loss: 1.6141, Validation Accuracy: 0.7188
Starting Validation
Epoch [116/200] - Train Loss: 0.0605, Train Accuracy: 0.9772 - 
Validation Loss: 1.4174, Validation Accuracy: 0.6919
Starting Validation
Epoch [117/200] - Train Loss: 0.0712, Train Accuracy: 0.9761 - 
Validation Loss: 1.4333, Validation Accuracy: 0.7124
Starting Validation
Epoch [118/200] - Train Loss: 0.0488, Train Accuracy: 0.9816 - 
Validation Loss: 1.6124, Validation Accuracy: 0.7271
Starting Validation
Epoch [119/200] - Train Loss: 0.0686, Train Accuracy: 0.9769 - 
Validation Loss: 1.6071, Validation Accuracy: 0.7553
Starting Validation
Epoch [120/200] - Train Loss: 0.0489, Train Accuracy: 0.9830 - 
Validation Loss: 1.7607, Validation Accuracy: 0.7399
Starting Validation
Epoch [121/200] - Train Loss: 0.0530, Train Accuracy: 0.9805 - 
Validation Loss: 1.4551, Validation Accuracy: 0.7111
Starting Validation
Epoch [122/200] - Train Loss: 0.0525, Train Accuracy: 0.9805 - 
Validation Loss: 1.6080, Validation Accuracy: 0.7085
Starting Validation
Epoch [123/200] - Train Loss: 0.0658, Train Accuracy: 0.9775 - 
Validation Loss: 1.7560, Validation Accuracy: 0.7438
Starting Validation
Epoch [124/200] - Train Loss: 0.0452, Train Accuracy: 0.9838 - 
Validation Loss: 1.9816, Validation Accuracy: 0.7425
Starting Validation
Epoch [125/200] - Train Loss: 0.0557, Train Accuracy: 0.9810 - 
Validation Loss: 1.4281, Validation Accuracy: 0.7335
Starting Validation
Epoch [126/200] - Train Loss: 0.0601, Train Accuracy: 0.9783 - 
Validation Loss: 1.3891, Validation Accuracy: 0.7181
Starting Validation
Epoch [127/200] - Train Loss: 0.0642, Train Accuracy: 0.9769 - 
Validation Loss: 1.5590, Validation Accuracy: 0.7143
Starting Validation
Epoch [128/200] - Train Loss: 0.0528, Train Accuracy: 0.9843 - 
Validation Loss: 1.4767, Validation Accuracy: 0.7047
Starting Validation
Epoch [129/200] - Train Loss: 0.0590, Train Accuracy: 0.9821 - 
Validation Loss: 1.5869, Validation Accuracy: 0.7290
Starting Validation
Epoch [130/200] - Train Loss: 0.0612, Train Accuracy: 0.9791 - 
Validation Loss: 1.7447, Validation Accuracy: 0.7463
Starting Validation
Epoch [131/200] - Train Loss: 0.0541, Train Accuracy: 0.9789 - 
Validation Loss: 1.4410, Validation Accuracy: 0.7335
Starting Validation
Epoch [132/200] - Train Loss: 0.0493, Train Accuracy: 0.9821 - 
Validation Loss: 1.6489, Validation Accuracy: 0.7450
Starting Validation
Epoch [133/200] - Train Loss: 0.0330, Train Accuracy: 0.9882 - 
Validation Loss: 1.7768, Validation Accuracy: 0.6919
Starting Validation
Epoch [134/200] - Train Loss: 0.0613, Train Accuracy: 0.9767 - 
Validation Loss: 1.8071, Validation Accuracy: 0.7527
Starting Validation
Epoch [135/200] - Train Loss: 0.0482, Train Accuracy: 0.9849 - 
Validation Loss: 1.8938, Validation Accuracy: 0.7553
Starting Validation
Epoch [136/200] - Train Loss: 0.0509, Train Accuracy: 0.9835 - 
Validation Loss: 2.1122, Validation Accuracy: 0.7438
Starting Validation
Epoch [137/200] - Train Loss: 0.0625, Train Accuracy: 0.9772 - 
Validation Loss: 1.6365, Validation Accuracy: 0.7092
Starting Validation
Epoch [138/200] - Train Loss: 0.0367, Train Accuracy: 0.9882 - 
Validation Loss: 2.1371, Validation Accuracy: 0.7290
Starting Validation
Epoch [139/200] - Train Loss: 0.0521, Train Accuracy: 0.9805 - 
Validation Loss: 2.2990, Validation Accuracy: 0.7623
Starting Validation
Epoch [140/200] - Train Loss: 0.0438, Train Accuracy: 0.9860 - 
Validation Loss: 1.5375, Validation Accuracy: 0.7393
Starting Validation
Epoch [141/200] - Train Loss: 0.0385, Train Accuracy: 0.9852 - 
Validation Loss: 1.7479, Validation Accuracy: 0.7040
Starting Validation
Epoch [142/200] - Train Loss: 0.0526, Train Accuracy: 0.9830 - 
Validation Loss: 1.8880, Validation Accuracy: 0.7252
Starting Validation
Epoch [143/200] - Train Loss: 0.0565, Train Accuracy: 0.9800 - 
Validation Loss: 1.4812, Validation Accuracy: 0.7335
Starting Validation
Epoch [144/200] - Train Loss: 0.0438, Train Accuracy: 0.9843 - 
Validation Loss: 1.9590, Validation Accuracy: 0.7079
Starting Validation
Epoch [145/200] - Train Loss: 0.0426, Train Accuracy: 0.9841 - 
Validation Loss: 1.6148, Validation Accuracy: 0.7201
Starting Validation
Epoch [146/200] - Train Loss: 0.0407, Train Accuracy: 0.9871 - 
Validation Loss: 2.2167, Validation Accuracy: 0.7585
Starting Validation
Epoch [147/200] - Train Loss: 0.0531, Train Accuracy: 0.9821 - 
Validation Loss: 1.8210, Validation Accuracy: 0.7380
Starting Validation
Epoch [148/200] - Train Loss: 0.0589, Train Accuracy: 0.9805 - 
Validation Loss: 2.2373, Validation Accuracy: 0.7598
Starting Validation
Epoch [149/200] - Train Loss: 0.0447, Train Accuracy: 0.9821 - 
Validation Loss: 1.7107, Validation Accuracy: 0.7220
Starting Validation
Epoch [150/200] - Train Loss: 0.0512, Train Accuracy: 0.9802 - 
Validation Loss: 1.9317, Validation Accuracy: 0.7508
Starting Validation
Epoch [151/200] - Train Loss: 0.0530, Train Accuracy: 0.9827 - 
Validation Loss: 1.4748, Validation Accuracy: 0.7290
Starting Validation
Epoch [152/200] - Train Loss: 0.0320, Train Accuracy: 0.9893 - 
Validation Loss: 1.6911, Validation Accuracy: 0.7213
Starting Validation
Epoch [153/200] - Train Loss: 0.0377, Train Accuracy: 0.9852 - 
Validation Loss: 2.3277, Validation Accuracy: 0.7329
Starting Validation
Epoch [154/200] - Train Loss: 0.0462, Train Accuracy: 0.9830 - 
Validation Loss: 2.1259, Validation Accuracy: 0.6951
Starting Validation
Epoch [155/200] - Train Loss: 0.0586, Train Accuracy: 0.9819 - 
Validation Loss: 2.1507, Validation Accuracy: 0.7412
Starting Validation
Epoch [156/200] - Train Loss: 0.0401, Train Accuracy: 0.9843 - 
Validation Loss: 1.9549, Validation Accuracy: 0.7482
Starting Validation
Epoch [157/200] - Train Loss: 0.0457, Train Accuracy: 0.9863 - 
Validation Loss: 1.6707, Validation Accuracy: 0.6976
Starting Validation
Epoch [158/200] - Train Loss: 0.0369, Train Accuracy: 0.9890 - 
Validation Loss: 1.9911, Validation Accuracy: 0.7450
Starting Validation
Epoch [159/200] - Train Loss: 0.0428, Train Accuracy: 0.9841 - 
Validation Loss: 1.4279, Validation Accuracy: 0.7367
Starting Validation
Epoch [160/200] - Train Loss: 0.0288, Train Accuracy: 0.9912 - 
Validation Loss: 2.1828, Validation Accuracy: 0.7361
Starting Validation
Epoch [161/200] - Train Loss: 0.0535, Train Accuracy: 0.9810 - 
Validation Loss: 1.7061, Validation Accuracy: 0.7220
Starting Validation
Epoch [162/200] - Train Loss: 0.0380, Train Accuracy: 0.9887 - 
Validation Loss: 2.3910, Validation Accuracy: 0.7341
Starting Validation
Epoch [163/200] - Train Loss: 0.0403, Train Accuracy: 0.9882 - 
Validation Loss: 1.8144, Validation Accuracy: 0.7559
Starting Validation
Epoch [164/200] - Train Loss: 0.0292, Train Accuracy: 0.9907 - 
Validation Loss: 2.0969, Validation Accuracy: 0.7040
Starting Validation
Epoch [165/200] - Train Loss: 0.0539, Train Accuracy: 0.9813 - 
Validation Loss: 1.5858, Validation Accuracy: 0.7303
Starting Validation
Epoch [166/200] - Train Loss: 0.0278, Train Accuracy: 0.9915 - 
Validation Loss: 2.1589, Validation Accuracy: 0.7111
Starting Validation
Epoch [167/200] - Train Loss: 0.0488, Train Accuracy: 0.9832 - 
Validation Loss: 2.2276, Validation Accuracy: 0.7431
Starting Validation
Epoch [168/200] - Train Loss: 0.0350, Train Accuracy: 0.9896 - 
Validation Loss: 1.7660, Validation Accuracy: 0.6887
Starting Validation
Epoch [169/200] - Train Loss: 0.0544, Train Accuracy: 0.9816 - 
Validation Loss: 1.4218, Validation Accuracy: 0.7220
Starting Validation
Epoch [170/200] - Train Loss: 0.0372, Train Accuracy: 0.9882 - 
Validation Loss: 1.8874, Validation Accuracy: 0.7380
Starting Validation
Epoch [171/200] - Train Loss: 0.0271, Train Accuracy: 0.9907 - 
Validation Loss: 2.4184, Validation Accuracy: 0.7418
Starting Validation
Epoch [172/200] - Train Loss: 0.0483, Train Accuracy: 0.9813 - 
Validation Loss: 1.9126, Validation Accuracy: 0.6752
Starting Validation
Epoch [173/200] - Train Loss: 0.0413, Train Accuracy: 0.9849 - 
Validation Loss: 2.2498, Validation Accuracy: 0.7514
Starting Validation
Epoch [174/200] - Train Loss: 0.0400, Train Accuracy: 0.9876 - 
Validation Loss: 2.2922, Validation Accuracy: 0.7598
Starting Validation
Epoch [175/200] - Train Loss: 0.0399, Train Accuracy: 0.9860 - 
Validation Loss: 1.8922, Validation Accuracy: 0.7412
Starting Validation
Epoch [176/200] - Train Loss: 0.0514, Train Accuracy: 0.9824 - 
Validation Loss: 1.9700, Validation Accuracy: 0.7566
Starting Validation
Epoch [177/200] - Train Loss: 0.0292, Train Accuracy: 0.9898 - 
Validation Loss: 1.9189, Validation Accuracy: 0.6887
Starting Validation
Epoch [178/200] - Train Loss: 0.0293, Train Accuracy: 0.9896 - 
Validation Loss: 2.1296, Validation Accuracy: 0.7341
Starting Validation
Epoch [179/200] - Train Loss: 0.0300, Train Accuracy: 0.9907 - 
Validation Loss: 2.9794, Validation Accuracy: 0.7527
Starting Validation
Epoch [180/200] - Train Loss: 0.0425, Train Accuracy: 0.9865 - 
Validation Loss: 2.2852, Validation Accuracy: 0.7527
Starting Validation
Epoch [181/200] - Train Loss: 0.0297, Train Accuracy: 0.9909 - 
Validation Loss: 2.4306, Validation Accuracy: 0.7450
Starting Validation
Epoch [182/200] - Train Loss: 0.0460, Train Accuracy: 0.9846 - 
Validation Loss: 1.8184, Validation Accuracy: 0.7476
Starting Validation
Epoch [183/200] - Train Loss: 0.0415, Train Accuracy: 0.9876 - 
Validation Loss: 1.7767, Validation Accuracy: 0.7265
Starting Validation
Epoch [184/200] - Train Loss: 0.0266, Train Accuracy: 0.9909 - 
Validation Loss: 2.2715, Validation Accuracy: 0.7425
Starting Validation
Epoch [185/200] - Train Loss: 0.0300, Train Accuracy: 0.9901 - 
Validation Loss: 1.9113, Validation Accuracy: 0.7341
Starting Validation
Epoch [186/200] - Train Loss: 0.0398, Train Accuracy: 0.9871 - 
Validation Loss: 1.5172, Validation Accuracy: 0.6976
Starting Validation
Epoch [187/200] - Train Loss: 0.0436, Train Accuracy: 0.9874 - 
Validation Loss: 1.8913, Validation Accuracy: 0.7329
Starting Validation
Epoch [188/200] - Train Loss: 0.0460, Train Accuracy: 0.9846 - 
Validation Loss: 1.7911, Validation Accuracy: 0.7508
Starting Validation
Epoch [189/200] - Train Loss: 0.0347, Train Accuracy: 0.9890 - 
Validation Loss: 2.1460, Validation Accuracy: 0.7438
Starting Validation
Epoch [190/200] - Train Loss: 0.0373, Train Accuracy: 0.9857 - 
Validation Loss: 1.9835, Validation Accuracy: 0.7258
Starting Validation
Epoch [191/200] - Train Loss: 0.0402, Train Accuracy: 0.9868 - 
Validation Loss: 1.6918, Validation Accuracy: 0.7316
Starting Validation
Epoch [192/200] - Train Loss: 0.0248, Train Accuracy: 0.9931 - 
Validation Loss: 2.1794, Validation Accuracy: 0.7495
Starting Validation
Epoch [193/200] - Train Loss: 0.0326, Train Accuracy: 0.9882 - 
Validation Loss: 1.9260, Validation Accuracy: 0.7502
Starting Validation
Epoch [194/200] - Train Loss: 0.0229, Train Accuracy: 0.9926 - 
Validation Loss: 1.9943, Validation Accuracy: 0.6906
Starting Validation
Epoch [195/200] - Train Loss: 0.0371, Train Accuracy: 0.9868 - 
Validation Loss: 1.8070, Validation Accuracy: 0.7418
Starting Validation
Epoch [196/200] - Train Loss: 0.0273, Train Accuracy: 0.9920 - 
Validation Loss: 2.0485, Validation Accuracy: 0.7271
Starting Validation
Epoch [197/200] - Train Loss: 0.0288, Train Accuracy: 0.9904 - 
Validation Loss: 2.5049, Validation Accuracy: 0.7636
Starting Validation
Epoch [198/200] - Train Loss: 0.0361, Train Accuracy: 0.9887 - 
Validation Loss: 2.6163, Validation Accuracy: 0.7591
Starting Validation
Epoch [199/200] - Train Loss: 0.0254, Train Accuracy: 0.9890 - 
Validation Loss: 2.4088, Validation Accuracy: 0.7623
Starting Validation
Epoch [200/200] - Train Loss: 0.0382, Train Accuracy: 0.9852 - 
Validation Loss: 2.0479, Validation Accuracy: 0.7258
Plotting graph now
