MODEL: resnet34	DATASET: CBIS-DDSM
Training class distribution:
Class 0 (Benign): 917 samples
Class 1 (Malignant): 586 samples

Validation class distribution:
Class 0 (Benign): 327 samples
Class 1 (Malignant): 318 samples
Created DataLoaders
(224, 224)
Number of trainable parameters: 21285698
Starting training now
Starting Validation
Epoch [1/200] - Train Loss: 0.6700, Train Accuracy: 0.6248 - 
Validation Loss: 0.7340, Validation Accuracy: 0.5519
Starting Validation
Epoch [2/200] - Train Loss: 0.6078, Train Accuracy: 0.6534 - 
Validation Loss: 0.8278, Validation Accuracy: 0.5442
Starting Validation
Epoch [3/200] - Train Loss: 0.5970, Train Accuracy: 0.6680 - 
Validation Loss: 0.6890, Validation Accuracy: 0.6326
Starting Validation
Epoch [4/200] - Train Loss: 0.5904, Train Accuracy: 0.6747 - 
Validation Loss: 0.7767, Validation Accuracy: 0.5349
Starting Validation
Epoch [5/200] - Train Loss: 0.5608, Train Accuracy: 0.6973 - 
Validation Loss: 0.7589, Validation Accuracy: 0.5566
Starting Validation
Epoch [6/200] - Train Loss: 0.5358, Train Accuracy: 0.7172 - 
Validation Loss: 0.7292, Validation Accuracy: 0.5938
Starting Validation
Epoch [7/200] - Train Loss: 0.5267, Train Accuracy: 0.7132 - 
Validation Loss: 0.6857, Validation Accuracy: 0.6109
Starting Validation
Epoch [8/200] - Train Loss: 0.5186, Train Accuracy: 0.7325 - 
Validation Loss: 0.8632, Validation Accuracy: 0.5736
Starting Validation
Epoch [9/200] - Train Loss: 0.4995, Train Accuracy: 0.7425 - 
Validation Loss: 0.7468, Validation Accuracy: 0.5876
Starting Validation
Epoch [10/200] - Train Loss: 0.4677, Train Accuracy: 0.7705 - 
Validation Loss: 0.7348, Validation Accuracy: 0.6248
Starting Validation
Epoch [11/200] - Train Loss: 0.4595, Train Accuracy: 0.7645 - 
Validation Loss: 0.8627, Validation Accuracy: 0.5969
Starting Validation
Epoch [12/200] - Train Loss: 0.4500, Train Accuracy: 0.7738 - 
Validation Loss: 0.8231, Validation Accuracy: 0.6233
Starting Validation
Epoch [13/200] - Train Loss: 0.4366, Train Accuracy: 0.7851 - 
Validation Loss: 0.9527, Validation Accuracy: 0.5798
Starting Validation
Epoch [14/200] - Train Loss: 0.4073, Train Accuracy: 0.7991 - 
Validation Loss: 1.0957, Validation Accuracy: 0.5705
Starting Validation
Epoch [15/200] - Train Loss: 0.4245, Train Accuracy: 0.7971 - 
Validation Loss: 0.7529, Validation Accuracy: 0.6341
Starting Validation
Epoch [16/200] - Train Loss: 0.3826, Train Accuracy: 0.8230 - 
Validation Loss: 0.7009, Validation Accuracy: 0.6729
Starting Validation
Epoch [17/200] - Train Loss: 0.3614, Train Accuracy: 0.8310 - 
Validation Loss: 1.0438, Validation Accuracy: 0.6078
Starting Validation
Epoch [18/200] - Train Loss: 0.3517, Train Accuracy: 0.8463 - 
Validation Loss: 0.7498, Validation Accuracy: 0.6481
Starting Validation
Epoch [19/200] - Train Loss: 0.3617, Train Accuracy: 0.8317 - 
Validation Loss: 1.0143, Validation Accuracy: 0.6326
Starting Validation
Epoch [20/200] - Train Loss: 0.3622, Train Accuracy: 0.8357 - 
Validation Loss: 0.7555, Validation Accuracy: 0.6605
Starting Validation
Epoch [21/200] - Train Loss: 0.3114, Train Accuracy: 0.8596 - 
Validation Loss: 1.1160, Validation Accuracy: 0.6186
Starting Validation
Epoch [22/200] - Train Loss: 0.3308, Train Accuracy: 0.8503 - 
Validation Loss: 0.9074, Validation Accuracy: 0.6016
Starting Validation
Epoch [23/200] - Train Loss: 0.2936, Train Accuracy: 0.8756 - 
Validation Loss: 0.8514, Validation Accuracy: 0.6295
Starting Validation
Epoch [24/200] - Train Loss: 0.2977, Train Accuracy: 0.8776 - 
Validation Loss: 1.7831, Validation Accuracy: 0.5845
Starting Validation
Epoch [25/200] - Train Loss: 0.2548, Train Accuracy: 0.8802 - 
Validation Loss: 0.9950, Validation Accuracy: 0.6233
Starting Validation
Epoch [26/200] - Train Loss: 0.2748, Train Accuracy: 0.8836 - 
Validation Loss: 0.9427, Validation Accuracy: 0.6434
Starting Validation
Epoch [27/200] - Train Loss: 0.2192, Train Accuracy: 0.9135 - 
Validation Loss: 0.9483, Validation Accuracy: 0.6574
Starting Validation
Epoch [28/200] - Train Loss: 0.2316, Train Accuracy: 0.9042 - 
Validation Loss: 1.5037, Validation Accuracy: 0.5969
Starting Validation
Epoch [29/200] - Train Loss: 0.2384, Train Accuracy: 0.9082 - 
Validation Loss: 1.1132, Validation Accuracy: 0.6419
Starting Validation
Epoch [30/200] - Train Loss: 0.2325, Train Accuracy: 0.8995 - 
Validation Loss: 1.0490, Validation Accuracy: 0.6326
Starting Validation
Epoch [31/200] - Train Loss: 0.2038, Train Accuracy: 0.9175 - 
Validation Loss: 1.3314, Validation Accuracy: 0.6155
Starting Validation
Epoch [32/200] - Train Loss: 0.2027, Train Accuracy: 0.9255 - 
Validation Loss: 0.9249, Validation Accuracy: 0.6760
Starting Validation
Epoch [33/200] - Train Loss: 0.1807, Train Accuracy: 0.9228 - 
Validation Loss: 1.5974, Validation Accuracy: 0.5752
Starting Validation
Epoch [34/200] - Train Loss: 0.1728, Train Accuracy: 0.9361 - 
Validation Loss: 1.0485, Validation Accuracy: 0.6341
Starting Validation
Epoch [35/200] - Train Loss: 0.1678, Train Accuracy: 0.9341 - 
Validation Loss: 1.4426, Validation Accuracy: 0.6186
Starting Validation
Epoch [36/200] - Train Loss: 0.1850, Train Accuracy: 0.9235 - 
Validation Loss: 1.1289, Validation Accuracy: 0.6388
Starting Validation
Epoch [37/200] - Train Loss: 0.1559, Train Accuracy: 0.9401 - 
Validation Loss: 1.1041, Validation Accuracy: 0.6403
Starting Validation
Epoch [38/200] - Train Loss: 0.1385, Train Accuracy: 0.9441 - 
Validation Loss: 1.2644, Validation Accuracy: 0.6248
Starting Validation
Epoch [39/200] - Train Loss: 0.1646, Train Accuracy: 0.9395 - 
Validation Loss: 0.9521, Validation Accuracy: 0.6496
Starting Validation
Epoch [40/200] - Train Loss: 0.1470, Train Accuracy: 0.9428 - 
Validation Loss: 1.2659, Validation Accuracy: 0.6388
Starting Validation
Epoch [41/200] - Train Loss: 0.1387, Train Accuracy: 0.9468 - 
Validation Loss: 1.4230, Validation Accuracy: 0.6264
Starting Validation
Epoch [42/200] - Train Loss: 0.1497, Train Accuracy: 0.9428 - 
Validation Loss: 0.9995, Validation Accuracy: 0.6775
Starting Validation
Epoch [43/200] - Train Loss: 0.1300, Train Accuracy: 0.9494 - 
Validation Loss: 1.0697, Validation Accuracy: 0.6744
Starting Validation
Epoch [44/200] - Train Loss: 0.1080, Train Accuracy: 0.9594 - 
Validation Loss: 1.2703, Validation Accuracy: 0.6295
Starting Validation
Epoch [45/200] - Train Loss: 0.1207, Train Accuracy: 0.9514 - 
Validation Loss: 1.3123, Validation Accuracy: 0.6403
Starting Validation
Epoch [46/200] - Train Loss: 0.1382, Train Accuracy: 0.9461 - 
Validation Loss: 1.1851, Validation Accuracy: 0.6202
Starting Validation
Epoch [47/200] - Train Loss: 0.1455, Train Accuracy: 0.9441 - 
Validation Loss: 1.1641, Validation Accuracy: 0.6465
Starting Validation
Epoch [48/200] - Train Loss: 0.1239, Train Accuracy: 0.9494 - 
Validation Loss: 1.1211, Validation Accuracy: 0.6481
Starting Validation
Epoch [49/200] - Train Loss: 0.0958, Train Accuracy: 0.9681 - 
Validation Loss: 1.3427, Validation Accuracy: 0.6372
Starting Validation
Epoch [50/200] - Train Loss: 0.1121, Train Accuracy: 0.9587 - 
Validation Loss: 1.3280, Validation Accuracy: 0.6465
Starting Validation
Epoch [51/200] - Train Loss: 0.1253, Train Accuracy: 0.9481 - 
Validation Loss: 1.4386, Validation Accuracy: 0.6372
Starting Validation
Epoch [52/200] - Train Loss: 0.1106, Train Accuracy: 0.9581 - 
Validation Loss: 1.0881, Validation Accuracy: 0.6791
Starting Validation
Epoch [53/200] - Train Loss: 0.0962, Train Accuracy: 0.9627 - 
Validation Loss: 1.7227, Validation Accuracy: 0.6481
Starting Validation
Epoch [54/200] - Train Loss: 0.1000, Train Accuracy: 0.9568 - 
Validation Loss: 1.3325, Validation Accuracy: 0.6450
Starting Validation
Epoch [55/200] - Train Loss: 0.0756, Train Accuracy: 0.9687 - 
Validation Loss: 1.4197, Validation Accuracy: 0.6527
Starting Validation
Epoch [56/200] - Train Loss: 0.1021, Train Accuracy: 0.9641 - 
Validation Loss: 1.5442, Validation Accuracy: 0.6233
Starting Validation
Epoch [57/200] - Train Loss: 0.0943, Train Accuracy: 0.9641 - 
Validation Loss: 1.6000, Validation Accuracy: 0.6202
Starting Validation
Epoch [58/200] - Train Loss: 0.0784, Train Accuracy: 0.9667 - 
Validation Loss: 1.3284, Validation Accuracy: 0.6698
Starting Validation
Epoch [59/200] - Train Loss: 0.0844, Train Accuracy: 0.9681 - 
Validation Loss: 1.3199, Validation Accuracy: 0.6868
Starting Validation
Epoch [60/200] - Train Loss: 0.1096, Train Accuracy: 0.9561 - 
Validation Loss: 1.3500, Validation Accuracy: 0.6543
Starting Validation
Epoch [61/200] - Train Loss: 0.0899, Train Accuracy: 0.9661 - 
Validation Loss: 1.3174, Validation Accuracy: 0.6651
Starting Validation
Epoch [62/200] - Train Loss: 0.0980, Train Accuracy: 0.9627 - 
Validation Loss: 1.3892, Validation Accuracy: 0.6589
Starting Validation
Epoch [63/200] - Train Loss: 0.0885, Train Accuracy: 0.9674 - 
Validation Loss: 1.4632, Validation Accuracy: 0.6171
Starting Validation
Epoch [64/200] - Train Loss: 0.0889, Train Accuracy: 0.9647 - 
Validation Loss: 1.3403, Validation Accuracy: 0.6574
Starting Validation
Epoch [65/200] - Train Loss: 0.0948, Train Accuracy: 0.9601 - 
Validation Loss: 1.4231, Validation Accuracy: 0.6326
Starting Validation
Epoch [66/200] - Train Loss: 0.0773, Train Accuracy: 0.9687 - 
Validation Loss: 1.4474, Validation Accuracy: 0.6605
Starting Validation
Epoch [67/200] - Train Loss: 0.0543, Train Accuracy: 0.9807 - 
Validation Loss: 1.6584, Validation Accuracy: 0.6372
Starting Validation
Epoch [68/200] - Train Loss: 0.0555, Train Accuracy: 0.9800 - 
Validation Loss: 1.7173, Validation Accuracy: 0.6202
Starting Validation
Epoch [69/200] - Train Loss: 0.0673, Train Accuracy: 0.9714 - 
Validation Loss: 1.5880, Validation Accuracy: 0.6620
Starting Validation
Epoch [70/200] - Train Loss: 0.0691, Train Accuracy: 0.9687 - 
Validation Loss: 1.5899, Validation Accuracy: 0.6651
Starting Validation
Epoch [71/200] - Train Loss: 0.0741, Train Accuracy: 0.9687 - 
Validation Loss: 1.5783, Validation Accuracy: 0.6388
Starting Validation
Epoch [72/200] - Train Loss: 0.0920, Train Accuracy: 0.9681 - 
Validation Loss: 1.3886, Validation Accuracy: 0.6341
Starting Validation
Epoch [73/200] - Train Loss: 0.0796, Train Accuracy: 0.9681 - 
Validation Loss: 1.4113, Validation Accuracy: 0.6248
Starting Validation
Epoch [74/200] - Train Loss: 0.0937, Train Accuracy: 0.9694 - 
Validation Loss: 1.4986, Validation Accuracy: 0.6357
Starting Validation
Epoch [75/200] - Train Loss: 0.0876, Train Accuracy: 0.9681 - 
Validation Loss: 1.3999, Validation Accuracy: 0.6419
Starting Validation
Epoch [76/200] - Train Loss: 0.0706, Train Accuracy: 0.9741 - 
Validation Loss: 1.3829, Validation Accuracy: 0.6419
Starting Validation
Epoch [77/200] - Train Loss: 0.0939, Train Accuracy: 0.9654 - 
Validation Loss: 1.7104, Validation Accuracy: 0.6310
Starting Validation
Epoch [78/200] - Train Loss: 0.0925, Train Accuracy: 0.9641 - 
Validation Loss: 1.3287, Validation Accuracy: 0.6372
Starting Validation
Epoch [79/200] - Train Loss: 0.0844, Train Accuracy: 0.9641 - 
Validation Loss: 1.4630, Validation Accuracy: 0.6496
Starting Validation
Epoch [80/200] - Train Loss: 0.0559, Train Accuracy: 0.9787 - 
Validation Loss: 1.4912, Validation Accuracy: 0.6357
Starting Validation
Epoch [81/200] - Train Loss: 0.0559, Train Accuracy: 0.9780 - 
Validation Loss: 1.7545, Validation Accuracy: 0.6264
Starting Validation
Epoch [82/200] - Train Loss: 0.0531, Train Accuracy: 0.9774 - 
Validation Loss: 1.5290, Validation Accuracy: 0.6295
Starting Validation
Epoch [83/200] - Train Loss: 0.0493, Train Accuracy: 0.9834 - 
Validation Loss: 1.5086, Validation Accuracy: 0.6636
Starting Validation
Epoch [84/200] - Train Loss: 0.0723, Train Accuracy: 0.9681 - 
Validation Loss: 2.0822, Validation Accuracy: 0.5969
Starting Validation
Epoch [85/200] - Train Loss: 0.0510, Train Accuracy: 0.9834 - 
Validation Loss: 1.6486, Validation Accuracy: 0.6326
Starting Validation
Epoch [86/200] - Train Loss: 0.0497, Train Accuracy: 0.9800 - 
Validation Loss: 1.4421, Validation Accuracy: 0.6233
Starting Validation
Epoch [87/200] - Train Loss: 0.0542, Train Accuracy: 0.9741 - 
Validation Loss: 1.6871, Validation Accuracy: 0.6512
Starting Validation
Epoch [88/200] - Train Loss: 0.0564, Train Accuracy: 0.9767 - 
Validation Loss: 1.7938, Validation Accuracy: 0.6295
Starting Validation
Epoch [89/200] - Train Loss: 0.0573, Train Accuracy: 0.9754 - 
Validation Loss: 1.8642, Validation Accuracy: 0.6295
Starting Validation
Epoch [90/200] - Train Loss: 0.0996, Train Accuracy: 0.9574 - 
Validation Loss: 1.7904, Validation Accuracy: 0.6140
Starting Validation
Epoch [91/200] - Train Loss: 0.0836, Train Accuracy: 0.9654 - 
Validation Loss: 1.7920, Validation Accuracy: 0.6202
Starting Validation
Epoch [92/200] - Train Loss: 0.0876, Train Accuracy: 0.9701 - 
Validation Loss: 1.5919, Validation Accuracy: 0.6388
Starting Validation
Epoch [93/200] - Train Loss: 0.0516, Train Accuracy: 0.9794 - 
Validation Loss: 1.7592, Validation Accuracy: 0.6279
Starting Validation
Epoch [94/200] - Train Loss: 0.0475, Train Accuracy: 0.9814 - 
Validation Loss: 1.5324, Validation Accuracy: 0.6295
Starting Validation
Epoch [95/200] - Train Loss: 0.0458, Train Accuracy: 0.9840 - 
Validation Loss: 1.5438, Validation Accuracy: 0.6744
Starting Validation
Epoch [96/200] - Train Loss: 0.0480, Train Accuracy: 0.9820 - 
Validation Loss: 1.4089, Validation Accuracy: 0.6341
Starting Validation
Epoch [97/200] - Train Loss: 0.0530, Train Accuracy: 0.9800 - 
Validation Loss: 1.5487, Validation Accuracy: 0.6822
Starting Validation
Epoch [98/200] - Train Loss: 0.0538, Train Accuracy: 0.9774 - 
Validation Loss: 1.5308, Validation Accuracy: 0.6605
Starting Validation
Epoch [99/200] - Train Loss: 0.0673, Train Accuracy: 0.9767 - 
Validation Loss: 1.4773, Validation Accuracy: 0.6465
Starting Validation
Epoch [100/200] - Train Loss: 0.0694, Train Accuracy: 0.9734 - 
Validation Loss: 1.5823, Validation Accuracy: 0.6574
Starting Validation
Epoch [101/200] - Train Loss: 0.0467, Train Accuracy: 0.9814 - 
Validation Loss: 1.5966, Validation Accuracy: 0.6419
Starting Validation
Epoch [102/200] - Train Loss: 0.0527, Train Accuracy: 0.9774 - 
Validation Loss: 1.5794, Validation Accuracy: 0.6450
Starting Validation
Epoch [103/200] - Train Loss: 0.0457, Train Accuracy: 0.9794 - 
Validation Loss: 1.4934, Validation Accuracy: 0.6558
Starting Validation
Epoch [104/200] - Train Loss: 0.0537, Train Accuracy: 0.9760 - 
Validation Loss: 1.6402, Validation Accuracy: 0.6527
Starting Validation
Epoch [105/200] - Train Loss: 0.0562, Train Accuracy: 0.9754 - 
Validation Loss: 1.4251, Validation Accuracy: 0.6450
Starting Validation
Epoch [106/200] - Train Loss: 0.0556, Train Accuracy: 0.9780 - 
Validation Loss: 1.2993, Validation Accuracy: 0.6667
Starting Validation
Epoch [107/200] - Train Loss: 0.0440, Train Accuracy: 0.9827 - 
Validation Loss: 1.5579, Validation Accuracy: 0.6450
Starting Validation
Epoch [108/200] - Train Loss: 0.0442, Train Accuracy: 0.9820 - 
Validation Loss: 1.5870, Validation Accuracy: 0.6729
Starting Validation
Epoch [109/200] - Train Loss: 0.0791, Train Accuracy: 0.9701 - 
Validation Loss: 1.4440, Validation Accuracy: 0.6372
Starting Validation
Epoch [110/200] - Train Loss: 0.0748, Train Accuracy: 0.9741 - 
Validation Loss: 1.9669, Validation Accuracy: 0.6140
Starting Validation
Epoch [111/200] - Train Loss: 0.0758, Train Accuracy: 0.9681 - 
Validation Loss: 1.6567, Validation Accuracy: 0.6140
Starting Validation
Epoch [112/200] - Train Loss: 0.0781, Train Accuracy: 0.9694 - 
Validation Loss: 1.6641, Validation Accuracy: 0.6264
Starting Validation
Epoch [113/200] - Train Loss: 0.0449, Train Accuracy: 0.9827 - 
Validation Loss: 1.6685, Validation Accuracy: 0.6434
Starting Validation
Epoch [114/200] - Train Loss: 0.0422, Train Accuracy: 0.9860 - 
Validation Loss: 1.8710, Validation Accuracy: 0.6186
Starting Validation
Epoch [115/200] - Train Loss: 0.0367, Train Accuracy: 0.9840 - 
Validation Loss: 1.4024, Validation Accuracy: 0.6791
Starting Validation
Epoch [116/200] - Train Loss: 0.0470, Train Accuracy: 0.9800 - 
Validation Loss: 1.9022, Validation Accuracy: 0.6419
Starting Validation
Epoch [117/200] - Train Loss: 0.0290, Train Accuracy: 0.9867 - 
Validation Loss: 1.8284, Validation Accuracy: 0.6419
Starting Validation
Epoch [118/200] - Train Loss: 0.0272, Train Accuracy: 0.9900 - 
Validation Loss: 1.9380, Validation Accuracy: 0.6295
Starting Validation
Epoch [119/200] - Train Loss: 0.0332, Train Accuracy: 0.9834 - 
Validation Loss: 1.8796, Validation Accuracy: 0.6140
Starting Validation
Epoch [120/200] - Train Loss: 0.0445, Train Accuracy: 0.9767 - 
Validation Loss: 2.0675, Validation Accuracy: 0.6217
Starting Validation
Epoch [121/200] - Train Loss: 0.0346, Train Accuracy: 0.9840 - 
Validation Loss: 1.7049, Validation Accuracy: 0.6264
Starting Validation
Epoch [122/200] - Train Loss: 0.0278, Train Accuracy: 0.9854 - 
Validation Loss: 1.9103, Validation Accuracy: 0.6264
Starting Validation
Epoch [123/200] - Train Loss: 0.0514, Train Accuracy: 0.9767 - 
Validation Loss: 2.3536, Validation Accuracy: 0.6062
Starting Validation
Epoch [124/200] - Train Loss: 0.0716, Train Accuracy: 0.9734 - 
Validation Loss: 2.3367, Validation Accuracy: 0.6248
Starting Validation
Epoch [125/200] - Train Loss: 0.0962, Train Accuracy: 0.9661 - 
Validation Loss: 1.5883, Validation Accuracy: 0.6450
Starting Validation
Epoch [126/200] - Train Loss: 0.0746, Train Accuracy: 0.9701 - 
Validation Loss: 1.9421, Validation Accuracy: 0.6233
Starting Validation
Epoch [127/200] - Train Loss: 0.0690, Train Accuracy: 0.9741 - 
Validation Loss: 1.4944, Validation Accuracy: 0.6372
Starting Validation
Epoch [128/200] - Train Loss: 0.0365, Train Accuracy: 0.9840 - 
Validation Loss: 1.6507, Validation Accuracy: 0.6372
Starting Validation
Epoch [129/200] - Train Loss: 0.0374, Train Accuracy: 0.9867 - 
Validation Loss: 1.7519, Validation Accuracy: 0.6233
Starting Validation
Epoch [130/200] - Train Loss: 0.0498, Train Accuracy: 0.9807 - 
Validation Loss: 1.7518, Validation Accuracy: 0.6512
Starting Validation
Epoch [131/200] - Train Loss: 0.0677, Train Accuracy: 0.9721 - 
Validation Loss: 1.7430, Validation Accuracy: 0.6031
Starting Validation
Epoch [132/200] - Train Loss: 0.0610, Train Accuracy: 0.9741 - 
Validation Loss: 1.6084, Validation Accuracy: 0.6558
Starting Validation
Epoch [133/200] - Train Loss: 0.0432, Train Accuracy: 0.9807 - 
Validation Loss: 1.5762, Validation Accuracy: 0.6419
Starting Validation
Epoch [134/200] - Train Loss: 0.0531, Train Accuracy: 0.9767 - 
Validation Loss: 1.6107, Validation Accuracy: 0.6527
Starting Validation
Epoch [135/200] - Train Loss: 0.0330, Train Accuracy: 0.9887 - 
Validation Loss: 1.5691, Validation Accuracy: 0.6434
Starting Validation
Epoch [136/200] - Train Loss: 0.0367, Train Accuracy: 0.9840 - 
Validation Loss: 1.9220, Validation Accuracy: 0.6248
Starting Validation
Epoch [137/200] - Train Loss: 0.0466, Train Accuracy: 0.9800 - 
Validation Loss: 2.0552, Validation Accuracy: 0.6279
Starting Validation
Epoch [138/200] - Train Loss: 0.0446, Train Accuracy: 0.9800 - 
Validation Loss: 1.6848, Validation Accuracy: 0.6357
Starting Validation
Epoch [139/200] - Train Loss: 0.0411, Train Accuracy: 0.9840 - 
Validation Loss: 1.8825, Validation Accuracy: 0.6419
Starting Validation
Epoch [140/200] - Train Loss: 0.0406, Train Accuracy: 0.9847 - 
Validation Loss: 1.5393, Validation Accuracy: 0.6310
Starting Validation
Epoch [141/200] - Train Loss: 0.0298, Train Accuracy: 0.9894 - 
Validation Loss: 1.7019, Validation Accuracy: 0.6512
Starting Validation
Epoch [142/200] - Train Loss: 0.0353, Train Accuracy: 0.9854 - 
Validation Loss: 1.6910, Validation Accuracy: 0.6434
Starting Validation
Epoch [143/200] - Train Loss: 0.0494, Train Accuracy: 0.9807 - 
Validation Loss: 1.8364, Validation Accuracy: 0.6326
Starting Validation
Epoch [144/200] - Train Loss: 0.0546, Train Accuracy: 0.9760 - 
Validation Loss: 1.8404, Validation Accuracy: 0.6233
Starting Validation
Epoch [145/200] - Train Loss: 0.0429, Train Accuracy: 0.9807 - 
Validation Loss: 2.0363, Validation Accuracy: 0.6388
Starting Validation
Epoch [146/200] - Train Loss: 0.0614, Train Accuracy: 0.9767 - 
Validation Loss: 1.9210, Validation Accuracy: 0.6388
Starting Validation
Epoch [147/200] - Train Loss: 0.0476, Train Accuracy: 0.9814 - 
Validation Loss: 1.7913, Validation Accuracy: 0.6403
Starting Validation
Epoch [148/200] - Train Loss: 0.0472, Train Accuracy: 0.9794 - 
Validation Loss: 1.8318, Validation Accuracy: 0.6620
Starting Validation
Epoch [149/200] - Train Loss: 0.0659, Train Accuracy: 0.9721 - 
Validation Loss: 1.8941, Validation Accuracy: 0.6481
Starting Validation
Epoch [150/200] - Train Loss: 0.0391, Train Accuracy: 0.9847 - 
Validation Loss: 1.9548, Validation Accuracy: 0.6465
Starting Validation
Epoch [151/200] - Train Loss: 0.0386, Train Accuracy: 0.9847 - 
Validation Loss: 1.8711, Validation Accuracy: 0.6341
Starting Validation
Epoch [152/200] - Train Loss: 0.0617, Train Accuracy: 0.9780 - 
Validation Loss: 1.9722, Validation Accuracy: 0.6512
Starting Validation
Epoch [153/200] - Train Loss: 0.0582, Train Accuracy: 0.9774 - 
Validation Loss: 1.8532, Validation Accuracy: 0.6264
Starting Validation
Epoch [154/200] - Train Loss: 0.0406, Train Accuracy: 0.9814 - 
Validation Loss: 1.9234, Validation Accuracy: 0.6372
Starting Validation
Epoch [155/200] - Train Loss: 0.0461, Train Accuracy: 0.9767 - 
Validation Loss: 2.0119, Validation Accuracy: 0.6388
Starting Validation
Epoch [156/200] - Train Loss: 0.0319, Train Accuracy: 0.9880 - 
Validation Loss: 1.8733, Validation Accuracy: 0.6326
Starting Validation
Epoch [157/200] - Train Loss: 0.0246, Train Accuracy: 0.9887 - 
Validation Loss: 1.9313, Validation Accuracy: 0.6279
Starting Validation
Epoch [158/200] - Train Loss: 0.0407, Train Accuracy: 0.9814 - 
Validation Loss: 1.9885, Validation Accuracy: 0.6171
Starting Validation
Epoch [159/200] - Train Loss: 0.0549, Train Accuracy: 0.9774 - 
Validation Loss: 1.9642, Validation Accuracy: 0.6264
Starting Validation
Epoch [160/200] - Train Loss: 0.0470, Train Accuracy: 0.9767 - 
Validation Loss: 1.6550, Validation Accuracy: 0.6558
Starting Validation
Epoch [161/200] - Train Loss: 0.0485, Train Accuracy: 0.9787 - 
Validation Loss: 1.7114, Validation Accuracy: 0.6264
Starting Validation
Epoch [162/200] - Train Loss: 0.0449, Train Accuracy: 0.9814 - 
Validation Loss: 1.8504, Validation Accuracy: 0.6186
Starting Validation
Epoch [163/200] - Train Loss: 0.0281, Train Accuracy: 0.9880 - 
Validation Loss: 2.0104, Validation Accuracy: 0.6310
Starting Validation
Epoch [164/200] - Train Loss: 0.0205, Train Accuracy: 0.9920 - 
Validation Loss: 1.7430, Validation Accuracy: 0.6574
Starting Validation
Epoch [165/200] - Train Loss: 0.0260, Train Accuracy: 0.9880 - 
Validation Loss: 1.7683, Validation Accuracy: 0.6388
Starting Validation
Epoch [166/200] - Train Loss: 0.0397, Train Accuracy: 0.9807 - 
Validation Loss: 2.0982, Validation Accuracy: 0.6202
Starting Validation
Epoch [167/200] - Train Loss: 0.0832, Train Accuracy: 0.9681 - 
Validation Loss: 2.7844, Validation Accuracy: 0.5860
Starting Validation
Epoch [168/200] - Train Loss: 0.0624, Train Accuracy: 0.9760 - 
Validation Loss: 1.8843, Validation Accuracy: 0.6434
Starting Validation
Epoch [169/200] - Train Loss: 0.0378, Train Accuracy: 0.9860 - 
Validation Loss: 2.1102, Validation Accuracy: 0.6202
Starting Validation
Epoch [170/200] - Train Loss: 0.0438, Train Accuracy: 0.9840 - 
Validation Loss: 1.8566, Validation Accuracy: 0.6465
Starting Validation
Epoch [171/200] - Train Loss: 0.0540, Train Accuracy: 0.9780 - 
Validation Loss: 1.5914, Validation Accuracy: 0.6558
Starting Validation
Epoch [172/200] - Train Loss: 0.0321, Train Accuracy: 0.9814 - 
Validation Loss: 1.7872, Validation Accuracy: 0.6279
Starting Validation
Epoch [173/200] - Train Loss: 0.0366, Train Accuracy: 0.9907 - 
Validation Loss: 1.9201, Validation Accuracy: 0.6357
Starting Validation
Epoch [174/200] - Train Loss: 0.0380, Train Accuracy: 0.9834 - 
Validation Loss: 2.1253, Validation Accuracy: 0.6248
Starting Validation
Epoch [175/200] - Train Loss: 0.0313, Train Accuracy: 0.9860 - 
Validation Loss: 2.0561, Validation Accuracy: 0.6450
Starting Validation
Epoch [176/200] - Train Loss: 0.0372, Train Accuracy: 0.9840 - 
Validation Loss: 2.0216, Validation Accuracy: 0.6326
Starting Validation
Epoch [177/200] - Train Loss: 0.0318, Train Accuracy: 0.9854 - 
Validation Loss: 1.9792, Validation Accuracy: 0.6047
Starting Validation
Epoch [178/200] - Train Loss: 0.0318, Train Accuracy: 0.9820 - 
Validation Loss: 1.9197, Validation Accuracy: 0.6543
Starting Validation
Epoch [179/200] - Train Loss: 0.0430, Train Accuracy: 0.9840 - 
Validation Loss: 2.1115, Validation Accuracy: 0.6450
Starting Validation
Epoch [180/200] - Train Loss: 0.0248, Train Accuracy: 0.9874 - 
Validation Loss: 1.8781, Validation Accuracy: 0.6512
Starting Validation
Epoch [181/200] - Train Loss: 0.0295, Train Accuracy: 0.9874 - 
Validation Loss: 1.6083, Validation Accuracy: 0.6775
Starting Validation
Epoch [182/200] - Train Loss: 0.0294, Train Accuracy: 0.9874 - 
Validation Loss: 1.7490, Validation Accuracy: 0.6729
Starting Validation
Epoch [183/200] - Train Loss: 0.0188, Train Accuracy: 0.9887 - 
Validation Loss: 1.8574, Validation Accuracy: 0.6481
Starting Validation
Epoch [184/200] - Train Loss: 0.0463, Train Accuracy: 0.9787 - 
Validation Loss: 1.8056, Validation Accuracy: 0.6481
Starting Validation
Epoch [185/200] - Train Loss: 0.0320, Train Accuracy: 0.9840 - 
Validation Loss: 1.8312, Validation Accuracy: 0.6481
Starting Validation
Epoch [186/200] - Train Loss: 0.0499, Train Accuracy: 0.9794 - 
Validation Loss: 1.9993, Validation Accuracy: 0.5953
Starting Validation
Epoch [187/200] - Train Loss: 0.0538, Train Accuracy: 0.9800 - 
Validation Loss: 1.7576, Validation Accuracy: 0.6419
Starting Validation
Epoch [188/200] - Train Loss: 0.0363, Train Accuracy: 0.9847 - 
Validation Loss: 2.0090, Validation Accuracy: 0.6419
Starting Validation
Epoch [189/200] - Train Loss: 0.0302, Train Accuracy: 0.9854 - 
Validation Loss: 2.0503, Validation Accuracy: 0.6295
Starting Validation
Epoch [190/200] - Train Loss: 0.0431, Train Accuracy: 0.9820 - 
Validation Loss: 1.9593, Validation Accuracy: 0.6357
Starting Validation
Epoch [191/200] - Train Loss: 0.0267, Train Accuracy: 0.9867 - 
Validation Loss: 2.1420, Validation Accuracy: 0.6636
Starting Validation
Epoch [192/200] - Train Loss: 0.0170, Train Accuracy: 0.9933 - 
Validation Loss: 2.1465, Validation Accuracy: 0.6481
Starting Validation
Epoch [193/200] - Train Loss: 0.0219, Train Accuracy: 0.9900 - 
Validation Loss: 1.9652, Validation Accuracy: 0.6295
Starting Validation
Epoch [194/200] - Train Loss: 0.0264, Train Accuracy: 0.9867 - 
Validation Loss: 1.9059, Validation Accuracy: 0.6589
Starting Validation
Epoch [195/200] - Train Loss: 0.0254, Train Accuracy: 0.9907 - 
Validation Loss: 2.2138, Validation Accuracy: 0.6574
Starting Validation
Epoch [196/200] - Train Loss: 0.0344, Train Accuracy: 0.9874 - 
Validation Loss: 1.8318, Validation Accuracy: 0.6589
Starting Validation
Epoch [197/200] - Train Loss: 0.0467, Train Accuracy: 0.9807 - 
Validation Loss: 2.0304, Validation Accuracy: 0.6295
Starting Validation
Epoch [198/200] - Train Loss: 0.0613, Train Accuracy: 0.9794 - 
Validation Loss: 2.0470, Validation Accuracy: 0.6372
Starting Validation
Epoch [199/200] - Train Loss: 0.0604, Train Accuracy: 0.9741 - 
Validation Loss: 2.1042, Validation Accuracy: 0.6434
Starting Validation
Epoch [200/200] - Train Loss: 0.0420, Train Accuracy: 0.9800 - 
Validation Loss: 2.0964, Validation Accuracy: 0.6295
Plotting graph now
