MODEL: vgg16	DATASET: CBIS-DDSM
Training class distribution:
Class 0 (Benign): 917 samples
Class 1 (Malignant): 586 samples

Validation class distribution:
Class 0 (Benign): 327 samples
Class 1 (Malignant): 318 samples
Created DataLoaders
Number of trainable parameters: 134268738
Starting training now
Starting Validation
Epoch [1/200] - Train Loss: 0.6633, Train Accuracy: 0.5988 - 
Validation Loss: 0.7262, Validation Accuracy: 0.6171
Starting Validation
Epoch [2/200] - Train Loss: 0.6305, Train Accuracy: 0.6161 - 
Validation Loss: 0.6672, Validation Accuracy: 0.6155
Starting Validation
Epoch [3/200] - Train Loss: 0.6190, Train Accuracy: 0.6061 - 
Validation Loss: 0.8574, Validation Accuracy: 0.5612
Starting Validation
Epoch [4/200] - Train Loss: 0.6197, Train Accuracy: 0.6467 - 
Validation Loss: 0.7298, Validation Accuracy: 0.4961
Starting Validation
Epoch [5/200] - Train Loss: 0.6012, Train Accuracy: 0.6301 - 
Validation Loss: 0.6885, Validation Accuracy: 0.5194
Starting Validation
Epoch [6/200] - Train Loss: 0.5943, Train Accuracy: 0.6494 - 
Validation Loss: 0.7119, Validation Accuracy: 0.5178
Starting Validation
Epoch [7/200] - Train Loss: 0.5831, Train Accuracy: 0.6467 - 
Validation Loss: 0.7028, Validation Accuracy: 0.5395
Starting Validation
Epoch [8/200] - Train Loss: 0.5723, Train Accuracy: 0.6514 - 
Validation Loss: 0.6937, Validation Accuracy: 0.5798
Starting Validation
Epoch [9/200] - Train Loss: 0.5979, Train Accuracy: 0.6560 - 
Validation Loss: 0.6986, Validation Accuracy: 0.4992
Starting Validation
Epoch [10/200] - Train Loss: 0.5743, Train Accuracy: 0.6587 - 
Validation Loss: 0.6985, Validation Accuracy: 0.5814
Starting Validation
Epoch [11/200] - Train Loss: 0.5577, Train Accuracy: 0.6667 - 
Validation Loss: 0.6725, Validation Accuracy: 0.6062
Starting Validation
Epoch [12/200] - Train Loss: 0.5515, Train Accuracy: 0.6700 - 
Validation Loss: 0.6956, Validation Accuracy: 0.5194
Starting Validation
Epoch [13/200] - Train Loss: 0.5677, Train Accuracy: 0.6680 - 
Validation Loss: 0.6768, Validation Accuracy: 0.5767
Starting Validation
Epoch [14/200] - Train Loss: 0.5448, Train Accuracy: 0.6913 - 
Validation Loss: 0.7101, Validation Accuracy: 0.5147
Starting Validation
Epoch [15/200] - Train Loss: 0.5574, Train Accuracy: 0.6826 - 
Validation Loss: 0.6689, Validation Accuracy: 0.5736
Starting Validation
Epoch [16/200] - Train Loss: 0.5270, Train Accuracy: 0.7073 - 
Validation Loss: 0.7972, Validation Accuracy: 0.5550
Starting Validation
Epoch [17/200] - Train Loss: 0.5345, Train Accuracy: 0.7019 - 
Validation Loss: 0.7386, Validation Accuracy: 0.5163
Starting Validation
Epoch [18/200] - Train Loss: 0.5206, Train Accuracy: 0.6986 - 
Validation Loss: 0.7413, Validation Accuracy: 0.6078
Starting Validation
Epoch [19/200] - Train Loss: 0.5090, Train Accuracy: 0.7186 - 
Validation Loss: 0.8919, Validation Accuracy: 0.5597
Starting Validation
Epoch [20/200] - Train Loss: 0.4924, Train Accuracy: 0.7146 - 
Validation Loss: 0.9032, Validation Accuracy: 0.5814
Starting Validation
Epoch [21/200] - Train Loss: 0.4953, Train Accuracy: 0.7305 - 
Validation Loss: 0.7211, Validation Accuracy: 0.5907
Starting Validation
Epoch [22/200] - Train Loss: 0.5084, Train Accuracy: 0.7219 - 
Validation Loss: 0.7204, Validation Accuracy: 0.5953
Starting Validation
Epoch [23/200] - Train Loss: 0.4830, Train Accuracy: 0.7325 - 
Validation Loss: 0.8874, Validation Accuracy: 0.5845
Starting Validation
Epoch [24/200] - Train Loss: 0.4869, Train Accuracy: 0.7372 - 
Validation Loss: 0.7014, Validation Accuracy: 0.6124
Starting Validation
Epoch [25/200] - Train Loss: 0.4932, Train Accuracy: 0.7365 - 
Validation Loss: 0.7307, Validation Accuracy: 0.6248
Starting Validation
Epoch [26/200] - Train Loss: 0.4854, Train Accuracy: 0.7172 - 
Validation Loss: 0.8481, Validation Accuracy: 0.5581
Starting Validation
Epoch [27/200] - Train Loss: 0.4577, Train Accuracy: 0.7538 - 
Validation Loss: 0.6731, Validation Accuracy: 0.6357
Starting Validation
Epoch [28/200] - Train Loss: 0.4551, Train Accuracy: 0.7598 - 
Validation Loss: 0.8010, Validation Accuracy: 0.6295
Starting Validation
Epoch [29/200] - Train Loss: 0.4445, Train Accuracy: 0.7578 - 
Validation Loss: 0.8740, Validation Accuracy: 0.5566
Starting Validation
Epoch [30/200] - Train Loss: 0.4624, Train Accuracy: 0.7565 - 
Validation Loss: 0.7549, Validation Accuracy: 0.6047
Starting Validation
Epoch [31/200] - Train Loss: 0.4418, Train Accuracy: 0.7844 - 
Validation Loss: 0.8816, Validation Accuracy: 0.6062
Starting Validation
Epoch [32/200] - Train Loss: 0.4262, Train Accuracy: 0.7711 - 
Validation Loss: 0.9050, Validation Accuracy: 0.5767
Starting Validation
Epoch [33/200] - Train Loss: 0.4063, Train Accuracy: 0.7977 - 
Validation Loss: 1.1402, Validation Accuracy: 0.5907
Starting Validation
Epoch [34/200] - Train Loss: 0.4330, Train Accuracy: 0.7691 - 
Validation Loss: 1.0096, Validation Accuracy: 0.5643
Starting Validation
Epoch [35/200] - Train Loss: 0.4124, Train Accuracy: 0.7871 - 
Validation Loss: 1.0479, Validation Accuracy: 0.5411
Starting Validation
Epoch [36/200] - Train Loss: 0.3986, Train Accuracy: 0.7937 - 
Validation Loss: 1.5795, Validation Accuracy: 0.5597
Starting Validation
Epoch [37/200] - Train Loss: 0.4050, Train Accuracy: 0.7931 - 
Validation Loss: 0.9624, Validation Accuracy: 0.5876
Starting Validation
Epoch [38/200] - Train Loss: 0.3916, Train Accuracy: 0.8011 - 
Validation Loss: 1.2679, Validation Accuracy: 0.6124
Starting Validation
Epoch [39/200] - Train Loss: 0.3778, Train Accuracy: 0.8157 - 
Validation Loss: 0.9024, Validation Accuracy: 0.6341
Starting Validation
Epoch [40/200] - Train Loss: 0.3656, Train Accuracy: 0.8104 - 
Validation Loss: 0.8896, Validation Accuracy: 0.6264
Starting Validation
Epoch [41/200] - Train Loss: 0.3795, Train Accuracy: 0.8031 - 
Validation Loss: 0.9215, Validation Accuracy: 0.6403
Starting Validation
Epoch [42/200] - Train Loss: 0.3480, Train Accuracy: 0.8237 - 
Validation Loss: 0.8931, Validation Accuracy: 0.6124
Starting Validation
Epoch [43/200] - Train Loss: 0.3523, Train Accuracy: 0.8204 - 
Validation Loss: 1.0837, Validation Accuracy: 0.5938
Starting Validation
Epoch [44/200] - Train Loss: 0.3600, Train Accuracy: 0.8204 - 
Validation Loss: 1.4499, Validation Accuracy: 0.6202
Starting Validation
Epoch [45/200] - Train Loss: 0.3416, Train Accuracy: 0.8283 - 
Validation Loss: 1.1336, Validation Accuracy: 0.6419
Starting Validation
Epoch [46/200] - Train Loss: 0.3321, Train Accuracy: 0.8430 - 
Validation Loss: 1.3688, Validation Accuracy: 0.5829
Starting Validation
Epoch [47/200] - Train Loss: 0.3180, Train Accuracy: 0.8423 - 
Validation Loss: 1.0825, Validation Accuracy: 0.5752
Starting Validation
Epoch [48/200] - Train Loss: 0.2953, Train Accuracy: 0.8609 - 
Validation Loss: 1.1960, Validation Accuracy: 0.6589
Starting Validation
Epoch [49/200] - Train Loss: 0.2954, Train Accuracy: 0.8636 - 
Validation Loss: 1.4693, Validation Accuracy: 0.5922
Starting Validation
Epoch [50/200] - Train Loss: 0.2977, Train Accuracy: 0.8576 - 
Validation Loss: 1.2102, Validation Accuracy: 0.6078
Starting Validation
Epoch [51/200] - Train Loss: 0.2870, Train Accuracy: 0.8703 - 
Validation Loss: 1.1152, Validation Accuracy: 0.6465
Starting Validation
Epoch [52/200] - Train Loss: 0.2871, Train Accuracy: 0.8789 - 
Validation Loss: 0.8479, Validation Accuracy: 0.6419
Starting Validation
Epoch [53/200] - Train Loss: 0.2609, Train Accuracy: 0.8902 - 
Validation Loss: 1.1253, Validation Accuracy: 0.6357
Starting Validation
Epoch [54/200] - Train Loss: 0.2510, Train Accuracy: 0.8902 - 
Validation Loss: 1.1989, Validation Accuracy: 0.6403
Starting Validation
Epoch [55/200] - Train Loss: 0.2576, Train Accuracy: 0.8949 - 
Validation Loss: 1.2318, Validation Accuracy: 0.6434
Starting Validation
Epoch [56/200] - Train Loss: 0.2521, Train Accuracy: 0.8902 - 
Validation Loss: 1.3221, Validation Accuracy: 0.6140
Starting Validation
Epoch [57/200] - Train Loss: 0.2220, Train Accuracy: 0.9049 - 
Validation Loss: 1.2250, Validation Accuracy: 0.6341
Starting Validation
Epoch [58/200] - Train Loss: 0.2328, Train Accuracy: 0.9062 - 
Validation Loss: 1.3748, Validation Accuracy: 0.6403
Starting Validation
Epoch [59/200] - Train Loss: 0.2481, Train Accuracy: 0.8769 - 
Validation Loss: 1.4285, Validation Accuracy: 0.6217
Starting Validation
Epoch [60/200] - Train Loss: 0.1744, Train Accuracy: 0.9261 - 
Validation Loss: 1.5925, Validation Accuracy: 0.6372
Starting Validation
Epoch [61/200] - Train Loss: 0.2465, Train Accuracy: 0.8922 - 
Validation Loss: 1.1442, Validation Accuracy: 0.6450
Starting Validation
Epoch [62/200] - Train Loss: 0.1924, Train Accuracy: 0.9255 - 
Validation Loss: 1.4066, Validation Accuracy: 0.6109
Starting Validation
Epoch [63/200] - Train Loss: 0.1845, Train Accuracy: 0.9222 - 
Validation Loss: 1.4609, Validation Accuracy: 0.6155
Starting Validation
Epoch [64/200] - Train Loss: 0.1948, Train Accuracy: 0.9102 - 
Validation Loss: 1.4687, Validation Accuracy: 0.6496
Starting Validation
Epoch [65/200] - Train Loss: 0.1857, Train Accuracy: 0.9215 - 
Validation Loss: 1.2017, Validation Accuracy: 0.6527
Starting Validation
Epoch [66/200] - Train Loss: 0.1696, Train Accuracy: 0.9288 - 
Validation Loss: 1.2724, Validation Accuracy: 0.6450
Starting Validation
Epoch [67/200] - Train Loss: 0.1535, Train Accuracy: 0.9308 - 
Validation Loss: 1.5757, Validation Accuracy: 0.6605
Starting Validation
Epoch [68/200] - Train Loss: 0.1700, Train Accuracy: 0.9308 - 
Validation Loss: 1.4718, Validation Accuracy: 0.6729
Starting Validation
Epoch [69/200] - Train Loss: 0.1686, Train Accuracy: 0.9328 - 
Validation Loss: 1.2745, Validation Accuracy: 0.6248
Starting Validation
Epoch [70/200] - Train Loss: 0.1480, Train Accuracy: 0.9448 - 
Validation Loss: 1.5671, Validation Accuracy: 0.6062
Starting Validation
Epoch [71/200] - Train Loss: 0.1398, Train Accuracy: 0.9494 - 
Validation Loss: 1.8492, Validation Accuracy: 0.6016
Starting Validation
Epoch [72/200] - Train Loss: 0.1428, Train Accuracy: 0.9428 - 
Validation Loss: 1.1925, Validation Accuracy: 0.6527
Starting Validation
Epoch [73/200] - Train Loss: 0.1361, Train Accuracy: 0.9401 - 
Validation Loss: 2.0759, Validation Accuracy: 0.6264
Starting Validation
Epoch [74/200] - Train Loss: 0.1076, Train Accuracy: 0.9548 - 
Validation Loss: 1.8048, Validation Accuracy: 0.6326
Starting Validation
Epoch [75/200] - Train Loss: 0.1505, Train Accuracy: 0.9448 - 
Validation Loss: 1.9248, Validation Accuracy: 0.6140
Starting Validation
Epoch [76/200] - Train Loss: 0.1181, Train Accuracy: 0.9474 - 
Validation Loss: 2.3759, Validation Accuracy: 0.6186
Starting Validation
Epoch [77/200] - Train Loss: 0.1249, Train Accuracy: 0.9494 - 
Validation Loss: 1.5171, Validation Accuracy: 0.6465
Starting Validation
Epoch [78/200] - Train Loss: 0.1119, Train Accuracy: 0.9621 - 
Validation Loss: 1.6735, Validation Accuracy: 0.6295
Starting Validation
Epoch [79/200] - Train Loss: 0.1091, Train Accuracy: 0.9587 - 
Validation Loss: 1.6184, Validation Accuracy: 0.6512
Starting Validation
Epoch [80/200] - Train Loss: 0.1082, Train Accuracy: 0.9614 - 
Validation Loss: 2.2469, Validation Accuracy: 0.6419
Starting Validation
Epoch [81/200] - Train Loss: 0.1227, Train Accuracy: 0.9554 - 
Validation Loss: 1.8594, Validation Accuracy: 0.6109
Starting Validation
Epoch [82/200] - Train Loss: 0.1168, Train Accuracy: 0.9521 - 
Validation Loss: 1.7536, Validation Accuracy: 0.6574
Starting Validation
Epoch [83/200] - Train Loss: 0.1050, Train Accuracy: 0.9594 - 
Validation Loss: 2.0463, Validation Accuracy: 0.6372
Starting Validation
Epoch [84/200] - Train Loss: 0.0912, Train Accuracy: 0.9627 - 
Validation Loss: 1.8084, Validation Accuracy: 0.6512
Starting Validation
Epoch [85/200] - Train Loss: 0.0954, Train Accuracy: 0.9694 - 
Validation Loss: 2.0015, Validation Accuracy: 0.6357
Starting Validation
Epoch [86/200] - Train Loss: 0.0860, Train Accuracy: 0.9701 - 
Validation Loss: 2.4323, Validation Accuracy: 0.6171
Starting Validation
Epoch [87/200] - Train Loss: 0.0814, Train Accuracy: 0.9747 - 
Validation Loss: 2.5089, Validation Accuracy: 0.6264
Starting Validation
Epoch [88/200] - Train Loss: 0.1055, Train Accuracy: 0.9587 - 
Validation Loss: 1.8041, Validation Accuracy: 0.6279
Starting Validation
Epoch [89/200] - Train Loss: 0.0870, Train Accuracy: 0.9647 - 
Validation Loss: 1.9144, Validation Accuracy: 0.6372
Starting Validation
Epoch [90/200] - Train Loss: 0.1268, Train Accuracy: 0.9494 - 
Validation Loss: 2.2133, Validation Accuracy: 0.6062
Starting Validation
Epoch [91/200] - Train Loss: 0.1145, Train Accuracy: 0.9561 - 
Validation Loss: 1.7146, Validation Accuracy: 0.6527
Starting Validation
Epoch [92/200] - Train Loss: 0.0867, Train Accuracy: 0.9661 - 
Validation Loss: 2.2320, Validation Accuracy: 0.6031
Starting Validation
Epoch [93/200] - Train Loss: 0.0838, Train Accuracy: 0.9681 - 
Validation Loss: 2.8811, Validation Accuracy: 0.6140
Starting Validation
Epoch [94/200] - Train Loss: 0.0669, Train Accuracy: 0.9747 - 
Validation Loss: 1.6138, Validation Accuracy: 0.6465
Starting Validation
Epoch [95/200] - Train Loss: 0.0837, Train Accuracy: 0.9654 - 
Validation Loss: 1.5658, Validation Accuracy: 0.6171
Starting Validation
Epoch [96/200] - Train Loss: 0.0804, Train Accuracy: 0.9681 - 
Validation Loss: 1.6996, Validation Accuracy: 0.6078
Starting Validation
Epoch [97/200] - Train Loss: 0.0680, Train Accuracy: 0.9787 - 
Validation Loss: 2.1854, Validation Accuracy: 0.6326
Starting Validation
Epoch [98/200] - Train Loss: 0.0838, Train Accuracy: 0.9681 - 
Validation Loss: 2.0040, Validation Accuracy: 0.6202
Starting Validation
Epoch [99/200] - Train Loss: 0.0958, Train Accuracy: 0.9601 - 
Validation Loss: 1.9560, Validation Accuracy: 0.6264
Starting Validation
Epoch [100/200] - Train Loss: 0.0654, Train Accuracy: 0.9767 - 
Validation Loss: 1.8344, Validation Accuracy: 0.6434
Starting Validation
Epoch [101/200] - Train Loss: 0.0928, Train Accuracy: 0.9647 - 
Validation Loss: 1.7508, Validation Accuracy: 0.5938
Starting Validation
Epoch [102/200] - Train Loss: 0.0884, Train Accuracy: 0.9654 - 
Validation Loss: 2.0945, Validation Accuracy: 0.6109
Starting Validation
Epoch [103/200] - Train Loss: 0.0725, Train Accuracy: 0.9774 - 
Validation Loss: 1.9903, Validation Accuracy: 0.6233
Starting Validation
Epoch [104/200] - Train Loss: 0.0522, Train Accuracy: 0.9807 - 
Validation Loss: 2.1203, Validation Accuracy: 0.6372
Starting Validation
Epoch [105/200] - Train Loss: 0.0780, Train Accuracy: 0.9674 - 
Validation Loss: 2.6147, Validation Accuracy: 0.6264
Starting Validation
Epoch [106/200] - Train Loss: 0.0600, Train Accuracy: 0.9754 - 
Validation Loss: 2.1419, Validation Accuracy: 0.6403
Starting Validation
Epoch [107/200] - Train Loss: 0.0907, Train Accuracy: 0.9614 - 
Validation Loss: 1.7335, Validation Accuracy: 0.6512
Starting Validation
Epoch [108/200] - Train Loss: 0.0513, Train Accuracy: 0.9834 - 
Validation Loss: 2.2416, Validation Accuracy: 0.6357
Starting Validation
Epoch [109/200] - Train Loss: 0.0506, Train Accuracy: 0.9767 - 
Validation Loss: 2.3850, Validation Accuracy: 0.6109
Starting Validation
Epoch [110/200] - Train Loss: 0.0928, Train Accuracy: 0.9654 - 
Validation Loss: 2.3844, Validation Accuracy: 0.6837
Starting Validation
Epoch [111/200] - Train Loss: 0.0712, Train Accuracy: 0.9721 - 
Validation Loss: 2.9079, Validation Accuracy: 0.6217
Starting Validation
Epoch [112/200] - Train Loss: 0.0427, Train Accuracy: 0.9834 - 
Validation Loss: 2.6452, Validation Accuracy: 0.6543
Starting Validation
Epoch [113/200] - Train Loss: 0.0723, Train Accuracy: 0.9701 - 
Validation Loss: 2.2928, Validation Accuracy: 0.6388
Starting Validation
Epoch [114/200] - Train Loss: 0.0543, Train Accuracy: 0.9807 - 
Validation Loss: 2.5075, Validation Accuracy: 0.6419
Starting Validation
Epoch [115/200] - Train Loss: 0.0478, Train Accuracy: 0.9760 - 
Validation Loss: 2.5688, Validation Accuracy: 0.6698
Starting Validation
Epoch [116/200] - Train Loss: 0.0610, Train Accuracy: 0.9767 - 
Validation Loss: 3.1502, Validation Accuracy: 0.6341
Starting Validation
Epoch [117/200] - Train Loss: 0.0636, Train Accuracy: 0.9767 - 
Validation Loss: 2.5020, Validation Accuracy: 0.6419
Starting Validation
Epoch [118/200] - Train Loss: 0.0531, Train Accuracy: 0.9814 - 
Validation Loss: 2.0127, Validation Accuracy: 0.6186
Starting Validation
Epoch [119/200] - Train Loss: 0.0656, Train Accuracy: 0.9747 - 
Validation Loss: 2.1463, Validation Accuracy: 0.6357
Starting Validation
Epoch [120/200] - Train Loss: 0.0669, Train Accuracy: 0.9701 - 
Validation Loss: 2.8310, Validation Accuracy: 0.6264
Starting Validation
Epoch [121/200] - Train Loss: 0.0738, Train Accuracy: 0.9707 - 
Validation Loss: 2.1625, Validation Accuracy: 0.6326
Starting Validation
Epoch [122/200] - Train Loss: 0.0504, Train Accuracy: 0.9827 - 
Validation Loss: 2.6056, Validation Accuracy: 0.6419
Starting Validation
Epoch [123/200] - Train Loss: 0.0547, Train Accuracy: 0.9774 - 
Validation Loss: 2.6601, Validation Accuracy: 0.6233
Starting Validation
Epoch [124/200] - Train Loss: 0.0270, Train Accuracy: 0.9880 - 
Validation Loss: 2.8472, Validation Accuracy: 0.6527
Starting Validation
Epoch [125/200] - Train Loss: 0.0596, Train Accuracy: 0.9774 - 
Validation Loss: 2.7808, Validation Accuracy: 0.5938
Starting Validation
Epoch [126/200] - Train Loss: 0.0891, Train Accuracy: 0.9634 - 
Validation Loss: 3.0521, Validation Accuracy: 0.6434
Starting Validation
Epoch [127/200] - Train Loss: 0.0794, Train Accuracy: 0.9727 - 
Validation Loss: 1.6845, Validation Accuracy: 0.6388
Starting Validation
Epoch [128/200] - Train Loss: 0.0493, Train Accuracy: 0.9820 - 
Validation Loss: 2.2050, Validation Accuracy: 0.6295
Starting Validation
Epoch [129/200] - Train Loss: 0.0457, Train Accuracy: 0.9814 - 
Validation Loss: 2.3932, Validation Accuracy: 0.6016
Starting Validation
Epoch [130/200] - Train Loss: 0.0403, Train Accuracy: 0.9847 - 
Validation Loss: 2.2732, Validation Accuracy: 0.6233
Starting Validation
Epoch [131/200] - Train Loss: 0.0651, Train Accuracy: 0.9741 - 
Validation Loss: 2.5100, Validation Accuracy: 0.6124
Starting Validation
Epoch [132/200] - Train Loss: 0.0823, Train Accuracy: 0.9687 - 
Validation Loss: 3.2836, Validation Accuracy: 0.5674
Starting Validation
Epoch [133/200] - Train Loss: 0.0712, Train Accuracy: 0.9741 - 
Validation Loss: 1.9987, Validation Accuracy: 0.6372
Starting Validation
Epoch [134/200] - Train Loss: 0.0681, Train Accuracy: 0.9767 - 
Validation Loss: 2.0390, Validation Accuracy: 0.6496
Starting Validation
Epoch [135/200] - Train Loss: 0.0543, Train Accuracy: 0.9780 - 
Validation Loss: 1.9261, Validation Accuracy: 0.6713
Starting Validation
Epoch [136/200] - Train Loss: 0.0332, Train Accuracy: 0.9860 - 
Validation Loss: 2.3391, Validation Accuracy: 0.6419
Starting Validation
Epoch [137/200] - Train Loss: 0.0586, Train Accuracy: 0.9741 - 
Validation Loss: 2.2630, Validation Accuracy: 0.6264
Starting Validation
Epoch [138/200] - Train Loss: 0.0414, Train Accuracy: 0.9840 - 
Validation Loss: 2.0177, Validation Accuracy: 0.6465
Starting Validation
Epoch [139/200] - Train Loss: 0.0423, Train Accuracy: 0.9827 - 
Validation Loss: 2.0492, Validation Accuracy: 0.6527
Starting Validation
Epoch [140/200] - Train Loss: 0.0326, Train Accuracy: 0.9840 - 
Validation Loss: 2.0570, Validation Accuracy: 0.6651
Starting Validation
Epoch [141/200] - Train Loss: 0.0427, Train Accuracy: 0.9860 - 
Validation Loss: 2.3133, Validation Accuracy: 0.6512
Starting Validation
Epoch [142/200] - Train Loss: 0.0276, Train Accuracy: 0.9867 - 
Validation Loss: 2.2050, Validation Accuracy: 0.6636
Starting Validation
Epoch [143/200] - Train Loss: 0.0457, Train Accuracy: 0.9767 - 
Validation Loss: 2.3079, Validation Accuracy: 0.6326
Starting Validation
Epoch [144/200] - Train Loss: 0.0654, Train Accuracy: 0.9774 - 
Validation Loss: 2.3374, Validation Accuracy: 0.6217
Starting Validation
Epoch [145/200] - Train Loss: 0.0671, Train Accuracy: 0.9767 - 
Validation Loss: 3.0944, Validation Accuracy: 0.5752
Starting Validation
Epoch [146/200] - Train Loss: 0.0779, Train Accuracy: 0.9681 - 
Validation Loss: 2.4516, Validation Accuracy: 0.6450
Starting Validation
Epoch [147/200] - Train Loss: 0.0494, Train Accuracy: 0.9794 - 
Validation Loss: 1.9359, Validation Accuracy: 0.6388
Starting Validation
Epoch [148/200] - Train Loss: 0.0583, Train Accuracy: 0.9794 - 
Validation Loss: 2.3094, Validation Accuracy: 0.6543
Starting Validation
Epoch [149/200] - Train Loss: 0.0365, Train Accuracy: 0.9847 - 
Validation Loss: 2.7806, Validation Accuracy: 0.6357
Starting Validation
Epoch [150/200] - Train Loss: 0.0606, Train Accuracy: 0.9734 - 
Validation Loss: 2.0794, Validation Accuracy: 0.6372
Starting Validation
Epoch [151/200] - Train Loss: 0.0471, Train Accuracy: 0.9794 - 
Validation Loss: 1.9565, Validation Accuracy: 0.6481
Starting Validation
Epoch [152/200] - Train Loss: 0.0357, Train Accuracy: 0.9847 - 
Validation Loss: 2.4745, Validation Accuracy: 0.6434
Starting Validation
Epoch [153/200] - Train Loss: 0.0428, Train Accuracy: 0.9767 - 
Validation Loss: 2.5602, Validation Accuracy: 0.6295
Starting Validation
Epoch [154/200] - Train Loss: 0.0411, Train Accuracy: 0.9827 - 
Validation Loss: 2.6621, Validation Accuracy: 0.6465
Starting Validation
Epoch [155/200] - Train Loss: 0.0482, Train Accuracy: 0.9807 - 
Validation Loss: 1.8936, Validation Accuracy: 0.6527
Starting Validation
Epoch [156/200] - Train Loss: 0.0245, Train Accuracy: 0.9900 - 
Validation Loss: 2.8088, Validation Accuracy: 0.6481
Starting Validation
Epoch [157/200] - Train Loss: 0.0560, Train Accuracy: 0.9820 - 
Validation Loss: 1.9553, Validation Accuracy: 0.6341
Starting Validation
Epoch [158/200] - Train Loss: 0.0494, Train Accuracy: 0.9794 - 
Validation Loss: 2.0473, Validation Accuracy: 0.6620
Starting Validation
Epoch [159/200] - Train Loss: 0.0443, Train Accuracy: 0.9834 - 
Validation Loss: 2.3589, Validation Accuracy: 0.6248
Starting Validation
Epoch [160/200] - Train Loss: 0.0543, Train Accuracy: 0.9767 - 
Validation Loss: 2.0799, Validation Accuracy: 0.6217
Starting Validation
Epoch [161/200] - Train Loss: 0.0417, Train Accuracy: 0.9820 - 
Validation Loss: 2.2293, Validation Accuracy: 0.6062
Starting Validation
Epoch [162/200] - Train Loss: 0.0341, Train Accuracy: 0.9814 - 
Validation Loss: 2.4570, Validation Accuracy: 0.6465
Starting Validation
Epoch [163/200] - Train Loss: 0.0278, Train Accuracy: 0.9880 - 
Validation Loss: 2.8172, Validation Accuracy: 0.6357
Starting Validation
Epoch [164/200] - Train Loss: 0.0394, Train Accuracy: 0.9867 - 
Validation Loss: 2.4152, Validation Accuracy: 0.6496
Starting Validation
Epoch [165/200] - Train Loss: 0.0537, Train Accuracy: 0.9754 - 
Validation Loss: 3.0620, Validation Accuracy: 0.6279
Starting Validation
Epoch [166/200] - Train Loss: 0.0424, Train Accuracy: 0.9827 - 
Validation Loss: 2.6984, Validation Accuracy: 0.6062
Starting Validation
Epoch [167/200] - Train Loss: 0.0636, Train Accuracy: 0.9747 - 
Validation Loss: 1.7579, Validation Accuracy: 0.6558
Starting Validation
Epoch [168/200] - Train Loss: 0.0298, Train Accuracy: 0.9887 - 
Validation Loss: 2.6957, Validation Accuracy: 0.6574
Starting Validation
Epoch [169/200] - Train Loss: 0.0587, Train Accuracy: 0.9780 - 
Validation Loss: 2.1114, Validation Accuracy: 0.6357
Starting Validation
Epoch [170/200] - Train Loss: 0.0374, Train Accuracy: 0.9854 - 
Validation Loss: 2.5567, Validation Accuracy: 0.6372
Starting Validation
Epoch [171/200] - Train Loss: 0.0793, Train Accuracy: 0.9741 - 
Validation Loss: 2.0710, Validation Accuracy: 0.6186
Starting Validation
Epoch [172/200] - Train Loss: 0.0603, Train Accuracy: 0.9760 - 
Validation Loss: 2.3897, Validation Accuracy: 0.6357
Starting Validation
Epoch [173/200] - Train Loss: 0.0302, Train Accuracy: 0.9880 - 
Validation Loss: 2.6999, Validation Accuracy: 0.6326
Starting Validation
Epoch [174/200] - Train Loss: 0.0320, Train Accuracy: 0.9847 - 
Validation Loss: 2.2681, Validation Accuracy: 0.6527
Starting Validation
Epoch [175/200] - Train Loss: 0.0412, Train Accuracy: 0.9834 - 
Validation Loss: 2.1991, Validation Accuracy: 0.6512
Starting Validation
Epoch [176/200] - Train Loss: 0.0363, Train Accuracy: 0.9834 - 
Validation Loss: 2.5536, Validation Accuracy: 0.6109
Starting Validation
Epoch [177/200] - Train Loss: 0.0466, Train Accuracy: 0.9847 - 
Validation Loss: 2.1923, Validation Accuracy: 0.6527
Starting Validation
Epoch [178/200] - Train Loss: 0.0423, Train Accuracy: 0.9814 - 
Validation Loss: 2.8126, Validation Accuracy: 0.6434
Starting Validation
Epoch [179/200] - Train Loss: 0.0271, Train Accuracy: 0.9900 - 
Validation Loss: 3.4573, Validation Accuracy: 0.6341
Starting Validation
Epoch [180/200] - Train Loss: 0.0344, Train Accuracy: 0.9827 - 
Validation Loss: 2.6532, Validation Accuracy: 0.6636
Starting Validation
Epoch [181/200] - Train Loss: 0.0208, Train Accuracy: 0.9894 - 
Validation Loss: 2.8618, Validation Accuracy: 0.6481
Starting Validation
Epoch [182/200] - Train Loss: 0.0449, Train Accuracy: 0.9840 - 
Validation Loss: 2.2421, Validation Accuracy: 0.6589
Starting Validation
Epoch [183/200] - Train Loss: 0.0389, Train Accuracy: 0.9867 - 
Validation Loss: 2.9651, Validation Accuracy: 0.6403
Starting Validation
Epoch [184/200] - Train Loss: 0.0913, Train Accuracy: 0.9701 - 
Validation Loss: 2.6255, Validation Accuracy: 0.6248
Starting Validation
Epoch [185/200] - Train Loss: 0.0336, Train Accuracy: 0.9854 - 
Validation Loss: 3.0384, Validation Accuracy: 0.6310
Starting Validation
Epoch [186/200] - Train Loss: 0.0742, Train Accuracy: 0.9701 - 
Validation Loss: 1.6810, Validation Accuracy: 0.6651
Starting Validation
Epoch [187/200] - Train Loss: 0.0655, Train Accuracy: 0.9747 - 
Validation Loss: 2.0655, Validation Accuracy: 0.6248
Starting Validation
Epoch [188/200] - Train Loss: 0.0304, Train Accuracy: 0.9894 - 
Validation Loss: 3.1776, Validation Accuracy: 0.6202
Starting Validation
Epoch [189/200] - Train Loss: 0.0363, Train Accuracy: 0.9847 - 
Validation Loss: 2.4516, Validation Accuracy: 0.6341
Starting Validation
Epoch [190/200] - Train Loss: 0.0557, Train Accuracy: 0.9747 - 
Validation Loss: 2.8549, Validation Accuracy: 0.6217
Starting Validation
Epoch [191/200] - Train Loss: 0.0315, Train Accuracy: 0.9874 - 
Validation Loss: 2.6409, Validation Accuracy: 0.6326
Starting Validation
Epoch [192/200] - Train Loss: 0.0534, Train Accuracy: 0.9760 - 
Validation Loss: 2.2471, Validation Accuracy: 0.6093
Starting Validation
Epoch [193/200] - Train Loss: 0.0447, Train Accuracy: 0.9787 - 
Validation Loss: 2.4548, Validation Accuracy: 0.6357
Starting Validation
Epoch [194/200] - Train Loss: 0.0477, Train Accuracy: 0.9840 - 
Validation Loss: 2.8096, Validation Accuracy: 0.6403
Starting Validation
Epoch [195/200] - Train Loss: 0.0599, Train Accuracy: 0.9767 - 
Validation Loss: 2.3067, Validation Accuracy: 0.6341
Starting Validation
Epoch [196/200] - Train Loss: 0.0437, Train Accuracy: 0.9840 - 
Validation Loss: 2.6712, Validation Accuracy: 0.6388
Starting Validation
Epoch [197/200] - Train Loss: 0.0431, Train Accuracy: 0.9827 - 
Validation Loss: 2.2444, Validation Accuracy: 0.6527
Starting Validation
Epoch [198/200] - Train Loss: 0.0371, Train Accuracy: 0.9840 - 
Validation Loss: 2.7466, Validation Accuracy: 0.6496
Starting Validation
Epoch [199/200] - Train Loss: 0.0285, Train Accuracy: 0.9874 - 
Validation Loss: 3.0294, Validation Accuracy: 0.6279
Starting Validation
Epoch [200/200] - Train Loss: 0.0220, Train Accuracy: 0.9887 - 
Validation Loss: 3.1816, Validation Accuracy: 0.6558
Plotting graph now
