Device: cuda
Training class distribution:
Class 0: 752 samples
Class 1: 2889 samples

Validation class distribution:
Class 0: 356 samples
Class 1: 1205 samples
Created DataLoaders
Number of trainable parameters: 134268738
Starting training now
Starting Validation
Epoch [1/200] - Train Loss: 0.5254, Train Accuracy: 0.7891 - 
Validation Loss: 0.5350, Validation Accuracy: 0.7719
Starting Validation
Epoch [2/200] - Train Loss: 0.5154, Train Accuracy: 0.7935 - 
Validation Loss: 0.5409, Validation Accuracy: 0.7719
Starting Validation
Epoch [3/200] - Train Loss: 0.5089, Train Accuracy: 0.7935 - 
Validation Loss: 0.5319, Validation Accuracy: 0.7719
Starting Validation
Epoch [4/200] - Train Loss: 0.5125, Train Accuracy: 0.7935 - 
Validation Loss: 0.5373, Validation Accuracy: 0.7719
Starting Validation
Epoch [5/200] - Train Loss: 0.5125, Train Accuracy: 0.7935 - 
Validation Loss: 0.5354, Validation Accuracy: 0.7719
Starting Validation
Epoch [6/200] - Train Loss: 0.5108, Train Accuracy: 0.7935 - 
Validation Loss: 0.5375, Validation Accuracy: 0.7719
Starting Validation
Epoch [7/200] - Train Loss: 0.5109, Train Accuracy: 0.7935 - 
Validation Loss: 0.5347, Validation Accuracy: 0.7719
Starting Validation
Epoch [8/200] - Train Loss: 0.5098, Train Accuracy: 0.7935 - 
Validation Loss: 0.5359, Validation Accuracy: 0.7719
Starting Validation
Epoch [9/200] - Train Loss: 0.5073, Train Accuracy: 0.7935 - 
Validation Loss: 0.5255, Validation Accuracy: 0.7719
Starting Validation
Epoch [10/200] - Train Loss: 0.5087, Train Accuracy: 0.7935 - 
Validation Loss: 0.5330, Validation Accuracy: 0.7719
Starting Validation
Epoch [11/200] - Train Loss: 0.5105, Train Accuracy: 0.7935 - 
Validation Loss: 0.5317, Validation Accuracy: 0.7719
Starting Validation
Epoch [12/200] - Train Loss: 0.5094, Train Accuracy: 0.7935 - 
Validation Loss: 0.5328, Validation Accuracy: 0.7719
Starting Validation
Epoch [13/200] - Train Loss: 0.5001, Train Accuracy: 0.7935 - 
Validation Loss: 0.5301, Validation Accuracy: 0.7719
Starting Validation
Epoch [14/200] - Train Loss: 0.4993, Train Accuracy: 0.7935 - 
Validation Loss: 0.5300, Validation Accuracy: 0.7719
Starting Validation
Epoch [15/200] - Train Loss: 0.4982, Train Accuracy: 0.7935 - 
Validation Loss: 0.5296, Validation Accuracy: 0.7719
Starting Validation
Epoch [16/200] - Train Loss: 0.4980, Train Accuracy: 0.7935 - 
Validation Loss: 0.5208, Validation Accuracy: 0.7719
Starting Validation
Epoch [17/200] - Train Loss: 0.4899, Train Accuracy: 0.7935 - 
Validation Loss: 0.5283, Validation Accuracy: 0.7719
Starting Validation
Epoch [18/200] - Train Loss: 0.5017, Train Accuracy: 0.7935 - 
Validation Loss: 0.5222, Validation Accuracy: 0.7719
Starting Validation
Epoch [19/200] - Train Loss: 0.4905, Train Accuracy: 0.7935 - 
Validation Loss: 0.5254, Validation Accuracy: 0.7719
Starting Validation
Epoch [20/200] - Train Loss: 0.4956, Train Accuracy: 0.7935 - 
Validation Loss: 0.5206, Validation Accuracy: 0.7719
Starting Validation
Epoch [21/200] - Train Loss: 0.4964, Train Accuracy: 0.7935 - 
Validation Loss: 0.5207, Validation Accuracy: 0.7719
Starting Validation
Epoch [22/200] - Train Loss: 0.4876, Train Accuracy: 0.7935 - 
Validation Loss: 0.5271, Validation Accuracy: 0.7719
Starting Validation
Epoch [23/200] - Train Loss: 0.4913, Train Accuracy: 0.7935 - 
Validation Loss: 0.5290, Validation Accuracy: 0.7719
Starting Validation
Epoch [24/200] - Train Loss: 0.4852, Train Accuracy: 0.7935 - 
Validation Loss: 0.5220, Validation Accuracy: 0.7719
Starting Validation
Epoch [25/200] - Train Loss: 0.4861, Train Accuracy: 0.7935 - 
Validation Loss: 0.5161, Validation Accuracy: 0.7719
Starting Validation
Epoch [26/200] - Train Loss: 0.4837, Train Accuracy: 0.7935 - 
Validation Loss: 0.5195, Validation Accuracy: 0.7719
Starting Validation
Epoch [27/200] - Train Loss: 0.4855, Train Accuracy: 0.7935 - 
Validation Loss: 0.5274, Validation Accuracy: 0.7719
Starting Validation
Epoch [28/200] - Train Loss: 0.4848, Train Accuracy: 0.7935 - 
Validation Loss: 0.5246, Validation Accuracy: 0.7719
Starting Validation
Epoch [29/200] - Train Loss: 0.4827, Train Accuracy: 0.7935 - 
Validation Loss: 0.5197, Validation Accuracy: 0.7719
Starting Validation
Epoch [30/200] - Train Loss: 0.4804, Train Accuracy: 0.7935 - 
Validation Loss: 0.5203, Validation Accuracy: 0.7719
Starting Validation
Epoch [31/200] - Train Loss: 0.4809, Train Accuracy: 0.7935 - 
Validation Loss: 0.5248, Validation Accuracy: 0.7719
Starting Validation
Epoch [32/200] - Train Loss: 0.4817, Train Accuracy: 0.7935 - 
Validation Loss: 0.5178, Validation Accuracy: 0.7719
Starting Validation
Epoch [33/200] - Train Loss: 0.4765, Train Accuracy: 0.7935 - 
Validation Loss: 0.5199, Validation Accuracy: 0.7719
Starting Validation
Epoch [34/200] - Train Loss: 0.4787, Train Accuracy: 0.7935 - 
Validation Loss: 0.5263, Validation Accuracy: 0.7719
Starting Validation
Epoch [35/200] - Train Loss: 0.4753, Train Accuracy: 0.7935 - 
Validation Loss: 0.5269, Validation Accuracy: 0.7719
Starting Validation
Epoch [36/200] - Train Loss: 0.4718, Train Accuracy: 0.7935 - 
Validation Loss: 0.5397, Validation Accuracy: 0.7719
Starting Validation
Epoch [37/200] - Train Loss: 0.4704, Train Accuracy: 0.7935 - 
Validation Loss: 0.5226, Validation Accuracy: 0.7719
Starting Validation
Epoch [38/200] - Train Loss: 0.4687, Train Accuracy: 0.7935 - 
Validation Loss: 0.5212, Validation Accuracy: 0.7719
Starting Validation
Epoch [39/200] - Train Loss: 0.4707, Train Accuracy: 0.7935 - 
Validation Loss: 0.5201, Validation Accuracy: 0.7719
Starting Validation
Epoch [40/200] - Train Loss: 0.4718, Train Accuracy: 0.7935 - 
Validation Loss: 0.5225, Validation Accuracy: 0.7719
Starting Validation
Epoch [41/200] - Train Loss: 0.4651, Train Accuracy: 0.7935 - 
Validation Loss: 0.5194, Validation Accuracy: 0.7719
Starting Validation
Epoch [42/200] - Train Loss: 0.4629, Train Accuracy: 0.7935 - 
Validation Loss: 0.5171, Validation Accuracy: 0.7719
Starting Validation
Epoch [43/200] - Train Loss: 0.4635, Train Accuracy: 0.7935 - 
Validation Loss: 0.5315, Validation Accuracy: 0.7719
Starting Validation
Epoch [44/200] - Train Loss: 0.4568, Train Accuracy: 0.7935 - 
Validation Loss: 0.5407, Validation Accuracy: 0.7719
Starting Validation
Epoch [45/200] - Train Loss: 0.4539, Train Accuracy: 0.7935 - 
Validation Loss: 0.5305, Validation Accuracy: 0.7719
Starting Validation
Epoch [46/200] - Train Loss: 0.4573, Train Accuracy: 0.7935 - 
Validation Loss: 0.5282, Validation Accuracy: 0.7719
Starting Validation
Epoch [47/200] - Train Loss: 0.4584, Train Accuracy: 0.7935 - 
Validation Loss: 0.5443, Validation Accuracy: 0.7719
Starting Validation
Epoch [48/200] - Train Loss: 0.4557, Train Accuracy: 0.7935 - 
Validation Loss: 0.5387, Validation Accuracy: 0.7719
Starting Validation
Epoch [49/200] - Train Loss: 0.4434, Train Accuracy: 0.7935 - 
Validation Loss: 0.5261, Validation Accuracy: 0.7719
Starting Validation
Epoch [50/200] - Train Loss: 0.4443, Train Accuracy: 0.7935 - 
Validation Loss: 0.5406, Validation Accuracy: 0.7719
Starting Validation
Epoch [51/200] - Train Loss: 0.4487, Train Accuracy: 0.7935 - 
Validation Loss: 0.5852, Validation Accuracy: 0.7719
Starting Validation
Epoch [52/200] - Train Loss: 0.4518, Train Accuracy: 0.7935 - 
Validation Loss: 0.5587, Validation Accuracy: 0.7719
Starting Validation
Epoch [53/200] - Train Loss: 0.4480, Train Accuracy: 0.7918 - 
Validation Loss: 0.5416, Validation Accuracy: 0.7546
Starting Validation
Epoch [54/200] - Train Loss: 0.4342, Train Accuracy: 0.7929 - 
Validation Loss: 0.5889, Validation Accuracy: 0.7719
Starting Validation
Epoch [55/200] - Train Loss: 0.4346, Train Accuracy: 0.7924 - 
Validation Loss: 0.5857, Validation Accuracy: 0.7636
Starting Validation
Epoch [56/200] - Train Loss: 0.4360, Train Accuracy: 0.8042 - 
Validation Loss: 0.5608, Validation Accuracy: 0.7098
Starting Validation
Epoch [57/200] - Train Loss: 0.4338, Train Accuracy: 0.7932 - 
Validation Loss: 0.5455, Validation Accuracy: 0.7470
Starting Validation
Epoch [58/200] - Train Loss: 0.4225, Train Accuracy: 0.7907 - 
Validation Loss: 0.5982, Validation Accuracy: 0.7553
Starting Validation
Epoch [59/200] - Train Loss: 0.4209, Train Accuracy: 0.7987 - 
Validation Loss: 0.6104, Validation Accuracy: 0.7598
Starting Validation
Epoch [60/200] - Train Loss: 0.4148, Train Accuracy: 0.8039 - 
Validation Loss: 0.5677, Validation Accuracy: 0.7354
Starting Validation
Epoch [61/200] - Train Loss: 0.4109, Train Accuracy: 0.8053 - 
Validation Loss: 0.5746, Validation Accuracy: 0.7399
Starting Validation
Epoch [62/200] - Train Loss: 0.3958, Train Accuracy: 0.8174 - 
Validation Loss: 0.6654, Validation Accuracy: 0.7482
Starting Validation
Epoch [63/200] - Train Loss: 0.3979, Train Accuracy: 0.8179 - 
Validation Loss: 0.6609, Validation Accuracy: 0.7085
Starting Validation
Epoch [64/200] - Train Loss: 0.3997, Train Accuracy: 0.8061 - 
Validation Loss: 0.6205, Validation Accuracy: 0.7578
Starting Validation
Epoch [65/200] - Train Loss: 0.3893, Train Accuracy: 0.8135 - 
Validation Loss: 0.5627, Validation Accuracy: 0.7508
Starting Validation
Epoch [66/200] - Train Loss: 0.3884, Train Accuracy: 0.8231 - 
Validation Loss: 0.5835, Validation Accuracy: 0.7514
Starting Validation
Epoch [67/200] - Train Loss: 0.3713, Train Accuracy: 0.8303 - 
Validation Loss: 0.6044, Validation Accuracy: 0.7207
Starting Validation
Epoch [68/200] - Train Loss: 0.3780, Train Accuracy: 0.8209 - 
Validation Loss: 0.6415, Validation Accuracy: 0.7457
Starting Validation
Epoch [69/200] - Train Loss: 0.3764, Train Accuracy: 0.8278 - 
Validation Loss: 0.7430, Validation Accuracy: 0.7681
Starting Validation
Epoch [70/200] - Train Loss: 0.3631, Train Accuracy: 0.8352 - 
Validation Loss: 0.6198, Validation Accuracy: 0.7309
Starting Validation
Epoch [71/200] - Train Loss: 0.3547, Train Accuracy: 0.8366 - 
Validation Loss: 0.7051, Validation Accuracy: 0.7521
Starting Validation
Epoch [72/200] - Train Loss: 0.3461, Train Accuracy: 0.8410 - 
Validation Loss: 0.6772, Validation Accuracy: 0.7444
Starting Validation
Epoch [73/200] - Train Loss: 0.3382, Train Accuracy: 0.8525 - 
Validation Loss: 0.7130, Validation Accuracy: 0.7143
Starting Validation
Epoch [74/200] - Train Loss: 0.3368, Train Accuracy: 0.8467 - 
Validation Loss: 0.6609, Validation Accuracy: 0.6739
Starting Validation
Epoch [75/200] - Train Loss: 0.3368, Train Accuracy: 0.8470 - 
Validation Loss: 0.6402, Validation Accuracy: 0.7117
Starting Validation
Epoch [76/200] - Train Loss: 0.3235, Train Accuracy: 0.8528 - 
Validation Loss: 0.6453, Validation Accuracy: 0.7015
Starting Validation
Epoch [77/200] - Train Loss: 0.3139, Train Accuracy: 0.8547 - 
Validation Loss: 0.7557, Validation Accuracy: 0.7598
Starting Validation
Epoch [78/200] - Train Loss: 0.3025, Train Accuracy: 0.8660 - 
Validation Loss: 0.7308, Validation Accuracy: 0.7162
Starting Validation
Epoch [79/200] - Train Loss: 0.2897, Train Accuracy: 0.8624 - 
Validation Loss: 0.9091, Validation Accuracy: 0.7495
Starting Validation
Epoch [80/200] - Train Loss: 0.2801, Train Accuracy: 0.8761 - 
Validation Loss: 1.0121, Validation Accuracy: 0.7598
Starting Validation
Epoch [81/200] - Train Loss: 0.2789, Train Accuracy: 0.8761 - 
Validation Loss: 0.8052, Validation Accuracy: 0.7271
Starting Validation
Epoch [82/200] - Train Loss: 0.2777, Train Accuracy: 0.8792 - 
Validation Loss: 0.7908, Validation Accuracy: 0.7489
Starting Validation
Epoch [83/200] - Train Loss: 0.2661, Train Accuracy: 0.8819 - 
Validation Loss: 0.8688, Validation Accuracy: 0.7201
Starting Validation
Epoch [84/200] - Train Loss: 0.2640, Train Accuracy: 0.8888 - 
Validation Loss: 0.8464, Validation Accuracy: 0.7380
Starting Validation
Epoch [85/200] - Train Loss: 0.2614, Train Accuracy: 0.8918 - 
Validation Loss: 0.7816, Validation Accuracy: 0.7329
Starting Validation
Epoch [86/200] - Train Loss: 0.2319, Train Accuracy: 0.9006 - 
Validation Loss: 0.8131, Validation Accuracy: 0.7316
Starting Validation
Epoch [87/200] - Train Loss: 0.2333, Train Accuracy: 0.9069 - 
Validation Loss: 0.8912, Validation Accuracy: 0.7085
Starting Validation
Epoch [88/200] - Train Loss: 0.2202, Train Accuracy: 0.9105 - 
Validation Loss: 0.9291, Validation Accuracy: 0.7060
Starting Validation
Epoch [89/200] - Train Loss: 0.2199, Train Accuracy: 0.9069 - 
Validation Loss: 1.0253, Validation Accuracy: 0.7213
Starting Validation
Epoch [90/200] - Train Loss: 0.2126, Train Accuracy: 0.9113 - 
Validation Loss: 0.9450, Validation Accuracy: 0.7406
Starting Validation
Epoch [91/200] - Train Loss: 0.2070, Train Accuracy: 0.9160 - 
Validation Loss: 0.9453, Validation Accuracy: 0.7226
Starting Validation
Epoch [92/200] - Train Loss: 0.2024, Train Accuracy: 0.9132 - 
Validation Loss: 0.8599, Validation Accuracy: 0.6970
Starting Validation
Epoch [93/200] - Train Loss: 0.1951, Train Accuracy: 0.9182 - 
Validation Loss: 0.9082, Validation Accuracy: 0.6656
Starting Validation
Epoch [94/200] - Train Loss: 0.1859, Train Accuracy: 0.9275 - 
Validation Loss: 0.7941, Validation Accuracy: 0.6823
Starting Validation
Epoch [95/200] - Train Loss: 0.1748, Train Accuracy: 0.9313 - 
Validation Loss: 0.9538, Validation Accuracy: 0.7239
Starting Validation
Epoch [96/200] - Train Loss: 0.1593, Train Accuracy: 0.9390 - 
Validation Loss: 1.1232, Validation Accuracy: 0.6989
Starting Validation
Epoch [97/200] - Train Loss: 0.1646, Train Accuracy: 0.9371 - 
Validation Loss: 1.1078, Validation Accuracy: 0.7335
Starting Validation
Epoch [98/200] - Train Loss: 0.1553, Train Accuracy: 0.9382 - 
Validation Loss: 1.2600, Validation Accuracy: 0.7322
Starting Validation
Epoch [99/200] - Train Loss: 0.1505, Train Accuracy: 0.9410 - 
Validation Loss: 1.0068, Validation Accuracy: 0.7188
Starting Validation
Epoch [100/200] - Train Loss: 0.1652, Train Accuracy: 0.9352 - 
Validation Loss: 1.1775, Validation Accuracy: 0.7431
Starting Validation
Epoch [101/200] - Train Loss: 0.1470, Train Accuracy: 0.9418 - 
Validation Loss: 1.0109, Validation Accuracy: 0.6823
Starting Validation
Epoch [102/200] - Train Loss: 0.1348, Train Accuracy: 0.9473 - 
Validation Loss: 1.2301, Validation Accuracy: 0.7213
Starting Validation
Epoch [103/200] - Train Loss: 0.1293, Train Accuracy: 0.9539 - 
Validation Loss: 1.2814, Validation Accuracy: 0.7201
Starting Validation
Epoch [104/200] - Train Loss: 0.1460, Train Accuracy: 0.9423 - 
Validation Loss: 1.3096, Validation Accuracy: 0.7380
Starting Validation
Epoch [105/200] - Train Loss: 0.1327, Train Accuracy: 0.9530 - 
Validation Loss: 1.3967, Validation Accuracy: 0.7418
Starting Validation
Epoch [106/200] - Train Loss: 0.1396, Train Accuracy: 0.9473 - 
Validation Loss: 1.0729, Validation Accuracy: 0.7361
Starting Validation
Epoch [107/200] - Train Loss: 0.1118, Train Accuracy: 0.9569 - 
Validation Loss: 1.2748, Validation Accuracy: 0.7309
Starting Validation
Epoch [108/200] - Train Loss: 0.1181, Train Accuracy: 0.9528 - 
Validation Loss: 1.1744, Validation Accuracy: 0.7149
Starting Validation
Epoch [109/200] - Train Loss: 0.1233, Train Accuracy: 0.9519 - 
Validation Loss: 1.6395, Validation Accuracy: 0.7233
Starting Validation
Epoch [110/200] - Train Loss: 0.1088, Train Accuracy: 0.9580 - 
Validation Loss: 1.7763, Validation Accuracy: 0.7425
Starting Validation
Epoch [111/200] - Train Loss: 0.1135, Train Accuracy: 0.9555 - 
Validation Loss: 1.1437, Validation Accuracy: 0.6925
Starting Validation
Epoch [112/200] - Train Loss: 0.1096, Train Accuracy: 0.9558 - 
Validation Loss: 1.1113, Validation Accuracy: 0.6829
Starting Validation
Epoch [113/200] - Train Loss: 0.0899, Train Accuracy: 0.9684 - 
Validation Loss: 1.4180, Validation Accuracy: 0.7156
Starting Validation
Epoch [114/200] - Train Loss: 0.1041, Train Accuracy: 0.9599 - 
Validation Loss: 1.3553, Validation Accuracy: 0.7079
Starting Validation
Epoch [115/200] - Train Loss: 0.0939, Train Accuracy: 0.9654 - 
Validation Loss: 1.2868, Validation Accuracy: 0.7143
Starting Validation
Epoch [116/200] - Train Loss: 0.1019, Train Accuracy: 0.9610 - 
Validation Loss: 1.3043, Validation Accuracy: 0.7335
Starting Validation
Epoch [117/200] - Train Loss: 0.0970, Train Accuracy: 0.9626 - 
Validation Loss: 1.3629, Validation Accuracy: 0.7053
Starting Validation
Epoch [118/200] - Train Loss: 0.0985, Train Accuracy: 0.9607 - 
Validation Loss: 1.3745, Validation Accuracy: 0.7438
Starting Validation
Epoch [119/200] - Train Loss: 0.0910, Train Accuracy: 0.9659 - 
Validation Loss: 1.3248, Validation Accuracy: 0.7470
Starting Validation
Epoch [120/200] - Train Loss: 0.0884, Train Accuracy: 0.9651 - 
Validation Loss: 1.5010, Validation Accuracy: 0.7136
Starting Validation
Epoch [121/200] - Train Loss: 0.0795, Train Accuracy: 0.9692 - 
Validation Loss: 1.7478, Validation Accuracy: 0.7367
Starting Validation
Epoch [122/200] - Train Loss: 0.0931, Train Accuracy: 0.9670 - 
Validation Loss: 1.5569, Validation Accuracy: 0.7425
Starting Validation
Epoch [123/200] - Train Loss: 0.0979, Train Accuracy: 0.9676 - 
Validation Loss: 1.2613, Validation Accuracy: 0.7143
Starting Validation
Epoch [124/200] - Train Loss: 0.0817, Train Accuracy: 0.9692 - 
Validation Loss: 1.6906, Validation Accuracy: 0.7373
Starting Validation
Epoch [125/200] - Train Loss: 0.1069, Train Accuracy: 0.9591 - 
Validation Loss: 1.2119, Validation Accuracy: 0.7060
Starting Validation
Epoch [126/200] - Train Loss: 0.0767, Train Accuracy: 0.9701 - 
Validation Loss: 1.6674, Validation Accuracy: 0.7514
Starting Validation
Epoch [127/200] - Train Loss: 0.0846, Train Accuracy: 0.9687 - 
Validation Loss: 1.4377, Validation Accuracy: 0.7393
Starting Validation
Epoch [128/200] - Train Loss: 0.0846, Train Accuracy: 0.9684 - 
Validation Loss: 1.3503, Validation Accuracy: 0.7168
Starting Validation
Epoch [129/200] - Train Loss: 0.0794, Train Accuracy: 0.9692 - 
Validation Loss: 1.3499, Validation Accuracy: 0.6425
Starting Validation
Epoch [130/200] - Train Loss: 0.0833, Train Accuracy: 0.9706 - 
Validation Loss: 1.7335, Validation Accuracy: 0.7585
Starting Validation
Epoch [131/200] - Train Loss: 0.0808, Train Accuracy: 0.9703 - 
Validation Loss: 1.5347, Validation Accuracy: 0.7412
Starting Validation
Epoch [132/200] - Train Loss: 0.0756, Train Accuracy: 0.9714 - 
Validation Loss: 1.5489, Validation Accuracy: 0.6996
Starting Validation
Epoch [133/200] - Train Loss: 0.0682, Train Accuracy: 0.9750 - 
Validation Loss: 1.5361, Validation Accuracy: 0.7085
Starting Validation
Epoch [134/200] - Train Loss: 0.0746, Train Accuracy: 0.9725 - 
Validation Loss: 1.4743, Validation Accuracy: 0.6906
Starting Validation
Epoch [135/200] - Train Loss: 0.0766, Train Accuracy: 0.9714 - 
Validation Loss: 1.4461, Validation Accuracy: 0.7252
Starting Validation
Epoch [136/200] - Train Loss: 0.0576, Train Accuracy: 0.9802 - 
Validation Loss: 1.4327, Validation Accuracy: 0.7290
Starting Validation
Epoch [137/200] - Train Loss: 0.0493, Train Accuracy: 0.9824 - 
Validation Loss: 1.5208, Validation Accuracy: 0.6823
Starting Validation
Epoch [138/200] - Train Loss: 0.0733, Train Accuracy: 0.9742 - 
Validation Loss: 1.7818, Validation Accuracy: 0.7329
Starting Validation
Epoch [139/200] - Train Loss: 0.0725, Train Accuracy: 0.9734 - 
Validation Loss: 1.4702, Validation Accuracy: 0.6938
Starting Validation
Epoch [140/200] - Train Loss: 0.0567, Train Accuracy: 0.9783 - 
Validation Loss: 1.6542, Validation Accuracy: 0.6842
Starting Validation
Epoch [141/200] - Train Loss: 0.0666, Train Accuracy: 0.9758 - 
Validation Loss: 1.6551, Validation Accuracy: 0.7412
Starting Validation
Epoch [142/200] - Train Loss: 0.0740, Train Accuracy: 0.9712 - 
Validation Loss: 1.4952, Validation Accuracy: 0.6861
Starting Validation
Epoch [143/200] - Train Loss: 0.0760, Train Accuracy: 0.9714 - 
Validation Loss: 1.4783, Validation Accuracy: 0.6931
Starting Validation
Epoch [144/200] - Train Loss: 0.0687, Train Accuracy: 0.9764 - 
Validation Loss: 1.4835, Validation Accuracy: 0.7194
Starting Validation
Epoch [145/200] - Train Loss: 0.0632, Train Accuracy: 0.9769 - 
Validation Loss: 1.5182, Validation Accuracy: 0.6778
Starting Validation
Epoch [146/200] - Train Loss: 0.0702, Train Accuracy: 0.9742 - 
Validation Loss: 1.7879, Validation Accuracy: 0.7290
Starting Validation
Epoch [147/200] - Train Loss: 0.0713, Train Accuracy: 0.9756 - 
Validation Loss: 1.5841, Validation Accuracy: 0.7444
Starting Validation
Epoch [148/200] - Train Loss: 0.0464, Train Accuracy: 0.9838 - 
Validation Loss: 1.8830, Validation Accuracy: 0.7290
Starting Validation
Epoch [149/200] - Train Loss: 0.0682, Train Accuracy: 0.9745 - 
Validation Loss: 1.3997, Validation Accuracy: 0.7015
Starting Validation
Epoch [150/200] - Train Loss: 0.0727, Train Accuracy: 0.9742 - 
Validation Loss: 1.9062, Validation Accuracy: 0.7431
Starting Validation
Epoch [151/200] - Train Loss: 0.0650, Train Accuracy: 0.9786 - 
Validation Loss: 1.4633, Validation Accuracy: 0.7380
Starting Validation
Epoch [152/200] - Train Loss: 0.0434, Train Accuracy: 0.9857 - 
Validation Loss: 1.9137, Validation Accuracy: 0.7425
Starting Validation
Epoch [153/200] - Train Loss: 0.0662, Train Accuracy: 0.9791 - 
Validation Loss: 1.3641, Validation Accuracy: 0.7341
Starting Validation
Epoch [154/200] - Train Loss: 0.0480, Train Accuracy: 0.9802 - 
Validation Loss: 1.7760, Validation Accuracy: 0.7470
Starting Validation
Epoch [155/200] - Train Loss: 0.0645, Train Accuracy: 0.9808 - 
Validation Loss: 1.4867, Validation Accuracy: 0.7207
Starting Validation
Epoch [156/200] - Train Loss: 0.0514, Train Accuracy: 0.9816 - 
Validation Loss: 1.8615, Validation Accuracy: 0.7322
Starting Validation
Epoch [157/200] - Train Loss: 0.0707, Train Accuracy: 0.9767 - 
Validation Loss: 1.5609, Validation Accuracy: 0.7316
Starting Validation
Epoch [158/200] - Train Loss: 0.0481, Train Accuracy: 0.9810 - 
Validation Loss: 1.7648, Validation Accuracy: 0.7271
Starting Validation
Epoch [159/200] - Train Loss: 0.0469, Train Accuracy: 0.9835 - 
Validation Loss: 1.6858, Validation Accuracy: 0.7188
Starting Validation
Epoch [160/200] - Train Loss: 0.0518, Train Accuracy: 0.9816 - 
Validation Loss: 2.2966, Validation Accuracy: 0.7341
Starting Validation
Epoch [161/200] - Train Loss: 0.0704, Train Accuracy: 0.9767 - 
Validation Loss: 1.5598, Validation Accuracy: 0.7226
Starting Validation
Epoch [162/200] - Train Loss: 0.0291, Train Accuracy: 0.9901 - 
Validation Loss: 2.0420, Validation Accuracy: 0.7309
Starting Validation
Epoch [163/200] - Train Loss: 0.0748, Train Accuracy: 0.9720 - 
Validation Loss: 1.6841, Validation Accuracy: 0.7303
Starting Validation
Epoch [164/200] - Train Loss: 0.0538, Train Accuracy: 0.9841 - 
Validation Loss: 1.8986, Validation Accuracy: 0.6919
Starting Validation
Epoch [165/200] - Train Loss: 0.0528, Train Accuracy: 0.9813 - 
Validation Loss: 2.2374, Validation Accuracy: 0.7476
Starting Validation
Epoch [166/200] - Train Loss: 0.0402, Train Accuracy: 0.9857 - 
Validation Loss: 1.6299, Validation Accuracy: 0.7226
Starting Validation
Epoch [167/200] - Train Loss: 0.0463, Train Accuracy: 0.9821 - 
Validation Loss: 1.5821, Validation Accuracy: 0.7213
Starting Validation
Epoch [168/200] - Train Loss: 0.0501, Train Accuracy: 0.9835 - 
Validation Loss: 1.7755, Validation Accuracy: 0.7098
Starting Validation
Epoch [169/200] - Train Loss: 0.0487, Train Accuracy: 0.9827 - 
Validation Loss: 1.7419, Validation Accuracy: 0.7156
Starting Validation
Epoch [170/200] - Train Loss: 0.0492, Train Accuracy: 0.9808 - 
Validation Loss: 2.0643, Validation Accuracy: 0.7367
Starting Validation
Epoch [171/200] - Train Loss: 0.0526, Train Accuracy: 0.9819 - 
Validation Loss: 1.7638, Validation Accuracy: 0.7322
Starting Validation
Epoch [172/200] - Train Loss: 0.0463, Train Accuracy: 0.9832 - 
Validation Loss: 1.6102, Validation Accuracy: 0.7047
Starting Validation
Epoch [173/200] - Train Loss: 0.0589, Train Accuracy: 0.9802 - 
Validation Loss: 2.0215, Validation Accuracy: 0.7316
Starting Validation
Epoch [174/200] - Train Loss: 0.0455, Train Accuracy: 0.9824 - 
Validation Loss: 1.7597, Validation Accuracy: 0.6912
Starting Validation
Epoch [175/200] - Train Loss: 0.0466, Train Accuracy: 0.9835 - 
Validation Loss: 1.9532, Validation Accuracy: 0.6983
Starting Validation
Epoch [176/200] - Train Loss: 0.0472, Train Accuracy: 0.9813 - 
Validation Loss: 1.7444, Validation Accuracy: 0.7380
Starting Validation
Epoch [177/200] - Train Loss: 0.0519, Train Accuracy: 0.9838 - 
Validation Loss: 1.4053, Validation Accuracy: 0.7239
Starting Validation
Epoch [178/200] - Train Loss: 0.0578, Train Accuracy: 0.9802 - 
Validation Loss: 1.5511, Validation Accuracy: 0.7271
Starting Validation
Epoch [179/200] - Train Loss: 0.0462, Train Accuracy: 0.9830 - 
Validation Loss: 1.7163, Validation Accuracy: 0.7220
Starting Validation
Epoch [180/200] - Train Loss: 0.0347, Train Accuracy: 0.9879 - 
Validation Loss: 1.9561, Validation Accuracy: 0.7393
Starting Validation
Epoch [181/200] - Train Loss: 0.0462, Train Accuracy: 0.9843 - 
Validation Loss: 1.8426, Validation Accuracy: 0.7233
Starting Validation
Epoch [182/200] - Train Loss: 0.0363, Train Accuracy: 0.9868 - 
Validation Loss: 1.8774, Validation Accuracy: 0.6746
Starting Validation
Epoch [183/200] - Train Loss: 0.0565, Train Accuracy: 0.9791 - 
Validation Loss: 1.6130, Validation Accuracy: 0.7181
Starting Validation
Epoch [184/200] - Train Loss: 0.0483, Train Accuracy: 0.9830 - 
Validation Loss: 1.7649, Validation Accuracy: 0.7117
Starting Validation
Epoch [185/200] - Train Loss: 0.0418, Train Accuracy: 0.9852 - 
Validation Loss: 2.1585, Validation Accuracy: 0.7438
Starting Validation
Epoch [186/200] - Train Loss: 0.0318, Train Accuracy: 0.9893 - 
Validation Loss: 2.3730, Validation Accuracy: 0.7399
Starting Validation
Epoch [187/200] - Train Loss: 0.0457, Train Accuracy: 0.9830 - 
Validation Loss: 1.6046, Validation Accuracy: 0.6976
Starting Validation
Epoch [188/200] - Train Loss: 0.0512, Train Accuracy: 0.9821 - 
Validation Loss: 1.5486, Validation Accuracy: 0.7175
Starting Validation
Epoch [189/200] - Train Loss: 0.0463, Train Accuracy: 0.9821 - 
Validation Loss: 1.7734, Validation Accuracy: 0.7181
Starting Validation
Epoch [190/200] - Train Loss: 0.0372, Train Accuracy: 0.9871 - 
Validation Loss: 2.6818, Validation Accuracy: 0.7406
Starting Validation
Epoch [191/200] - Train Loss: 0.0515, Train Accuracy: 0.9841 - 
Validation Loss: 1.5946, Validation Accuracy: 0.7252
Starting Validation
Epoch [192/200] - Train Loss: 0.0436, Train Accuracy: 0.9835 - 
Validation Loss: 1.7637, Validation Accuracy: 0.7233
Starting Validation
Epoch [193/200] - Train Loss: 0.0394, Train Accuracy: 0.9854 - 
Validation Loss: 1.7500, Validation Accuracy: 0.7303
Starting Validation
Epoch [194/200] - Train Loss: 0.0485, Train Accuracy: 0.9821 - 
Validation Loss: 1.6422, Validation Accuracy: 0.7463
Starting Validation
Epoch [195/200] - Train Loss: 0.0372, Train Accuracy: 0.9841 - 
Validation Loss: 1.9903, Validation Accuracy: 0.7008
Starting Validation
Epoch [196/200] - Train Loss: 0.0572, Train Accuracy: 0.9794 - 
Validation Loss: 1.4783, Validation Accuracy: 0.7092
Starting Validation
Epoch [197/200] - Train Loss: 0.0463, Train Accuracy: 0.9838 - 
Validation Loss: 1.9103, Validation Accuracy: 0.7470
Starting Validation
Epoch [198/200] - Train Loss: 0.0288, Train Accuracy: 0.9909 - 
Validation Loss: 2.0024, Validation Accuracy: 0.7194
Starting Validation
Epoch [199/200] - Train Loss: 0.0396, Train Accuracy: 0.9879 - 
Validation Loss: 1.6797, Validation Accuracy: 0.6989
Starting Validation
Epoch [200/200] - Train Loss: 0.0395, Train Accuracy: 0.9865 - 
Validation Loss: 1.6473, Validation Accuracy: 0.6983
Plotting graph now
