MODEL: efficientnet_b0DATASET: CMMD
Training class distribution:
Class 0: 752 samples
Class 1: 2889 samples

Validation class distribution:
Class 0: 356 samples
Class 1: 1205 samples
Created DataLoaders
Loaded pretrained weights for efficientnet-b0
Number of trainable parameters: 4010110
Starting training now
Starting Validation
Epoch [1/200] - Train Loss: 0.5146, Train Accuracy: 0.7874 - 
Validation Loss: 0.6903, Validation Accuracy: 0.4901
Starting Validation
Epoch [2/200] - Train Loss: 0.4939, Train Accuracy: 0.7935 - 
Validation Loss: 0.5438, Validation Accuracy: 0.7719
Starting Validation
Epoch [3/200] - Train Loss: 0.4891, Train Accuracy: 0.7937 - 
Validation Loss: 0.5693, Validation Accuracy: 0.7719
Starting Validation
Epoch [4/200] - Train Loss: 0.4816, Train Accuracy: 0.7946 - 
Validation Loss: 0.5754, Validation Accuracy: 0.7719
Starting Validation
Epoch [5/200] - Train Loss: 0.4819, Train Accuracy: 0.7943 - 
Validation Loss: 0.5256, Validation Accuracy: 0.7719
Starting Validation
Epoch [6/200] - Train Loss: 0.4771, Train Accuracy: 0.7951 - 
Validation Loss: 0.5172, Validation Accuracy: 0.7700
Starting Validation
Epoch [7/200] - Train Loss: 0.4771, Train Accuracy: 0.7976 - 
Validation Loss: 0.5460, Validation Accuracy: 0.7527
Starting Validation
Epoch [8/200] - Train Loss: 0.4672, Train Accuracy: 0.7998 - 
Validation Loss: 0.5284, Validation Accuracy: 0.7623
Starting Validation
Epoch [9/200] - Train Loss: 0.4693, Train Accuracy: 0.8012 - 
Validation Loss: 0.5306, Validation Accuracy: 0.7604
Starting Validation
Epoch [10/200] - Train Loss: 0.4594, Train Accuracy: 0.7984 - 
Validation Loss: 0.5251, Validation Accuracy: 0.7675
Starting Validation
Epoch [11/200] - Train Loss: 0.4645, Train Accuracy: 0.7976 - 
Validation Loss: 0.5408, Validation Accuracy: 0.7489
Starting Validation
Epoch [12/200] - Train Loss: 0.4605, Train Accuracy: 0.7976 - 
Validation Loss: 0.5329, Validation Accuracy: 0.7559
Starting Validation
Epoch [13/200] - Train Loss: 0.4553, Train Accuracy: 0.7998 - 
Validation Loss: 0.5214, Validation Accuracy: 0.7668
Starting Validation
Epoch [14/200] - Train Loss: 0.4521, Train Accuracy: 0.8053 - 
Validation Loss: 0.5684, Validation Accuracy: 0.7694
Starting Validation
Epoch [15/200] - Train Loss: 0.4511, Train Accuracy: 0.8017 - 
Validation Loss: 0.5381, Validation Accuracy: 0.7630
Starting Validation
Epoch [16/200] - Train Loss: 0.4495, Train Accuracy: 0.8094 - 
Validation Loss: 0.5344, Validation Accuracy: 0.7617
Starting Validation
Epoch [17/200] - Train Loss: 0.4399, Train Accuracy: 0.8113 - 
Validation Loss: 0.5477, Validation Accuracy: 0.7681
Starting Validation
Epoch [18/200] - Train Loss: 0.4350, Train Accuracy: 0.8102 - 
Validation Loss: 0.5570, Validation Accuracy: 0.7502
Starting Validation
Epoch [19/200] - Train Loss: 0.4253, Train Accuracy: 0.8105 - 
Validation Loss: 0.5806, Validation Accuracy: 0.7431
Starting Validation
Epoch [20/200] - Train Loss: 0.4385, Train Accuracy: 0.8099 - 
Validation Loss: 0.5530, Validation Accuracy: 0.7502
Starting Validation
Epoch [21/200] - Train Loss: 0.4145, Train Accuracy: 0.8218 - 
Validation Loss: 0.5519, Validation Accuracy: 0.7604
Starting Validation
Epoch [22/200] - Train Loss: 0.4154, Train Accuracy: 0.8149 - 
Validation Loss: 0.6137, Validation Accuracy: 0.7329
Starting Validation
Epoch [23/200] - Train Loss: 0.4183, Train Accuracy: 0.8163 - 
Validation Loss: 0.5921, Validation Accuracy: 0.7681
Starting Validation
Epoch [24/200] - Train Loss: 0.4013, Train Accuracy: 0.8237 - 
Validation Loss: 0.6290, Validation Accuracy: 0.7630
Starting Validation
Epoch [25/200] - Train Loss: 0.4051, Train Accuracy: 0.8207 - 
Validation Loss: 0.5864, Validation Accuracy: 0.7290
Starting Validation
Epoch [26/200] - Train Loss: 0.3889, Train Accuracy: 0.8380 - 
Validation Loss: 0.6058, Validation Accuracy: 0.7431
Starting Validation
Epoch [27/200] - Train Loss: 0.3875, Train Accuracy: 0.8292 - 
Validation Loss: 0.5856, Validation Accuracy: 0.7341
Starting Validation
Epoch [28/200] - Train Loss: 0.3870, Train Accuracy: 0.8237 - 
Validation Loss: 0.6106, Validation Accuracy: 0.7322
Starting Validation
Epoch [29/200] - Train Loss: 0.3773, Train Accuracy: 0.8330 - 
Validation Loss: 0.6146, Validation Accuracy: 0.6746
Starting Validation
Epoch [30/200] - Train Loss: 0.3632, Train Accuracy: 0.8434 - 
Validation Loss: 0.7418, Validation Accuracy: 0.7630
Starting Validation
Epoch [31/200] - Train Loss: 0.3666, Train Accuracy: 0.8380 - 
Validation Loss: 0.6771, Validation Accuracy: 0.7380
Starting Validation
Epoch [32/200] - Train Loss: 0.3498, Train Accuracy: 0.8434 - 
Validation Loss: 0.6887, Validation Accuracy: 0.7175
Starting Validation
Epoch [33/200] - Train Loss: 0.3520, Train Accuracy: 0.8434 - 
Validation Loss: 0.6722, Validation Accuracy: 0.7361
Starting Validation
Epoch [34/200] - Train Loss: 0.3280, Train Accuracy: 0.8586 - 
Validation Loss: 0.6971, Validation Accuracy: 0.7271
Starting Validation
Epoch [35/200] - Train Loss: 0.3252, Train Accuracy: 0.8580 - 
Validation Loss: 0.7226, Validation Accuracy: 0.7188
Starting Validation
Epoch [36/200] - Train Loss: 0.3151, Train Accuracy: 0.8583 - 
Validation Loss: 0.7476, Validation Accuracy: 0.7361
Starting Validation
Epoch [37/200] - Train Loss: 0.3204, Train Accuracy: 0.8572 - 
Validation Loss: 0.7217, Validation Accuracy: 0.7226
Starting Validation
Epoch [38/200] - Train Loss: 0.3093, Train Accuracy: 0.8704 - 
Validation Loss: 0.7318, Validation Accuracy: 0.7284
Starting Validation
Epoch [39/200] - Train Loss: 0.2990, Train Accuracy: 0.8715 - 
Validation Loss: 0.8029, Validation Accuracy: 0.7053
Starting Validation
Epoch [40/200] - Train Loss: 0.2759, Train Accuracy: 0.8800 - 
Validation Loss: 0.7311, Validation Accuracy: 0.7290
Starting Validation
Epoch [41/200] - Train Loss: 0.2754, Train Accuracy: 0.8846 - 
Validation Loss: 0.8153, Validation Accuracy: 0.6861
Starting Validation
Epoch [42/200] - Train Loss: 0.2654, Train Accuracy: 0.8863 - 
Validation Loss: 0.8910, Validation Accuracy: 0.6502
Starting Validation
Epoch [43/200] - Train Loss: 0.2662, Train Accuracy: 0.8874 - 
Validation Loss: 0.8557, Validation Accuracy: 0.6963
Starting Validation
Epoch [44/200] - Train Loss: 0.2597, Train Accuracy: 0.8838 - 
Validation Loss: 0.8870, Validation Accuracy: 0.7111
Starting Validation
Epoch [45/200] - Train Loss: 0.2408, Train Accuracy: 0.8967 - 
Validation Loss: 0.8841, Validation Accuracy: 0.6912
Starting Validation
Epoch [46/200] - Train Loss: 0.2327, Train Accuracy: 0.9074 - 
Validation Loss: 0.9219, Validation Accuracy: 0.7117
Starting Validation
Epoch [47/200] - Train Loss: 0.2326, Train Accuracy: 0.9085 - 
Validation Loss: 0.9066, Validation Accuracy: 0.7053
Starting Validation
Epoch [48/200] - Train Loss: 0.2207, Train Accuracy: 0.9069 - 
Validation Loss: 0.9328, Validation Accuracy: 0.6925
Starting Validation
Epoch [49/200] - Train Loss: 0.2054, Train Accuracy: 0.9116 - 
Validation Loss: 0.9578, Validation Accuracy: 0.7008
Starting Validation
Epoch [50/200] - Train Loss: 0.2098, Train Accuracy: 0.9146 - 
Validation Loss: 1.0084, Validation Accuracy: 0.7201
Starting Validation
Epoch [51/200] - Train Loss: 0.1973, Train Accuracy: 0.9176 - 
Validation Loss: 1.0732, Validation Accuracy: 0.6951
Starting Validation
Epoch [52/200] - Train Loss: 0.2017, Train Accuracy: 0.9162 - 
Validation Loss: 1.1020, Validation Accuracy: 0.7329
Starting Validation
Epoch [53/200] - Train Loss: 0.1879, Train Accuracy: 0.9206 - 
Validation Loss: 1.0204, Validation Accuracy: 0.7092
Starting Validation
Epoch [54/200] - Train Loss: 0.1750, Train Accuracy: 0.9245 - 
Validation Loss: 1.1398, Validation Accuracy: 0.7233
Starting Validation
Epoch [55/200] - Train Loss: 0.1644, Train Accuracy: 0.9371 - 
Validation Loss: 1.0878, Validation Accuracy: 0.7188
Starting Validation
Epoch [56/200] - Train Loss: 0.1652, Train Accuracy: 0.9368 - 
Validation Loss: 1.1735, Validation Accuracy: 0.7168
Starting Validation
Epoch [57/200] - Train Loss: 0.1610, Train Accuracy: 0.9322 - 
Validation Loss: 1.0695, Validation Accuracy: 0.7271
Starting Validation
Epoch [58/200] - Train Loss: 0.1421, Train Accuracy: 0.9440 - 
Validation Loss: 1.3589, Validation Accuracy: 0.7386
Starting Validation
Epoch [59/200] - Train Loss: 0.1548, Train Accuracy: 0.9357 - 
Validation Loss: 1.2731, Validation Accuracy: 0.7002
Starting Validation
Epoch [60/200] - Train Loss: 0.1581, Train Accuracy: 0.9360 - 
Validation Loss: 1.1784, Validation Accuracy: 0.6656
Starting Validation
Epoch [61/200] - Train Loss: 0.1474, Train Accuracy: 0.9407 - 
Validation Loss: 1.2664, Validation Accuracy: 0.6893
Starting Validation
Epoch [62/200] - Train Loss: 0.1379, Train Accuracy: 0.9459 - 
Validation Loss: 1.2080, Validation Accuracy: 0.6810
Starting Validation
Epoch [63/200] - Train Loss: 0.1336, Train Accuracy: 0.9462 - 
Validation Loss: 1.3422, Validation Accuracy: 0.7220
Starting Validation
Epoch [64/200] - Train Loss: 0.1286, Train Accuracy: 0.9484 - 
Validation Loss: 1.3126, Validation Accuracy: 0.7136
Starting Validation
Epoch [65/200] - Train Loss: 0.1332, Train Accuracy: 0.9437 - 
Validation Loss: 1.3909, Validation Accuracy: 0.7047
Starting Validation
Epoch [66/200] - Train Loss: 0.1189, Train Accuracy: 0.9566 - 
Validation Loss: 1.3257, Validation Accuracy: 0.7226
Starting Validation
Epoch [67/200] - Train Loss: 0.1139, Train Accuracy: 0.9572 - 
Validation Loss: 1.3093, Validation Accuracy: 0.7053
Starting Validation
Epoch [68/200] - Train Loss: 0.1164, Train Accuracy: 0.9539 - 
Validation Loss: 1.5747, Validation Accuracy: 0.7348
Starting Validation
Epoch [69/200] - Train Loss: 0.1158, Train Accuracy: 0.9605 - 
Validation Loss: 1.3516, Validation Accuracy: 0.7047
Starting Validation
Epoch [70/200] - Train Loss: 0.1161, Train Accuracy: 0.9539 - 
Validation Loss: 1.3683, Validation Accuracy: 0.7104
Starting Validation
Epoch [71/200] - Train Loss: 0.0950, Train Accuracy: 0.9637 - 
Validation Loss: 1.4857, Validation Accuracy: 0.7265
Starting Validation
Epoch [72/200] - Train Loss: 0.1162, Train Accuracy: 0.9555 - 
Validation Loss: 1.2751, Validation Accuracy: 0.7130
Starting Validation
Epoch [73/200] - Train Loss: 0.0948, Train Accuracy: 0.9629 - 
Validation Loss: 1.3746, Validation Accuracy: 0.7060
Starting Validation
Epoch [74/200] - Train Loss: 0.0942, Train Accuracy: 0.9643 - 
Validation Loss: 1.4495, Validation Accuracy: 0.6938
Starting Validation
Epoch [75/200] - Train Loss: 0.0838, Train Accuracy: 0.9654 - 
Validation Loss: 1.4887, Validation Accuracy: 0.7053
Starting Validation
Epoch [76/200] - Train Loss: 0.0854, Train Accuracy: 0.9646 - 
Validation Loss: 1.5095, Validation Accuracy: 0.6951
Starting Validation
Epoch [77/200] - Train Loss: 0.0932, Train Accuracy: 0.9621 - 
Validation Loss: 1.4774, Validation Accuracy: 0.7124
Starting Validation
Epoch [78/200] - Train Loss: 0.0864, Train Accuracy: 0.9690 - 
Validation Loss: 1.4669, Validation Accuracy: 0.7079
Starting Validation
Epoch [79/200] - Train Loss: 0.0903, Train Accuracy: 0.9687 - 
Validation Loss: 1.4263, Validation Accuracy: 0.6861
Starting Validation
Epoch [80/200] - Train Loss: 0.0855, Train Accuracy: 0.9646 - 
Validation Loss: 1.5025, Validation Accuracy: 0.6919
Starting Validation
Epoch [81/200] - Train Loss: 0.0869, Train Accuracy: 0.9626 - 
Validation Loss: 1.6043, Validation Accuracy: 0.7181
Starting Validation
Epoch [82/200] - Train Loss: 0.0646, Train Accuracy: 0.9758 - 
Validation Loss: 1.5373, Validation Accuracy: 0.6970
Starting Validation
Epoch [83/200] - Train Loss: 0.0650, Train Accuracy: 0.9745 - 
Validation Loss: 1.5846, Validation Accuracy: 0.7201
Starting Validation
Epoch [84/200] - Train Loss: 0.0772, Train Accuracy: 0.9712 - 
Validation Loss: 1.5175, Validation Accuracy: 0.7143
Starting Validation
Epoch [85/200] - Train Loss: 0.0782, Train Accuracy: 0.9690 - 
Validation Loss: 1.5773, Validation Accuracy: 0.6906
Starting Validation
Epoch [86/200] - Train Loss: 0.0678, Train Accuracy: 0.9734 - 
Validation Loss: 1.6036, Validation Accuracy: 0.7098
Starting Validation
Epoch [87/200] - Train Loss: 0.0740, Train Accuracy: 0.9758 - 
Validation Loss: 1.7021, Validation Accuracy: 0.7098
Starting Validation
Epoch [88/200] - Train Loss: 0.0690, Train Accuracy: 0.9747 - 
Validation Loss: 1.4680, Validation Accuracy: 0.6912
Starting Validation
Epoch [89/200] - Train Loss: 0.0756, Train Accuracy: 0.9720 - 
Validation Loss: 1.5522, Validation Accuracy: 0.7002
Starting Validation
Epoch [90/200] - Train Loss: 0.0618, Train Accuracy: 0.9761 - 
Validation Loss: 1.7327, Validation Accuracy: 0.7226
Starting Validation
Epoch [91/200] - Train Loss: 0.0679, Train Accuracy: 0.9739 - 
Validation Loss: 1.6230, Validation Accuracy: 0.7015
Starting Validation
Epoch [92/200] - Train Loss: 0.0584, Train Accuracy: 0.9775 - 
Validation Loss: 1.8694, Validation Accuracy: 0.7258
Starting Validation
Epoch [93/200] - Train Loss: 0.0560, Train Accuracy: 0.9786 - 
Validation Loss: 1.7425, Validation Accuracy: 0.7034
Starting Validation
Epoch [94/200] - Train Loss: 0.0709, Train Accuracy: 0.9769 - 
Validation Loss: 1.6308, Validation Accuracy: 0.6816
Starting Validation
Epoch [95/200] - Train Loss: 0.0736, Train Accuracy: 0.9720 - 
Validation Loss: 1.7855, Validation Accuracy: 0.7284
Starting Validation
Epoch [96/200] - Train Loss: 0.0634, Train Accuracy: 0.9761 - 
Validation Loss: 1.7531, Validation Accuracy: 0.7143
Starting Validation
Epoch [97/200] - Train Loss: 0.0498, Train Accuracy: 0.9827 - 
Validation Loss: 1.9258, Validation Accuracy: 0.7130
Starting Validation
Epoch [98/200] - Train Loss: 0.0575, Train Accuracy: 0.9783 - 
Validation Loss: 1.7282, Validation Accuracy: 0.6765
Starting Validation
Epoch [99/200] - Train Loss: 0.0542, Train Accuracy: 0.9786 - 
Validation Loss: 1.7914, Validation Accuracy: 0.6899
Starting Validation
Epoch [100/200] - Train Loss: 0.0752, Train Accuracy: 0.9756 - 
Validation Loss: 1.8197, Validation Accuracy: 0.7220
Starting Validation
Epoch [101/200] - Train Loss: 0.0565, Train Accuracy: 0.9813 - 
Validation Loss: 1.8495, Validation Accuracy: 0.7053
Starting Validation
Epoch [102/200] - Train Loss: 0.0678, Train Accuracy: 0.9745 - 
Validation Loss: 2.0116, Validation Accuracy: 0.7265
Starting Validation
Epoch [103/200] - Train Loss: 0.0568, Train Accuracy: 0.9830 - 
Validation Loss: 1.7284, Validation Accuracy: 0.6887
Starting Validation
Epoch [104/200] - Train Loss: 0.0517, Train Accuracy: 0.9808 - 
Validation Loss: 2.0491, Validation Accuracy: 0.7341
Starting Validation
Epoch [105/200] - Train Loss: 0.0482, Train Accuracy: 0.9843 - 
Validation Loss: 1.8153, Validation Accuracy: 0.6970
Starting Validation
Epoch [106/200] - Train Loss: 0.0427, Train Accuracy: 0.9852 - 
Validation Loss: 1.8729, Validation Accuracy: 0.7085
Starting Validation
Epoch [107/200] - Train Loss: 0.0507, Train Accuracy: 0.9789 - 
Validation Loss: 1.8371, Validation Accuracy: 0.6957
Starting Validation
Epoch [108/200] - Train Loss: 0.0509, Train Accuracy: 0.9789 - 
Validation Loss: 1.8833, Validation Accuracy: 0.7098
Starting Validation
Epoch [109/200] - Train Loss: 0.0583, Train Accuracy: 0.9794 - 
Validation Loss: 2.1466, Validation Accuracy: 0.7303
Starting Validation
Epoch [110/200] - Train Loss: 0.0546, Train Accuracy: 0.9791 - 
Validation Loss: 1.9959, Validation Accuracy: 0.7162
Starting Validation
Epoch [111/200] - Train Loss: 0.0498, Train Accuracy: 0.9816 - 
Validation Loss: 1.8828, Validation Accuracy: 0.7136
Starting Validation
Epoch [112/200] - Train Loss: 0.0390, Train Accuracy: 0.9843 - 
Validation Loss: 1.8686, Validation Accuracy: 0.7104
Starting Validation
Epoch [113/200] - Train Loss: 0.0458, Train Accuracy: 0.9843 - 
Validation Loss: 2.0009, Validation Accuracy: 0.6989
Starting Validation
Epoch [114/200] - Train Loss: 0.0471, Train Accuracy: 0.9824 - 
Validation Loss: 1.9704, Validation Accuracy: 0.7265
Starting Validation
Epoch [115/200] - Train Loss: 0.0538, Train Accuracy: 0.9805 - 
Validation Loss: 2.0429, Validation Accuracy: 0.7162
Starting Validation
Epoch [116/200] - Train Loss: 0.0510, Train Accuracy: 0.9824 - 
Validation Loss: 1.9664, Validation Accuracy: 0.7226
Starting Validation
Epoch [117/200] - Train Loss: 0.0378, Train Accuracy: 0.9854 - 
Validation Loss: 1.8992, Validation Accuracy: 0.7143
Starting Validation
Epoch [118/200] - Train Loss: 0.0422, Train Accuracy: 0.9843 - 
Validation Loss: 2.0077, Validation Accuracy: 0.7168
Starting Validation
Epoch [119/200] - Train Loss: 0.0315, Train Accuracy: 0.9893 - 
Validation Loss: 1.9445, Validation Accuracy: 0.7143
Starting Validation
Epoch [120/200] - Train Loss: 0.0418, Train Accuracy: 0.9860 - 
Validation Loss: 2.1103, Validation Accuracy: 0.7322
Starting Validation
Epoch [121/200] - Train Loss: 0.0543, Train Accuracy: 0.9780 - 
Validation Loss: 1.8688, Validation Accuracy: 0.6944
Starting Validation
Epoch [122/200] - Train Loss: 0.0559, Train Accuracy: 0.9821 - 
Validation Loss: 2.0146, Validation Accuracy: 0.7239
Starting Validation
Epoch [123/200] - Train Loss: 0.0291, Train Accuracy: 0.9901 - 
Validation Loss: 2.0088, Validation Accuracy: 0.7117
Starting Validation
Epoch [124/200] - Train Loss: 0.0381, Train Accuracy: 0.9863 - 
Validation Loss: 2.2845, Validation Accuracy: 0.7412
Starting Validation
Epoch [125/200] - Train Loss: 0.0390, Train Accuracy: 0.9846 - 
Validation Loss: 1.8923, Validation Accuracy: 0.7040
Starting Validation
Epoch [126/200] - Train Loss: 0.0379, Train Accuracy: 0.9854 - 
Validation Loss: 2.1101, Validation Accuracy: 0.7104
Starting Validation
Epoch [127/200] - Train Loss: 0.0338, Train Accuracy: 0.9879 - 
Validation Loss: 2.0641, Validation Accuracy: 0.6823
Starting Validation
Epoch [128/200] - Train Loss: 0.0435, Train Accuracy: 0.9830 - 
Validation Loss: 1.8459, Validation Accuracy: 0.6963
Starting Validation
Epoch [129/200] - Train Loss: 0.0483, Train Accuracy: 0.9841 - 
Validation Loss: 1.7426, Validation Accuracy: 0.7143
Starting Validation
Epoch [130/200] - Train Loss: 0.0445, Train Accuracy: 0.9838 - 
Validation Loss: 2.0020, Validation Accuracy: 0.7175
Starting Validation
Epoch [131/200] - Train Loss: 0.0408, Train Accuracy: 0.9830 - 
Validation Loss: 1.7890, Validation Accuracy: 0.7111
Starting Validation
Epoch [132/200] - Train Loss: 0.0384, Train Accuracy: 0.9852 - 
Validation Loss: 1.8152, Validation Accuracy: 0.6855
Starting Validation
Epoch [133/200] - Train Loss: 0.0448, Train Accuracy: 0.9843 - 
Validation Loss: 2.1431, Validation Accuracy: 0.7104
Starting Validation
Epoch [134/200] - Train Loss: 0.0352, Train Accuracy: 0.9871 - 
Validation Loss: 2.0670, Validation Accuracy: 0.7207
Starting Validation
Epoch [135/200] - Train Loss: 0.0257, Train Accuracy: 0.9907 - 
Validation Loss: 1.9770, Validation Accuracy: 0.7040
Starting Validation
Epoch [136/200] - Train Loss: 0.0303, Train Accuracy: 0.9868 - 
Validation Loss: 2.2606, Validation Accuracy: 0.7181
Starting Validation
Epoch [137/200] - Train Loss: 0.0422, Train Accuracy: 0.9846 - 
Validation Loss: 1.9950, Validation Accuracy: 0.6976
Starting Validation
Epoch [138/200] - Train Loss: 0.0358, Train Accuracy: 0.9860 - 
Validation Loss: 2.2346, Validation Accuracy: 0.7213
Starting Validation
Epoch [139/200] - Train Loss: 0.0413, Train Accuracy: 0.9854 - 
Validation Loss: 2.1514, Validation Accuracy: 0.7316
Starting Validation
Epoch [140/200] - Train Loss: 0.0387, Train Accuracy: 0.9841 - 
Validation Loss: 2.0560, Validation Accuracy: 0.7021
Starting Validation
Epoch [141/200] - Train Loss: 0.0301, Train Accuracy: 0.9879 - 
Validation Loss: 2.1266, Validation Accuracy: 0.7021
Starting Validation
Epoch [142/200] - Train Loss: 0.0267, Train Accuracy: 0.9909 - 
Validation Loss: 2.4616, Validation Accuracy: 0.7188
Starting Validation
Epoch [143/200] - Train Loss: 0.0382, Train Accuracy: 0.9865 - 
Validation Loss: 2.0103, Validation Accuracy: 0.7092
Starting Validation
Epoch [144/200] - Train Loss: 0.0334, Train Accuracy: 0.9865 - 
Validation Loss: 2.1914, Validation Accuracy: 0.7252
Starting Validation
Epoch [145/200] - Train Loss: 0.0300, Train Accuracy: 0.9887 - 
Validation Loss: 2.2273, Validation Accuracy: 0.7284
Starting Validation
Epoch [146/200] - Train Loss: 0.0258, Train Accuracy: 0.9912 - 
Validation Loss: 2.1841, Validation Accuracy: 0.7290
Starting Validation
Epoch [147/200] - Train Loss: 0.0298, Train Accuracy: 0.9901 - 
Validation Loss: 2.0710, Validation Accuracy: 0.7136
Starting Validation
Epoch [148/200] - Train Loss: 0.0357, Train Accuracy: 0.9868 - 
Validation Loss: 2.2014, Validation Accuracy: 0.6963
Starting Validation
Epoch [149/200] - Train Loss: 0.0432, Train Accuracy: 0.9854 - 
Validation Loss: 2.2385, Validation Accuracy: 0.7233
Starting Validation
Epoch [150/200] - Train Loss: 0.0247, Train Accuracy: 0.9920 - 
Validation Loss: 2.0843, Validation Accuracy: 0.7002
Starting Validation
Epoch [151/200] - Train Loss: 0.0231, Train Accuracy: 0.9918 - 
Validation Loss: 2.4118, Validation Accuracy: 0.7085
Starting Validation
Epoch [152/200] - Train Loss: 0.0277, Train Accuracy: 0.9896 - 
Validation Loss: 2.1141, Validation Accuracy: 0.6957
Starting Validation
Epoch [153/200] - Train Loss: 0.0369, Train Accuracy: 0.9865 - 
Validation Loss: 2.1974, Validation Accuracy: 0.6951
Starting Validation
Epoch [154/200] - Train Loss: 0.0329, Train Accuracy: 0.9896 - 
Validation Loss: 2.0313, Validation Accuracy: 0.6912
Starting Validation
Epoch [155/200] - Train Loss: 0.0346, Train Accuracy: 0.9863 - 
Validation Loss: 2.4804, Validation Accuracy: 0.7290
Starting Validation
Epoch [156/200] - Train Loss: 0.0265, Train Accuracy: 0.9898 - 
Validation Loss: 2.4338, Validation Accuracy: 0.7373
Starting Validation
Epoch [157/200] - Train Loss: 0.0383, Train Accuracy: 0.9865 - 
Validation Loss: 2.1454, Validation Accuracy: 0.7072
Starting Validation
Epoch [158/200] - Train Loss: 0.0293, Train Accuracy: 0.9901 - 
Validation Loss: 2.4140, Validation Accuracy: 0.7156
Starting Validation
Epoch [159/200] - Train Loss: 0.0280, Train Accuracy: 0.9909 - 
Validation Loss: 2.3448, Validation Accuracy: 0.7258
Starting Validation
Epoch [160/200] - Train Loss: 0.0289, Train Accuracy: 0.9896 - 
Validation Loss: 2.1010, Validation Accuracy: 0.7143
Starting Validation
Epoch [161/200] - Train Loss: 0.0315, Train Accuracy: 0.9887 - 
Validation Loss: 2.2995, Validation Accuracy: 0.7143
Starting Validation
Epoch [162/200] - Train Loss: 0.0268, Train Accuracy: 0.9907 - 
Validation Loss: 2.3523, Validation Accuracy: 0.7220
Starting Validation
Epoch [163/200] - Train Loss: 0.0335, Train Accuracy: 0.9879 - 
Validation Loss: 2.2303, Validation Accuracy: 0.7104
Starting Validation
Epoch [164/200] - Train Loss: 0.0389, Train Accuracy: 0.9841 - 
Validation Loss: 2.1111, Validation Accuracy: 0.7098
Starting Validation
Epoch [165/200] - Train Loss: 0.0294, Train Accuracy: 0.9874 - 
Validation Loss: 2.3824, Validation Accuracy: 0.7143
Starting Validation
Epoch [166/200] - Train Loss: 0.0311, Train Accuracy: 0.9887 - 
Validation Loss: 2.1449, Validation Accuracy: 0.7265
Starting Validation
Epoch [167/200] - Train Loss: 0.0232, Train Accuracy: 0.9929 - 
Validation Loss: 2.2566, Validation Accuracy: 0.7168
Starting Validation
Epoch [168/200] - Train Loss: 0.0282, Train Accuracy: 0.9901 - 
Validation Loss: 2.4146, Validation Accuracy: 0.7233
Starting Validation
Epoch [169/200] - Train Loss: 0.0301, Train Accuracy: 0.9898 - 
Validation Loss: 2.3618, Validation Accuracy: 0.7252
Starting Validation
Epoch [170/200] - Train Loss: 0.0328, Train Accuracy: 0.9871 - 
Validation Loss: 2.3100, Validation Accuracy: 0.7053
Starting Validation
Epoch [171/200] - Train Loss: 0.0290, Train Accuracy: 0.9893 - 
Validation Loss: 2.3307, Validation Accuracy: 0.7098
Starting Validation
Epoch [172/200] - Train Loss: 0.0251, Train Accuracy: 0.9896 - 
Validation Loss: 2.4533, Validation Accuracy: 0.7201
Starting Validation
Epoch [173/200] - Train Loss: 0.0326, Train Accuracy: 0.9898 - 
Validation Loss: 2.3164, Validation Accuracy: 0.7111
Starting Validation
Epoch [174/200] - Train Loss: 0.0276, Train Accuracy: 0.9901 - 
Validation Loss: 2.0709, Validation Accuracy: 0.7040
Starting Validation
Epoch [175/200] - Train Loss: 0.0295, Train Accuracy: 0.9901 - 
Validation Loss: 2.2897, Validation Accuracy: 0.7085
Starting Validation
Epoch [176/200] - Train Loss: 0.0199, Train Accuracy: 0.9926 - 
Validation Loss: 2.5176, Validation Accuracy: 0.7297
Starting Validation
Epoch [177/200] - Train Loss: 0.0247, Train Accuracy: 0.9918 - 
Validation Loss: 2.1636, Validation Accuracy: 0.7156
Starting Validation
Epoch [178/200] - Train Loss: 0.0195, Train Accuracy: 0.9934 - 
Validation Loss: 2.3612, Validation Accuracy: 0.7194
Starting Validation
Epoch [179/200] - Train Loss: 0.0268, Train Accuracy: 0.9885 - 
Validation Loss: 2.2274, Validation Accuracy: 0.7226
Starting Validation
Epoch [180/200] - Train Loss: 0.0254, Train Accuracy: 0.9885 - 
Validation Loss: 2.6246, Validation Accuracy: 0.7329
Starting Validation
Epoch [181/200] - Train Loss: 0.0178, Train Accuracy: 0.9942 - 
Validation Loss: 2.2634, Validation Accuracy: 0.7149
Starting Validation
Epoch [182/200] - Train Loss: 0.0237, Train Accuracy: 0.9926 - 
Validation Loss: 2.2444, Validation Accuracy: 0.6931
Starting Validation
Epoch [183/200] - Train Loss: 0.0225, Train Accuracy: 0.9904 - 
Validation Loss: 2.3665, Validation Accuracy: 0.7265
Starting Validation
Epoch [184/200] - Train Loss: 0.0263, Train Accuracy: 0.9907 - 
Validation Loss: 2.3062, Validation Accuracy: 0.7072
Starting Validation
Epoch [185/200] - Train Loss: 0.0268, Train Accuracy: 0.9901 - 
Validation Loss: 2.2295, Validation Accuracy: 0.6963
Starting Validation
Epoch [186/200] - Train Loss: 0.0211, Train Accuracy: 0.9909 - 
Validation Loss: 2.4736, Validation Accuracy: 0.7021
Starting Validation
Epoch [187/200] - Train Loss: 0.0239, Train Accuracy: 0.9907 - 
Validation Loss: 2.4329, Validation Accuracy: 0.7098
Starting Validation
Epoch [188/200] - Train Loss: 0.0241, Train Accuracy: 0.9909 - 
Validation Loss: 2.4970, Validation Accuracy: 0.7207
Starting Validation
Epoch [189/200] - Train Loss: 0.0244, Train Accuracy: 0.9907 - 
Validation Loss: 2.4616, Validation Accuracy: 0.7168
Starting Validation
Epoch [190/200] - Train Loss: 0.0154, Train Accuracy: 0.9953 - 
Validation Loss: 2.5687, Validation Accuracy: 0.7085
Starting Validation
Epoch [191/200] - Train Loss: 0.0217, Train Accuracy: 0.9929 - 
Validation Loss: 2.4577, Validation Accuracy: 0.7162
Starting Validation
Epoch [192/200] - Train Loss: 0.0262, Train Accuracy: 0.9907 - 
Validation Loss: 2.8554, Validation Accuracy: 0.7450
Starting Validation
Epoch [193/200] - Train Loss: 0.0220, Train Accuracy: 0.9929 - 
Validation Loss: 2.6643, Validation Accuracy: 0.7271
Starting Validation
Epoch [194/200] - Train Loss: 0.0297, Train Accuracy: 0.9901 - 
Validation Loss: 2.2850, Validation Accuracy: 0.7028
Starting Validation
Epoch [195/200] - Train Loss: 0.0295, Train Accuracy: 0.9887 - 
Validation Loss: 2.2967, Validation Accuracy: 0.7092
Starting Validation
Epoch [196/200] - Train Loss: 0.0309, Train Accuracy: 0.9898 - 
Validation Loss: 2.1231, Validation Accuracy: 0.6963
Starting Validation
Epoch [197/200] - Train Loss: 0.0257, Train Accuracy: 0.9923 - 
Validation Loss: 2.2775, Validation Accuracy: 0.7207
Starting Validation
Epoch [198/200] - Train Loss: 0.0219, Train Accuracy: 0.9929 - 
Validation Loss: 2.4721, Validation Accuracy: 0.7322
Starting Validation
Epoch [199/200] - Train Loss: 0.0253, Train Accuracy: 0.9909 - 
Validation Loss: 2.4534, Validation Accuracy: 0.7322
Starting Validation
Epoch [200/200] - Train Loss: 0.0141, Train Accuracy: 0.9959 - 
Validation Loss: 2.3531, Validation Accuracy: 0.7188
Plotting graph now
