MODEL: vgg16	DATASET: CBIS-DDSM
Training class distribution:
Class 0 (Benign): 917 samples
Class 1 (Malignant): 586 samples

Validation class distribution:
Class 0 (Benign): 327 samples
Class 1 (Malignant): 318 samples
Created DataLoaders
Number of trainable parameters: 134268738
Starting training now
Starting Validation
Epoch [1/200] - Train Loss: 0.6638, Train Accuracy: 0.5895 - 
Validation Loss: 0.7063, Validation Accuracy: 0.5132
Starting Validation
Epoch [2/200] - Train Loss: 0.6493, Train Accuracy: 0.5888 - 
Validation Loss: 0.7105, Validation Accuracy: 0.5070
Starting Validation
Epoch [3/200] - Train Loss: 0.6302, Train Accuracy: 0.6194 - 
Validation Loss: 0.7111, Validation Accuracy: 0.5070
Starting Validation
Epoch [4/200] - Train Loss: 0.6067, Train Accuracy: 0.6081 - 
Validation Loss: 0.7473, Validation Accuracy: 0.5116
Starting Validation
Epoch [5/200] - Train Loss: 0.5948, Train Accuracy: 0.6274 - 
Validation Loss: 0.9227, Validation Accuracy: 0.5085
Starting Validation
Epoch [6/200] - Train Loss: 0.6014, Train Accuracy: 0.6574 - 
Validation Loss: 0.6669, Validation Accuracy: 0.6031
Starting Validation
Epoch [7/200] - Train Loss: 0.5785, Train Accuracy: 0.6560 - 
Validation Loss: 0.6809, Validation Accuracy: 0.5008
Starting Validation
Epoch [8/200] - Train Loss: 0.5850, Train Accuracy: 0.6460 - 
Validation Loss: 0.6810, Validation Accuracy: 0.5349
Starting Validation
Epoch [9/200] - Train Loss: 0.5702, Train Accuracy: 0.6653 - 
Validation Loss: 0.7372, Validation Accuracy: 0.6264
Starting Validation
Epoch [10/200] - Train Loss: 0.5665, Train Accuracy: 0.6713 - 
Validation Loss: 0.7380, Validation Accuracy: 0.5070
Starting Validation
Epoch [11/200] - Train Loss: 0.5706, Train Accuracy: 0.6574 - 
Validation Loss: 0.7131, Validation Accuracy: 0.5457
Starting Validation
Epoch [12/200] - Train Loss: 0.5548, Train Accuracy: 0.6720 - 
Validation Loss: 0.7207, Validation Accuracy: 0.5969
Starting Validation
Epoch [13/200] - Train Loss: 0.5625, Train Accuracy: 0.6740 - 
Validation Loss: 0.8185, Validation Accuracy: 0.5922
Starting Validation
Epoch [14/200] - Train Loss: 0.5380, Train Accuracy: 0.6919 - 
Validation Loss: 0.6931, Validation Accuracy: 0.5984
Starting Validation
Epoch [15/200] - Train Loss: 0.5415, Train Accuracy: 0.6780 - 
Validation Loss: 0.7822, Validation Accuracy: 0.5426
Starting Validation
Epoch [16/200] - Train Loss: 0.5614, Train Accuracy: 0.6826 - 
Validation Loss: 0.7951, Validation Accuracy: 0.5860
Starting Validation
Epoch [17/200] - Train Loss: 0.5165, Train Accuracy: 0.7152 - 
Validation Loss: 0.7041, Validation Accuracy: 0.6124
Starting Validation
Epoch [18/200] - Train Loss: 0.5080, Train Accuracy: 0.7279 - 
Validation Loss: 0.6811, Validation Accuracy: 0.6109
Starting Validation
Epoch [19/200] - Train Loss: 0.5218, Train Accuracy: 0.6946 - 
Validation Loss: 0.7631, Validation Accuracy: 0.6124
Starting Validation
Epoch [20/200] - Train Loss: 0.5076, Train Accuracy: 0.7152 - 
Validation Loss: 0.8964, Validation Accuracy: 0.6202
Starting Validation
Epoch [21/200] - Train Loss: 0.5102, Train Accuracy: 0.7252 - 
Validation Loss: 0.7407, Validation Accuracy: 0.5922
Starting Validation
Epoch [22/200] - Train Loss: 0.4928, Train Accuracy: 0.7325 - 
Validation Loss: 0.8269, Validation Accuracy: 0.6031
Starting Validation
Epoch [23/200] - Train Loss: 0.4902, Train Accuracy: 0.7392 - 
Validation Loss: 1.0012, Validation Accuracy: 0.5457
Starting Validation
Epoch [24/200] - Train Loss: 0.5023, Train Accuracy: 0.7239 - 
Validation Loss: 0.7837, Validation Accuracy: 0.6279
Starting Validation
Epoch [25/200] - Train Loss: 0.4831, Train Accuracy: 0.7379 - 
Validation Loss: 0.7820, Validation Accuracy: 0.6357
Starting Validation
Epoch [26/200] - Train Loss: 0.4562, Train Accuracy: 0.7538 - 
Validation Loss: 1.1735, Validation Accuracy: 0.6186
Starting Validation
Epoch [27/200] - Train Loss: 0.4579, Train Accuracy: 0.7585 - 
Validation Loss: 0.7059, Validation Accuracy: 0.6295
Starting Validation
Epoch [28/200] - Train Loss: 0.4375, Train Accuracy: 0.7552 - 
Validation Loss: 0.7276, Validation Accuracy: 0.6140
Starting Validation
Epoch [29/200] - Train Loss: 0.4525, Train Accuracy: 0.7545 - 
Validation Loss: 0.7955, Validation Accuracy: 0.6496
Starting Validation
Epoch [30/200] - Train Loss: 0.4353, Train Accuracy: 0.7771 - 
Validation Loss: 0.7546, Validation Accuracy: 0.5705
Starting Validation
Epoch [31/200] - Train Loss: 0.4591, Train Accuracy: 0.7678 - 
Validation Loss: 0.8695, Validation Accuracy: 0.6450
Starting Validation
Epoch [32/200] - Train Loss: 0.4252, Train Accuracy: 0.7751 - 
Validation Loss: 0.8720, Validation Accuracy: 0.6124
Starting Validation
Epoch [33/200] - Train Loss: 0.4312, Train Accuracy: 0.7858 - 
Validation Loss: 0.7089, Validation Accuracy: 0.6186
Starting Validation
Epoch [34/200] - Train Loss: 0.4279, Train Accuracy: 0.7951 - 
Validation Loss: 0.9565, Validation Accuracy: 0.6310
Starting Validation
Epoch [35/200] - Train Loss: 0.4228, Train Accuracy: 0.7791 - 
Validation Loss: 0.8289, Validation Accuracy: 0.6341
Starting Validation
Epoch [36/200] - Train Loss: 0.4049, Train Accuracy: 0.8017 - 
Validation Loss: 1.2441, Validation Accuracy: 0.6078
Starting Validation
Epoch [37/200] - Train Loss: 0.3775, Train Accuracy: 0.8084 - 
Validation Loss: 1.6943, Validation Accuracy: 0.5829
Starting Validation
Epoch [38/200] - Train Loss: 0.3890, Train Accuracy: 0.8150 - 
Validation Loss: 0.9533, Validation Accuracy: 0.6589
Starting Validation
Epoch [39/200] - Train Loss: 0.3756, Train Accuracy: 0.8204 - 
Validation Loss: 0.8602, Validation Accuracy: 0.6341
Starting Validation
Epoch [40/200] - Train Loss: 0.3808, Train Accuracy: 0.8097 - 
Validation Loss: 1.5866, Validation Accuracy: 0.6155
Starting Validation
Epoch [41/200] - Train Loss: 0.3608, Train Accuracy: 0.8377 - 
Validation Loss: 1.3080, Validation Accuracy: 0.6388
Starting Validation
Epoch [42/200] - Train Loss: 0.3364, Train Accuracy: 0.8430 - 
Validation Loss: 1.6033, Validation Accuracy: 0.5984
Starting Validation
Epoch [43/200] - Train Loss: 0.3298, Train Accuracy: 0.8443 - 
Validation Loss: 0.8853, Validation Accuracy: 0.6264
Starting Validation
Epoch [44/200] - Train Loss: 0.3222, Train Accuracy: 0.8456 - 
Validation Loss: 1.2059, Validation Accuracy: 0.6465
Starting Validation
Epoch [45/200] - Train Loss: 0.3070, Train Accuracy: 0.8556 - 
Validation Loss: 1.3637, Validation Accuracy: 0.6574
Starting Validation
Epoch [46/200] - Train Loss: 0.3024, Train Accuracy: 0.8723 - 
Validation Loss: 1.0934, Validation Accuracy: 0.6171
Starting Validation
Epoch [47/200] - Train Loss: 0.3003, Train Accuracy: 0.8616 - 
Validation Loss: 1.3873, Validation Accuracy: 0.6047
Starting Validation
Epoch [48/200] - Train Loss: 0.3145, Train Accuracy: 0.8543 - 
Validation Loss: 1.0975, Validation Accuracy: 0.6326
Starting Validation
Epoch [49/200] - Train Loss: 0.2850, Train Accuracy: 0.8723 - 
Validation Loss: 1.4724, Validation Accuracy: 0.6372
Starting Validation
Epoch [50/200] - Train Loss: 0.3180, Train Accuracy: 0.8589 - 
Validation Loss: 1.1634, Validation Accuracy: 0.5969
Starting Validation
Epoch [51/200] - Train Loss: 0.2691, Train Accuracy: 0.8869 - 
Validation Loss: 1.5520, Validation Accuracy: 0.6217
Starting Validation
Epoch [52/200] - Train Loss: 0.2495, Train Accuracy: 0.8909 - 
Validation Loss: 1.3292, Validation Accuracy: 0.5798
Starting Validation
Epoch [53/200] - Train Loss: 0.2364, Train Accuracy: 0.8969 - 
Validation Loss: 1.6720, Validation Accuracy: 0.6047
Starting Validation
Epoch [54/200] - Train Loss: 0.2271, Train Accuracy: 0.9029 - 
Validation Loss: 1.4286, Validation Accuracy: 0.6047
Starting Validation
Epoch [55/200] - Train Loss: 0.2197, Train Accuracy: 0.9115 - 
Validation Loss: 1.2068, Validation Accuracy: 0.6496
Starting Validation
Epoch [56/200] - Train Loss: 0.2124, Train Accuracy: 0.9115 - 
Validation Loss: 1.4988, Validation Accuracy: 0.6326
Starting Validation
Epoch [57/200] - Train Loss: 0.2297, Train Accuracy: 0.9009 - 
Validation Loss: 1.1912, Validation Accuracy: 0.6465
Starting Validation
Epoch [58/200] - Train Loss: 0.2502, Train Accuracy: 0.8896 - 
Validation Loss: 1.6017, Validation Accuracy: 0.5969
Starting Validation
Epoch [59/200] - Train Loss: 0.2257, Train Accuracy: 0.9022 - 
Validation Loss: 1.7962, Validation Accuracy: 0.6155
Starting Validation
Epoch [60/200] - Train Loss: 0.2083, Train Accuracy: 0.9029 - 
Validation Loss: 1.7816, Validation Accuracy: 0.6295
Starting Validation
Epoch [61/200] - Train Loss: 0.1727, Train Accuracy: 0.9301 - 
Validation Loss: 1.4316, Validation Accuracy: 0.6465
Starting Validation
Epoch [62/200] - Train Loss: 0.1802, Train Accuracy: 0.9255 - 
Validation Loss: 1.2979, Validation Accuracy: 0.6481
Starting Validation
Epoch [63/200] - Train Loss: 0.1878, Train Accuracy: 0.9222 - 
Validation Loss: 1.4806, Validation Accuracy: 0.6326
Starting Validation
Epoch [64/200] - Train Loss: 0.1755, Train Accuracy: 0.9341 - 
Validation Loss: 1.9063, Validation Accuracy: 0.6140
Starting Validation
Epoch [65/200] - Train Loss: 0.1438, Train Accuracy: 0.9468 - 
Validation Loss: 1.9524, Validation Accuracy: 0.6124
Starting Validation
Epoch [66/200] - Train Loss: 0.1453, Train Accuracy: 0.9434 - 
Validation Loss: 1.9508, Validation Accuracy: 0.6233
Starting Validation
Epoch [67/200] - Train Loss: 0.1479, Train Accuracy: 0.9368 - 
Validation Loss: 1.5506, Validation Accuracy: 0.6450
Starting Validation
Epoch [68/200] - Train Loss: 0.1407, Train Accuracy: 0.9355 - 
Validation Loss: 1.8794, Validation Accuracy: 0.6341
Starting Validation
Epoch [69/200] - Train Loss: 0.1118, Train Accuracy: 0.9541 - 
Validation Loss: 1.8534, Validation Accuracy: 0.6310
Starting Validation
Epoch [70/200] - Train Loss: 0.1481, Train Accuracy: 0.9488 - 
Validation Loss: 2.4141, Validation Accuracy: 0.6450
Starting Validation
Epoch [71/200] - Train Loss: 0.1065, Train Accuracy: 0.9614 - 
Validation Loss: 1.4678, Validation Accuracy: 0.6481
Starting Validation
Epoch [72/200] - Train Loss: 0.1107, Train Accuracy: 0.9554 - 
Validation Loss: 1.9781, Validation Accuracy: 0.6372
Starting Validation
Epoch [73/200] - Train Loss: 0.1449, Train Accuracy: 0.9448 - 
Validation Loss: 1.6802, Validation Accuracy: 0.6543
Starting Validation
Epoch [74/200] - Train Loss: 0.1105, Train Accuracy: 0.9681 - 
Validation Loss: 1.4736, Validation Accuracy: 0.6186
Starting Validation
Epoch [75/200] - Train Loss: 0.0849, Train Accuracy: 0.9721 - 
Validation Loss: 2.1013, Validation Accuracy: 0.6434
Starting Validation
Epoch [76/200] - Train Loss: 0.1195, Train Accuracy: 0.9568 - 
Validation Loss: 1.7351, Validation Accuracy: 0.6202
Starting Validation
Epoch [77/200] - Train Loss: 0.1148, Train Accuracy: 0.9528 - 
Validation Loss: 1.9741, Validation Accuracy: 0.6217
Starting Validation
Epoch [78/200] - Train Loss: 0.0786, Train Accuracy: 0.9714 - 
Validation Loss: 2.1648, Validation Accuracy: 0.5922
Starting Validation
Epoch [79/200] - Train Loss: 0.1088, Train Accuracy: 0.9574 - 
Validation Loss: 2.6534, Validation Accuracy: 0.6248
Starting Validation
Epoch [80/200] - Train Loss: 0.1238, Train Accuracy: 0.9501 - 
Validation Loss: 1.7164, Validation Accuracy: 0.6419
Starting Validation
Epoch [81/200] - Train Loss: 0.1105, Train Accuracy: 0.9621 - 
Validation Loss: 1.7515, Validation Accuracy: 0.6310
Starting Validation
Epoch [82/200] - Train Loss: 0.0875, Train Accuracy: 0.9614 - 
Validation Loss: 2.0787, Validation Accuracy: 0.6434
Starting Validation
Epoch [83/200] - Train Loss: 0.0879, Train Accuracy: 0.9694 - 
Validation Loss: 1.8902, Validation Accuracy: 0.6388
Starting Validation
Epoch [84/200] - Train Loss: 0.0827, Train Accuracy: 0.9747 - 
Validation Loss: 2.5947, Validation Accuracy: 0.6543
Starting Validation
Epoch [85/200] - Train Loss: 0.0998, Train Accuracy: 0.9627 - 
Validation Loss: 3.4536, Validation Accuracy: 0.6589
Starting Validation
Epoch [86/200] - Train Loss: 0.0702, Train Accuracy: 0.9767 - 
Validation Loss: 3.8087, Validation Accuracy: 0.6450
Starting Validation
Epoch [87/200] - Train Loss: 0.1350, Train Accuracy: 0.9488 - 
Validation Loss: 1.8025, Validation Accuracy: 0.6093
Starting Validation
Epoch [88/200] - Train Loss: 0.1045, Train Accuracy: 0.9561 - 
Validation Loss: 2.0223, Validation Accuracy: 0.6651
Starting Validation
Epoch [89/200] - Train Loss: 0.1012, Train Accuracy: 0.9621 - 
Validation Loss: 2.6408, Validation Accuracy: 0.6341
Starting Validation
Epoch [90/200] - Train Loss: 0.0516, Train Accuracy: 0.9807 - 
Validation Loss: 2.9931, Validation Accuracy: 0.6326
Starting Validation
Epoch [91/200] - Train Loss: 0.0606, Train Accuracy: 0.9780 - 
Validation Loss: 2.4169, Validation Accuracy: 0.6341
Starting Validation
Epoch [92/200] - Train Loss: 0.0842, Train Accuracy: 0.9661 - 
Validation Loss: 3.8840, Validation Accuracy: 0.6357
Starting Validation
Epoch [93/200] - Train Loss: 0.1307, Train Accuracy: 0.9627 - 
Validation Loss: 1.4766, Validation Accuracy: 0.6527
Starting Validation
Epoch [94/200] - Train Loss: 0.0719, Train Accuracy: 0.9714 - 
Validation Loss: 1.8246, Validation Accuracy: 0.6295
Starting Validation
Epoch [95/200] - Train Loss: 0.0443, Train Accuracy: 0.9847 - 
Validation Loss: 2.1172, Validation Accuracy: 0.5984
Starting Validation
Epoch [96/200] - Train Loss: 0.0653, Train Accuracy: 0.9754 - 
Validation Loss: 1.7954, Validation Accuracy: 0.6295
Starting Validation
Epoch [97/200] - Train Loss: 0.0872, Train Accuracy: 0.9654 - 
Validation Loss: 2.2289, Validation Accuracy: 0.6357
Starting Validation
Epoch [98/200] - Train Loss: 0.0703, Train Accuracy: 0.9747 - 
Validation Loss: 2.3174, Validation Accuracy: 0.6481
Starting Validation
Epoch [99/200] - Train Loss: 0.0901, Train Accuracy: 0.9634 - 
Validation Loss: 2.1296, Validation Accuracy: 0.6388
Starting Validation
Epoch [100/200] - Train Loss: 0.0880, Train Accuracy: 0.9681 - 
Validation Loss: 1.5417, Validation Accuracy: 0.6465
Starting Validation
Epoch [101/200] - Train Loss: 0.0549, Train Accuracy: 0.9767 - 
Validation Loss: 2.3121, Validation Accuracy: 0.6155
Starting Validation
Epoch [102/200] - Train Loss: 0.0804, Train Accuracy: 0.9667 - 
Validation Loss: 1.9539, Validation Accuracy: 0.6434
Starting Validation
Epoch [103/200] - Train Loss: 0.0789, Train Accuracy: 0.9687 - 
Validation Loss: 1.8509, Validation Accuracy: 0.6512
Starting Validation
Epoch [104/200] - Train Loss: 0.0416, Train Accuracy: 0.9827 - 
Validation Loss: 2.5369, Validation Accuracy: 0.6326
Starting Validation
Epoch [105/200] - Train Loss: 0.0840, Train Accuracy: 0.9760 - 
Validation Loss: 1.7806, Validation Accuracy: 0.6605
Starting Validation
Epoch [106/200] - Train Loss: 0.0929, Train Accuracy: 0.9647 - 
Validation Loss: 1.6570, Validation Accuracy: 0.6403
Starting Validation
Epoch [107/200] - Train Loss: 0.0787, Train Accuracy: 0.9714 - 
Validation Loss: 1.6308, Validation Accuracy: 0.6481
Starting Validation
Epoch [108/200] - Train Loss: 0.0647, Train Accuracy: 0.9760 - 
Validation Loss: 1.9320, Validation Accuracy: 0.6589
Starting Validation
Epoch [109/200] - Train Loss: 0.0547, Train Accuracy: 0.9787 - 
Validation Loss: 2.3928, Validation Accuracy: 0.6589
Starting Validation
Epoch [110/200] - Train Loss: 0.0662, Train Accuracy: 0.9754 - 
Validation Loss: 2.2459, Validation Accuracy: 0.6512
Starting Validation
Epoch [111/200] - Train Loss: 0.0577, Train Accuracy: 0.9780 - 
Validation Loss: 2.6662, Validation Accuracy: 0.6527
Starting Validation
Epoch [112/200] - Train Loss: 0.0522, Train Accuracy: 0.9800 - 
Validation Loss: 2.1726, Validation Accuracy: 0.6527
Starting Validation
Epoch [113/200] - Train Loss: 0.0579, Train Accuracy: 0.9820 - 
Validation Loss: 2.4222, Validation Accuracy: 0.6233
Starting Validation
Epoch [114/200] - Train Loss: 0.0474, Train Accuracy: 0.9840 - 
Validation Loss: 2.8693, Validation Accuracy: 0.6388
Starting Validation
Epoch [115/200] - Train Loss: 0.0535, Train Accuracy: 0.9787 - 
Validation Loss: 2.0054, Validation Accuracy: 0.6357
Starting Validation
Epoch [116/200] - Train Loss: 0.1111, Train Accuracy: 0.9548 - 
Validation Loss: 2.2866, Validation Accuracy: 0.6078
Starting Validation
Epoch [117/200] - Train Loss: 0.0667, Train Accuracy: 0.9714 - 
Validation Loss: 2.4853, Validation Accuracy: 0.6140
Starting Validation
Epoch [118/200] - Train Loss: 0.0512, Train Accuracy: 0.9820 - 
Validation Loss: 2.2222, Validation Accuracy: 0.6434
Starting Validation
Epoch [119/200] - Train Loss: 0.0664, Train Accuracy: 0.9760 - 
Validation Loss: 2.2570, Validation Accuracy: 0.6620
Starting Validation
Epoch [120/200] - Train Loss: 0.0643, Train Accuracy: 0.9787 - 
Validation Loss: 2.1642, Validation Accuracy: 0.6636
Starting Validation
Epoch [121/200] - Train Loss: 0.0527, Train Accuracy: 0.9847 - 
Validation Loss: 2.0405, Validation Accuracy: 0.6791
Starting Validation
Epoch [122/200] - Train Loss: 0.0443, Train Accuracy: 0.9834 - 
Validation Loss: 1.8756, Validation Accuracy: 0.6481
Starting Validation
Epoch [123/200] - Train Loss: 0.0454, Train Accuracy: 0.9800 - 
Validation Loss: 2.8193, Validation Accuracy: 0.6326
Starting Validation
Epoch [124/200] - Train Loss: 0.1074, Train Accuracy: 0.9574 - 
Validation Loss: 1.8806, Validation Accuracy: 0.6000
Starting Validation
Epoch [125/200] - Train Loss: 0.0748, Train Accuracy: 0.9701 - 
Validation Loss: 2.2109, Validation Accuracy: 0.6574
Starting Validation
Epoch [126/200] - Train Loss: 0.0474, Train Accuracy: 0.9814 - 
Validation Loss: 2.1842, Validation Accuracy: 0.6651
Starting Validation
Epoch [127/200] - Train Loss: 0.0638, Train Accuracy: 0.9741 - 
Validation Loss: 2.0678, Validation Accuracy: 0.6651
Starting Validation
Epoch [128/200] - Train Loss: 0.0613, Train Accuracy: 0.9754 - 
Validation Loss: 2.1955, Validation Accuracy: 0.6419
Starting Validation
Epoch [129/200] - Train Loss: 0.0366, Train Accuracy: 0.9840 - 
Validation Loss: 2.2834, Validation Accuracy: 0.6589
Starting Validation
Epoch [130/200] - Train Loss: 0.0301, Train Accuracy: 0.9880 - 
Validation Loss: 2.7116, Validation Accuracy: 0.6481
Starting Validation
Epoch [131/200] - Train Loss: 0.0411, Train Accuracy: 0.9820 - 
Validation Loss: 2.5157, Validation Accuracy: 0.6450
Starting Validation
Epoch [132/200] - Train Loss: 0.0650, Train Accuracy: 0.9727 - 
Validation Loss: 2.2648, Validation Accuracy: 0.6419
Starting Validation
Epoch [133/200] - Train Loss: 0.0434, Train Accuracy: 0.9820 - 
Validation Loss: 2.1589, Validation Accuracy: 0.6512
Starting Validation
Epoch [134/200] - Train Loss: 0.0685, Train Accuracy: 0.9754 - 
Validation Loss: 1.9236, Validation Accuracy: 0.6636
Starting Validation
Epoch [135/200] - Train Loss: 0.0433, Train Accuracy: 0.9807 - 
Validation Loss: 2.1055, Validation Accuracy: 0.6403
Starting Validation
Epoch [136/200] - Train Loss: 0.0714, Train Accuracy: 0.9727 - 
Validation Loss: 3.1384, Validation Accuracy: 0.6295
Starting Validation
Epoch [137/200] - Train Loss: 0.0678, Train Accuracy: 0.9727 - 
Validation Loss: 2.0539, Validation Accuracy: 0.6620
Starting Validation
Epoch [138/200] - Train Loss: 0.0577, Train Accuracy: 0.9780 - 
Validation Loss: 2.1804, Validation Accuracy: 0.6589
Starting Validation
Epoch [139/200] - Train Loss: 0.0514, Train Accuracy: 0.9794 - 
Validation Loss: 2.2975, Validation Accuracy: 0.6310
Starting Validation
Epoch [140/200] - Train Loss: 0.0501, Train Accuracy: 0.9760 - 
Validation Loss: 2.1054, Validation Accuracy: 0.6465
Starting Validation
Epoch [141/200] - Train Loss: 0.0404, Train Accuracy: 0.9860 - 
Validation Loss: 2.4297, Validation Accuracy: 0.6372
Starting Validation
Epoch [142/200] - Train Loss: 0.0630, Train Accuracy: 0.9747 - 
Validation Loss: 1.6212, Validation Accuracy: 0.6589
Starting Validation
Epoch [143/200] - Train Loss: 0.0607, Train Accuracy: 0.9774 - 
Validation Loss: 2.1090, Validation Accuracy: 0.6605
Starting Validation
Epoch [144/200] - Train Loss: 0.0558, Train Accuracy: 0.9787 - 
Validation Loss: 2.5028, Validation Accuracy: 0.6636
Starting Validation
Epoch [145/200] - Train Loss: 0.0586, Train Accuracy: 0.9800 - 
Validation Loss: 2.5186, Validation Accuracy: 0.6233
Starting Validation
Epoch [146/200] - Train Loss: 0.0401, Train Accuracy: 0.9827 - 
Validation Loss: 2.5140, Validation Accuracy: 0.6512
Starting Validation
Epoch [147/200] - Train Loss: 0.0358, Train Accuracy: 0.9854 - 
Validation Loss: 2.7804, Validation Accuracy: 0.6403
Starting Validation
Epoch [148/200] - Train Loss: 0.0589, Train Accuracy: 0.9794 - 
Validation Loss: 2.3919, Validation Accuracy: 0.6388
Starting Validation
Epoch [149/200] - Train Loss: 0.0565, Train Accuracy: 0.9800 - 
Validation Loss: 2.4243, Validation Accuracy: 0.6109
Starting Validation
Epoch [150/200] - Train Loss: 0.0534, Train Accuracy: 0.9787 - 
Validation Loss: 2.4578, Validation Accuracy: 0.6233
Starting Validation
Epoch [151/200] - Train Loss: 0.0367, Train Accuracy: 0.9854 - 
Validation Loss: 2.8881, Validation Accuracy: 0.6295
Starting Validation
Epoch [152/200] - Train Loss: 0.0372, Train Accuracy: 0.9860 - 
Validation Loss: 2.6151, Validation Accuracy: 0.6279
Starting Validation
Epoch [153/200] - Train Loss: 0.0353, Train Accuracy: 0.9847 - 
Validation Loss: 3.1400, Validation Accuracy: 0.6419
Starting Validation
Epoch [154/200] - Train Loss: 0.0354, Train Accuracy: 0.9840 - 
Validation Loss: 3.5953, Validation Accuracy: 0.6295
Starting Validation
Epoch [155/200] - Train Loss: 0.0525, Train Accuracy: 0.9794 - 
Validation Loss: 2.8107, Validation Accuracy: 0.6620
Starting Validation
Epoch [156/200] - Train Loss: 0.0539, Train Accuracy: 0.9807 - 
Validation Loss: 2.9831, Validation Accuracy: 0.6589
Starting Validation
Epoch [157/200] - Train Loss: 0.0666, Train Accuracy: 0.9800 - 
Validation Loss: 2.5452, Validation Accuracy: 0.6760
Starting Validation
Epoch [158/200] - Train Loss: 0.0603, Train Accuracy: 0.9754 - 
Validation Loss: 2.6366, Validation Accuracy: 0.6434
Starting Validation
Epoch [159/200] - Train Loss: 0.0742, Train Accuracy: 0.9694 - 
Validation Loss: 2.6440, Validation Accuracy: 0.6465
Starting Validation
Epoch [160/200] - Train Loss: 0.0518, Train Accuracy: 0.9780 - 
Validation Loss: 2.2930, Validation Accuracy: 0.6388
Starting Validation
Epoch [161/200] - Train Loss: 0.0328, Train Accuracy: 0.9867 - 
Validation Loss: 2.6024, Validation Accuracy: 0.6264
Starting Validation
Epoch [162/200] - Train Loss: 0.0219, Train Accuracy: 0.9894 - 
Validation Loss: 3.1236, Validation Accuracy: 0.6558
Starting Validation
Epoch [163/200] - Train Loss: 0.0936, Train Accuracy: 0.9714 - 
Validation Loss: 3.3924, Validation Accuracy: 0.6155
Starting Validation
Epoch [164/200] - Train Loss: 0.0484, Train Accuracy: 0.9774 - 
Validation Loss: 2.5608, Validation Accuracy: 0.6465
Starting Validation
Epoch [165/200] - Train Loss: 0.0310, Train Accuracy: 0.9860 - 
Validation Loss: 2.9097, Validation Accuracy: 0.6031
Starting Validation
Epoch [166/200] - Train Loss: 0.0290, Train Accuracy: 0.9874 - 
Validation Loss: 2.7711, Validation Accuracy: 0.6109
Starting Validation
Epoch [167/200] - Train Loss: 0.0431, Train Accuracy: 0.9834 - 
Validation Loss: 2.7626, Validation Accuracy: 0.6341
Starting Validation
Epoch [168/200] - Train Loss: 0.0497, Train Accuracy: 0.9800 - 
Validation Loss: 2.5610, Validation Accuracy: 0.6372
Starting Validation
Epoch [169/200] - Train Loss: 0.0526, Train Accuracy: 0.9820 - 
Validation Loss: 2.7295, Validation Accuracy: 0.6279
Starting Validation
Epoch [170/200] - Train Loss: 0.0381, Train Accuracy: 0.9834 - 
Validation Loss: 2.9403, Validation Accuracy: 0.6589
Starting Validation
Epoch [171/200] - Train Loss: 0.0499, Train Accuracy: 0.9827 - 
Validation Loss: 2.9075, Validation Accuracy: 0.6341
Starting Validation
Epoch [172/200] - Train Loss: 0.0412, Train Accuracy: 0.9854 - 
Validation Loss: 2.6444, Validation Accuracy: 0.6310
Starting Validation
Epoch [173/200] - Train Loss: 0.0295, Train Accuracy: 0.9867 - 
Validation Loss: 2.7642, Validation Accuracy: 0.6496
Starting Validation
Epoch [174/200] - Train Loss: 0.0276, Train Accuracy: 0.9887 - 
Validation Loss: 2.7500, Validation Accuracy: 0.6434
Starting Validation
Epoch [175/200] - Train Loss: 0.0410, Train Accuracy: 0.9840 - 
Validation Loss: 3.0208, Validation Accuracy: 0.6186
Starting Validation
Epoch [176/200] - Train Loss: 0.0408, Train Accuracy: 0.9827 - 
Validation Loss: 2.8027, Validation Accuracy: 0.6481
Starting Validation
Epoch [177/200] - Train Loss: 0.0315, Train Accuracy: 0.9860 - 
Validation Loss: 2.8502, Validation Accuracy: 0.6543
Starting Validation
Epoch [178/200] - Train Loss: 0.0410, Train Accuracy: 0.9800 - 
Validation Loss: 2.6414, Validation Accuracy: 0.6496
Starting Validation
Epoch [179/200] - Train Loss: 0.0438, Train Accuracy: 0.9807 - 
Validation Loss: 2.4476, Validation Accuracy: 0.6760
Starting Validation
Epoch [180/200] - Train Loss: 0.0698, Train Accuracy: 0.9721 - 
Validation Loss: 2.8859, Validation Accuracy: 0.6388
Starting Validation
Epoch [181/200] - Train Loss: 0.0504, Train Accuracy: 0.9787 - 
Validation Loss: 2.6598, Validation Accuracy: 0.6620
Starting Validation
Epoch [182/200] - Train Loss: 0.0471, Train Accuracy: 0.9820 - 
Validation Loss: 2.7635, Validation Accuracy: 0.6465
Starting Validation
Epoch [183/200] - Train Loss: 0.0619, Train Accuracy: 0.9734 - 
Validation Loss: 2.5052, Validation Accuracy: 0.6140
Starting Validation
Epoch [184/200] - Train Loss: 0.0456, Train Accuracy: 0.9820 - 
Validation Loss: 2.4901, Validation Accuracy: 0.6636
Starting Validation
Epoch [185/200] - Train Loss: 0.0289, Train Accuracy: 0.9867 - 
Validation Loss: 2.9862, Validation Accuracy: 0.6558
Starting Validation
Epoch [186/200] - Train Loss: 0.0301, Train Accuracy: 0.9834 - 
Validation Loss: 3.2622, Validation Accuracy: 0.6140
Starting Validation
Epoch [187/200] - Train Loss: 0.0496, Train Accuracy: 0.9760 - 
Validation Loss: 3.1457, Validation Accuracy: 0.6202
Starting Validation
Epoch [188/200] - Train Loss: 0.0363, Train Accuracy: 0.9860 - 
Validation Loss: 3.2795, Validation Accuracy: 0.6512
Starting Validation
Epoch [189/200] - Train Loss: 0.0379, Train Accuracy: 0.9814 - 
Validation Loss: 2.7086, Validation Accuracy: 0.6388
Starting Validation
Epoch [190/200] - Train Loss: 0.0461, Train Accuracy: 0.9847 - 
Validation Loss: 2.9476, Validation Accuracy: 0.6310
Starting Validation
Epoch [191/200] - Train Loss: 0.0597, Train Accuracy: 0.9767 - 
Validation Loss: 2.1089, Validation Accuracy: 0.6233
Starting Validation
Epoch [192/200] - Train Loss: 0.0341, Train Accuracy: 0.9854 - 
Validation Loss: 3.0277, Validation Accuracy: 0.6000
Starting Validation
Epoch [193/200] - Train Loss: 0.0412, Train Accuracy: 0.9814 - 
Validation Loss: 2.7888, Validation Accuracy: 0.6279
Starting Validation
Epoch [194/200] - Train Loss: 0.0481, Train Accuracy: 0.9800 - 
Validation Loss: 2.7642, Validation Accuracy: 0.6279
Starting Validation
Epoch [195/200] - Train Loss: 0.0446, Train Accuracy: 0.9827 - 
Validation Loss: 3.2509, Validation Accuracy: 0.6512
Starting Validation
Epoch [196/200] - Train Loss: 0.0407, Train Accuracy: 0.9827 - 
Validation Loss: 2.9171, Validation Accuracy: 0.6341
Starting Validation
Epoch [197/200] - Train Loss: 0.0240, Train Accuracy: 0.9880 - 
Validation Loss: 2.9420, Validation Accuracy: 0.6372
Starting Validation
Epoch [198/200] - Train Loss: 0.0227, Train Accuracy: 0.9894 - 
Validation Loss: 4.0780, Validation Accuracy: 0.6419
Starting Validation
Epoch [199/200] - Train Loss: 0.0492, Train Accuracy: 0.9854 - 
Validation Loss: 2.9809, Validation Accuracy: 0.6543
Starting Validation
Epoch [200/200] - Train Loss: 0.0350, Train Accuracy: 0.9867 - 
Validation Loss: 2.9971, Validation Accuracy: 0.6605
Plotting graph now
