Device: cuda
Created DataLoaders
Number of trainable parameters: 21285698
Starting training now
Starting Validation
Epoch [1/200] - Train Loss: 0.5340, Train Accuracy: 0.7740 - 
Validation Loss: 0.5370, Validation Accuracy: 0.7700
Starting Validation
Epoch [2/200] - Train Loss: 0.5052, Train Accuracy: 0.7899 - 
Validation Loss: 0.5264, Validation Accuracy: 0.7739
Starting Validation
Epoch [3/200] - Train Loss: 0.4927, Train Accuracy: 0.7924 - 
Validation Loss: 0.5272, Validation Accuracy: 0.7719
Starting Validation
Epoch [4/200] - Train Loss: 0.4920, Train Accuracy: 0.7943 - 
Validation Loss: 0.5266, Validation Accuracy: 0.7675
Starting Validation
Epoch [5/200] - Train Loss: 0.4846, Train Accuracy: 0.7910 - 
Validation Loss: 0.5291, Validation Accuracy: 0.7636
Starting Validation
Epoch [6/200] - Train Loss: 0.4753, Train Accuracy: 0.7962 - 
Validation Loss: 0.5248, Validation Accuracy: 0.7675
Starting Validation
Epoch [7/200] - Train Loss: 0.4741, Train Accuracy: 0.7943 - 
Validation Loss: 0.5231, Validation Accuracy: 0.7694
Starting Validation
Epoch [8/200] - Train Loss: 0.4676, Train Accuracy: 0.7957 - 
Validation Loss: 0.5227, Validation Accuracy: 0.7739
Starting Validation
Epoch [9/200] - Train Loss: 0.4642, Train Accuracy: 0.8017 - 
Validation Loss: 0.5311, Validation Accuracy: 0.7617
Starting Validation
Epoch [10/200] - Train Loss: 0.4609, Train Accuracy: 0.8001 - 
Validation Loss: 0.5134, Validation Accuracy: 0.7732
Starting Validation
Epoch [11/200] - Train Loss: 0.4615, Train Accuracy: 0.7962 - 
Validation Loss: 0.5328, Validation Accuracy: 0.7700
Starting Validation
Epoch [12/200] - Train Loss: 0.4552, Train Accuracy: 0.8072 - 
Validation Loss: 0.5343, Validation Accuracy: 0.7444
Starting Validation
Epoch [13/200] - Train Loss: 0.4497, Train Accuracy: 0.8036 - 
Validation Loss: 0.5521, Validation Accuracy: 0.7668
Starting Validation
Epoch [14/200] - Train Loss: 0.4487, Train Accuracy: 0.8053 - 
Validation Loss: 0.5465, Validation Accuracy: 0.7681
Starting Validation
Epoch [15/200] - Train Loss: 0.4500, Train Accuracy: 0.8028 - 
Validation Loss: 0.5519, Validation Accuracy: 0.7694
Starting Validation
Epoch [16/200] - Train Loss: 0.4496, Train Accuracy: 0.7990 - 
Validation Loss: 0.5490, Validation Accuracy: 0.7418
Starting Validation
Epoch [17/200] - Train Loss: 0.4354, Train Accuracy: 0.8066 - 
Validation Loss: 0.5490, Validation Accuracy: 0.7700
Starting Validation
Epoch [18/200] - Train Loss: 0.4371, Train Accuracy: 0.8088 - 
Validation Loss: 0.5572, Validation Accuracy: 0.7553
Starting Validation
Epoch [19/200] - Train Loss: 0.4345, Train Accuracy: 0.8105 - 
Validation Loss: 0.5346, Validation Accuracy: 0.7719
Starting Validation
Epoch [20/200] - Train Loss: 0.4238, Train Accuracy: 0.8127 - 
Validation Loss: 0.5875, Validation Accuracy: 0.7540
Starting Validation
Epoch [21/200] - Train Loss: 0.4225, Train Accuracy: 0.8190 - 
Validation Loss: 0.5343, Validation Accuracy: 0.7559
Starting Validation
Epoch [22/200] - Train Loss: 0.4151, Train Accuracy: 0.8146 - 
Validation Loss: 0.5292, Validation Accuracy: 0.7546
Starting Validation
Epoch [23/200] - Train Loss: 0.4151, Train Accuracy: 0.8149 - 
Validation Loss: 0.6093, Validation Accuracy: 0.7290
Starting Validation
Epoch [24/200] - Train Loss: 0.4009, Train Accuracy: 0.8204 - 
Validation Loss: 0.5912, Validation Accuracy: 0.7578
Starting Validation
Epoch [25/200] - Train Loss: 0.3999, Train Accuracy: 0.8204 - 
Validation Loss: 0.6118, Validation Accuracy: 0.7482
Starting Validation
Epoch [26/200] - Train Loss: 0.3963, Train Accuracy: 0.8250 - 
Validation Loss: 0.6182, Validation Accuracy: 0.7149
Starting Validation
Epoch [27/200] - Train Loss: 0.3904, Train Accuracy: 0.8330 - 
Validation Loss: 0.7356, Validation Accuracy: 0.6284
Starting Validation
Epoch [28/200] - Train Loss: 0.3826, Train Accuracy: 0.8344 - 
Validation Loss: 0.6036, Validation Accuracy: 0.7604
Starting Validation
Epoch [29/200] - Train Loss: 0.3791, Train Accuracy: 0.8322 - 
Validation Loss: 0.6435, Validation Accuracy: 0.7675
Starting Validation
Epoch [30/200] - Train Loss: 0.3756, Train Accuracy: 0.8377 - 
Validation Loss: 0.6548, Validation Accuracy: 0.7585
Starting Validation
Epoch [31/200] - Train Loss: 0.3664, Train Accuracy: 0.8410 - 
Validation Loss: 0.6492, Validation Accuracy: 0.7655
Starting Validation
Epoch [32/200] - Train Loss: 0.3500, Train Accuracy: 0.8495 - 
Validation Loss: 0.6476, Validation Accuracy: 0.7508
Starting Validation
Epoch [33/200] - Train Loss: 0.3475, Train Accuracy: 0.8506 - 
Validation Loss: 0.6729, Validation Accuracy: 0.7585
Starting Validation
Epoch [34/200] - Train Loss: 0.3461, Train Accuracy: 0.8503 - 
Validation Loss: 0.7148, Validation Accuracy: 0.6714
Starting Validation
Epoch [35/200] - Train Loss: 0.3329, Train Accuracy: 0.8564 - 
Validation Loss: 0.7196, Validation Accuracy: 0.7578
Starting Validation
Epoch [36/200] - Train Loss: 0.3335, Train Accuracy: 0.8492 - 
Validation Loss: 0.5945, Validation Accuracy: 0.7277
Starting Validation
Epoch [37/200] - Train Loss: 0.3162, Train Accuracy: 0.8619 - 
Validation Loss: 0.6904, Validation Accuracy: 0.7252
Starting Validation
Epoch [38/200] - Train Loss: 0.3132, Train Accuracy: 0.8695 - 
Validation Loss: 0.6996, Validation Accuracy: 0.6874
Starting Validation
Epoch [39/200] - Train Loss: 0.3028, Train Accuracy: 0.8676 - 
Validation Loss: 0.8124, Validation Accuracy: 0.6272
Starting Validation
Epoch [40/200] - Train Loss: 0.3039, Train Accuracy: 0.8698 - 
Validation Loss: 0.7046, Validation Accuracy: 0.6874
Starting Validation
Epoch [41/200] - Train Loss: 0.2806, Train Accuracy: 0.8767 - 
Validation Loss: 0.9740, Validation Accuracy: 0.7655
Starting Validation
Epoch [42/200] - Train Loss: 0.2905, Train Accuracy: 0.8756 - 
Validation Loss: 0.7941, Validation Accuracy: 0.6880
Starting Validation
Epoch [43/200] - Train Loss: 0.2689, Train Accuracy: 0.8849 - 
Validation Loss: 0.8001, Validation Accuracy: 0.6983
Starting Validation
Epoch [44/200] - Train Loss: 0.2590, Train Accuracy: 0.8901 - 
Validation Loss: 0.7449, Validation Accuracy: 0.7028
Starting Validation
Epoch [45/200] - Train Loss: 0.2560, Train Accuracy: 0.8866 - 
Validation Loss: 0.7506, Validation Accuracy: 0.7220
Starting Validation
Epoch [46/200] - Train Loss: 0.2380, Train Accuracy: 0.9011 - 
Validation Loss: 0.7612, Validation Accuracy: 0.7162
Starting Validation
Epoch [47/200] - Train Loss: 0.2439, Train Accuracy: 0.8890 - 
Validation Loss: 0.9665, Validation Accuracy: 0.6951
Starting Validation
Epoch [48/200] - Train Loss: 0.2229, Train Accuracy: 0.9063 - 
Validation Loss: 0.9299, Validation Accuracy: 0.6720
Starting Validation
Epoch [49/200] - Train Loss: 0.2249, Train Accuracy: 0.9080 - 
Validation Loss: 0.8405, Validation Accuracy: 0.7309
Starting Validation
Epoch [50/200] - Train Loss: 0.2109, Train Accuracy: 0.9124 - 
Validation Loss: 0.8938, Validation Accuracy: 0.7335
Starting Validation
Epoch [51/200] - Train Loss: 0.2117, Train Accuracy: 0.9085 - 
Validation Loss: 0.9714, Validation Accuracy: 0.7373
Starting Validation
Epoch [52/200] - Train Loss: 0.2044, Train Accuracy: 0.9140 - 
Validation Loss: 0.9448, Validation Accuracy: 0.7130
Starting Validation
Epoch [53/200] - Train Loss: 0.1996, Train Accuracy: 0.9182 - 
Validation Loss: 1.0189, Validation Accuracy: 0.7361
Starting Validation
Epoch [54/200] - Train Loss: 0.1891, Train Accuracy: 0.9217 - 
Validation Loss: 1.0898, Validation Accuracy: 0.7367
Starting Validation
Epoch [55/200] - Train Loss: 0.1849, Train Accuracy: 0.9313 - 
Validation Loss: 0.9341, Validation Accuracy: 0.7297
Starting Validation
Epoch [56/200] - Train Loss: 0.1738, Train Accuracy: 0.9330 - 
Validation Loss: 0.9372, Validation Accuracy: 0.7194
Starting Validation
Epoch [57/200] - Train Loss: 0.1620, Train Accuracy: 0.9390 - 
Validation Loss: 0.9376, Validation Accuracy: 0.6726
Starting Validation
Epoch [58/200] - Train Loss: 0.1649, Train Accuracy: 0.9338 - 
Validation Loss: 0.9985, Validation Accuracy: 0.7265
Starting Validation
Epoch [59/200] - Train Loss: 0.1582, Train Accuracy: 0.9410 - 
Validation Loss: 1.0765, Validation Accuracy: 0.7194
Starting Validation
Epoch [60/200] - Train Loss: 0.1645, Train Accuracy: 0.9330 - 
Validation Loss: 0.9719, Validation Accuracy: 0.7271
Starting Validation
Epoch [61/200] - Train Loss: 0.1388, Train Accuracy: 0.9478 - 
Validation Loss: 1.2935, Validation Accuracy: 0.7290
Starting Validation
Epoch [62/200] - Train Loss: 0.1548, Train Accuracy: 0.9404 - 
Validation Loss: 1.0043, Validation Accuracy: 0.7265
Starting Validation
Epoch [63/200] - Train Loss: 0.1400, Train Accuracy: 0.9418 - 
Validation Loss: 1.0716, Validation Accuracy: 0.7489
Starting Validation
Epoch [64/200] - Train Loss: 0.1436, Train Accuracy: 0.9451 - 
Validation Loss: 0.9686, Validation Accuracy: 0.6951
Starting Validation
Epoch [65/200] - Train Loss: 0.1302, Train Accuracy: 0.9481 - 
Validation Loss: 1.2647, Validation Accuracy: 0.7373
Starting Validation
Epoch [66/200] - Train Loss: 0.1284, Train Accuracy: 0.9489 - 
Validation Loss: 1.1081, Validation Accuracy: 0.7053
Starting Validation
Epoch [67/200] - Train Loss: 0.1161, Train Accuracy: 0.9577 - 
Validation Loss: 1.2312, Validation Accuracy: 0.7514
Starting Validation
Epoch [68/200] - Train Loss: 0.1303, Train Accuracy: 0.9484 - 
Validation Loss: 1.1727, Validation Accuracy: 0.7085
Starting Validation
Epoch [69/200] - Train Loss: 0.1227, Train Accuracy: 0.9506 - 
Validation Loss: 1.0748, Validation Accuracy: 0.7226
Starting Validation
Epoch [70/200] - Train Loss: 0.1193, Train Accuracy: 0.9550 - 
Validation Loss: 1.1516, Validation Accuracy: 0.7329
Starting Validation
Epoch [71/200] - Train Loss: 0.1095, Train Accuracy: 0.9585 - 
Validation Loss: 1.1416, Validation Accuracy: 0.7066
Starting Validation
Epoch [72/200] - Train Loss: 0.1182, Train Accuracy: 0.9530 - 
Validation Loss: 1.1688, Validation Accuracy: 0.7361
Starting Validation
Epoch [73/200] - Train Loss: 0.1088, Train Accuracy: 0.9574 - 
Validation Loss: 1.3276, Validation Accuracy: 0.6701
Starting Validation
Epoch [74/200] - Train Loss: 0.1073, Train Accuracy: 0.9588 - 
Validation Loss: 1.3039, Validation Accuracy: 0.7098
Starting Validation
Epoch [75/200] - Train Loss: 0.1018, Train Accuracy: 0.9583 - 
Validation Loss: 1.2688, Validation Accuracy: 0.7162
Starting Validation
Epoch [76/200] - Train Loss: 0.1015, Train Accuracy: 0.9615 - 
Validation Loss: 1.2588, Validation Accuracy: 0.6521
Starting Validation
Epoch [77/200] - Train Loss: 0.1014, Train Accuracy: 0.9594 - 
Validation Loss: 1.1867, Validation Accuracy: 0.7207
Starting Validation
Epoch [78/200] - Train Loss: 0.0883, Train Accuracy: 0.9651 - 
Validation Loss: 1.3068, Validation Accuracy: 0.7297
Starting Validation
Epoch [79/200] - Train Loss: 0.0934, Train Accuracy: 0.9640 - 
Validation Loss: 1.3240, Validation Accuracy: 0.7143
Starting Validation
Epoch [80/200] - Train Loss: 0.0868, Train Accuracy: 0.9717 - 
Validation Loss: 1.2798, Validation Accuracy: 0.7329
Starting Validation
Epoch [81/200] - Train Loss: 0.0879, Train Accuracy: 0.9626 - 
Validation Loss: 1.3960, Validation Accuracy: 0.7431
Starting Validation
Epoch [82/200] - Train Loss: 0.0818, Train Accuracy: 0.9701 - 
Validation Loss: 1.3555, Validation Accuracy: 0.7380
Starting Validation
Epoch [83/200] - Train Loss: 0.0924, Train Accuracy: 0.9613 - 
Validation Loss: 1.3836, Validation Accuracy: 0.7085
Starting Validation
Epoch [84/200] - Train Loss: 0.0778, Train Accuracy: 0.9725 - 
Validation Loss: 1.4004, Validation Accuracy: 0.7156
Starting Validation
Epoch [85/200] - Train Loss: 0.0841, Train Accuracy: 0.9679 - 
Validation Loss: 1.2832, Validation Accuracy: 0.6951
Starting Validation
Epoch [86/200] - Train Loss: 0.0889, Train Accuracy: 0.9654 - 
Validation Loss: 1.4621, Validation Accuracy: 0.6855
Starting Validation
Epoch [87/200] - Train Loss: 0.0776, Train Accuracy: 0.9717 - 
Validation Loss: 1.3428, Validation Accuracy: 0.7168
Starting Validation
Epoch [88/200] - Train Loss: 0.0674, Train Accuracy: 0.9750 - 
Validation Loss: 1.4832, Validation Accuracy: 0.7373
Starting Validation
Epoch [89/200] - Train Loss: 0.0786, Train Accuracy: 0.9742 - 
Validation Loss: 1.5752, Validation Accuracy: 0.6829
Starting Validation
Epoch [90/200] - Train Loss: 0.0785, Train Accuracy: 0.9706 - 
Validation Loss: 1.2918, Validation Accuracy: 0.7380
Starting Validation
Epoch [91/200] - Train Loss: 0.0713, Train Accuracy: 0.9725 - 
Validation Loss: 1.2769, Validation Accuracy: 0.7457
Starting Validation
Epoch [92/200] - Train Loss: 0.0698, Train Accuracy: 0.9731 - 
Validation Loss: 1.5080, Validation Accuracy: 0.7578
Starting Validation
Epoch [93/200] - Train Loss: 0.0844, Train Accuracy: 0.9695 - 
Validation Loss: 1.2578, Validation Accuracy: 0.7329
Starting Validation
Epoch [94/200] - Train Loss: 0.0713, Train Accuracy: 0.9750 - 
Validation Loss: 1.2969, Validation Accuracy: 0.7162
Starting Validation
Epoch [95/200] - Train Loss: 0.0738, Train Accuracy: 0.9703 - 
Validation Loss: 1.3960, Validation Accuracy: 0.6996
Starting Validation
Epoch [96/200] - Train Loss: 0.0754, Train Accuracy: 0.9706 - 
Validation Loss: 1.3088, Validation Accuracy: 0.7341
Starting Validation
Epoch [97/200] - Train Loss: 0.0587, Train Accuracy: 0.9786 - 
Validation Loss: 1.4143, Validation Accuracy: 0.7194
Starting Validation
Epoch [98/200] - Train Loss: 0.0660, Train Accuracy: 0.9747 - 
Validation Loss: 1.5242, Validation Accuracy: 0.7098
Starting Validation
Epoch [99/200] - Train Loss: 0.0664, Train Accuracy: 0.9739 - 
Validation Loss: 1.4568, Validation Accuracy: 0.6874
Starting Validation
Epoch [100/200] - Train Loss: 0.0644, Train Accuracy: 0.9778 - 
Validation Loss: 1.4066, Validation Accuracy: 0.7386
Starting Validation
Epoch [101/200] - Train Loss: 0.0622, Train Accuracy: 0.9808 - 
Validation Loss: 1.4073, Validation Accuracy: 0.7463
Starting Validation
Epoch [102/200] - Train Loss: 0.0687, Train Accuracy: 0.9736 - 
Validation Loss: 1.4005, Validation Accuracy: 0.7162
Starting Validation
Epoch [103/200] - Train Loss: 0.0739, Train Accuracy: 0.9725 - 
Validation Loss: 1.2670, Validation Accuracy: 0.7316
Starting Validation
Epoch [104/200] - Train Loss: 0.0517, Train Accuracy: 0.9800 - 
Validation Loss: 1.5464, Validation Accuracy: 0.7117
Starting Validation
Epoch [105/200] - Train Loss: 0.0616, Train Accuracy: 0.9791 - 
Validation Loss: 1.3359, Validation Accuracy: 0.7124
Starting Validation
Epoch [106/200] - Train Loss: 0.0590, Train Accuracy: 0.9802 - 
Validation Loss: 1.5341, Validation Accuracy: 0.6989
Starting Validation
Epoch [107/200] - Train Loss: 0.0690, Train Accuracy: 0.9745 - 
Validation Loss: 1.3708, Validation Accuracy: 0.7072
Starting Validation
Epoch [108/200] - Train Loss: 0.0487, Train Accuracy: 0.9838 - 
Validation Loss: 1.6483, Validation Accuracy: 0.7399
Starting Validation
Epoch [109/200] - Train Loss: 0.0516, Train Accuracy: 0.9813 - 
Validation Loss: 1.4588, Validation Accuracy: 0.6899
Starting Validation
Epoch [110/200] - Train Loss: 0.0666, Train Accuracy: 0.9753 - 
Validation Loss: 1.4269, Validation Accuracy: 0.7194
Starting Validation
Epoch [111/200] - Train Loss: 0.0499, Train Accuracy: 0.9841 - 
Validation Loss: 1.4629, Validation Accuracy: 0.7566
Starting Validation
Epoch [112/200] - Train Loss: 0.0549, Train Accuracy: 0.9816 - 
Validation Loss: 1.6535, Validation Accuracy: 0.7162
Starting Validation
Epoch [113/200] - Train Loss: 0.0713, Train Accuracy: 0.9734 - 
Validation Loss: 1.4712, Validation Accuracy: 0.6746
Starting Validation
Epoch [114/200] - Train Loss: 0.0638, Train Accuracy: 0.9791 - 
Validation Loss: 1.5383, Validation Accuracy: 0.7104
Starting Validation
Epoch [115/200] - Train Loss: 0.0518, Train Accuracy: 0.9813 - 
Validation Loss: 1.6401, Validation Accuracy: 0.7514
Starting Validation
Epoch [116/200] - Train Loss: 0.0551, Train Accuracy: 0.9797 - 
Validation Loss: 1.4983, Validation Accuracy: 0.6874
Starting Validation
Epoch [117/200] - Train Loss: 0.0488, Train Accuracy: 0.9830 - 
Validation Loss: 1.5579, Validation Accuracy: 0.7457
Starting Validation
Epoch [118/200] - Train Loss: 0.0457, Train Accuracy: 0.9846 - 
Validation Loss: 1.7031, Validation Accuracy: 0.7290
Starting Validation
Epoch [119/200] - Train Loss: 0.0586, Train Accuracy: 0.9789 - 
Validation Loss: 1.5128, Validation Accuracy: 0.7233
Starting Validation
Epoch [120/200] - Train Loss: 0.0483, Train Accuracy: 0.9835 - 
Validation Loss: 1.6753, Validation Accuracy: 0.7585
Starting Validation
Epoch [121/200] - Train Loss: 0.0658, Train Accuracy: 0.9758 - 
Validation Loss: 1.4722, Validation Accuracy: 0.7277
Starting Validation
Epoch [122/200] - Train Loss: 0.0456, Train Accuracy: 0.9824 - 
Validation Loss: 1.5741, Validation Accuracy: 0.7271
Starting Validation
Epoch [123/200] - Train Loss: 0.0497, Train Accuracy: 0.9810 - 
Validation Loss: 1.8522, Validation Accuracy: 0.7553
Starting Validation
Epoch [124/200] - Train Loss: 0.0596, Train Accuracy: 0.9756 - 
Validation Loss: 1.4512, Validation Accuracy: 0.7085
Starting Validation
Epoch [125/200] - Train Loss: 0.0449, Train Accuracy: 0.9830 - 
Validation Loss: 1.7114, Validation Accuracy: 0.6906
Starting Validation
Epoch [126/200] - Train Loss: 0.0546, Train Accuracy: 0.9769 - 
Validation Loss: 1.5714, Validation Accuracy: 0.7053
Starting Validation
Epoch [127/200] - Train Loss: 0.0501, Train Accuracy: 0.9800 - 
Validation Loss: 1.7754, Validation Accuracy: 0.7226
Starting Validation
Epoch [128/200] - Train Loss: 0.0421, Train Accuracy: 0.9860 - 
Validation Loss: 1.7408, Validation Accuracy: 0.7015
Starting Validation
Epoch [129/200] - Train Loss: 0.0408, Train Accuracy: 0.9841 - 
Validation Loss: 1.6718, Validation Accuracy: 0.7431
Starting Validation
Epoch [130/200] - Train Loss: 0.0398, Train Accuracy: 0.9863 - 
Validation Loss: 1.7137, Validation Accuracy: 0.7450
Starting Validation
Epoch [131/200] - Train Loss: 0.0504, Train Accuracy: 0.9821 - 
Validation Loss: 1.7194, Validation Accuracy: 0.7181
Starting Validation
Epoch [132/200] - Train Loss: 0.0395, Train Accuracy: 0.9879 - 
Validation Loss: 1.6162, Validation Accuracy: 0.7162
Starting Validation
Epoch [133/200] - Train Loss: 0.0495, Train Accuracy: 0.9810 - 
Validation Loss: 1.9181, Validation Accuracy: 0.6739
Starting Validation
Epoch [134/200] - Train Loss: 0.0588, Train Accuracy: 0.9791 - 
Validation Loss: 1.5556, Validation Accuracy: 0.6996
Starting Validation
Epoch [135/200] - Train Loss: 0.0456, Train Accuracy: 0.9835 - 
Validation Loss: 1.6432, Validation Accuracy: 0.7245
Starting Validation
Epoch [136/200] - Train Loss: 0.0416, Train Accuracy: 0.9865 - 
Validation Loss: 1.7277, Validation Accuracy: 0.7162
Starting Validation
Epoch [137/200] - Train Loss: 0.0357, Train Accuracy: 0.9871 - 
Validation Loss: 1.8235, Validation Accuracy: 0.7265
Starting Validation
Epoch [138/200] - Train Loss: 0.0538, Train Accuracy: 0.9800 - 
Validation Loss: 1.6849, Validation Accuracy: 0.7335
Starting Validation
Epoch [139/200] - Train Loss: 0.0467, Train Accuracy: 0.9819 - 
Validation Loss: 1.6434, Validation Accuracy: 0.7194
Starting Validation
Epoch [140/200] - Train Loss: 0.0356, Train Accuracy: 0.9885 - 
Validation Loss: 1.8098, Validation Accuracy: 0.6861
Starting Validation
Epoch [141/200] - Train Loss: 0.0446, Train Accuracy: 0.9835 - 
Validation Loss: 1.8267, Validation Accuracy: 0.7393
Starting Validation
Epoch [142/200] - Train Loss: 0.0406, Train Accuracy: 0.9874 - 
Validation Loss: 1.9200, Validation Accuracy: 0.7175
Starting Validation
Epoch [143/200] - Train Loss: 0.0400, Train Accuracy: 0.9832 - 
Validation Loss: 1.8453, Validation Accuracy: 0.6778
Starting Validation
Epoch [144/200] - Train Loss: 0.0590, Train Accuracy: 0.9800 - 
Validation Loss: 1.5610, Validation Accuracy: 0.6925
Starting Validation
Epoch [145/200] - Train Loss: 0.0400, Train Accuracy: 0.9863 - 
Validation Loss: 1.7692, Validation Accuracy: 0.7245
Starting Validation
Epoch [146/200] - Train Loss: 0.0430, Train Accuracy: 0.9843 - 
Validation Loss: 1.7768, Validation Accuracy: 0.6989
Starting Validation
Epoch [147/200] - Train Loss: 0.0417, Train Accuracy: 0.9841 - 
Validation Loss: 1.7496, Validation Accuracy: 0.7444
Starting Validation
Epoch [148/200] - Train Loss: 0.0366, Train Accuracy: 0.9854 - 
Validation Loss: 1.8831, Validation Accuracy: 0.7431
Starting Validation
Epoch [149/200] - Train Loss: 0.0479, Train Accuracy: 0.9832 - 
Validation Loss: 1.5444, Validation Accuracy: 0.7162
Starting Validation
Epoch [150/200] - Train Loss: 0.0243, Train Accuracy: 0.9931 - 
Validation Loss: 1.7575, Validation Accuracy: 0.7220
Starting Validation
Epoch [151/200] - Train Loss: 0.0412, Train Accuracy: 0.9860 - 
Validation Loss: 1.7898, Validation Accuracy: 0.7156
Starting Validation
Epoch [152/200] - Train Loss: 0.0529, Train Accuracy: 0.9808 - 
Validation Loss: 1.7127, Validation Accuracy: 0.6957
Starting Validation
Epoch [153/200] - Train Loss: 0.0432, Train Accuracy: 0.9865 - 
Validation Loss: 1.8322, Validation Accuracy: 0.7495
Starting Validation
Epoch [154/200] - Train Loss: 0.0387, Train Accuracy: 0.9860 - 
Validation Loss: 1.7855, Validation Accuracy: 0.7303
Starting Validation
Epoch [155/200] - Train Loss: 0.0388, Train Accuracy: 0.9857 - 
Validation Loss: 1.7732, Validation Accuracy: 0.7066
Starting Validation
Epoch [156/200] - Train Loss: 0.0281, Train Accuracy: 0.9887 - 
Validation Loss: 1.8406, Validation Accuracy: 0.7265
Starting Validation
Epoch [157/200] - Train Loss: 0.0456, Train Accuracy: 0.9832 - 
Validation Loss: 1.5352, Validation Accuracy: 0.7233
Starting Validation
Epoch [158/200] - Train Loss: 0.0516, Train Accuracy: 0.9816 - 
Validation Loss: 1.6729, Validation Accuracy: 0.7233
Starting Validation
Epoch [159/200] - Train Loss: 0.0358, Train Accuracy: 0.9885 - 
Validation Loss: 1.6821, Validation Accuracy: 0.7438
Starting Validation
Epoch [160/200] - Train Loss: 0.0413, Train Accuracy: 0.9849 - 
Validation Loss: 1.7835, Validation Accuracy: 0.7111
Starting Validation
Epoch [161/200] - Train Loss: 0.0358, Train Accuracy: 0.9854 - 
Validation Loss: 1.7983, Validation Accuracy: 0.7098
Starting Validation
Epoch [162/200] - Train Loss: 0.0551, Train Accuracy: 0.9813 - 
Validation Loss: 1.5132, Validation Accuracy: 0.7399
Starting Validation
Epoch [163/200] - Train Loss: 0.0279, Train Accuracy: 0.9904 - 
Validation Loss: 1.7879, Validation Accuracy: 0.7309
Starting Validation
Epoch [164/200] - Train Loss: 0.0404, Train Accuracy: 0.9854 - 
Validation Loss: 1.6322, Validation Accuracy: 0.7168
Starting Validation
Epoch [165/200] - Train Loss: 0.0380, Train Accuracy: 0.9865 - 
Validation Loss: 1.6053, Validation Accuracy: 0.7348
Starting Validation
Epoch [166/200] - Train Loss: 0.0288, Train Accuracy: 0.9909 - 
Validation Loss: 1.6633, Validation Accuracy: 0.7412
Starting Validation
Epoch [167/200] - Train Loss: 0.0285, Train Accuracy: 0.9887 - 
Validation Loss: 1.9915, Validation Accuracy: 0.7386
Starting Validation
Epoch [168/200] - Train Loss: 0.0373, Train Accuracy: 0.9854 - 
Validation Loss: 1.8152, Validation Accuracy: 0.7386
Starting Validation
Epoch [169/200] - Train Loss: 0.0345, Train Accuracy: 0.9874 - 
Validation Loss: 2.0013, Validation Accuracy: 0.7463
Starting Validation
Epoch [170/200] - Train Loss: 0.0537, Train Accuracy: 0.9808 - 
Validation Loss: 1.6904, Validation Accuracy: 0.7470
Starting Validation
Epoch [171/200] - Train Loss: 0.0394, Train Accuracy: 0.9835 - 
Validation Loss: 1.6157, Validation Accuracy: 0.7098
Starting Validation
Epoch [172/200] - Train Loss: 0.0422, Train Accuracy: 0.9868 - 
Validation Loss: 1.6313, Validation Accuracy: 0.7284
Starting Validation
Epoch [173/200] - Train Loss: 0.0349, Train Accuracy: 0.9863 - 
Validation Loss: 1.8126, Validation Accuracy: 0.7367
Starting Validation
Epoch [174/200] - Train Loss: 0.0362, Train Accuracy: 0.9865 - 
Validation Loss: 1.9236, Validation Accuracy: 0.7265
Starting Validation
Epoch [175/200] - Train Loss: 0.0395, Train Accuracy: 0.9874 - 
Validation Loss: 1.6978, Validation Accuracy: 0.7470
Starting Validation
Epoch [176/200] - Train Loss: 0.0364, Train Accuracy: 0.9885 - 
Validation Loss: 1.7020, Validation Accuracy: 0.7149
Starting Validation
Epoch [177/200] - Train Loss: 0.0303, Train Accuracy: 0.9904 - 
Validation Loss: 1.7984, Validation Accuracy: 0.7303
Starting Validation
Epoch [178/200] - Train Loss: 0.0303, Train Accuracy: 0.9882 - 
Validation Loss: 2.0524, Validation Accuracy: 0.7213
Starting Validation
Epoch [179/200] - Train Loss: 0.0345, Train Accuracy: 0.9868 - 
Validation Loss: 1.7296, Validation Accuracy: 0.7085
Starting Validation
Epoch [180/200] - Train Loss: 0.0382, Train Accuracy: 0.9871 - 
Validation Loss: 1.7943, Validation Accuracy: 0.6489
Starting Validation
Epoch [181/200] - Train Loss: 0.0239, Train Accuracy: 0.9904 - 
Validation Loss: 1.9070, Validation Accuracy: 0.7085
Starting Validation
Epoch [182/200] - Train Loss: 0.0304, Train Accuracy: 0.9882 - 
Validation Loss: 1.7739, Validation Accuracy: 0.7373
Starting Validation
Epoch [183/200] - Train Loss: 0.0303, Train Accuracy: 0.9901 - 
Validation Loss: 1.8150, Validation Accuracy: 0.7124
Starting Validation
Epoch [184/200] - Train Loss: 0.0226, Train Accuracy: 0.9931 - 
Validation Loss: 1.9901, Validation Accuracy: 0.7316
Starting Validation
Epoch [185/200] - Train Loss: 0.0294, Train Accuracy: 0.9901 - 
Validation Loss: 1.7301, Validation Accuracy: 0.7117
Starting Validation
Epoch [186/200] - Train Loss: 0.0564, Train Accuracy: 0.9810 - 
Validation Loss: 1.5765, Validation Accuracy: 0.7098
Starting Validation
Epoch [187/200] - Train Loss: 0.0324, Train Accuracy: 0.9901 - 
Validation Loss: 1.7258, Validation Accuracy: 0.6919
Starting Validation
Epoch [188/200] - Train Loss: 0.0328, Train Accuracy: 0.9890 - 
Validation Loss: 1.6546, Validation Accuracy: 0.7502
Starting Validation
Epoch [189/200] - Train Loss: 0.0242, Train Accuracy: 0.9920 - 
Validation Loss: 1.7646, Validation Accuracy: 0.7412
Starting Validation
Epoch [190/200] - Train Loss: 0.0284, Train Accuracy: 0.9879 - 
Validation Loss: 1.7254, Validation Accuracy: 0.7130
Starting Validation
Epoch [191/200] - Train Loss: 0.0359, Train Accuracy: 0.9871 - 
Validation Loss: 1.6783, Validation Accuracy: 0.7136
Starting Validation
Epoch [192/200] - Train Loss: 0.0329, Train Accuracy: 0.9885 - 
Validation Loss: 1.6553, Validation Accuracy: 0.7341
Starting Validation
Epoch [193/200] - Train Loss: 0.0350, Train Accuracy: 0.9882 - 
Validation Loss: 1.7953, Validation Accuracy: 0.7476
Starting Validation
Epoch [194/200] - Train Loss: 0.0169, Train Accuracy: 0.9937 - 
Validation Loss: 2.0239, Validation Accuracy: 0.7021
Starting Validation
Epoch [195/200] - Train Loss: 0.0439, Train Accuracy: 0.9841 - 
Validation Loss: 1.7579, Validation Accuracy: 0.7143
Starting Validation
Epoch [196/200] - Train Loss: 0.0337, Train Accuracy: 0.9865 - 
Validation Loss: 1.9318, Validation Accuracy: 0.7028
Starting Validation
Epoch [197/200] - Train Loss: 0.0333, Train Accuracy: 0.9874 - 
Validation Loss: 1.7162, Validation Accuracy: 0.7201
Starting Validation
Epoch [198/200] - Train Loss: 0.0305, Train Accuracy: 0.9909 - 
Validation Loss: 1.6716, Validation Accuracy: 0.6899
Starting Validation
Epoch [199/200] - Train Loss: 0.0362, Train Accuracy: 0.9849 - 
Validation Loss: 1.7631, Validation Accuracy: 0.7008
Starting Validation
Epoch [200/200] - Train Loss: 0.0341, Train Accuracy: 0.9865 - 
Validation Loss: 1.6979, Validation Accuracy: 0.7271
Plotting graph now
