MODEL: vgg16	DATASET: CMMD
Training class distribution:
Class 0 (Benign): 752 samples
Class 1 (Malignant): 2889 samples

Validation class distribution:
Class 0 (Benign): 356 samples
Class 1 (Malignant): 1205 samples
Transforms on train: Compose(
    ToTensor()
)
Created DataLoaders
(224, 224)
Number of trainable parameters: 134268738
Starting training now
Starting Validation
Epoch [1/200] - Train Loss: 0.5203, Train Accuracy: 0.7899 - 
Validation Loss: 0.5370, Validation Accuracy: 0.7719
Starting Validation
Epoch [2/200] - Train Loss: 0.5073, Train Accuracy: 0.7935 - 
Validation Loss: 0.5414, Validation Accuracy: 0.7719
Starting Validation
Epoch [3/200] - Train Loss: 0.5084, Train Accuracy: 0.7935 - 
Validation Loss: 0.5370, Validation Accuracy: 0.7719
Starting Validation
Epoch [4/200] - Train Loss: 0.5027, Train Accuracy: 0.7935 - 
Validation Loss: 0.5602, Validation Accuracy: 0.7719
Starting Validation
Epoch [5/200] - Train Loss: 0.5078, Train Accuracy: 0.7935 - 
Validation Loss: 0.5313, Validation Accuracy: 0.7719
Starting Validation
Epoch [6/200] - Train Loss: 0.4939, Train Accuracy: 0.7935 - 
Validation Loss: 0.5240, Validation Accuracy: 0.7719
Starting Validation
Epoch [7/200] - Train Loss: 0.4892, Train Accuracy: 0.7935 - 
Validation Loss: 0.5320, Validation Accuracy: 0.7719
Starting Validation
Epoch [8/200] - Train Loss: 0.4730, Train Accuracy: 0.7929 - 
Validation Loss: 0.5684, Validation Accuracy: 0.7719
Starting Validation
Epoch [9/200] - Train Loss: 0.4676, Train Accuracy: 0.7932 - 
Validation Loss: 0.5996, Validation Accuracy: 0.7719
Starting Validation
Epoch [10/200] - Train Loss: 0.4465, Train Accuracy: 0.7935 - 
Validation Loss: 0.6242, Validation Accuracy: 0.7719
Starting Validation
Epoch [11/200] - Train Loss: 0.4241, Train Accuracy: 0.7954 - 
Validation Loss: 0.6180, Validation Accuracy: 0.7719
Starting Validation
Epoch [12/200] - Train Loss: 0.4011, Train Accuracy: 0.8088 - 
Validation Loss: 0.7185, Validation Accuracy: 0.7457
Starting Validation
Epoch [13/200] - Train Loss: 0.3541, Train Accuracy: 0.8297 - 
Validation Loss: 0.6784, Validation Accuracy: 0.7553
Starting Validation
Epoch [14/200] - Train Loss: 0.3115, Train Accuracy: 0.8544 - 
Validation Loss: 0.6722, Validation Accuracy: 0.7053
Starting Validation
Epoch [15/200] - Train Loss: 0.2488, Train Accuracy: 0.8888 - 
Validation Loss: 0.9699, Validation Accuracy: 0.7136
Starting Validation
Epoch [16/200] - Train Loss: 0.2004, Train Accuracy: 0.9140 - 
Validation Loss: 1.1517, Validation Accuracy: 0.7111
Starting Validation
Epoch [17/200] - Train Loss: 0.1675, Train Accuracy: 0.9352 - 
Validation Loss: 1.0605, Validation Accuracy: 0.7072
Starting Validation
Epoch [18/200] - Train Loss: 0.1382, Train Accuracy: 0.9462 - 
Validation Loss: 1.1209, Validation Accuracy: 0.7143
Starting Validation
Epoch [19/200] - Train Loss: 0.0988, Train Accuracy: 0.9605 - 
Validation Loss: 1.4456, Validation Accuracy: 0.7111
Starting Validation
Epoch [20/200] - Train Loss: 0.0509, Train Accuracy: 0.9835 - 
Validation Loss: 1.5274, Validation Accuracy: 0.7002
Starting Validation
Epoch [21/200] - Train Loss: 0.0390, Train Accuracy: 0.9868 - 
Validation Loss: 1.7794, Validation Accuracy: 0.7284
Starting Validation
Epoch [22/200] - Train Loss: 0.0443, Train Accuracy: 0.9830 - 
Validation Loss: 1.3161, Validation Accuracy: 0.7380
Starting Validation
Epoch [23/200] - Train Loss: 0.0514, Train Accuracy: 0.9794 - 
Validation Loss: 1.3428, Validation Accuracy: 0.7226
Starting Validation
Epoch [24/200] - Train Loss: 0.0368, Train Accuracy: 0.9871 - 
Validation Loss: 1.8539, Validation Accuracy: 0.7367
Starting Validation
Epoch [25/200] - Train Loss: 0.0277, Train Accuracy: 0.9918 - 
Validation Loss: 1.4862, Validation Accuracy: 0.7335
Starting Validation
Epoch [26/200] - Train Loss: 0.0116, Train Accuracy: 0.9973 - 
Validation Loss: 2.1315, Validation Accuracy: 0.7335
Starting Validation
Epoch [27/200] - Train Loss: 0.0311, Train Accuracy: 0.9898 - 
Validation Loss: 1.4195, Validation Accuracy: 0.7162
Starting Validation
Epoch [28/200] - Train Loss: 0.0290, Train Accuracy: 0.9909 - 
Validation Loss: 1.7536, Validation Accuracy: 0.7271
Starting Validation
Epoch [29/200] - Train Loss: 0.0080, Train Accuracy: 0.9978 - 
Validation Loss: 2.3840, Validation Accuracy: 0.7399
Starting Validation
Epoch [30/200] - Train Loss: 0.0176, Train Accuracy: 0.9951 - 
Validation Loss: 2.1361, Validation Accuracy: 0.7271
Starting Validation
Epoch [31/200] - Train Loss: 0.0312, Train Accuracy: 0.9882 - 
Validation Loss: 1.6064, Validation Accuracy: 0.7508
Starting Validation
Epoch [32/200] - Train Loss: 0.0109, Train Accuracy: 0.9953 - 
Validation Loss: 2.5361, Validation Accuracy: 0.7444
Starting Validation
Epoch [33/200] - Train Loss: 0.0386, Train Accuracy: 0.9893 - 
Validation Loss: 2.0775, Validation Accuracy: 0.7297
Starting Validation
Epoch [34/200] - Train Loss: 0.0201, Train Accuracy: 0.9926 - 
Validation Loss: 1.9730, Validation Accuracy: 0.7233
Starting Validation
Epoch [35/200] - Train Loss: 0.0081, Train Accuracy: 0.9978 - 
Validation Loss: 2.1376, Validation Accuracy: 0.7136
Starting Validation
Epoch [36/200] - Train Loss: 0.0305, Train Accuracy: 0.9920 - 
Validation Loss: 2.0761, Validation Accuracy: 0.7322
Starting Validation
Epoch [37/200] - Train Loss: 0.0128, Train Accuracy: 0.9970 - 
Validation Loss: 1.8498, Validation Accuracy: 0.7188
Starting Validation
Epoch [38/200] - Train Loss: 0.0061, Train Accuracy: 0.9989 - 
Validation Loss: 2.6330, Validation Accuracy: 0.7322
Starting Validation
Epoch [39/200] - Train Loss: 0.0031, Train Accuracy: 0.9995 - 
Validation Loss: 2.3453, Validation Accuracy: 0.7335
Starting Validation
Epoch [40/200] - Train Loss: 0.0013, Train Accuracy: 0.9997 - 
Validation Loss: 2.8824, Validation Accuracy: 0.7258
Starting Validation
Epoch [41/200] - Train Loss: 0.0015, Train Accuracy: 0.9995 - 
Validation Loss: 2.7310, Validation Accuracy: 0.7367
Starting Validation
Epoch [42/200] - Train Loss: 0.0006, Train Accuracy: 0.9997 - 
Validation Loss: 2.8120, Validation Accuracy: 0.7284
Starting Validation
Epoch [43/200] - Train Loss: 0.0009, Train Accuracy: 0.9995 - 
Validation Loss: 2.8891, Validation Accuracy: 0.7265
Starting Validation
Epoch [44/200] - Train Loss: 0.0006, Train Accuracy: 0.9997 - 
Validation Loss: 2.9032, Validation Accuracy: 0.7341
Starting Validation
Epoch [45/200] - Train Loss: 0.0008, Train Accuracy: 0.9995 - 
Validation Loss: 2.9700, Validation Accuracy: 0.7303
Starting Validation
Epoch [46/200] - Train Loss: 0.0005, Train Accuracy: 0.9995 - 
Validation Loss: 3.1555, Validation Accuracy: 0.7290
Starting Validation
Epoch [47/200] - Train Loss: 0.0005, Train Accuracy: 0.9997 - 
Validation Loss: 3.2340, Validation Accuracy: 0.7271
Starting Validation
Epoch [48/200] - Train Loss: 0.0007, Train Accuracy: 0.9995 - 
Validation Loss: 3.2628, Validation Accuracy: 0.7284
Starting Validation
Epoch [49/200] - Train Loss: 0.0005, Train Accuracy: 0.9997 - 
Validation Loss: 3.3875, Validation Accuracy: 0.7245
Starting Validation
Epoch [50/200] - Train Loss: 0.0005, Train Accuracy: 0.9997 - 
Validation Loss: 3.5263, Validation Accuracy: 0.7239
Starting Validation
Epoch [51/200] - Train Loss: 0.0005, Train Accuracy: 0.9995 - 
Validation Loss: 3.5593, Validation Accuracy: 0.7245
Starting Validation
Epoch [52/200] - Train Loss: 0.0004, Train Accuracy: 0.9997 - 
Validation Loss: 3.6561, Validation Accuracy: 0.7252
Starting Validation
Epoch [53/200] - Train Loss: 0.0005, Train Accuracy: 0.9997 - 
Validation Loss: 3.6678, Validation Accuracy: 0.7252
Starting Validation
Epoch [54/200] - Train Loss: 0.0004, Train Accuracy: 0.9997 - 
Validation Loss: 3.7839, Validation Accuracy: 0.7258
Starting Validation
Epoch [55/200] - Train Loss: 0.0005, Train Accuracy: 0.9995 - 
Validation Loss: 3.8977, Validation Accuracy: 0.7245
Starting Validation
Epoch [56/200] - Train Loss: 0.0006, Train Accuracy: 0.9997 - 
Validation Loss: 4.0383, Validation Accuracy: 0.7252
Starting Validation
Epoch [57/200] - Train Loss: 0.0016, Train Accuracy: 0.9997 - 
Validation Loss: 3.5870, Validation Accuracy: 0.7438
Starting Validation
Epoch [58/200] - Train Loss: 0.0025, Train Accuracy: 0.9995 - 
Validation Loss: 3.8323, Validation Accuracy: 0.7265
Starting Validation
Epoch [59/200] - Train Loss: 0.1133, Train Accuracy: 0.9596 - 
Validation Loss: 1.0317, Validation Accuracy: 0.7271
Starting Validation
Epoch [60/200] - Train Loss: 0.0852, Train Accuracy: 0.9681 - 
Validation Loss: 1.9530, Validation Accuracy: 0.7098
Starting Validation
Epoch [61/200] - Train Loss: 0.0428, Train Accuracy: 0.9865 - 
Validation Loss: 1.6304, Validation Accuracy: 0.6726
Starting Validation
Epoch [62/200] - Train Loss: 0.0305, Train Accuracy: 0.9885 - 
Validation Loss: 1.7641, Validation Accuracy: 0.7290
Starting Validation
Epoch [63/200] - Train Loss: 0.0453, Train Accuracy: 0.9857 - 
Validation Loss: 1.5883, Validation Accuracy: 0.7309
Starting Validation
Epoch [64/200] - Train Loss: 0.0371, Train Accuracy: 0.9882 - 
Validation Loss: 1.1244, Validation Accuracy: 0.7201
Starting Validation
Epoch [65/200] - Train Loss: 0.0214, Train Accuracy: 0.9934 - 
Validation Loss: 2.0232, Validation Accuracy: 0.7303
Starting Validation
Epoch [66/200] - Train Loss: 0.0074, Train Accuracy: 0.9967 - 
Validation Loss: 2.2256, Validation Accuracy: 0.6528
Starting Validation
Epoch [67/200] - Train Loss: 0.0251, Train Accuracy: 0.9915 - 
Validation Loss: 2.2795, Validation Accuracy: 0.7386
Starting Validation
Epoch [68/200] - Train Loss: 0.0183, Train Accuracy: 0.9934 - 
Validation Loss: 2.3734, Validation Accuracy: 0.7316
Starting Validation
Epoch [69/200] - Train Loss: 0.0287, Train Accuracy: 0.9909 - 
Validation Loss: 1.8637, Validation Accuracy: 0.7233
Starting Validation
Epoch [70/200] - Train Loss: 0.0041, Train Accuracy: 0.9984 - 
Validation Loss: 2.7014, Validation Accuracy: 0.7322
Starting Validation
Epoch [71/200] - Train Loss: 0.0012, Train Accuracy: 0.9995 - 
Validation Loss: 3.2122, Validation Accuracy: 0.7438
Starting Validation
Epoch [72/200] - Train Loss: 0.0007, Train Accuracy: 0.9995 - 
Validation Loss: 3.0740, Validation Accuracy: 0.7265
Starting Validation
Epoch [73/200] - Train Loss: 0.0005, Train Accuracy: 0.9995 - 
Validation Loss: 3.5462, Validation Accuracy: 0.7245
Starting Validation
Epoch [74/200] - Train Loss: 0.0011, Train Accuracy: 0.9997 - 
Validation Loss: 3.9516, Validation Accuracy: 0.7386
Starting Validation
Epoch [75/200] - Train Loss: 0.0014, Train Accuracy: 0.9995 - 
Validation Loss: 3.5598, Validation Accuracy: 0.7393
Starting Validation
Epoch [76/200] - Train Loss: 0.0004, Train Accuracy: 0.9997 - 
Validation Loss: 3.5450, Validation Accuracy: 0.7348
Starting Validation
Epoch [77/200] - Train Loss: 0.0005, Train Accuracy: 0.9997 - 
Validation Loss: 3.4996, Validation Accuracy: 0.7297
Starting Validation
Epoch [78/200] - Train Loss: 0.0005, Train Accuracy: 0.9995 - 
Validation Loss: 3.4975, Validation Accuracy: 0.7290
Starting Validation
Epoch [79/200] - Train Loss: 0.0006, Train Accuracy: 0.9995 - 
Validation Loss: 3.4366, Validation Accuracy: 0.7265
Starting Validation
Epoch [80/200] - Train Loss: 0.0005, Train Accuracy: 0.9997 - 
Validation Loss: 3.5049, Validation Accuracy: 0.7322
Starting Validation
Epoch [81/200] - Train Loss: 0.0004, Train Accuracy: 0.9997 - 
Validation Loss: 3.6078, Validation Accuracy: 0.7348
Starting Validation
Epoch [82/200] - Train Loss: 0.0004, Train Accuracy: 0.9997 - 
Validation Loss: 3.6653, Validation Accuracy: 0.7373
Starting Validation
Epoch [83/200] - Train Loss: 0.0004, Train Accuracy: 0.9997 - 
Validation Loss: 3.6835, Validation Accuracy: 0.7297
Starting Validation
Epoch [84/200] - Train Loss: 0.0005, Train Accuracy: 0.9997 - 
Validation Loss: 3.6660, Validation Accuracy: 0.7290
Starting Validation
Epoch [85/200] - Train Loss: 0.0004, Train Accuracy: 0.9995 - 
Validation Loss: 3.7833, Validation Accuracy: 0.7309
Starting Validation
Epoch [86/200] - Train Loss: 0.0004, Train Accuracy: 0.9997 - 
Validation Loss: 3.7985, Validation Accuracy: 0.7290
Starting Validation
Epoch [87/200] - Train Loss: 0.0009, Train Accuracy: 0.9995 - 
Validation Loss: 3.9551, Validation Accuracy: 0.7322
Starting Validation
Epoch [88/200] - Train Loss: 0.0005, Train Accuracy: 0.9995 - 
Validation Loss: 4.0868, Validation Accuracy: 0.7412
Starting Validation
Epoch [89/200] - Train Loss: 0.0285, Train Accuracy: 0.9904 - 
Validation Loss: 1.2980, Validation Accuracy: 0.6976
Starting Validation
Epoch [90/200] - Train Loss: 0.1156, Train Accuracy: 0.9585 - 
Validation Loss: 1.0716, Validation Accuracy: 0.6765
Starting Validation
Epoch [91/200] - Train Loss: 0.0598, Train Accuracy: 0.9805 - 
Validation Loss: 1.6201, Validation Accuracy: 0.7104
Starting Validation
Epoch [92/200] - Train Loss: 0.0302, Train Accuracy: 0.9918 - 
Validation Loss: 2.0396, Validation Accuracy: 0.7104
Starting Validation
Epoch [93/200] - Train Loss: 0.0245, Train Accuracy: 0.9915 - 
Validation Loss: 1.9036, Validation Accuracy: 0.7079
Starting Validation
Epoch [94/200] - Train Loss: 0.0171, Train Accuracy: 0.9945 - 
Validation Loss: 2.1508, Validation Accuracy: 0.7322
Starting Validation
Epoch [95/200] - Train Loss: 0.0167, Train Accuracy: 0.9956 - 
Validation Loss: 1.8247, Validation Accuracy: 0.7265
Starting Validation
Epoch [96/200] - Train Loss: 0.0143, Train Accuracy: 0.9956 - 
Validation Loss: 2.6152, Validation Accuracy: 0.7047
Starting Validation
Epoch [97/200] - Train Loss: 0.0015, Train Accuracy: 0.9995 - 
Validation Loss: 3.1453, Validation Accuracy: 0.7303
Starting Validation
Epoch [98/200] - Train Loss: 0.0116, Train Accuracy: 0.9951 - 
Validation Loss: 2.0513, Validation Accuracy: 0.7335
Starting Validation
Epoch [99/200] - Train Loss: 0.0139, Train Accuracy: 0.9951 - 
Validation Loss: 2.4299, Validation Accuracy: 0.6996
Starting Validation
Epoch [100/200] - Train Loss: 0.0030, Train Accuracy: 0.9984 - 
Validation Loss: 3.3234, Validation Accuracy: 0.7309
Starting Validation
Epoch [101/200] - Train Loss: 0.0259, Train Accuracy: 0.9909 - 
Validation Loss: 2.4356, Validation Accuracy: 0.7348
Starting Validation
Epoch [102/200] - Train Loss: 0.0210, Train Accuracy: 0.9945 - 
Validation Loss: 2.9018, Validation Accuracy: 0.7393
Starting Validation
Epoch [103/200] - Train Loss: 0.0120, Train Accuracy: 0.9948 - 
Validation Loss: 2.8371, Validation Accuracy: 0.7181
Starting Validation
Epoch [104/200] - Train Loss: 0.0010, Train Accuracy: 0.9995 - 
Validation Loss: 3.6908, Validation Accuracy: 0.7348
Starting Validation
Epoch [105/200] - Train Loss: 0.0014, Train Accuracy: 0.9995 - 
Validation Loss: 4.4698, Validation Accuracy: 0.7470
Starting Validation
Epoch [106/200] - Train Loss: 0.0008, Train Accuracy: 0.9997 - 
Validation Loss: 3.5818, Validation Accuracy: 0.7303
Starting Validation
Epoch [107/200] - Train Loss: 0.0006, Train Accuracy: 0.9997 - 
Validation Loss: 3.5758, Validation Accuracy: 0.7284
Starting Validation
Epoch [108/200] - Train Loss: 0.0004, Train Accuracy: 0.9997 - 
Validation Loss: 3.6010, Validation Accuracy: 0.7290
Starting Validation
Epoch [109/200] - Train Loss: 0.0004, Train Accuracy: 0.9997 - 
Validation Loss: 3.6682, Validation Accuracy: 0.7290
Starting Validation
Epoch [110/200] - Train Loss: 0.0005, Train Accuracy: 0.9997 - 
Validation Loss: 3.7025, Validation Accuracy: 0.7316
Starting Validation
Epoch [111/200] - Train Loss: 0.0004, Train Accuracy: 0.9997 - 
Validation Loss: 3.7541, Validation Accuracy: 0.7316
Starting Validation
Epoch [112/200] - Train Loss: 0.0004, Train Accuracy: 0.9997 - 
Validation Loss: 3.7646, Validation Accuracy: 0.7297
Starting Validation
Epoch [113/200] - Train Loss: 0.0005, Train Accuracy: 0.9995 - 
Validation Loss: 3.8147, Validation Accuracy: 0.7303
Starting Validation
Epoch [114/200] - Train Loss: 0.0005, Train Accuracy: 0.9997 - 
Validation Loss: 3.8577, Validation Accuracy: 0.7284
Starting Validation
Epoch [115/200] - Train Loss: 0.0004, Train Accuracy: 0.9997 - 
Validation Loss: 3.8766, Validation Accuracy: 0.7290
Starting Validation
Epoch [116/200] - Train Loss: 0.0004, Train Accuracy: 0.9997 - 
Validation Loss: 3.9190, Validation Accuracy: 0.7290
Starting Validation
Epoch [117/200] - Train Loss: 0.0004, Train Accuracy: 0.9995 - 
Validation Loss: 3.9309, Validation Accuracy: 0.7277
Starting Validation
Epoch [118/200] - Train Loss: 0.0004, Train Accuracy: 0.9997 - 
Validation Loss: 3.9680, Validation Accuracy: 0.7290
Starting Validation
Epoch [119/200] - Train Loss: 0.0004, Train Accuracy: 0.9997 - 
Validation Loss: 4.0148, Validation Accuracy: 0.7284
Starting Validation
Epoch [120/200] - Train Loss: 0.0004, Train Accuracy: 0.9997 - 
Validation Loss: 4.0850, Validation Accuracy: 0.7284
Starting Validation
Epoch [121/200] - Train Loss: 0.0004, Train Accuracy: 0.9997 - 
Validation Loss: 4.1395, Validation Accuracy: 0.7303
Starting Validation
Epoch [122/200] - Train Loss: 0.0005, Train Accuracy: 0.9995 - 
Validation Loss: 4.1096, Validation Accuracy: 0.7297
Starting Validation
Epoch [123/200] - Train Loss: 0.0005, Train Accuracy: 0.9997 - 
Validation Loss: 4.2229, Validation Accuracy: 0.7335
Starting Validation
Epoch [124/200] - Train Loss: 0.0004, Train Accuracy: 0.9995 - 
Validation Loss: 3.9813, Validation Accuracy: 0.7284
Starting Validation
Epoch [125/200] - Train Loss: 0.0004, Train Accuracy: 0.9997 - 
Validation Loss: 4.0265, Validation Accuracy: 0.7284
Starting Validation
Epoch [126/200] - Train Loss: 0.0005, Train Accuracy: 0.9995 - 
Validation Loss: 4.0277, Validation Accuracy: 0.7303
Starting Validation
Epoch [127/200] - Train Loss: 0.0004, Train Accuracy: 0.9995 - 
Validation Loss: 4.0764, Validation Accuracy: 0.7303
Starting Validation
Epoch [128/200] - Train Loss: 0.0004, Train Accuracy: 0.9995 - 
Validation Loss: 4.1829, Validation Accuracy: 0.7290
Starting Validation
Epoch [129/200] - Train Loss: 0.0004, Train Accuracy: 0.9997 - 
Validation Loss: 4.2270, Validation Accuracy: 0.7290
Starting Validation
Epoch [130/200] - Train Loss: 0.0004, Train Accuracy: 0.9997 - 
Validation Loss: 4.3290, Validation Accuracy: 0.7290
Starting Validation
Epoch [131/200] - Train Loss: 0.0004, Train Accuracy: 0.9995 - 
Validation Loss: 4.3891, Validation Accuracy: 0.7297
Starting Validation
Epoch [132/200] - Train Loss: 0.0004, Train Accuracy: 0.9995 - 
Validation Loss: 4.5393, Validation Accuracy: 0.7303
Starting Validation
Epoch [133/200] - Train Loss: 0.0004, Train Accuracy: 0.9995 - 
Validation Loss: 4.6736, Validation Accuracy: 0.7309
Starting Validation
Epoch [134/200] - Train Loss: 0.0004, Train Accuracy: 0.9997 - 
Validation Loss: 4.7526, Validation Accuracy: 0.7303
Starting Validation
Epoch [135/200] - Train Loss: 0.0004, Train Accuracy: 0.9995 - 
Validation Loss: 4.9306, Validation Accuracy: 0.7329
Starting Validation
Epoch [136/200] - Train Loss: 0.0004, Train Accuracy: 0.9997 - 
Validation Loss: 5.0666, Validation Accuracy: 0.7316
Starting Validation
Epoch [137/200] - Train Loss: 0.0004, Train Accuracy: 0.9995 - 
Validation Loss: 5.1113, Validation Accuracy: 0.7309
Starting Validation
Epoch [138/200] - Train Loss: 0.0004, Train Accuracy: 0.9997 - 
Validation Loss: 5.3231, Validation Accuracy: 0.7322
Starting Validation
Epoch [139/200] - Train Loss: 0.0004, Train Accuracy: 0.9995 - 
Validation Loss: 5.2990, Validation Accuracy: 0.7322
Starting Validation
Epoch [140/200] - Train Loss: 0.0004, Train Accuracy: 1.0000 - 
Validation Loss: 5.3127, Validation Accuracy: 0.7297
Starting Validation
Epoch [141/200] - Train Loss: 0.0004, Train Accuracy: 0.9995 - 
Validation Loss: 5.3044, Validation Accuracy: 0.7297
Starting Validation
Epoch [142/200] - Train Loss: 0.0004, Train Accuracy: 0.9995 - 
Validation Loss: 5.2939, Validation Accuracy: 0.7277
Starting Validation
Epoch [143/200] - Train Loss: 0.0004, Train Accuracy: 0.9997 - 
Validation Loss: 5.3317, Validation Accuracy: 0.7258
Starting Validation
Epoch [144/200] - Train Loss: 0.0004, Train Accuracy: 1.0000 - 
Validation Loss: 5.0529, Validation Accuracy: 0.7309
Starting Validation
Epoch [145/200] - Train Loss: 0.0004, Train Accuracy: 0.9997 - 
Validation Loss: 5.1220, Validation Accuracy: 0.7303
Starting Validation
Epoch [146/200] - Train Loss: 0.0004, Train Accuracy: 0.9995 - 
Validation Loss: 5.2046, Validation Accuracy: 0.7309
Starting Validation
Epoch [147/200] - Train Loss: 0.0004, Train Accuracy: 0.9995 - 
Validation Loss: 5.3987, Validation Accuracy: 0.7303
Starting Validation
Epoch [148/200] - Train Loss: 0.0004, Train Accuracy: 0.9997 - 
Validation Loss: 5.7217, Validation Accuracy: 0.7329
Starting Validation
Epoch [149/200] - Train Loss: 0.0004, Train Accuracy: 1.0000 - 
Validation Loss: 6.0514, Validation Accuracy: 0.7309
Starting Validation
Epoch [150/200] - Train Loss: 0.0005, Train Accuracy: 0.9997 - 
Validation Loss: 5.5675, Validation Accuracy: 0.7277
Starting Validation
Epoch [151/200] - Train Loss: 0.0005, Train Accuracy: 0.9995 - 
Validation Loss: 6.5104, Validation Accuracy: 0.7450
Starting Validation
Epoch [152/200] - Train Loss: 0.2202, Train Accuracy: 0.9206 - 
Validation Loss: 0.8035, Validation Accuracy: 0.7719
Starting Validation
Epoch [153/200] - Train Loss: 0.1974, Train Accuracy: 0.9215 - 
Validation Loss: 1.3022, Validation Accuracy: 0.7444
Starting Validation
Epoch [154/200] - Train Loss: 0.0371, Train Accuracy: 0.9879 - 
Validation Loss: 1.9785, Validation Accuracy: 0.7341
Starting Validation
Epoch [155/200] - Train Loss: 0.0216, Train Accuracy: 0.9945 - 
Validation Loss: 1.7402, Validation Accuracy: 0.6976
Starting Validation
Epoch [156/200] - Train Loss: 0.0222, Train Accuracy: 0.9918 - 
Validation Loss: 2.1414, Validation Accuracy: 0.7233
Starting Validation
Epoch [157/200] - Train Loss: 0.0030, Train Accuracy: 0.9989 - 
Validation Loss: 3.0036, Validation Accuracy: 0.7098
Starting Validation
Epoch [158/200] - Train Loss: 0.0027, Train Accuracy: 0.9986 - 
Validation Loss: 3.9447, Validation Accuracy: 0.7258
Starting Validation
Epoch [159/200] - Train Loss: 0.0012, Train Accuracy: 0.9995 - 
Validation Loss: 3.7686, Validation Accuracy: 0.7348
Starting Validation
Epoch [160/200] - Train Loss: 0.0009, Train Accuracy: 0.9997 - 
Validation Loss: 3.8055, Validation Accuracy: 0.7335
Starting Validation
Epoch [161/200] - Train Loss: 0.0005, Train Accuracy: 0.9997 - 
Validation Loss: 3.7859, Validation Accuracy: 0.7335
Starting Validation
Epoch [162/200] - Train Loss: 0.0004, Train Accuracy: 0.9995 - 
Validation Loss: 3.8998, Validation Accuracy: 0.7329
Starting Validation
Epoch [163/200] - Train Loss: 0.0004, Train Accuracy: 0.9997 - 
Validation Loss: 4.4679, Validation Accuracy: 0.7329
Starting Validation
Epoch [164/200] - Train Loss: 0.0011, Train Accuracy: 0.9997 - 
Validation Loss: 4.5534, Validation Accuracy: 0.7341
Starting Validation
Epoch [165/200] - Train Loss: 0.0005, Train Accuracy: 0.9995 - 
Validation Loss: 4.9893, Validation Accuracy: 0.7354
Starting Validation
Epoch [166/200] - Train Loss: 0.0009, Train Accuracy: 0.9997 - 
Validation Loss: 6.0467, Validation Accuracy: 0.7476
Starting Validation
Epoch [167/200] - Train Loss: 0.0012, Train Accuracy: 0.9995 - 
Validation Loss: 4.9319, Validation Accuracy: 0.7406
Starting Validation
Epoch [168/200] - Train Loss: 0.0004, Train Accuracy: 0.9997 - 
Validation Loss: 5.0104, Validation Accuracy: 0.7393
Starting Validation
Epoch [169/200] - Train Loss: 0.0004, Train Accuracy: 0.9997 - 
Validation Loss: 5.0865, Validation Accuracy: 0.7380
Starting Validation
Epoch [170/200] - Train Loss: 0.0004, Train Accuracy: 0.9997 - 
Validation Loss: 5.2062, Validation Accuracy: 0.7354
Starting Validation
Epoch [171/200] - Train Loss: 0.0004, Train Accuracy: 0.9997 - 
Validation Loss: 5.3495, Validation Accuracy: 0.7348
Starting Validation
Epoch [172/200] - Train Loss: 0.0004, Train Accuracy: 0.9997 - 
Validation Loss: 5.4224, Validation Accuracy: 0.7354
Starting Validation
Epoch [173/200] - Train Loss: 0.0004, Train Accuracy: 0.9997 - 
Validation Loss: 5.5070, Validation Accuracy: 0.7373
Starting Validation
Epoch [174/200] - Train Loss: 0.0004, Train Accuracy: 0.9997 - 
Validation Loss: 5.4584, Validation Accuracy: 0.7361
Starting Validation
Epoch [175/200] - Train Loss: 0.0004, Train Accuracy: 1.0000 - 
Validation Loss: 5.5697, Validation Accuracy: 0.7354
Starting Validation
Epoch [176/200] - Train Loss: 0.0004, Train Accuracy: 0.9995 - 
Validation Loss: 5.6449, Validation Accuracy: 0.7354
Starting Validation
Epoch [177/200] - Train Loss: 0.0004, Train Accuracy: 0.9997 - 
Validation Loss: 5.6149, Validation Accuracy: 0.7335
Starting Validation
Epoch [178/200] - Train Loss: 0.0004, Train Accuracy: 0.9997 - 
Validation Loss: 5.7186, Validation Accuracy: 0.7341
Starting Validation
Epoch [179/200] - Train Loss: 0.0004, Train Accuracy: 1.0000 - 
Validation Loss: 5.7975, Validation Accuracy: 0.7361
Starting Validation
Epoch [180/200] - Train Loss: 0.0004, Train Accuracy: 0.9997 - 
Validation Loss: 5.9239, Validation Accuracy: 0.7348
Starting Validation
Epoch [181/200] - Train Loss: 0.0005, Train Accuracy: 0.9995 - 
Validation Loss: 5.7394, Validation Accuracy: 0.7329
Starting Validation
Epoch [182/200] - Train Loss: 0.0004, Train Accuracy: 0.9997 - 
Validation Loss: 5.8094, Validation Accuracy: 0.7329
Starting Validation
Epoch [183/200] - Train Loss: 0.0004, Train Accuracy: 0.9995 - 
Validation Loss: 5.8609, Validation Accuracy: 0.7316
Starting Validation
Epoch [184/200] - Train Loss: 0.0004, Train Accuracy: 0.9995 - 
Validation Loss: 5.9121, Validation Accuracy: 0.7309
Starting Validation
Epoch [185/200] - Train Loss: 0.0004, Train Accuracy: 1.0000 - 
Validation Loss: 6.0279, Validation Accuracy: 0.7316
Starting Validation
Epoch [186/200] - Train Loss: 0.0004, Train Accuracy: 0.9997 - 
Validation Loss: 6.1285, Validation Accuracy: 0.7316
Starting Validation
Epoch [187/200] - Train Loss: 0.0005, Train Accuracy: 0.9995 - 
Validation Loss: 6.0803, Validation Accuracy: 0.7316
Starting Validation
Epoch [188/200] - Train Loss: 0.0005, Train Accuracy: 0.9995 - 
Validation Loss: 6.1671, Validation Accuracy: 0.7309
Starting Validation
Epoch [189/200] - Train Loss: 0.0004, Train Accuracy: 0.9997 - 
Validation Loss: 6.2319, Validation Accuracy: 0.7329
Starting Validation
Epoch [190/200] - Train Loss: 0.0004, Train Accuracy: 0.9995 - 
Validation Loss: 6.3331, Validation Accuracy: 0.7329
Starting Validation
Epoch [191/200] - Train Loss: 0.0004, Train Accuracy: 0.9997 - 
Validation Loss: 6.3701, Validation Accuracy: 0.7341
Starting Validation
Epoch [192/200] - Train Loss: 0.0004, Train Accuracy: 0.9995 - 
Validation Loss: 6.3954, Validation Accuracy: 0.7329
Starting Validation
Epoch [193/200] - Train Loss: 0.0004, Train Accuracy: 0.9995 - 
Validation Loss: 6.4842, Validation Accuracy: 0.7329
Starting Validation
Epoch [194/200] - Train Loss: 0.0004, Train Accuracy: 0.9997 - 
Validation Loss: 6.5599, Validation Accuracy: 0.7335
Starting Validation
Epoch [195/200] - Train Loss: 0.0004, Train Accuracy: 0.9995 - 
Validation Loss: 6.5912, Validation Accuracy: 0.7335
Starting Validation
Epoch [196/200] - Train Loss: 0.0004, Train Accuracy: 0.9997 - 
Validation Loss: 6.5305, Validation Accuracy: 0.7335
Starting Validation
Epoch [197/200] - Train Loss: 0.0004, Train Accuracy: 0.9995 - 
Validation Loss: 6.4777, Validation Accuracy: 0.7335
Starting Validation
Epoch [198/200] - Train Loss: 0.0004, Train Accuracy: 0.9997 - 
Validation Loss: 6.5928, Validation Accuracy: 0.7329
Starting Validation
Epoch [199/200] - Train Loss: 0.0004, Train Accuracy: 0.9995 - 
Validation Loss: 6.5530, Validation Accuracy: 0.7329
Starting Validation
Epoch [200/200] - Train Loss: 0.0004, Train Accuracy: 1.0000 - 
Validation Loss: 6.9021, Validation Accuracy: 0.7335
Plotting graph now
