MODEL: efficientnet_b0	DATASET: CMMD
Training class distribution:
Class 0 (Benign): 752 samples
Class 1 (Malignant): 2889 samples

Validation class distribution:
Class 0 (Benign): 356 samples
Class 1 (Malignant): 1205 samples
Transforms on train: Compose(
    ToTensor()
)
Created DataLoaders
(224, 224)
Loaded pretrained weights for efficientnet-b0
Number of trainable parameters: 4010110
Starting training now
Starting Validation
Epoch [1/200] - Train Loss: 0.5138, Train Accuracy: 0.7811 - 
Validation Loss: 0.5912, Validation Accuracy: 0.7719
Starting Validation
Epoch [2/200] - Train Loss: 0.4488, Train Accuracy: 0.7968 - 
Validation Loss: 2.2913, Validation Accuracy: 0.7393
Starting Validation
Epoch [3/200] - Train Loss: 0.3955, Train Accuracy: 0.8207 - 
Validation Loss: 256.9904, Validation Accuracy: 0.7719
Starting Validation
Epoch [4/200] - Train Loss: 0.3086, Train Accuracy: 0.8671 - 
Validation Loss: 141.7614, Validation Accuracy: 0.7662
Starting Validation
Epoch [5/200] - Train Loss: 0.2105, Train Accuracy: 0.9162 - 
Validation Loss: 6.5213, Validation Accuracy: 0.7649
Starting Validation
Epoch [6/200] - Train Loss: 0.1433, Train Accuracy: 0.9500 - 
Validation Loss: 1.3838, Validation Accuracy: 0.7700
Starting Validation
Epoch [7/200] - Train Loss: 0.1069, Train Accuracy: 0.9643 - 
Validation Loss: 1.5281, Validation Accuracy: 0.7585
Starting Validation
Epoch [8/200] - Train Loss: 0.0930, Train Accuracy: 0.9676 - 
Validation Loss: 1.0895, Validation Accuracy: 0.7117
Starting Validation
Epoch [9/200] - Train Loss: 0.0773, Train Accuracy: 0.9736 - 
Validation Loss: 1.1695, Validation Accuracy: 0.7117
Starting Validation
Epoch [10/200] - Train Loss: 0.0709, Train Accuracy: 0.9734 - 
Validation Loss: 0.8409, Validation Accuracy: 0.7060
Starting Validation
Epoch [11/200] - Train Loss: 0.0560, Train Accuracy: 0.9805 - 
Validation Loss: 1.1676, Validation Accuracy: 0.7438
Starting Validation
Epoch [12/200] - Train Loss: 0.0588, Train Accuracy: 0.9813 - 
Validation Loss: 1.0656, Validation Accuracy: 0.7111
Starting Validation
Epoch [13/200] - Train Loss: 0.0618, Train Accuracy: 0.9772 - 
Validation Loss: 1.1316, Validation Accuracy: 0.7271
Starting Validation
Epoch [14/200] - Train Loss: 0.0518, Train Accuracy: 0.9800 - 
Validation Loss: 1.6957, Validation Accuracy: 0.7546
Starting Validation
Epoch [15/200] - Train Loss: 0.0468, Train Accuracy: 0.9841 - 
Validation Loss: 1.3291, Validation Accuracy: 0.7111
Starting Validation
Epoch [16/200] - Train Loss: 0.0417, Train Accuracy: 0.9832 - 
Validation Loss: 2.0207, Validation Accuracy: 0.7566
Starting Validation
Epoch [17/200] - Train Loss: 0.0447, Train Accuracy: 0.9841 - 
Validation Loss: 1.4794, Validation Accuracy: 0.7239
Starting Validation
Epoch [18/200] - Train Loss: 0.0408, Train Accuracy: 0.9852 - 
Validation Loss: 1.6052, Validation Accuracy: 0.7521
Starting Validation
Epoch [19/200] - Train Loss: 0.0347, Train Accuracy: 0.9865 - 
Validation Loss: 1.2197, Validation Accuracy: 0.6637
Starting Validation
Epoch [20/200] - Train Loss: 0.0462, Train Accuracy: 0.9843 - 
Validation Loss: 1.6170, Validation Accuracy: 0.7354
Starting Validation
Epoch [21/200] - Train Loss: 0.0387, Train Accuracy: 0.9852 - 
Validation Loss: 1.3380, Validation Accuracy: 0.7373
Starting Validation
Epoch [22/200] - Train Loss: 0.0343, Train Accuracy: 0.9854 - 
Validation Loss: 1.3347, Validation Accuracy: 0.7393
Starting Validation
Epoch [23/200] - Train Loss: 0.0507, Train Accuracy: 0.9819 - 
Validation Loss: 1.7784, Validation Accuracy: 0.7399
Starting Validation
Epoch [24/200] - Train Loss: 0.0281, Train Accuracy: 0.9907 - 
Validation Loss: 1.5462, Validation Accuracy: 0.7386
Starting Validation
Epoch [25/200] - Train Loss: 0.0272, Train Accuracy: 0.9898 - 
Validation Loss: 1.7758, Validation Accuracy: 0.7566
Starting Validation
Epoch [26/200] - Train Loss: 0.0235, Train Accuracy: 0.9912 - 
Validation Loss: 1.4238, Validation Accuracy: 0.7053
Starting Validation
Epoch [27/200] - Train Loss: 0.0344, Train Accuracy: 0.9887 - 
Validation Loss: 1.6249, Validation Accuracy: 0.6951
Starting Validation
Epoch [28/200] - Train Loss: 0.0311, Train Accuracy: 0.9896 - 
Validation Loss: 1.6372, Validation Accuracy: 0.7444
Starting Validation
Epoch [29/200] - Train Loss: 0.0291, Train Accuracy: 0.9907 - 
Validation Loss: 2.1106, Validation Accuracy: 0.7482
Starting Validation
Epoch [30/200] - Train Loss: 0.0248, Train Accuracy: 0.9915 - 
Validation Loss: 1.8996, Validation Accuracy: 0.7476
Starting Validation
Epoch [31/200] - Train Loss: 0.0269, Train Accuracy: 0.9915 - 
Validation Loss: 1.5821, Validation Accuracy: 0.7373
Starting Validation
Epoch [32/200] - Train Loss: 0.0274, Train Accuracy: 0.9907 - 
Validation Loss: 1.6940, Validation Accuracy: 0.7495
Starting Validation
Epoch [33/200] - Train Loss: 0.0257, Train Accuracy: 0.9923 - 
Validation Loss: 2.4329, Validation Accuracy: 0.7546
Starting Validation
Epoch [34/200] - Train Loss: 0.0201, Train Accuracy: 0.9920 - 
Validation Loss: 1.8862, Validation Accuracy: 0.7598
Starting Validation
Epoch [35/200] - Train Loss: 0.0246, Train Accuracy: 0.9920 - 
Validation Loss: 1.7347, Validation Accuracy: 0.7367
Starting Validation
Epoch [36/200] - Train Loss: 0.0169, Train Accuracy: 0.9940 - 
Validation Loss: 2.4298, Validation Accuracy: 0.7431
Starting Validation
Epoch [37/200] - Train Loss: 0.0244, Train Accuracy: 0.9904 - 
Validation Loss: 1.7013, Validation Accuracy: 0.6624
Starting Validation
Epoch [38/200] - Train Loss: 0.0234, Train Accuracy: 0.9915 - 
Validation Loss: 2.1317, Validation Accuracy: 0.7572
Starting Validation
Epoch [39/200] - Train Loss: 0.0235, Train Accuracy: 0.9920 - 
Validation Loss: 1.4998, Validation Accuracy: 0.7341
Starting Validation
Epoch [40/200] - Train Loss: 0.0311, Train Accuracy: 0.9879 - 
Validation Loss: 1.9149, Validation Accuracy: 0.7053
Starting Validation
Epoch [41/200] - Train Loss: 0.0210, Train Accuracy: 0.9915 - 
Validation Loss: 2.1416, Validation Accuracy: 0.7412
Starting Validation
Epoch [42/200] - Train Loss: 0.0186, Train Accuracy: 0.9937 - 
Validation Loss: 2.1210, Validation Accuracy: 0.7470
Starting Validation
Epoch [43/200] - Train Loss: 0.0261, Train Accuracy: 0.9904 - 
Validation Loss: 2.6390, Validation Accuracy: 0.7662
Starting Validation
Epoch [44/200] - Train Loss: 0.0231, Train Accuracy: 0.9901 - 
Validation Loss: 1.6850, Validation Accuracy: 0.6823
Starting Validation
Epoch [45/200] - Train Loss: 0.0335, Train Accuracy: 0.9868 - 
Validation Loss: 1.7685, Validation Accuracy: 0.7489
Starting Validation
Epoch [46/200] - Train Loss: 0.0160, Train Accuracy: 0.9940 - 
Validation Loss: 2.0089, Validation Accuracy: 0.7066
Starting Validation
Epoch [47/200] - Train Loss: 0.0178, Train Accuracy: 0.9942 - 
Validation Loss: 1.7901, Validation Accuracy: 0.7047
Starting Validation
Epoch [48/200] - Train Loss: 0.0188, Train Accuracy: 0.9934 - 
Validation Loss: 2.2456, Validation Accuracy: 0.7207
Starting Validation
Epoch [49/200] - Train Loss: 0.0155, Train Accuracy: 0.9940 - 
Validation Loss: 1.8589, Validation Accuracy: 0.7386
Starting Validation
Epoch [50/200] - Train Loss: 0.0153, Train Accuracy: 0.9951 - 
Validation Loss: 3.0594, Validation Accuracy: 0.7527
Starting Validation
Epoch [51/200] - Train Loss: 0.0120, Train Accuracy: 0.9959 - 
Validation Loss: 1.9939, Validation Accuracy: 0.6944
Starting Validation
Epoch [52/200] - Train Loss: 0.0167, Train Accuracy: 0.9918 - 
Validation Loss: 2.2343, Validation Accuracy: 0.7085
Starting Validation
Epoch [53/200] - Train Loss: 0.0169, Train Accuracy: 0.9929 - 
Validation Loss: 3.5235, Validation Accuracy: 0.7572
Starting Validation
Epoch [54/200] - Train Loss: 0.0195, Train Accuracy: 0.9929 - 
Validation Loss: 2.0625, Validation Accuracy: 0.7175
Starting Validation
Epoch [55/200] - Train Loss: 0.0253, Train Accuracy: 0.9901 - 
Validation Loss: 2.1927, Validation Accuracy: 0.7457
Starting Validation
Epoch [56/200] - Train Loss: 0.0228, Train Accuracy: 0.9896 - 
Validation Loss: 2.1988, Validation Accuracy: 0.7495
Starting Validation
Epoch [57/200] - Train Loss: 0.0193, Train Accuracy: 0.9920 - 
Validation Loss: 1.4588, Validation Accuracy: 0.7028
Starting Validation
Epoch [58/200] - Train Loss: 0.0283, Train Accuracy: 0.9887 - 
Validation Loss: 2.0114, Validation Accuracy: 0.7104
Starting Validation
Epoch [59/200] - Train Loss: 0.0153, Train Accuracy: 0.9948 - 
Validation Loss: 2.5932, Validation Accuracy: 0.7546
Starting Validation
Epoch [60/200] - Train Loss: 0.0158, Train Accuracy: 0.9934 - 
Validation Loss: 2.7936, Validation Accuracy: 0.7591
Starting Validation
Epoch [61/200] - Train Loss: 0.0141, Train Accuracy: 0.9948 - 
Validation Loss: 2.6619, Validation Accuracy: 0.7514
Starting Validation
Epoch [62/200] - Train Loss: 0.0130, Train Accuracy: 0.9962 - 
Validation Loss: 2.1856, Validation Accuracy: 0.7143
Starting Validation
Epoch [63/200] - Train Loss: 0.0135, Train Accuracy: 0.9953 - 
Validation Loss: 2.2218, Validation Accuracy: 0.7341
Starting Validation
Epoch [64/200] - Train Loss: 0.0209, Train Accuracy: 0.9926 - 
Validation Loss: 2.0507, Validation Accuracy: 0.6912
Starting Validation
Epoch [65/200] - Train Loss: 0.0156, Train Accuracy: 0.9923 - 
Validation Loss: 2.8573, Validation Accuracy: 0.7585
Starting Validation
Epoch [66/200] - Train Loss: 0.0166, Train Accuracy: 0.9951 - 
Validation Loss: 2.4778, Validation Accuracy: 0.7354
Starting Validation
Epoch [67/200] - Train Loss: 0.0090, Train Accuracy: 0.9973 - 
Validation Loss: 2.4900, Validation Accuracy: 0.7412
Starting Validation
Epoch [68/200] - Train Loss: 0.0141, Train Accuracy: 0.9948 - 
Validation Loss: 1.9055, Validation Accuracy: 0.7028
Starting Validation
Epoch [69/200] - Train Loss: 0.0176, Train Accuracy: 0.9931 - 
Validation Loss: 2.1743, Validation Accuracy: 0.7393
Starting Validation
Epoch [70/200] - Train Loss: 0.0175, Train Accuracy: 0.9942 - 
Validation Loss: 2.0196, Validation Accuracy: 0.6970
Starting Validation
Epoch [71/200] - Train Loss: 0.0180, Train Accuracy: 0.9942 - 
Validation Loss: 2.2772, Validation Accuracy: 0.7482
Starting Validation
Epoch [72/200] - Train Loss: 0.0134, Train Accuracy: 0.9948 - 
Validation Loss: 2.4579, Validation Accuracy: 0.7335
Starting Validation
Epoch [73/200] - Train Loss: 0.0154, Train Accuracy: 0.9929 - 
Validation Loss: 2.2924, Validation Accuracy: 0.7297
Starting Validation
Epoch [74/200] - Train Loss: 0.0174, Train Accuracy: 0.9929 - 
Validation Loss: 1.7574, Validation Accuracy: 0.6976
Starting Validation
Epoch [75/200] - Train Loss: 0.0078, Train Accuracy: 0.9973 - 
Validation Loss: 2.4655, Validation Accuracy: 0.7444
Starting Validation
Epoch [76/200] - Train Loss: 0.0090, Train Accuracy: 0.9981 - 
Validation Loss: 2.3929, Validation Accuracy: 0.7194
Starting Validation
Epoch [77/200] - Train Loss: 0.0103, Train Accuracy: 0.9962 - 
Validation Loss: 2.8242, Validation Accuracy: 0.7335
Starting Validation
Epoch [78/200] - Train Loss: 0.0219, Train Accuracy: 0.9907 - 
Validation Loss: 1.8001, Validation Accuracy: 0.7213
Starting Validation
Epoch [79/200] - Train Loss: 0.0192, Train Accuracy: 0.9937 - 
Validation Loss: 3.3922, Validation Accuracy: 0.7559
Starting Validation
Epoch [80/200] - Train Loss: 0.0180, Train Accuracy: 0.9923 - 
Validation Loss: 2.4486, Validation Accuracy: 0.7277
Starting Validation
Epoch [81/200] - Train Loss: 0.0114, Train Accuracy: 0.9959 - 
Validation Loss: 3.1404, Validation Accuracy: 0.7585
Starting Validation
Epoch [82/200] - Train Loss: 0.0183, Train Accuracy: 0.9934 - 
Validation Loss: 2.2890, Validation Accuracy: 0.7425
Starting Validation
Epoch [83/200] - Train Loss: 0.0104, Train Accuracy: 0.9956 - 
Validation Loss: 2.9097, Validation Accuracy: 0.7425
Starting Validation
Epoch [84/200] - Train Loss: 0.0177, Train Accuracy: 0.9942 - 
Validation Loss: 2.8951, Validation Accuracy: 0.7598
Starting Validation
Epoch [85/200] - Train Loss: 0.0162, Train Accuracy: 0.9942 - 
Validation Loss: 2.2064, Validation Accuracy: 0.7245
Starting Validation
Epoch [86/200] - Train Loss: 0.0090, Train Accuracy: 0.9967 - 
Validation Loss: 2.2269, Validation Accuracy: 0.7521
Starting Validation
Epoch [87/200] - Train Loss: 0.0123, Train Accuracy: 0.9956 - 
Validation Loss: 2.6819, Validation Accuracy: 0.7149
Starting Validation
Epoch [88/200] - Train Loss: 0.0179, Train Accuracy: 0.9948 - 
Validation Loss: 2.4610, Validation Accuracy: 0.7559
Starting Validation
Epoch [89/200] - Train Loss: 0.0122, Train Accuracy: 0.9953 - 
Validation Loss: 2.7611, Validation Accuracy: 0.7611
Starting Validation
Epoch [90/200] - Train Loss: 0.0125, Train Accuracy: 0.9959 - 
Validation Loss: 2.5585, Validation Accuracy: 0.7508
Starting Validation
Epoch [91/200] - Train Loss: 0.0091, Train Accuracy: 0.9964 - 
Validation Loss: 2.6907, Validation Accuracy: 0.7502
Starting Validation
Epoch [92/200] - Train Loss: 0.0154, Train Accuracy: 0.9964 - 
Validation Loss: 3.0031, Validation Accuracy: 0.7534
Starting Validation
Epoch [93/200] - Train Loss: 0.0141, Train Accuracy: 0.9945 - 
Validation Loss: 2.6849, Validation Accuracy: 0.7406
Starting Validation
Epoch [94/200] - Train Loss: 0.0048, Train Accuracy: 0.9986 - 
Validation Loss: 2.4547, Validation Accuracy: 0.7258
Starting Validation
Epoch [95/200] - Train Loss: 0.0067, Train Accuracy: 0.9984 - 
Validation Loss: 3.2462, Validation Accuracy: 0.7540
Starting Validation
Epoch [96/200] - Train Loss: 0.0094, Train Accuracy: 0.9973 - 
Validation Loss: 2.9489, Validation Accuracy: 0.7303
Starting Validation
Epoch [97/200] - Train Loss: 0.0217, Train Accuracy: 0.9923 - 
Validation Loss: 1.9263, Validation Accuracy: 0.7008
Starting Validation
Epoch [98/200] - Train Loss: 0.0240, Train Accuracy: 0.9931 - 
Validation Loss: 1.7149, Validation Accuracy: 0.7040
Starting Validation
Epoch [99/200] - Train Loss: 0.0094, Train Accuracy: 0.9970 - 
Validation Loss: 2.5224, Validation Accuracy: 0.7386
Starting Validation
Epoch [100/200] - Train Loss: 0.0070, Train Accuracy: 0.9975 - 
Validation Loss: 2.7867, Validation Accuracy: 0.7393
Starting Validation
Epoch [101/200] - Train Loss: 0.0062, Train Accuracy: 0.9975 - 
Validation Loss: 2.4142, Validation Accuracy: 0.7361
Starting Validation
Epoch [102/200] - Train Loss: 0.0073, Train Accuracy: 0.9967 - 
Validation Loss: 2.4685, Validation Accuracy: 0.7002
Starting Validation
Epoch [103/200] - Train Loss: 0.0079, Train Accuracy: 0.9975 - 
Validation Loss: 2.4008, Validation Accuracy: 0.7136
Starting Validation
Epoch [104/200] - Train Loss: 0.0087, Train Accuracy: 0.9970 - 
Validation Loss: 2.0283, Validation Accuracy: 0.7201
Starting Validation
Epoch [105/200] - Train Loss: 0.0067, Train Accuracy: 0.9973 - 
Validation Loss: 2.7995, Validation Accuracy: 0.7213
Starting Validation
Epoch [106/200] - Train Loss: 0.0079, Train Accuracy: 0.9962 - 
Validation Loss: 1.8590, Validation Accuracy: 0.7060
Starting Validation
Epoch [107/200] - Train Loss: 0.0067, Train Accuracy: 0.9981 - 
Validation Loss: 2.6944, Validation Accuracy: 0.7316
Starting Validation
Epoch [108/200] - Train Loss: 0.0189, Train Accuracy: 0.9945 - 
Validation Loss: 2.0561, Validation Accuracy: 0.6111
Starting Validation
Epoch [109/200] - Train Loss: 0.0178, Train Accuracy: 0.9945 - 
Validation Loss: 2.3266, Validation Accuracy: 0.7354
Starting Validation
Epoch [110/200] - Train Loss: 0.0085, Train Accuracy: 0.9967 - 
Validation Loss: 3.4768, Validation Accuracy: 0.7598
Starting Validation
Epoch [111/200] - Train Loss: 0.0170, Train Accuracy: 0.9945 - 
Validation Loss: 3.2258, Validation Accuracy: 0.7284
Starting Validation
Epoch [112/200] - Train Loss: 0.0157, Train Accuracy: 0.9934 - 
Validation Loss: 2.5793, Validation Accuracy: 0.7425
Starting Validation
Epoch [113/200] - Train Loss: 0.0058, Train Accuracy: 0.9984 - 
Validation Loss: 2.7800, Validation Accuracy: 0.7380
Starting Validation
Epoch [114/200] - Train Loss: 0.0067, Train Accuracy: 0.9986 - 
Validation Loss: 2.9418, Validation Accuracy: 0.7463
Starting Validation
Epoch [115/200] - Train Loss: 0.0100, Train Accuracy: 0.9964 - 
Validation Loss: 2.7017, Validation Accuracy: 0.7239
Starting Validation
Epoch [116/200] - Train Loss: 0.0079, Train Accuracy: 0.9978 - 
Validation Loss: 2.5918, Validation Accuracy: 0.7444
Starting Validation
Epoch [117/200] - Train Loss: 0.0131, Train Accuracy: 0.9956 - 
Validation Loss: 2.4463, Validation Accuracy: 0.7341
Starting Validation
Epoch [118/200] - Train Loss: 0.0088, Train Accuracy: 0.9967 - 
Validation Loss: 2.5635, Validation Accuracy: 0.7322
Starting Validation
Epoch [119/200] - Train Loss: 0.0064, Train Accuracy: 0.9981 - 
Validation Loss: 2.4375, Validation Accuracy: 0.7117
Starting Validation
Epoch [120/200] - Train Loss: 0.0054, Train Accuracy: 0.9981 - 
Validation Loss: 2.7972, Validation Accuracy: 0.7489
Starting Validation
Epoch [121/200] - Train Loss: 0.0150, Train Accuracy: 0.9956 - 
Validation Loss: 2.5562, Validation Accuracy: 0.7034
Starting Validation
Epoch [122/200] - Train Loss: 0.0078, Train Accuracy: 0.9970 - 
Validation Loss: 3.3778, Validation Accuracy: 0.7450
Starting Validation
Epoch [123/200] - Train Loss: 0.0086, Train Accuracy: 0.9959 - 
Validation Loss: 3.0570, Validation Accuracy: 0.7630
Starting Validation
Epoch [124/200] - Train Loss: 0.0076, Train Accuracy: 0.9973 - 
Validation Loss: 2.7927, Validation Accuracy: 0.7598
Starting Validation
Epoch [125/200] - Train Loss: 0.0074, Train Accuracy: 0.9967 - 
Validation Loss: 2.6328, Validation Accuracy: 0.7406
Starting Validation
Epoch [126/200] - Train Loss: 0.0092, Train Accuracy: 0.9964 - 
Validation Loss: 2.4844, Validation Accuracy: 0.7258
Starting Validation
Epoch [127/200] - Train Loss: 0.0067, Train Accuracy: 0.9981 - 
Validation Loss: 2.2265, Validation Accuracy: 0.7194
Starting Validation
Epoch [128/200] - Train Loss: 0.0054, Train Accuracy: 0.9975 - 
Validation Loss: 2.7585, Validation Accuracy: 0.7136
Starting Validation
Epoch [129/200] - Train Loss: 0.0067, Train Accuracy: 0.9964 - 
Validation Loss: 3.3339, Validation Accuracy: 0.7623
Starting Validation
Epoch [130/200] - Train Loss: 0.0063, Train Accuracy: 0.9975 - 
Validation Loss: 2.3634, Validation Accuracy: 0.7399
Starting Validation
Epoch [131/200] - Train Loss: 0.0073, Train Accuracy: 0.9975 - 
Validation Loss: 3.6014, Validation Accuracy: 0.7553
Starting Validation
Epoch [132/200] - Train Loss: 0.0089, Train Accuracy: 0.9959 - 
Validation Loss: 2.2866, Validation Accuracy: 0.7341
Starting Validation
Epoch [133/200] - Train Loss: 0.0059, Train Accuracy: 0.9978 - 
Validation Loss: 2.9520, Validation Accuracy: 0.7502
Starting Validation
Epoch [134/200] - Train Loss: 0.0133, Train Accuracy: 0.9964 - 
Validation Loss: 2.3027, Validation Accuracy: 0.6483
Starting Validation
Epoch [135/200] - Train Loss: 0.0157, Train Accuracy: 0.9940 - 
Validation Loss: 2.2933, Validation Accuracy: 0.6752
Starting Validation
Epoch [136/200] - Train Loss: 0.0044, Train Accuracy: 0.9986 - 
Validation Loss: 3.0741, Validation Accuracy: 0.7444
Starting Validation
Epoch [137/200] - Train Loss: 0.0036, Train Accuracy: 0.9986 - 
Validation Loss: 3.0554, Validation Accuracy: 0.7335
Starting Validation
Epoch [138/200] - Train Loss: 0.0057, Train Accuracy: 0.9984 - 
Validation Loss: 3.2809, Validation Accuracy: 0.7341
Starting Validation
Epoch [139/200] - Train Loss: 0.0068, Train Accuracy: 0.9967 - 
Validation Loss: 2.7550, Validation Accuracy: 0.7258
Starting Validation
Epoch [140/200] - Train Loss: 0.0088, Train Accuracy: 0.9962 - 
Validation Loss: 2.6006, Validation Accuracy: 0.7309
Starting Validation
Epoch [141/200] - Train Loss: 0.0066, Train Accuracy: 0.9973 - 
Validation Loss: 2.5055, Validation Accuracy: 0.7220
Starting Validation
Epoch [142/200] - Train Loss: 0.0029, Train Accuracy: 0.9989 - 
Validation Loss: 2.7321, Validation Accuracy: 0.7380
Starting Validation
Epoch [143/200] - Train Loss: 0.0068, Train Accuracy: 0.9970 - 
Validation Loss: 3.0159, Validation Accuracy: 0.7425
Starting Validation
Epoch [144/200] - Train Loss: 0.0146, Train Accuracy: 0.9959 - 
Validation Loss: 3.8461, Validation Accuracy: 0.7444
Starting Validation
Epoch [145/200] - Train Loss: 0.0090, Train Accuracy: 0.9962 - 
Validation Loss: 3.7299, Validation Accuracy: 0.7540
Starting Validation
Epoch [146/200] - Train Loss: 0.0092, Train Accuracy: 0.9956 - 
Validation Loss: 2.5288, Validation Accuracy: 0.7438
Starting Validation
Epoch [147/200] - Train Loss: 0.0105, Train Accuracy: 0.9984 - 
Validation Loss: 2.7235, Validation Accuracy: 0.7233
Starting Validation
Epoch [148/200] - Train Loss: 0.0115, Train Accuracy: 0.9951 - 
Validation Loss: 3.0883, Validation Accuracy: 0.7559
Starting Validation
Epoch [149/200] - Train Loss: 0.0137, Train Accuracy: 0.9942 - 
Validation Loss: 2.7133, Validation Accuracy: 0.7213
Starting Validation
Epoch [150/200] - Train Loss: 0.0114, Train Accuracy: 0.9948 - 
Validation Loss: 2.5131, Validation Accuracy: 0.7201
Starting Validation
Epoch [151/200] - Train Loss: 0.0104, Train Accuracy: 0.9967 - 
Validation Loss: 3.2446, Validation Accuracy: 0.7450
Starting Validation
Epoch [152/200] - Train Loss: 0.0070, Train Accuracy: 0.9981 - 
Validation Loss: 2.7634, Validation Accuracy: 0.7361
Starting Validation
Epoch [153/200] - Train Loss: 0.0045, Train Accuracy: 0.9981 - 
Validation Loss: 2.7164, Validation Accuracy: 0.7457
Starting Validation
Epoch [154/200] - Train Loss: 0.0117, Train Accuracy: 0.9959 - 
Validation Loss: 4.0108, Validation Accuracy: 0.7604
Starting Validation
Epoch [155/200] - Train Loss: 0.0052, Train Accuracy: 0.9975 - 
Validation Loss: 3.7184, Validation Accuracy: 0.7572
Starting Validation
Epoch [156/200] - Train Loss: 0.0054, Train Accuracy: 0.9984 - 
Validation Loss: 2.5350, Validation Accuracy: 0.7277
Starting Validation
Epoch [157/200] - Train Loss: 0.0044, Train Accuracy: 0.9984 - 
Validation Loss: 3.1460, Validation Accuracy: 0.7233
Starting Validation
Epoch [158/200] - Train Loss: 0.0046, Train Accuracy: 0.9984 - 
Validation Loss: 2.9484, Validation Accuracy: 0.7284
Starting Validation
Epoch [159/200] - Train Loss: 0.0104, Train Accuracy: 0.9975 - 
Validation Loss: 3.1871, Validation Accuracy: 0.7367
Starting Validation
Epoch [160/200] - Train Loss: 0.0085, Train Accuracy: 0.9973 - 
Validation Loss: 2.5697, Validation Accuracy: 0.7072
Starting Validation
Epoch [161/200] - Train Loss: 0.0048, Train Accuracy: 0.9973 - 
Validation Loss: 2.7866, Validation Accuracy: 0.7438
Starting Validation
Epoch [162/200] - Train Loss: 0.0037, Train Accuracy: 0.9984 - 
Validation Loss: 2.9882, Validation Accuracy: 0.7463
Starting Validation
Epoch [163/200] - Train Loss: 0.0081, Train Accuracy: 0.9973 - 
Validation Loss: 3.9504, Validation Accuracy: 0.7604
Starting Validation
Epoch [164/200] - Train Loss: 0.0085, Train Accuracy: 0.9967 - 
Validation Loss: 2.7482, Validation Accuracy: 0.7271
Starting Validation
Epoch [165/200] - Train Loss: 0.0060, Train Accuracy: 0.9973 - 
Validation Loss: 3.7077, Validation Accuracy: 0.7546
Starting Validation
Epoch [166/200] - Train Loss: 0.0052, Train Accuracy: 0.9978 - 
Validation Loss: 3.3912, Validation Accuracy: 0.7514
Starting Validation
Epoch [167/200] - Train Loss: 0.0057, Train Accuracy: 0.9975 - 
Validation Loss: 3.2576, Validation Accuracy: 0.7495
Starting Validation
Epoch [168/200] - Train Loss: 0.0061, Train Accuracy: 0.9984 - 
Validation Loss: 2.8503, Validation Accuracy: 0.7399
Starting Validation
Epoch [169/200] - Train Loss: 0.0057, Train Accuracy: 0.9975 - 
Validation Loss: 3.0340, Validation Accuracy: 0.7341
Starting Validation
Epoch [170/200] - Train Loss: 0.0099, Train Accuracy: 0.9964 - 
Validation Loss: 2.7532, Validation Accuracy: 0.7329
Starting Validation
Epoch [171/200] - Train Loss: 0.0083, Train Accuracy: 0.9970 - 
Validation Loss: 2.2148, Validation Accuracy: 0.6899
Starting Validation
Epoch [172/200] - Train Loss: 0.0079, Train Accuracy: 0.9964 - 
Validation Loss: 3.7168, Validation Accuracy: 0.7572
Starting Validation
Epoch [173/200] - Train Loss: 0.0083, Train Accuracy: 0.9970 - 
Validation Loss: 3.7143, Validation Accuracy: 0.7502
Starting Validation
Epoch [174/200] - Train Loss: 0.0081, Train Accuracy: 0.9975 - 
Validation Loss: 2.7138, Validation Accuracy: 0.7470
Starting Validation
Epoch [175/200] - Train Loss: 0.0059, Train Accuracy: 0.9973 - 
Validation Loss: 2.6852, Validation Accuracy: 0.7438
Starting Validation
Epoch [176/200] - Train Loss: 0.0073, Train Accuracy: 0.9978 - 
Validation Loss: 2.9770, Validation Accuracy: 0.7418
Starting Validation
Epoch [177/200] - Train Loss: 0.0043, Train Accuracy: 0.9981 - 
Validation Loss: 2.7610, Validation Accuracy: 0.6976
Starting Validation
Epoch [178/200] - Train Loss: 0.0054, Train Accuracy: 0.9986 - 
Validation Loss: 3.4515, Validation Accuracy: 0.7502
Starting Validation
Epoch [179/200] - Train Loss: 0.0070, Train Accuracy: 0.9978 - 
Validation Loss: 2.5592, Validation Accuracy: 0.7316
Starting Validation
Epoch [180/200] - Train Loss: 0.0043, Train Accuracy: 0.9986 - 
Validation Loss: 3.7455, Validation Accuracy: 0.7476
Starting Validation
Epoch [181/200] - Train Loss: 0.0097, Train Accuracy: 0.9964 - 
Validation Loss: 3.5575, Validation Accuracy: 0.7418
Starting Validation
Epoch [182/200] - Train Loss: 0.0081, Train Accuracy: 0.9978 - 
Validation Loss: 4.0457, Validation Accuracy: 0.7623
Starting Validation
Epoch [183/200] - Train Loss: 0.0059, Train Accuracy: 0.9981 - 
Validation Loss: 3.9859, Validation Accuracy: 0.7623
Starting Validation
Epoch [184/200] - Train Loss: 0.0073, Train Accuracy: 0.9967 - 
Validation Loss: 2.9589, Validation Accuracy: 0.7239
Starting Validation
Epoch [185/200] - Train Loss: 0.0054, Train Accuracy: 0.9970 - 
Validation Loss: 3.0955, Validation Accuracy: 0.7399
Starting Validation
Epoch [186/200] - Train Loss: 0.0035, Train Accuracy: 0.9986 - 
Validation Loss: 2.7549, Validation Accuracy: 0.7322
Starting Validation
Epoch [187/200] - Train Loss: 0.0115, Train Accuracy: 0.9967 - 
Validation Loss: 3.1878, Validation Accuracy: 0.7463
Starting Validation
Epoch [188/200] - Train Loss: 0.0107, Train Accuracy: 0.9959 - 
Validation Loss: 3.0864, Validation Accuracy: 0.7514
Starting Validation
Epoch [189/200] - Train Loss: 0.0066, Train Accuracy: 0.9984 - 
Validation Loss: 3.3462, Validation Accuracy: 0.7444
Starting Validation
Epoch [190/200] - Train Loss: 0.0055, Train Accuracy: 0.9975 - 
Validation Loss: 3.0362, Validation Accuracy: 0.7450
Starting Validation
Epoch [191/200] - Train Loss: 0.0097, Train Accuracy: 0.9970 - 
Validation Loss: 3.1989, Validation Accuracy: 0.7438
Starting Validation
Epoch [192/200] - Train Loss: 0.0066, Train Accuracy: 0.9981 - 
Validation Loss: 3.7341, Validation Accuracy: 0.7585
Starting Validation
Epoch [193/200] - Train Loss: 0.0038, Train Accuracy: 0.9986 - 
Validation Loss: 3.1537, Validation Accuracy: 0.7393
Starting Validation
Epoch [194/200] - Train Loss: 0.0047, Train Accuracy: 0.9984 - 
Validation Loss: 2.6021, Validation Accuracy: 0.7284
Starting Validation
Epoch [195/200] - Train Loss: 0.0026, Train Accuracy: 0.9992 - 
Validation Loss: 2.7534, Validation Accuracy: 0.7450
Starting Validation
Epoch [196/200] - Train Loss: 0.0010, Train Accuracy: 0.9997 - 
Validation Loss: 2.9170, Validation Accuracy: 0.7463
Starting Validation
Epoch [197/200] - Train Loss: 0.0009, Train Accuracy: 1.0000 - 
Validation Loss: 2.9390, Validation Accuracy: 0.7425
Starting Validation
Epoch [198/200] - Train Loss: 0.0010, Train Accuracy: 0.9995 - 
Validation Loss: 3.0760, Validation Accuracy: 0.7393
Starting Validation
Epoch [199/200] - Train Loss: 0.0076, Train Accuracy: 0.9967 - 
Validation Loss: 3.1471, Validation Accuracy: 0.7425
Starting Validation
Epoch [200/200] - Train Loss: 0.0109, Train Accuracy: 0.9970 - 
Validation Loss: 3.3005, Validation Accuracy: 0.7502
Plotting graph now
