MODEL: efficientnet_b0	DATASET: CBIS-DDSM
Training class distribution:
Class 0 (Benign): 917 samples
Class 1 (Malignant): 586 samples

Validation class distribution:
Class 0 (Benign): 327 samples
Class 1 (Malignant): 318 samples
Created DataLoaders
(224, 224)
Loaded pretrained weights for efficientnet-b0
Number of trainable parameters: 4010110
Starting training now
Starting Validation
Epoch [1/200] - Train Loss: 0.6634, Train Accuracy: 0.6068 - 
Validation Loss: 0.7013, Validation Accuracy: 0.5070
Starting Validation
Epoch [2/200] - Train Loss: 0.6206, Train Accuracy: 0.6327 - 
Validation Loss: 0.6998, Validation Accuracy: 0.5023
Starting Validation
Epoch [3/200] - Train Loss: 0.5996, Train Accuracy: 0.6727 - 
Validation Loss: 0.6968, Validation Accuracy: 0.4915
Starting Validation
Epoch [4/200] - Train Loss: 0.5870, Train Accuracy: 0.6640 - 
Validation Loss: 0.6931, Validation Accuracy: 0.5023
Starting Validation
Epoch [5/200] - Train Loss: 0.5732, Train Accuracy: 0.6780 - 
Validation Loss: 0.6975, Validation Accuracy: 0.4884
Starting Validation
Epoch [6/200] - Train Loss: 0.5550, Train Accuracy: 0.6919 - 
Validation Loss: 0.7062, Validation Accuracy: 0.4992
Starting Validation
Epoch [7/200] - Train Loss: 0.5604, Train Accuracy: 0.6853 - 
Validation Loss: 0.6936, Validation Accuracy: 0.5271
Starting Validation
Epoch [8/200] - Train Loss: 0.5426, Train Accuracy: 0.6966 - 
Validation Loss: 0.6944, Validation Accuracy: 0.4992
Starting Validation
Epoch [9/200] - Train Loss: 0.5277, Train Accuracy: 0.7086 - 
Validation Loss: 0.7191, Validation Accuracy: 0.5101
Starting Validation
Epoch [10/200] - Train Loss: 0.5265, Train Accuracy: 0.6999 - 
Validation Loss: 0.6924, Validation Accuracy: 0.5225
Starting Validation
Epoch [11/200] - Train Loss: 0.5242, Train Accuracy: 0.7172 - 
Validation Loss: 0.6927, Validation Accuracy: 0.4930
Starting Validation
Epoch [12/200] - Train Loss: 0.5036, Train Accuracy: 0.7352 - 
Validation Loss: 0.7256, Validation Accuracy: 0.4961
Starting Validation
Epoch [13/200] - Train Loss: 0.5041, Train Accuracy: 0.7299 - 
Validation Loss: 0.8925, Validation Accuracy: 0.5070
Starting Validation
Epoch [14/200] - Train Loss: 0.4880, Train Accuracy: 0.7312 - 
Validation Loss: 0.8670, Validation Accuracy: 0.5643
Starting Validation
Epoch [15/200] - Train Loss: 0.4910, Train Accuracy: 0.7212 - 
Validation Loss: 0.8030, Validation Accuracy: 0.5473
Starting Validation
Epoch [16/200] - Train Loss: 0.4673, Train Accuracy: 0.7445 - 
Validation Loss: 0.7767, Validation Accuracy: 0.5473
Starting Validation
Epoch [17/200] - Train Loss: 0.4733, Train Accuracy: 0.7452 - 
Validation Loss: 0.6703, Validation Accuracy: 0.5907
Starting Validation
Epoch [18/200] - Train Loss: 0.4533, Train Accuracy: 0.7764 - 
Validation Loss: 0.8463, Validation Accuracy: 0.5395
Starting Validation
Epoch [19/200] - Train Loss: 0.4536, Train Accuracy: 0.7764 - 
Validation Loss: 0.7822, Validation Accuracy: 0.5721
Starting Validation
Epoch [20/200] - Train Loss: 0.4236, Train Accuracy: 0.7891 - 
Validation Loss: 0.9037, Validation Accuracy: 0.5612
Starting Validation
Epoch [21/200] - Train Loss: 0.4285, Train Accuracy: 0.7798 - 
Validation Loss: 1.0459, Validation Accuracy: 0.5287
Starting Validation
Epoch [22/200] - Train Loss: 0.4379, Train Accuracy: 0.7811 - 
Validation Loss: 0.8473, Validation Accuracy: 0.5705
Starting Validation
Epoch [23/200] - Train Loss: 0.4147, Train Accuracy: 0.7977 - 
Validation Loss: 0.8169, Validation Accuracy: 0.5659
Starting Validation
Epoch [24/200] - Train Loss: 0.3928, Train Accuracy: 0.8104 - 
Validation Loss: 0.9741, Validation Accuracy: 0.5752
Starting Validation
Epoch [25/200] - Train Loss: 0.3931, Train Accuracy: 0.8084 - 
Validation Loss: 0.9566, Validation Accuracy: 0.5891
Starting Validation
Epoch [26/200] - Train Loss: 0.3777, Train Accuracy: 0.8217 - 
Validation Loss: 1.0979, Validation Accuracy: 0.5829
Starting Validation
Epoch [27/200] - Train Loss: 0.3727, Train Accuracy: 0.8150 - 
Validation Loss: 1.1274, Validation Accuracy: 0.5473
Starting Validation
Epoch [28/200] - Train Loss: 0.3740, Train Accuracy: 0.8197 - 
Validation Loss: 1.2059, Validation Accuracy: 0.5783
Starting Validation
Epoch [29/200] - Train Loss: 0.3534, Train Accuracy: 0.8330 - 
Validation Loss: 1.0217, Validation Accuracy: 0.5752
Starting Validation
Epoch [30/200] - Train Loss: 0.3502, Train Accuracy: 0.8377 - 
Validation Loss: 1.1053, Validation Accuracy: 0.5721
Starting Validation
Epoch [31/200] - Train Loss: 0.3284, Train Accuracy: 0.8397 - 
Validation Loss: 0.9779, Validation Accuracy: 0.6093
Starting Validation
Epoch [32/200] - Train Loss: 0.3309, Train Accuracy: 0.8536 - 
Validation Loss: 0.8858, Validation Accuracy: 0.6124
Starting Validation
Epoch [33/200] - Train Loss: 0.3306, Train Accuracy: 0.8417 - 
Validation Loss: 1.0595, Validation Accuracy: 0.6155
Starting Validation
Epoch [34/200] - Train Loss: 0.3174, Train Accuracy: 0.8576 - 
Validation Loss: 1.1576, Validation Accuracy: 0.5922
Starting Validation
Epoch [35/200] - Train Loss: 0.2950, Train Accuracy: 0.8669 - 
Validation Loss: 1.2063, Validation Accuracy: 0.5891
Starting Validation
Epoch [36/200] - Train Loss: 0.2901, Train Accuracy: 0.8649 - 
Validation Loss: 1.2010, Validation Accuracy: 0.6078
Starting Validation
Epoch [37/200] - Train Loss: 0.2821, Train Accuracy: 0.8769 - 
Validation Loss: 1.0696, Validation Accuracy: 0.5891
Starting Validation
Epoch [38/200] - Train Loss: 0.2894, Train Accuracy: 0.8649 - 
Validation Loss: 1.1246, Validation Accuracy: 0.5938
Starting Validation
Epoch [39/200] - Train Loss: 0.2757, Train Accuracy: 0.8882 - 
Validation Loss: 1.0509, Validation Accuracy: 0.6217
Starting Validation
Epoch [40/200] - Train Loss: 0.2690, Train Accuracy: 0.8869 - 
Validation Loss: 1.2720, Validation Accuracy: 0.6109
Starting Validation
Epoch [41/200] - Train Loss: 0.2633, Train Accuracy: 0.8849 - 
Validation Loss: 1.1190, Validation Accuracy: 0.6109
Starting Validation
Epoch [42/200] - Train Loss: 0.2645, Train Accuracy: 0.8776 - 
Validation Loss: 1.0484, Validation Accuracy: 0.6078
Starting Validation
Epoch [43/200] - Train Loss: 0.2593, Train Accuracy: 0.8842 - 
Validation Loss: 1.1286, Validation Accuracy: 0.5984
Starting Validation
Epoch [44/200] - Train Loss: 0.2351, Train Accuracy: 0.9042 - 
Validation Loss: 1.1643, Validation Accuracy: 0.6093
Starting Validation
Epoch [45/200] - Train Loss: 0.2100, Train Accuracy: 0.9122 - 
Validation Loss: 1.2227, Validation Accuracy: 0.5984
Starting Validation
Epoch [46/200] - Train Loss: 0.2205, Train Accuracy: 0.9022 - 
Validation Loss: 1.3422, Validation Accuracy: 0.6078
Starting Validation
Epoch [47/200] - Train Loss: 0.2499, Train Accuracy: 0.8889 - 
Validation Loss: 1.2157, Validation Accuracy: 0.6124
Starting Validation
Epoch [48/200] - Train Loss: 0.2086, Train Accuracy: 0.9115 - 
Validation Loss: 1.3596, Validation Accuracy: 0.5922
Starting Validation
Epoch [49/200] - Train Loss: 0.1871, Train Accuracy: 0.9261 - 
Validation Loss: 1.2349, Validation Accuracy: 0.6202
Starting Validation
Epoch [50/200] - Train Loss: 0.1740, Train Accuracy: 0.9301 - 
Validation Loss: 1.1865, Validation Accuracy: 0.6124
Starting Validation
Epoch [51/200] - Train Loss: 0.2008, Train Accuracy: 0.9168 - 
Validation Loss: 1.1833, Validation Accuracy: 0.6248
Starting Validation
Epoch [52/200] - Train Loss: 0.2033, Train Accuracy: 0.9168 - 
Validation Loss: 1.2271, Validation Accuracy: 0.6372
Starting Validation
Epoch [53/200] - Train Loss: 0.1785, Train Accuracy: 0.9222 - 
Validation Loss: 1.1699, Validation Accuracy: 0.5953
Starting Validation
Epoch [54/200] - Train Loss: 0.1751, Train Accuracy: 0.9328 - 
Validation Loss: 1.3597, Validation Accuracy: 0.6000
Starting Validation
Epoch [55/200] - Train Loss: 0.1918, Train Accuracy: 0.9168 - 
Validation Loss: 1.4585, Validation Accuracy: 0.6248
Starting Validation
Epoch [56/200] - Train Loss: 0.1587, Train Accuracy: 0.9341 - 
Validation Loss: 1.2130, Validation Accuracy: 0.6310
Starting Validation
Epoch [57/200] - Train Loss: 0.1577, Train Accuracy: 0.9361 - 
Validation Loss: 1.3150, Validation Accuracy: 0.6016
Starting Validation
Epoch [58/200] - Train Loss: 0.1703, Train Accuracy: 0.9301 - 
Validation Loss: 1.3843, Validation Accuracy: 0.5969
Starting Validation
Epoch [59/200] - Train Loss: 0.1679, Train Accuracy: 0.9355 - 
Validation Loss: 1.4558, Validation Accuracy: 0.5984
Starting Validation
Epoch [60/200] - Train Loss: 0.1521, Train Accuracy: 0.9368 - 
Validation Loss: 1.4929, Validation Accuracy: 0.5876
Starting Validation
Epoch [61/200] - Train Loss: 0.1616, Train Accuracy: 0.9388 - 
Validation Loss: 1.3096, Validation Accuracy: 0.5845
Starting Validation
Epoch [62/200] - Train Loss: 0.1452, Train Accuracy: 0.9421 - 
Validation Loss: 1.3812, Validation Accuracy: 0.5953
Starting Validation
Epoch [63/200] - Train Loss: 0.1502, Train Accuracy: 0.9395 - 
Validation Loss: 1.3071, Validation Accuracy: 0.6031
Starting Validation
Epoch [64/200] - Train Loss: 0.1374, Train Accuracy: 0.9408 - 
Validation Loss: 1.2575, Validation Accuracy: 0.6140
Starting Validation
Epoch [65/200] - Train Loss: 0.1317, Train Accuracy: 0.9421 - 
Validation Loss: 1.3208, Validation Accuracy: 0.6326
Starting Validation
Epoch [66/200] - Train Loss: 0.1536, Train Accuracy: 0.9415 - 
Validation Loss: 1.4739, Validation Accuracy: 0.5969
Starting Validation
Epoch [67/200] - Train Loss: 0.1303, Train Accuracy: 0.9434 - 
Validation Loss: 1.5587, Validation Accuracy: 0.6202
Starting Validation
Epoch [68/200] - Train Loss: 0.1240, Train Accuracy: 0.9494 - 
Validation Loss: 1.2834, Validation Accuracy: 0.6326
Starting Validation
Epoch [69/200] - Train Loss: 0.1584, Train Accuracy: 0.9395 - 
Validation Loss: 1.5098, Validation Accuracy: 0.6202
Starting Validation
Epoch [70/200] - Train Loss: 0.1302, Train Accuracy: 0.9501 - 
Validation Loss: 1.5379, Validation Accuracy: 0.6248
Starting Validation
Epoch [71/200] - Train Loss: 0.1011, Train Accuracy: 0.9647 - 
Validation Loss: 1.4811, Validation Accuracy: 0.6124
Starting Validation
Epoch [72/200] - Train Loss: 0.1097, Train Accuracy: 0.9601 - 
Validation Loss: 1.8134, Validation Accuracy: 0.6031
Starting Validation
Epoch [73/200] - Train Loss: 0.1106, Train Accuracy: 0.9574 - 
Validation Loss: 1.7564, Validation Accuracy: 0.5969
Starting Validation
Epoch [74/200] - Train Loss: 0.1019, Train Accuracy: 0.9614 - 
Validation Loss: 1.6824, Validation Accuracy: 0.6031
Starting Validation
Epoch [75/200] - Train Loss: 0.0991, Train Accuracy: 0.9601 - 
Validation Loss: 1.5829, Validation Accuracy: 0.5829
Starting Validation
Epoch [76/200] - Train Loss: 0.1196, Train Accuracy: 0.9521 - 
Validation Loss: 1.6855, Validation Accuracy: 0.6140
Starting Validation
Epoch [77/200] - Train Loss: 0.1123, Train Accuracy: 0.9607 - 
Validation Loss: 1.6170, Validation Accuracy: 0.6124
Starting Validation
Epoch [78/200] - Train Loss: 0.0992, Train Accuracy: 0.9614 - 
Validation Loss: 1.8900, Validation Accuracy: 0.6093
Starting Validation
Epoch [79/200] - Train Loss: 0.0920, Train Accuracy: 0.9647 - 
Validation Loss: 1.6490, Validation Accuracy: 0.5953
Starting Validation
Epoch [80/200] - Train Loss: 0.1040, Train Accuracy: 0.9634 - 
Validation Loss: 1.7212, Validation Accuracy: 0.5938
Starting Validation
Epoch [81/200] - Train Loss: 0.1010, Train Accuracy: 0.9641 - 
Validation Loss: 1.3871, Validation Accuracy: 0.5969
Starting Validation
Epoch [82/200] - Train Loss: 0.0994, Train Accuracy: 0.9594 - 
Validation Loss: 1.6532, Validation Accuracy: 0.6000
Starting Validation
Epoch [83/200] - Train Loss: 0.0900, Train Accuracy: 0.9574 - 
Validation Loss: 1.8235, Validation Accuracy: 0.6062
Starting Validation
Epoch [84/200] - Train Loss: 0.1025, Train Accuracy: 0.9594 - 
Validation Loss: 1.6857, Validation Accuracy: 0.6031
Starting Validation
Epoch [85/200] - Train Loss: 0.0974, Train Accuracy: 0.9647 - 
Validation Loss: 1.7276, Validation Accuracy: 0.6124
Starting Validation
Epoch [86/200] - Train Loss: 0.0839, Train Accuracy: 0.9667 - 
Validation Loss: 1.6838, Validation Accuracy: 0.6388
Starting Validation
Epoch [87/200] - Train Loss: 0.0987, Train Accuracy: 0.9627 - 
Validation Loss: 1.8281, Validation Accuracy: 0.6078
Starting Validation
Epoch [88/200] - Train Loss: 0.0840, Train Accuracy: 0.9687 - 
Validation Loss: 1.8359, Validation Accuracy: 0.5984
Starting Validation
Epoch [89/200] - Train Loss: 0.0890, Train Accuracy: 0.9634 - 
Validation Loss: 1.6914, Validation Accuracy: 0.5953
Starting Validation
Epoch [90/200] - Train Loss: 0.0740, Train Accuracy: 0.9714 - 
Validation Loss: 2.0671, Validation Accuracy: 0.5984
Starting Validation
Epoch [91/200] - Train Loss: 0.0914, Train Accuracy: 0.9694 - 
Validation Loss: 1.8461, Validation Accuracy: 0.6000
Starting Validation
Epoch [92/200] - Train Loss: 0.0969, Train Accuracy: 0.9581 - 
Validation Loss: 1.6748, Validation Accuracy: 0.6264
Starting Validation
Epoch [93/200] - Train Loss: 0.0823, Train Accuracy: 0.9721 - 
Validation Loss: 1.7820, Validation Accuracy: 0.6171
Starting Validation
Epoch [94/200] - Train Loss: 0.0765, Train Accuracy: 0.9701 - 
Validation Loss: 1.5624, Validation Accuracy: 0.6124
Starting Validation
Epoch [95/200] - Train Loss: 0.0788, Train Accuracy: 0.9694 - 
Validation Loss: 1.9330, Validation Accuracy: 0.5984
Starting Validation
Epoch [96/200] - Train Loss: 0.0968, Train Accuracy: 0.9661 - 
Validation Loss: 1.9410, Validation Accuracy: 0.6016
Starting Validation
Epoch [97/200] - Train Loss: 0.0916, Train Accuracy: 0.9687 - 
Validation Loss: 1.7014, Validation Accuracy: 0.6016
Starting Validation
Epoch [98/200] - Train Loss: 0.0797, Train Accuracy: 0.9701 - 
Validation Loss: 1.8861, Validation Accuracy: 0.5922
Starting Validation
Epoch [99/200] - Train Loss: 0.0648, Train Accuracy: 0.9727 - 
Validation Loss: 2.0246, Validation Accuracy: 0.6000
Starting Validation
Epoch [100/200] - Train Loss: 0.0638, Train Accuracy: 0.9780 - 
Validation Loss: 1.8010, Validation Accuracy: 0.6202
Starting Validation
Epoch [101/200] - Train Loss: 0.0577, Train Accuracy: 0.9800 - 
Validation Loss: 1.7783, Validation Accuracy: 0.6186
Starting Validation
Epoch [102/200] - Train Loss: 0.0755, Train Accuracy: 0.9694 - 
Validation Loss: 1.7050, Validation Accuracy: 0.6124
Starting Validation
Epoch [103/200] - Train Loss: 0.0737, Train Accuracy: 0.9694 - 
Validation Loss: 1.7685, Validation Accuracy: 0.6093
Starting Validation
Epoch [104/200] - Train Loss: 0.0719, Train Accuracy: 0.9714 - 
Validation Loss: 1.9553, Validation Accuracy: 0.6078
Starting Validation
Epoch [105/200] - Train Loss: 0.0698, Train Accuracy: 0.9674 - 
Validation Loss: 1.9017, Validation Accuracy: 0.6031
Starting Validation
Epoch [106/200] - Train Loss: 0.0830, Train Accuracy: 0.9661 - 
Validation Loss: 1.8187, Validation Accuracy: 0.5938
Starting Validation
Epoch [107/200] - Train Loss: 0.0609, Train Accuracy: 0.9760 - 
Validation Loss: 1.7811, Validation Accuracy: 0.6217
Starting Validation
Epoch [108/200] - Train Loss: 0.0575, Train Accuracy: 0.9747 - 
Validation Loss: 1.7478, Validation Accuracy: 0.6093
Starting Validation
Epoch [109/200] - Train Loss: 0.0634, Train Accuracy: 0.9741 - 
Validation Loss: 1.7433, Validation Accuracy: 0.5922
Starting Validation
Epoch [110/200] - Train Loss: 0.0738, Train Accuracy: 0.9721 - 
Validation Loss: 1.9893, Validation Accuracy: 0.5845
Starting Validation
Epoch [111/200] - Train Loss: 0.0728, Train Accuracy: 0.9707 - 
Validation Loss: 1.6724, Validation Accuracy: 0.6062
Starting Validation
Epoch [112/200] - Train Loss: 0.0664, Train Accuracy: 0.9701 - 
Validation Loss: 1.7824, Validation Accuracy: 0.6140
Starting Validation
Epoch [113/200] - Train Loss: 0.0730, Train Accuracy: 0.9694 - 
Validation Loss: 1.8287, Validation Accuracy: 0.6109
Starting Validation
Epoch [114/200] - Train Loss: 0.0514, Train Accuracy: 0.9807 - 
Validation Loss: 2.0477, Validation Accuracy: 0.6202
Starting Validation
Epoch [115/200] - Train Loss: 0.0702, Train Accuracy: 0.9707 - 
Validation Loss: 2.1892, Validation Accuracy: 0.6217
Starting Validation
Epoch [116/200] - Train Loss: 0.0563, Train Accuracy: 0.9787 - 
Validation Loss: 2.0039, Validation Accuracy: 0.6233
Starting Validation
Epoch [117/200] - Train Loss: 0.0620, Train Accuracy: 0.9701 - 
Validation Loss: 1.9885, Validation Accuracy: 0.6186
Starting Validation
Epoch [118/200] - Train Loss: 0.0614, Train Accuracy: 0.9767 - 
Validation Loss: 2.0159, Validation Accuracy: 0.6124
Starting Validation
Epoch [119/200] - Train Loss: 0.0790, Train Accuracy: 0.9661 - 
Validation Loss: 1.8940, Validation Accuracy: 0.6233
Starting Validation
Epoch [120/200] - Train Loss: 0.0575, Train Accuracy: 0.9787 - 
Validation Loss: 2.1751, Validation Accuracy: 0.6016
Starting Validation
Epoch [121/200] - Train Loss: 0.0568, Train Accuracy: 0.9714 - 
Validation Loss: 2.5998, Validation Accuracy: 0.5969
Starting Validation
Epoch [122/200] - Train Loss: 0.0702, Train Accuracy: 0.9694 - 
Validation Loss: 2.2090, Validation Accuracy: 0.6062
Starting Validation
Epoch [123/200] - Train Loss: 0.0480, Train Accuracy: 0.9814 - 
Validation Loss: 2.3551, Validation Accuracy: 0.5969
Starting Validation
Epoch [124/200] - Train Loss: 0.0642, Train Accuracy: 0.9767 - 
Validation Loss: 2.2662, Validation Accuracy: 0.6016
Starting Validation
Epoch [125/200] - Train Loss: 0.0504, Train Accuracy: 0.9780 - 
Validation Loss: 2.2030, Validation Accuracy: 0.5845
Starting Validation
Epoch [126/200] - Train Loss: 0.0683, Train Accuracy: 0.9721 - 
Validation Loss: 2.2218, Validation Accuracy: 0.5922
Starting Validation
Epoch [127/200] - Train Loss: 0.0607, Train Accuracy: 0.9721 - 
Validation Loss: 2.1155, Validation Accuracy: 0.6047
Starting Validation
Epoch [128/200] - Train Loss: 0.0491, Train Accuracy: 0.9780 - 
Validation Loss: 2.1973, Validation Accuracy: 0.5922
Starting Validation
Epoch [129/200] - Train Loss: 0.0467, Train Accuracy: 0.9820 - 
Validation Loss: 2.2714, Validation Accuracy: 0.5969
Starting Validation
Epoch [130/200] - Train Loss: 0.0433, Train Accuracy: 0.9820 - 
Validation Loss: 2.3287, Validation Accuracy: 0.6062
Starting Validation
Epoch [131/200] - Train Loss: 0.0592, Train Accuracy: 0.9741 - 
Validation Loss: 2.6252, Validation Accuracy: 0.6093
Starting Validation
Epoch [132/200] - Train Loss: 0.0513, Train Accuracy: 0.9747 - 
Validation Loss: 2.3883, Validation Accuracy: 0.5829
Starting Validation
Epoch [133/200] - Train Loss: 0.0613, Train Accuracy: 0.9760 - 
Validation Loss: 1.9839, Validation Accuracy: 0.6140
Starting Validation
Epoch [134/200] - Train Loss: 0.0444, Train Accuracy: 0.9867 - 
Validation Loss: 2.0945, Validation Accuracy: 0.6109
Starting Validation
Epoch [135/200] - Train Loss: 0.0501, Train Accuracy: 0.9787 - 
Validation Loss: 2.1926, Validation Accuracy: 0.6155
Starting Validation
Epoch [136/200] - Train Loss: 0.0485, Train Accuracy: 0.9780 - 
Validation Loss: 1.9333, Validation Accuracy: 0.6217
Starting Validation
Epoch [137/200] - Train Loss: 0.0499, Train Accuracy: 0.9834 - 
Validation Loss: 1.9202, Validation Accuracy: 0.6124
Starting Validation
Epoch [138/200] - Train Loss: 0.0469, Train Accuracy: 0.9847 - 
Validation Loss: 1.9092, Validation Accuracy: 0.6031
Starting Validation
Epoch [139/200] - Train Loss: 0.0558, Train Accuracy: 0.9747 - 
Validation Loss: 1.9003, Validation Accuracy: 0.6372
Starting Validation
Epoch [140/200] - Train Loss: 0.0490, Train Accuracy: 0.9787 - 
Validation Loss: 2.0118, Validation Accuracy: 0.5953
Starting Validation
Epoch [141/200] - Train Loss: 0.0627, Train Accuracy: 0.9767 - 
Validation Loss: 2.0486, Validation Accuracy: 0.6078
Starting Validation
Epoch [142/200] - Train Loss: 0.0471, Train Accuracy: 0.9800 - 
Validation Loss: 2.1348, Validation Accuracy: 0.6202
Starting Validation
Epoch [143/200] - Train Loss: 0.0659, Train Accuracy: 0.9714 - 
Validation Loss: 2.4497, Validation Accuracy: 0.6124
Starting Validation
Epoch [144/200] - Train Loss: 0.0598, Train Accuracy: 0.9754 - 
Validation Loss: 2.0465, Validation Accuracy: 0.6171
Starting Validation
Epoch [145/200] - Train Loss: 0.0652, Train Accuracy: 0.9727 - 
Validation Loss: 1.7273, Validation Accuracy: 0.6341
Starting Validation
Epoch [146/200] - Train Loss: 0.0361, Train Accuracy: 0.9834 - 
Validation Loss: 1.7270, Validation Accuracy: 0.6047
Starting Validation
Epoch [147/200] - Train Loss: 0.0423, Train Accuracy: 0.9847 - 
Validation Loss: 1.9543, Validation Accuracy: 0.5938
Starting Validation
Epoch [148/200] - Train Loss: 0.0449, Train Accuracy: 0.9780 - 
Validation Loss: 1.8557, Validation Accuracy: 0.6186
Starting Validation
Epoch [149/200] - Train Loss: 0.0494, Train Accuracy: 0.9794 - 
Validation Loss: 1.9237, Validation Accuracy: 0.6000
Starting Validation
Epoch [150/200] - Train Loss: 0.0468, Train Accuracy: 0.9800 - 
Validation Loss: 1.8693, Validation Accuracy: 0.6140
Starting Validation
Epoch [151/200] - Train Loss: 0.0457, Train Accuracy: 0.9840 - 
Validation Loss: 1.8703, Validation Accuracy: 0.6078
Starting Validation
Epoch [152/200] - Train Loss: 0.0397, Train Accuracy: 0.9820 - 
Validation Loss: 1.9648, Validation Accuracy: 0.6124
Starting Validation
Epoch [153/200] - Train Loss: 0.0446, Train Accuracy: 0.9840 - 
Validation Loss: 2.1447, Validation Accuracy: 0.6140
Starting Validation
Epoch [154/200] - Train Loss: 0.0343, Train Accuracy: 0.9860 - 
Validation Loss: 2.1317, Validation Accuracy: 0.6062
Starting Validation
Epoch [155/200] - Train Loss: 0.0467, Train Accuracy: 0.9814 - 
Validation Loss: 2.2719, Validation Accuracy: 0.6217
Starting Validation
Epoch [156/200] - Train Loss: 0.0441, Train Accuracy: 0.9800 - 
Validation Loss: 2.2151, Validation Accuracy: 0.6031
Starting Validation
Epoch [157/200] - Train Loss: 0.0417, Train Accuracy: 0.9814 - 
Validation Loss: 2.5276, Validation Accuracy: 0.6124
Starting Validation
Epoch [158/200] - Train Loss: 0.0403, Train Accuracy: 0.9840 - 
Validation Loss: 2.3105, Validation Accuracy: 0.6171
Starting Validation
Epoch [159/200] - Train Loss: 0.0382, Train Accuracy: 0.9847 - 
Validation Loss: 2.1423, Validation Accuracy: 0.6000
Starting Validation
Epoch [160/200] - Train Loss: 0.0416, Train Accuracy: 0.9794 - 
Validation Loss: 2.4770, Validation Accuracy: 0.6109
Starting Validation
Epoch [161/200] - Train Loss: 0.0396, Train Accuracy: 0.9800 - 
Validation Loss: 2.5338, Validation Accuracy: 0.6109
Starting Validation
Epoch [162/200] - Train Loss: 0.0494, Train Accuracy: 0.9754 - 
Validation Loss: 2.2609, Validation Accuracy: 0.6078
Starting Validation
Epoch [163/200] - Train Loss: 0.0446, Train Accuracy: 0.9787 - 
Validation Loss: 2.1683, Validation Accuracy: 0.6217
Starting Validation
Epoch [164/200] - Train Loss: 0.0458, Train Accuracy: 0.9800 - 
Validation Loss: 2.4345, Validation Accuracy: 0.6062
Starting Validation
Epoch [165/200] - Train Loss: 0.0525, Train Accuracy: 0.9794 - 
Validation Loss: 2.3177, Validation Accuracy: 0.6093
Starting Validation
Epoch [166/200] - Train Loss: 0.0385, Train Accuracy: 0.9814 - 
Validation Loss: 2.3377, Validation Accuracy: 0.5922
Starting Validation
Epoch [167/200] - Train Loss: 0.0465, Train Accuracy: 0.9814 - 
Validation Loss: 2.4424, Validation Accuracy: 0.6155
Starting Validation
Epoch [168/200] - Train Loss: 0.0471, Train Accuracy: 0.9814 - 
Validation Loss: 2.2587, Validation Accuracy: 0.5922
Starting Validation
Epoch [169/200] - Train Loss: 0.0514, Train Accuracy: 0.9794 - 
Validation Loss: 2.4201, Validation Accuracy: 0.6171
Starting Validation
Epoch [170/200] - Train Loss: 0.0394, Train Accuracy: 0.9827 - 
Validation Loss: 2.3964, Validation Accuracy: 0.5907
Starting Validation
Epoch [171/200] - Train Loss: 0.0503, Train Accuracy: 0.9800 - 
Validation Loss: 2.5768, Validation Accuracy: 0.6093
Starting Validation
Epoch [172/200] - Train Loss: 0.0503, Train Accuracy: 0.9800 - 
Validation Loss: 2.5312, Validation Accuracy: 0.6062
Starting Validation
Epoch [173/200] - Train Loss: 0.0560, Train Accuracy: 0.9747 - 
Validation Loss: 2.7161, Validation Accuracy: 0.6000
Starting Validation
Epoch [174/200] - Train Loss: 0.0437, Train Accuracy: 0.9820 - 
Validation Loss: 2.2699, Validation Accuracy: 0.6000
Starting Validation
Epoch [175/200] - Train Loss: 0.0508, Train Accuracy: 0.9807 - 
Validation Loss: 2.3419, Validation Accuracy: 0.5891
Starting Validation
Epoch [176/200] - Train Loss: 0.0351, Train Accuracy: 0.9827 - 
Validation Loss: 2.1908, Validation Accuracy: 0.5876
Starting Validation
Epoch [177/200] - Train Loss: 0.0410, Train Accuracy: 0.9847 - 
Validation Loss: 2.3231, Validation Accuracy: 0.6124
Starting Validation
Epoch [178/200] - Train Loss: 0.0517, Train Accuracy: 0.9774 - 
Validation Loss: 2.2306, Validation Accuracy: 0.6031
Starting Validation
Epoch [179/200] - Train Loss: 0.0411, Train Accuracy: 0.9820 - 
Validation Loss: 2.3158, Validation Accuracy: 0.5922
Starting Validation
Epoch [180/200] - Train Loss: 0.0313, Train Accuracy: 0.9860 - 
Validation Loss: 2.4577, Validation Accuracy: 0.5984
Starting Validation
Epoch [181/200] - Train Loss: 0.0277, Train Accuracy: 0.9894 - 
Validation Loss: 2.4304, Validation Accuracy: 0.5891
Starting Validation
Epoch [182/200] - Train Loss: 0.0383, Train Accuracy: 0.9780 - 
Validation Loss: 2.4341, Validation Accuracy: 0.5829
Starting Validation
Epoch [183/200] - Train Loss: 0.0253, Train Accuracy: 0.9874 - 
Validation Loss: 2.2707, Validation Accuracy: 0.6109
Starting Validation
Epoch [184/200] - Train Loss: 0.0271, Train Accuracy: 0.9867 - 
Validation Loss: 2.5414, Validation Accuracy: 0.6140
Starting Validation
Epoch [185/200] - Train Loss: 0.0404, Train Accuracy: 0.9847 - 
Validation Loss: 2.2761, Validation Accuracy: 0.6248
Starting Validation
Epoch [186/200] - Train Loss: 0.0455, Train Accuracy: 0.9800 - 
Validation Loss: 2.8857, Validation Accuracy: 0.5922
Starting Validation
Epoch [187/200] - Train Loss: 0.0413, Train Accuracy: 0.9807 - 
Validation Loss: 2.4467, Validation Accuracy: 0.6233
Starting Validation
Epoch [188/200] - Train Loss: 0.0408, Train Accuracy: 0.9807 - 
Validation Loss: 2.3320, Validation Accuracy: 0.6093
Starting Validation
Epoch [189/200] - Train Loss: 0.0383, Train Accuracy: 0.9854 - 
Validation Loss: 2.3012, Validation Accuracy: 0.6124
Starting Validation
Epoch [190/200] - Train Loss: 0.0330, Train Accuracy: 0.9834 - 
Validation Loss: 2.6700, Validation Accuracy: 0.6047
Starting Validation
Epoch [191/200] - Train Loss: 0.0367, Train Accuracy: 0.9820 - 
Validation Loss: 2.7568, Validation Accuracy: 0.6140
Starting Validation
Epoch [192/200] - Train Loss: 0.0361, Train Accuracy: 0.9834 - 
Validation Loss: 2.5647, Validation Accuracy: 0.5984
Starting Validation
Epoch [193/200] - Train Loss: 0.0404, Train Accuracy: 0.9787 - 
Validation Loss: 2.5254, Validation Accuracy: 0.5891
Starting Validation
Epoch [194/200] - Train Loss: 0.0352, Train Accuracy: 0.9800 - 
Validation Loss: 2.5830, Validation Accuracy: 0.6031
Starting Validation
Epoch [195/200] - Train Loss: 0.0437, Train Accuracy: 0.9807 - 
Validation Loss: 2.2043, Validation Accuracy: 0.6155
Starting Validation
Epoch [196/200] - Train Loss: 0.0490, Train Accuracy: 0.9814 - 
Validation Loss: 2.1120, Validation Accuracy: 0.6186
Starting Validation
Epoch [197/200] - Train Loss: 0.0317, Train Accuracy: 0.9834 - 
Validation Loss: 2.2540, Validation Accuracy: 0.6233
Starting Validation
Epoch [198/200] - Train Loss: 0.0301, Train Accuracy: 0.9854 - 
Validation Loss: 2.5489, Validation Accuracy: 0.6062
Starting Validation
Epoch [199/200] - Train Loss: 0.0332, Train Accuracy: 0.9854 - 
Validation Loss: 2.5263, Validation Accuracy: 0.5938
Starting Validation
Epoch [200/200] - Train Loss: 0.0408, Train Accuracy: 0.9820 - 
Validation Loss: 2.5130, Validation Accuracy: 0.5984
Plotting graph now
