MODEL: mobilenet_v2	DATASET: CMMD
Training class distribution:
Class 0 (Benign): 752 samples
Class 1 (Malignant): 2889 samples

Validation class distribution:
Class 0 (Benign): 356 samples
Class 1 (Malignant): 1205 samples
Created DataLoaders
(224, 224)
Number of trainable parameters: 3249474
Starting training now
Starting Validation
Epoch [1/200] - Train Loss: 0.5010, Train Accuracy: 0.7915 - 
Validation Loss: 0.5142, Validation Accuracy: 0.7719
Starting Validation
Epoch [2/200] - Train Loss: 0.4876, Train Accuracy: 0.7935 - 
Validation Loss: 0.5162, Validation Accuracy: 0.7719
Starting Validation
Epoch [3/200] - Train Loss: 0.4842, Train Accuracy: 0.7935 - 
Validation Loss: 0.5272, Validation Accuracy: 0.7719
Starting Validation
Epoch [4/200] - Train Loss: 0.4857, Train Accuracy: 0.7935 - 
Validation Loss: 0.5149, Validation Accuracy: 0.7719
Starting Validation
Epoch [5/200] - Train Loss: 0.4791, Train Accuracy: 0.7935 - 
Validation Loss: 0.5175, Validation Accuracy: 0.7719
Starting Validation
Epoch [6/200] - Train Loss: 0.4759, Train Accuracy: 0.7935 - 
Validation Loss: 0.5216, Validation Accuracy: 0.7719
Starting Validation
Epoch [7/200] - Train Loss: 0.4750, Train Accuracy: 0.7935 - 
Validation Loss: 0.5242, Validation Accuracy: 0.7713
Starting Validation
Epoch [8/200] - Train Loss: 0.4712, Train Accuracy: 0.7935 - 
Validation Loss: 0.5297, Validation Accuracy: 0.7719
Starting Validation
Epoch [9/200] - Train Loss: 0.4687, Train Accuracy: 0.7948 - 
Validation Loss: 0.5214, Validation Accuracy: 0.7700
Starting Validation
Epoch [10/200] - Train Loss: 0.4653, Train Accuracy: 0.7946 - 
Validation Loss: 0.5412, Validation Accuracy: 0.7681
Starting Validation
Epoch [11/200] - Train Loss: 0.4625, Train Accuracy: 0.7959 - 
Validation Loss: 0.5226, Validation Accuracy: 0.7726
Starting Validation
Epoch [12/200] - Train Loss: 0.4591, Train Accuracy: 0.7973 - 
Validation Loss: 0.5562, Validation Accuracy: 0.7649
Starting Validation
Epoch [13/200] - Train Loss: 0.4614, Train Accuracy: 0.7979 - 
Validation Loss: 0.5200, Validation Accuracy: 0.7687
Starting Validation
Epoch [14/200] - Train Loss: 0.4554, Train Accuracy: 0.7981 - 
Validation Loss: 0.5339, Validation Accuracy: 0.7687
Starting Validation
Epoch [15/200] - Train Loss: 0.4495, Train Accuracy: 0.8077 - 
Validation Loss: 0.5338, Validation Accuracy: 0.7687
Starting Validation
Epoch [16/200] - Train Loss: 0.4468, Train Accuracy: 0.8031 - 
Validation Loss: 0.5411, Validation Accuracy: 0.7623
Starting Validation
Epoch [17/200] - Train Loss: 0.4450, Train Accuracy: 0.8064 - 
Validation Loss: 0.5371, Validation Accuracy: 0.7604
Starting Validation
Epoch [18/200] - Train Loss: 0.4461, Train Accuracy: 0.8036 - 
Validation Loss: 0.5301, Validation Accuracy: 0.7604
Starting Validation
Epoch [19/200] - Train Loss: 0.4298, Train Accuracy: 0.8091 - 
Validation Loss: 0.5443, Validation Accuracy: 0.7668
Starting Validation
Epoch [20/200] - Train Loss: 0.4350, Train Accuracy: 0.8091 - 
Validation Loss: 0.5558, Validation Accuracy: 0.7604
Starting Validation
Epoch [21/200] - Train Loss: 0.4300, Train Accuracy: 0.8066 - 
Validation Loss: 0.5571, Validation Accuracy: 0.7591
Starting Validation
Epoch [22/200] - Train Loss: 0.4263, Train Accuracy: 0.8064 - 
Validation Loss: 0.5807, Validation Accuracy: 0.7694
Starting Validation
Epoch [23/200] - Train Loss: 0.4143, Train Accuracy: 0.8141 - 
Validation Loss: 0.5851, Validation Accuracy: 0.7534
Starting Validation
Epoch [24/200] - Train Loss: 0.4154, Train Accuracy: 0.8176 - 
Validation Loss: 0.6403, Validation Accuracy: 0.7194
Starting Validation
Epoch [25/200] - Train Loss: 0.4159, Train Accuracy: 0.8176 - 
Validation Loss: 0.5820, Validation Accuracy: 0.7514
Starting Validation
Epoch [26/200] - Train Loss: 0.4096, Train Accuracy: 0.8196 - 
Validation Loss: 0.5852, Validation Accuracy: 0.7354
Starting Validation
Epoch [27/200] - Train Loss: 0.4038, Train Accuracy: 0.8149 - 
Validation Loss: 0.6102, Validation Accuracy: 0.7675
Starting Validation
Epoch [28/200] - Train Loss: 0.3915, Train Accuracy: 0.8242 - 
Validation Loss: 0.5879, Validation Accuracy: 0.7431
Starting Validation
Epoch [29/200] - Train Loss: 0.3977, Train Accuracy: 0.8231 - 
Validation Loss: 0.5977, Validation Accuracy: 0.7527
Starting Validation
Epoch [30/200] - Train Loss: 0.3938, Train Accuracy: 0.8185 - 
Validation Loss: 0.6307, Validation Accuracy: 0.7540
Starting Validation
Epoch [31/200] - Train Loss: 0.3891, Train Accuracy: 0.8264 - 
Validation Loss: 0.5704, Validation Accuracy: 0.7399
Starting Validation
Epoch [32/200] - Train Loss: 0.3731, Train Accuracy: 0.8319 - 
Validation Loss: 0.6519, Validation Accuracy: 0.7233
Starting Validation
Epoch [33/200] - Train Loss: 0.3674, Train Accuracy: 0.8325 - 
Validation Loss: 0.6386, Validation Accuracy: 0.7143
Starting Validation
Epoch [34/200] - Train Loss: 0.3712, Train Accuracy: 0.8327 - 
Validation Loss: 0.6266, Validation Accuracy: 0.7297
Starting Validation
Epoch [35/200] - Train Loss: 0.3619, Train Accuracy: 0.8385 - 
Validation Loss: 0.6617, Validation Accuracy: 0.7181
Starting Validation
Epoch [36/200] - Train Loss: 0.3520, Train Accuracy: 0.8385 - 
Validation Loss: 0.7228, Validation Accuracy: 0.7303
Starting Validation
Epoch [37/200] - Train Loss: 0.3528, Train Accuracy: 0.8495 - 
Validation Loss: 0.6939, Validation Accuracy: 0.7239
Starting Validation
Epoch [38/200] - Train Loss: 0.3452, Train Accuracy: 0.8476 - 
Validation Loss: 0.6826, Validation Accuracy: 0.7418
Starting Validation
Epoch [39/200] - Train Loss: 0.3382, Train Accuracy: 0.8476 - 
Validation Loss: 0.6876, Validation Accuracy: 0.7354
Starting Validation
Epoch [40/200] - Train Loss: 0.3279, Train Accuracy: 0.8564 - 
Validation Loss: 0.7289, Validation Accuracy: 0.7277
Starting Validation
Epoch [41/200] - Train Loss: 0.3182, Train Accuracy: 0.8577 - 
Validation Loss: 0.7639, Validation Accuracy: 0.7136
Starting Validation
Epoch [42/200] - Train Loss: 0.3156, Train Accuracy: 0.8632 - 
Validation Loss: 0.7483, Validation Accuracy: 0.7406
Starting Validation
Epoch [43/200] - Train Loss: 0.3169, Train Accuracy: 0.8597 - 
Validation Loss: 0.6940, Validation Accuracy: 0.7220
Starting Validation
Epoch [44/200] - Train Loss: 0.3059, Train Accuracy: 0.8690 - 
Validation Loss: 0.6727, Validation Accuracy: 0.7233
Starting Validation
Epoch [45/200] - Train Loss: 0.3017, Train Accuracy: 0.8723 - 
Validation Loss: 0.7765, Validation Accuracy: 0.6983
Starting Validation
Epoch [46/200] - Train Loss: 0.2944, Train Accuracy: 0.8728 - 
Validation Loss: 0.7784, Validation Accuracy: 0.7149
Starting Validation
Epoch [47/200] - Train Loss: 0.2719, Train Accuracy: 0.8819 - 
Validation Loss: 0.8576, Validation Accuracy: 0.7149
Starting Validation
Epoch [48/200] - Train Loss: 0.2780, Train Accuracy: 0.8789 - 
Validation Loss: 0.8423, Validation Accuracy: 0.6656
Starting Validation
Epoch [49/200] - Train Loss: 0.2675, Train Accuracy: 0.8888 - 
Validation Loss: 0.8507, Validation Accuracy: 0.7207
Starting Validation
Epoch [50/200] - Train Loss: 0.2556, Train Accuracy: 0.8855 - 
Validation Loss: 0.9339, Validation Accuracy: 0.7092
Starting Validation
Epoch [51/200] - Train Loss: 0.2848, Train Accuracy: 0.8792 - 
Validation Loss: 0.8204, Validation Accuracy: 0.7284
Starting Validation
Epoch [52/200] - Train Loss: 0.2476, Train Accuracy: 0.8921 - 
Validation Loss: 0.9129, Validation Accuracy: 0.6963
Starting Validation
Epoch [53/200] - Train Loss: 0.2625, Train Accuracy: 0.8857 - 
Validation Loss: 0.9704, Validation Accuracy: 0.7085
Starting Validation
Epoch [54/200] - Train Loss: 0.2435, Train Accuracy: 0.8907 - 
Validation Loss: 0.9372, Validation Accuracy: 0.6861
Starting Validation
Epoch [55/200] - Train Loss: 0.2345, Train Accuracy: 0.8995 - 
Validation Loss: 1.0006, Validation Accuracy: 0.7111
Starting Validation
Epoch [56/200] - Train Loss: 0.2246, Train Accuracy: 0.9074 - 
Validation Loss: 0.8982, Validation Accuracy: 0.7008
Starting Validation
Epoch [57/200] - Train Loss: 0.2297, Train Accuracy: 0.9017 - 
Validation Loss: 0.9436, Validation Accuracy: 0.7341
Starting Validation
Epoch [58/200] - Train Loss: 0.2272, Train Accuracy: 0.9052 - 
Validation Loss: 0.8996, Validation Accuracy: 0.7136
Starting Validation
Epoch [59/200] - Train Loss: 0.2127, Train Accuracy: 0.9124 - 
Validation Loss: 0.9509, Validation Accuracy: 0.7008
Starting Validation
Epoch [60/200] - Train Loss: 0.2214, Train Accuracy: 0.9039 - 
Validation Loss: 0.9487, Validation Accuracy: 0.7181
Starting Validation
Epoch [61/200] - Train Loss: 0.1865, Train Accuracy: 0.9231 - 
Validation Loss: 1.0441, Validation Accuracy: 0.7149
Starting Validation
Epoch [62/200] - Train Loss: 0.1995, Train Accuracy: 0.9165 - 
Validation Loss: 1.2576, Validation Accuracy: 0.6803
Starting Validation
Epoch [63/200] - Train Loss: 0.1816, Train Accuracy: 0.9234 - 
Validation Loss: 1.1689, Validation Accuracy: 0.6912
Starting Validation
Epoch [64/200] - Train Loss: 0.1902, Train Accuracy: 0.9236 - 
Validation Loss: 1.1692, Validation Accuracy: 0.7194
Starting Validation
Epoch [65/200] - Train Loss: 0.1781, Train Accuracy: 0.9283 - 
Validation Loss: 1.1711, Validation Accuracy: 0.6835
Starting Validation
Epoch [66/200] - Train Loss: 0.1745, Train Accuracy: 0.9267 - 
Validation Loss: 1.1120, Validation Accuracy: 0.6701
Starting Validation
Epoch [67/200] - Train Loss: 0.1759, Train Accuracy: 0.9302 - 
Validation Loss: 1.0557, Validation Accuracy: 0.6996
Starting Validation
Epoch [68/200] - Train Loss: 0.1702, Train Accuracy: 0.9278 - 
Validation Loss: 1.1116, Validation Accuracy: 0.7188
Starting Validation
Epoch [69/200] - Train Loss: 0.1605, Train Accuracy: 0.9357 - 
Validation Loss: 1.2601, Validation Accuracy: 0.7015
Starting Validation
Epoch [70/200] - Train Loss: 0.1652, Train Accuracy: 0.9283 - 
Validation Loss: 1.1359, Validation Accuracy: 0.6944
Starting Validation
Epoch [71/200] - Train Loss: 0.1577, Train Accuracy: 0.9352 - 
Validation Loss: 1.1571, Validation Accuracy: 0.6906
Starting Validation
Epoch [72/200] - Train Loss: 0.1545, Train Accuracy: 0.9401 - 
Validation Loss: 1.2830, Validation Accuracy: 0.7028
Starting Validation
Epoch [73/200] - Train Loss: 0.1446, Train Accuracy: 0.9462 - 
Validation Loss: 1.3636, Validation Accuracy: 0.6842
Starting Validation
Epoch [74/200] - Train Loss: 0.1492, Train Accuracy: 0.9366 - 
Validation Loss: 1.1900, Validation Accuracy: 0.6816
Starting Validation
Epoch [75/200] - Train Loss: 0.1556, Train Accuracy: 0.9379 - 
Validation Loss: 1.3215, Validation Accuracy: 0.6963
Starting Validation
Epoch [76/200] - Train Loss: 0.1460, Train Accuracy: 0.9440 - 
Validation Loss: 1.2441, Validation Accuracy: 0.7111
Starting Validation
Epoch [77/200] - Train Loss: 0.1348, Train Accuracy: 0.9484 - 
Validation Loss: 1.2715, Validation Accuracy: 0.7066
Starting Validation
Epoch [78/200] - Train Loss: 0.1261, Train Accuracy: 0.9486 - 
Validation Loss: 1.3969, Validation Accuracy: 0.7194
Starting Validation
Epoch [79/200] - Train Loss: 0.1412, Train Accuracy: 0.9426 - 
Validation Loss: 1.2169, Validation Accuracy: 0.7098
Starting Validation
Epoch [80/200] - Train Loss: 0.1390, Train Accuracy: 0.9470 - 
Validation Loss: 1.3174, Validation Accuracy: 0.7226
Starting Validation
Epoch [81/200] - Train Loss: 0.1399, Train Accuracy: 0.9470 - 
Validation Loss: 1.2854, Validation Accuracy: 0.7098
Starting Validation
Epoch [82/200] - Train Loss: 0.1115, Train Accuracy: 0.9566 - 
Validation Loss: 1.5299, Validation Accuracy: 0.7380
Starting Validation
Epoch [83/200] - Train Loss: 0.1409, Train Accuracy: 0.9437 - 
Validation Loss: 1.3463, Validation Accuracy: 0.7316
Starting Validation
Epoch [84/200] - Train Loss: 0.1196, Train Accuracy: 0.9533 - 
Validation Loss: 1.3395, Validation Accuracy: 0.7149
Starting Validation
Epoch [85/200] - Train Loss: 0.1154, Train Accuracy: 0.9533 - 
Validation Loss: 1.2883, Validation Accuracy: 0.6976
Starting Validation
Epoch [86/200] - Train Loss: 0.1137, Train Accuracy: 0.9577 - 
Validation Loss: 1.2727, Validation Accuracy: 0.7168
Starting Validation
Epoch [87/200] - Train Loss: 0.1106, Train Accuracy: 0.9588 - 
Validation Loss: 1.3750, Validation Accuracy: 0.7271
Starting Validation
Epoch [88/200] - Train Loss: 0.1010, Train Accuracy: 0.9648 - 
Validation Loss: 1.4167, Validation Accuracy: 0.7245
Starting Validation
Epoch [89/200] - Train Loss: 0.1126, Train Accuracy: 0.9552 - 
Validation Loss: 1.4865, Validation Accuracy: 0.7002
Starting Validation
Epoch [90/200] - Train Loss: 0.1055, Train Accuracy: 0.9618 - 
Validation Loss: 1.5443, Validation Accuracy: 0.7117
Starting Validation
Epoch [91/200] - Train Loss: 0.1130, Train Accuracy: 0.9552 - 
Validation Loss: 1.5381, Validation Accuracy: 0.7162
Starting Validation
Epoch [92/200] - Train Loss: 0.0968, Train Accuracy: 0.9626 - 
Validation Loss: 1.4935, Validation Accuracy: 0.7111
Starting Validation
Epoch [93/200] - Train Loss: 0.0937, Train Accuracy: 0.9618 - 
Validation Loss: 1.5577, Validation Accuracy: 0.7136
Starting Validation
Epoch [94/200] - Train Loss: 0.0947, Train Accuracy: 0.9624 - 
Validation Loss: 1.4992, Validation Accuracy: 0.7104
Starting Validation
Epoch [95/200] - Train Loss: 0.1029, Train Accuracy: 0.9602 - 
Validation Loss: 1.5229, Validation Accuracy: 0.7047
Starting Validation
Epoch [96/200] - Train Loss: 0.0950, Train Accuracy: 0.9640 - 
Validation Loss: 1.5117, Validation Accuracy: 0.7239
Starting Validation
Epoch [97/200] - Train Loss: 0.0989, Train Accuracy: 0.9605 - 
Validation Loss: 1.5358, Validation Accuracy: 0.7130
Starting Validation
Epoch [98/200] - Train Loss: 0.1009, Train Accuracy: 0.9607 - 
Validation Loss: 1.3395, Validation Accuracy: 0.7361
Starting Validation
Epoch [99/200] - Train Loss: 0.0890, Train Accuracy: 0.9651 - 
Validation Loss: 1.5551, Validation Accuracy: 0.6823
Starting Validation
Epoch [100/200] - Train Loss: 0.0823, Train Accuracy: 0.9692 - 
Validation Loss: 1.6163, Validation Accuracy: 0.7252
Starting Validation
Epoch [101/200] - Train Loss: 0.0933, Train Accuracy: 0.9648 - 
Validation Loss: 1.5659, Validation Accuracy: 0.7175
Starting Validation
Epoch [102/200] - Train Loss: 0.0805, Train Accuracy: 0.9692 - 
Validation Loss: 1.5120, Validation Accuracy: 0.7021
Starting Validation
Epoch [103/200] - Train Loss: 0.0794, Train Accuracy: 0.9665 - 
Validation Loss: 1.4999, Validation Accuracy: 0.7136
Starting Validation
Epoch [104/200] - Train Loss: 0.0804, Train Accuracy: 0.9651 - 
Validation Loss: 1.6478, Validation Accuracy: 0.7156
Starting Validation
Epoch [105/200] - Train Loss: 0.0754, Train Accuracy: 0.9725 - 
Validation Loss: 1.6961, Validation Accuracy: 0.7015
Starting Validation
Epoch [106/200] - Train Loss: 0.0768, Train Accuracy: 0.9731 - 
Validation Loss: 1.5310, Validation Accuracy: 0.7406
Starting Validation
Epoch [107/200] - Train Loss: 0.0881, Train Accuracy: 0.9709 - 
Validation Loss: 1.7307, Validation Accuracy: 0.7168
Starting Validation
Epoch [108/200] - Train Loss: 0.0981, Train Accuracy: 0.9637 - 
Validation Loss: 1.5789, Validation Accuracy: 0.7284
Starting Validation
Epoch [109/200] - Train Loss: 0.0690, Train Accuracy: 0.9750 - 
Validation Loss: 1.6607, Validation Accuracy: 0.7098
Starting Validation
Epoch [110/200] - Train Loss: 0.0706, Train Accuracy: 0.9745 - 
Validation Loss: 1.5596, Validation Accuracy: 0.6944
Starting Validation
Epoch [111/200] - Train Loss: 0.0802, Train Accuracy: 0.9701 - 
Validation Loss: 1.5347, Validation Accuracy: 0.7098
Starting Validation
Epoch [112/200] - Train Loss: 0.0854, Train Accuracy: 0.9654 - 
Validation Loss: 1.5591, Validation Accuracy: 0.7194
Starting Validation
Epoch [113/200] - Train Loss: 0.0704, Train Accuracy: 0.9747 - 
Validation Loss: 1.6115, Validation Accuracy: 0.6996
Starting Validation
Epoch [114/200] - Train Loss: 0.0694, Train Accuracy: 0.9756 - 
Validation Loss: 1.7342, Validation Accuracy: 0.7008
Starting Validation
Epoch [115/200] - Train Loss: 0.0920, Train Accuracy: 0.9684 - 
Validation Loss: 1.4465, Validation Accuracy: 0.7040
Starting Validation
Epoch [116/200] - Train Loss: 0.0824, Train Accuracy: 0.9657 - 
Validation Loss: 1.5893, Validation Accuracy: 0.7258
Starting Validation
Epoch [117/200] - Train Loss: 0.0680, Train Accuracy: 0.9750 - 
Validation Loss: 1.6877, Validation Accuracy: 0.7060
Starting Validation
Epoch [118/200] - Train Loss: 0.0616, Train Accuracy: 0.9775 - 
Validation Loss: 1.7078, Validation Accuracy: 0.7085
Starting Validation
Epoch [119/200] - Train Loss: 0.0742, Train Accuracy: 0.9739 - 
Validation Loss: 1.6737, Validation Accuracy: 0.7252
Starting Validation
Epoch [120/200] - Train Loss: 0.0713, Train Accuracy: 0.9734 - 
Validation Loss: 1.5122, Validation Accuracy: 0.7162
Starting Validation
Epoch [121/200] - Train Loss: 0.0691, Train Accuracy: 0.9742 - 
Validation Loss: 1.6830, Validation Accuracy: 0.7341
Starting Validation
Epoch [122/200] - Train Loss: 0.0722, Train Accuracy: 0.9745 - 
Validation Loss: 1.6263, Validation Accuracy: 0.7233
Starting Validation
Epoch [123/200] - Train Loss: 0.0627, Train Accuracy: 0.9769 - 
Validation Loss: 1.7830, Validation Accuracy: 0.7168
Starting Validation
Epoch [124/200] - Train Loss: 0.0615, Train Accuracy: 0.9758 - 
Validation Loss: 1.7083, Validation Accuracy: 0.7207
Starting Validation
Epoch [125/200] - Train Loss: 0.0602, Train Accuracy: 0.9800 - 
Validation Loss: 1.8717, Validation Accuracy: 0.7297
Starting Validation
Epoch [126/200] - Train Loss: 0.0637, Train Accuracy: 0.9753 - 
Validation Loss: 1.7380, Validation Accuracy: 0.7066
Starting Validation
Epoch [127/200] - Train Loss: 0.0731, Train Accuracy: 0.9728 - 
Validation Loss: 1.5970, Validation Accuracy: 0.7265
Starting Validation
Epoch [128/200] - Train Loss: 0.0626, Train Accuracy: 0.9794 - 
Validation Loss: 1.8405, Validation Accuracy: 0.7079
Starting Validation
Epoch [129/200] - Train Loss: 0.0790, Train Accuracy: 0.9692 - 
Validation Loss: 1.5706, Validation Accuracy: 0.7188
Starting Validation
Epoch [130/200] - Train Loss: 0.0607, Train Accuracy: 0.9769 - 
Validation Loss: 1.8207, Validation Accuracy: 0.7040
Starting Validation
Epoch [131/200] - Train Loss: 0.0561, Train Accuracy: 0.9797 - 
Validation Loss: 1.7451, Validation Accuracy: 0.7175
Starting Validation
Epoch [132/200] - Train Loss: 0.0616, Train Accuracy: 0.9778 - 
Validation Loss: 1.6211, Validation Accuracy: 0.7252
Starting Validation
Epoch [133/200] - Train Loss: 0.0502, Train Accuracy: 0.9827 - 
Validation Loss: 1.9133, Validation Accuracy: 0.7117
Starting Validation
Epoch [134/200] - Train Loss: 0.0684, Train Accuracy: 0.9714 - 
Validation Loss: 1.4604, Validation Accuracy: 0.7079
Starting Validation
Epoch [135/200] - Train Loss: 0.0552, Train Accuracy: 0.9794 - 
Validation Loss: 1.7889, Validation Accuracy: 0.7277
Starting Validation
Epoch [136/200] - Train Loss: 0.0517, Train Accuracy: 0.9808 - 
Validation Loss: 1.9118, Validation Accuracy: 0.7034
Starting Validation
Epoch [137/200] - Train Loss: 0.0597, Train Accuracy: 0.9772 - 
Validation Loss: 1.5839, Validation Accuracy: 0.6983
Starting Validation
Epoch [138/200] - Train Loss: 0.0523, Train Accuracy: 0.9810 - 
Validation Loss: 1.9193, Validation Accuracy: 0.7348
Starting Validation
Epoch [139/200] - Train Loss: 0.0575, Train Accuracy: 0.9797 - 
Validation Loss: 1.7108, Validation Accuracy: 0.7028
Starting Validation
Epoch [140/200] - Train Loss: 0.0536, Train Accuracy: 0.9816 - 
Validation Loss: 1.9161, Validation Accuracy: 0.7239
Starting Validation
Epoch [141/200] - Train Loss: 0.0508, Train Accuracy: 0.9816 - 
Validation Loss: 2.1901, Validation Accuracy: 0.7309
Starting Validation
Epoch [142/200] - Train Loss: 0.0612, Train Accuracy: 0.9739 - 
Validation Loss: 1.6756, Validation Accuracy: 0.7104
Starting Validation
Epoch [143/200] - Train Loss: 0.0537, Train Accuracy: 0.9797 - 
Validation Loss: 1.7706, Validation Accuracy: 0.6970
Starting Validation
Epoch [144/200] - Train Loss: 0.0610, Train Accuracy: 0.9786 - 
Validation Loss: 1.7759, Validation Accuracy: 0.6733
Starting Validation
Epoch [145/200] - Train Loss: 0.0465, Train Accuracy: 0.9830 - 
Validation Loss: 1.9672, Validation Accuracy: 0.7066
Starting Validation
Epoch [146/200] - Train Loss: 0.0581, Train Accuracy: 0.9783 - 
Validation Loss: 1.6489, Validation Accuracy: 0.7226
Starting Validation
Epoch [147/200] - Train Loss: 0.0554, Train Accuracy: 0.9772 - 
Validation Loss: 1.8373, Validation Accuracy: 0.7092
Starting Validation
Epoch [148/200] - Train Loss: 0.0558, Train Accuracy: 0.9797 - 
Validation Loss: 1.5822, Validation Accuracy: 0.7002
Starting Validation
Epoch [149/200] - Train Loss: 0.0347, Train Accuracy: 0.9879 - 
Validation Loss: 2.0998, Validation Accuracy: 0.6963
Starting Validation
Epoch [150/200] - Train Loss: 0.0465, Train Accuracy: 0.9827 - 
Validation Loss: 1.9960, Validation Accuracy: 0.7220
Starting Validation
Epoch [151/200] - Train Loss: 0.0452, Train Accuracy: 0.9819 - 
Validation Loss: 1.9703, Validation Accuracy: 0.7079
Starting Validation
Epoch [152/200] - Train Loss: 0.0464, Train Accuracy: 0.9830 - 
Validation Loss: 2.0526, Validation Accuracy: 0.7245
Starting Validation
Epoch [153/200] - Train Loss: 0.0450, Train Accuracy: 0.9838 - 
Validation Loss: 1.9811, Validation Accuracy: 0.7098
Starting Validation
Epoch [154/200] - Train Loss: 0.0639, Train Accuracy: 0.9780 - 
Validation Loss: 1.7115, Validation Accuracy: 0.7072
Starting Validation
Epoch [155/200] - Train Loss: 0.0365, Train Accuracy: 0.9854 - 
Validation Loss: 2.0960, Validation Accuracy: 0.7143
Starting Validation
Epoch [156/200] - Train Loss: 0.0474, Train Accuracy: 0.9821 - 
Validation Loss: 2.0406, Validation Accuracy: 0.7207
Starting Validation
Epoch [157/200] - Train Loss: 0.0554, Train Accuracy: 0.9821 - 
Validation Loss: 1.6624, Validation Accuracy: 0.7047
Starting Validation
Epoch [158/200] - Train Loss: 0.0389, Train Accuracy: 0.9860 - 
Validation Loss: 2.1318, Validation Accuracy: 0.6989
Starting Validation
Epoch [159/200] - Train Loss: 0.0636, Train Accuracy: 0.9775 - 
Validation Loss: 1.5620, Validation Accuracy: 0.7290
Starting Validation
Epoch [160/200] - Train Loss: 0.0458, Train Accuracy: 0.9835 - 
Validation Loss: 1.8478, Validation Accuracy: 0.7156
Starting Validation
Epoch [161/200] - Train Loss: 0.0383, Train Accuracy: 0.9854 - 
Validation Loss: 1.9277, Validation Accuracy: 0.6957
Starting Validation
Epoch [162/200] - Train Loss: 0.0401, Train Accuracy: 0.9874 - 
Validation Loss: 1.9126, Validation Accuracy: 0.7168
Starting Validation
Epoch [163/200] - Train Loss: 0.0551, Train Accuracy: 0.9786 - 
Validation Loss: 1.6064, Validation Accuracy: 0.7130
Starting Validation
Epoch [164/200] - Train Loss: 0.0587, Train Accuracy: 0.9778 - 
Validation Loss: 1.5790, Validation Accuracy: 0.7124
Starting Validation
Epoch [165/200] - Train Loss: 0.0425, Train Accuracy: 0.9860 - 
Validation Loss: 1.8809, Validation Accuracy: 0.7136
Starting Validation
Epoch [166/200] - Train Loss: 0.0518, Train Accuracy: 0.9816 - 
Validation Loss: 1.8570, Validation Accuracy: 0.7136
Starting Validation
Epoch [167/200] - Train Loss: 0.0400, Train Accuracy: 0.9857 - 
Validation Loss: 1.9312, Validation Accuracy: 0.7233
Starting Validation
Epoch [168/200] - Train Loss: 0.0375, Train Accuracy: 0.9882 - 
Validation Loss: 1.8969, Validation Accuracy: 0.7316
Starting Validation
Epoch [169/200] - Train Loss: 0.0510, Train Accuracy: 0.9808 - 
Validation Loss: 1.7086, Validation Accuracy: 0.7021
Starting Validation
Epoch [170/200] - Train Loss: 0.0282, Train Accuracy: 0.9904 - 
Validation Loss: 2.1611, Validation Accuracy: 0.7233
Starting Validation
Epoch [171/200] - Train Loss: 0.0392, Train Accuracy: 0.9882 - 
Validation Loss: 1.9415, Validation Accuracy: 0.7111
Starting Validation
Epoch [172/200] - Train Loss: 0.0507, Train Accuracy: 0.9816 - 
Validation Loss: 1.7069, Validation Accuracy: 0.7252
Starting Validation
Epoch [173/200] - Train Loss: 0.0381, Train Accuracy: 0.9854 - 
Validation Loss: 1.8944, Validation Accuracy: 0.7060
Starting Validation
Epoch [174/200] - Train Loss: 0.0483, Train Accuracy: 0.9813 - 
Validation Loss: 1.9034, Validation Accuracy: 0.7079
Starting Validation
Epoch [175/200] - Train Loss: 0.0367, Train Accuracy: 0.9863 - 
Validation Loss: 1.9115, Validation Accuracy: 0.7098
Starting Validation
Epoch [176/200] - Train Loss: 0.0415, Train Accuracy: 0.9846 - 
Validation Loss: 1.7783, Validation Accuracy: 0.7213
Starting Validation
Epoch [177/200] - Train Loss: 0.0450, Train Accuracy: 0.9830 - 
Validation Loss: 1.8519, Validation Accuracy: 0.7066
Starting Validation
Epoch [178/200] - Train Loss: 0.0400, Train Accuracy: 0.9860 - 
Validation Loss: 1.7175, Validation Accuracy: 0.7213
Starting Validation
Epoch [179/200] - Train Loss: 0.0437, Train Accuracy: 0.9846 - 
Validation Loss: 1.7899, Validation Accuracy: 0.7117
Starting Validation
Epoch [180/200] - Train Loss: 0.0332, Train Accuracy: 0.9879 - 
Validation Loss: 2.0144, Validation Accuracy: 0.7277
Starting Validation
Epoch [181/200] - Train Loss: 0.0485, Train Accuracy: 0.9821 - 
Validation Loss: 1.7969, Validation Accuracy: 0.7156
Starting Validation
Epoch [182/200] - Train Loss: 0.0406, Train Accuracy: 0.9852 - 
Validation Loss: 1.9514, Validation Accuracy: 0.7181
Starting Validation
Epoch [183/200] - Train Loss: 0.0492, Train Accuracy: 0.9810 - 
Validation Loss: 1.9600, Validation Accuracy: 0.7213
Starting Validation
Epoch [184/200] - Train Loss: 0.0405, Train Accuracy: 0.9854 - 
Validation Loss: 1.8396, Validation Accuracy: 0.7136
Starting Validation
Epoch [185/200] - Train Loss: 0.0283, Train Accuracy: 0.9907 - 
Validation Loss: 1.8824, Validation Accuracy: 0.7201
Starting Validation
Epoch [186/200] - Train Loss: 0.0445, Train Accuracy: 0.9832 - 
Validation Loss: 1.6956, Validation Accuracy: 0.7194
Starting Validation
Epoch [187/200] - Train Loss: 0.0337, Train Accuracy: 0.9865 - 
Validation Loss: 1.9232, Validation Accuracy: 0.7329
Starting Validation
Epoch [188/200] - Train Loss: 0.0404, Train Accuracy: 0.9849 - 
Validation Loss: 1.8726, Validation Accuracy: 0.7175
Starting Validation
Epoch [189/200] - Train Loss: 0.0356, Train Accuracy: 0.9893 - 
Validation Loss: 1.9367, Validation Accuracy: 0.7233
Starting Validation
Epoch [190/200] - Train Loss: 0.0357, Train Accuracy: 0.9893 - 
Validation Loss: 1.9009, Validation Accuracy: 0.7015
Starting Validation
Epoch [191/200] - Train Loss: 0.0422, Train Accuracy: 0.9849 - 
Validation Loss: 1.8253, Validation Accuracy: 0.7277
Starting Validation
Epoch [192/200] - Train Loss: 0.0316, Train Accuracy: 0.9882 - 
Validation Loss: 1.9565, Validation Accuracy: 0.7175
Starting Validation
Epoch [193/200] - Train Loss: 0.0427, Train Accuracy: 0.9860 - 
Validation Loss: 1.9523, Validation Accuracy: 0.7303
Starting Validation
Epoch [194/200] - Train Loss: 0.0499, Train Accuracy: 0.9808 - 
Validation Loss: 1.9074, Validation Accuracy: 0.7028
Starting Validation
Epoch [195/200] - Train Loss: 0.0256, Train Accuracy: 0.9909 - 
Validation Loss: 2.1610, Validation Accuracy: 0.6983
Starting Validation
Epoch [196/200] - Train Loss: 0.0490, Train Accuracy: 0.9808 - 
Validation Loss: 1.7595, Validation Accuracy: 0.7098
Starting Validation
Epoch [197/200] - Train Loss: 0.0493, Train Accuracy: 0.9816 - 
Validation Loss: 1.8316, Validation Accuracy: 0.7149
Starting Validation
Epoch [198/200] - Train Loss: 0.0312, Train Accuracy: 0.9876 - 
Validation Loss: 1.9500, Validation Accuracy: 0.7290
Starting Validation
Epoch [199/200] - Train Loss: 0.0314, Train Accuracy: 0.9887 - 
Validation Loss: 2.2608, Validation Accuracy: 0.7162
Starting Validation
Epoch [200/200] - Train Loss: 0.0364, Train Accuracy: 0.9890 - 
Validation Loss: 2.0664, Validation Accuracy: 0.7207
Plotting graph now
