MODEL: resnet34	DATASET: CBIS-DDSM
Training class distribution:
Class 0 (Benign): 917 samples
Class 1 (Malignant): 586 samples

Validation class distribution:
Class 0 (Benign): 327 samples
Class 1 (Malignant): 318 samples
Created DataLoaders
(224, 224)
Number of trainable parameters: 21285698
Starting training now
Starting Validation
Epoch [1/200] - Train Loss: 0.6938, Train Accuracy: 0.5988 - 
Validation Loss: 0.7533, Validation Accuracy: 0.5380
Starting Validation
Epoch [2/200] - Train Loss: 0.6087, Train Accuracy: 0.6607 - 
Validation Loss: 0.7538, Validation Accuracy: 0.5612
Starting Validation
Epoch [3/200] - Train Loss: 0.5764, Train Accuracy: 0.6713 - 
Validation Loss: 0.8432, Validation Accuracy: 0.5132
Starting Validation
Epoch [4/200] - Train Loss: 0.5778, Train Accuracy: 0.6780 - 
Validation Loss: 0.7952, Validation Accuracy: 0.5426
Starting Validation
Epoch [5/200] - Train Loss: 0.5409, Train Accuracy: 0.7086 - 
Validation Loss: 0.6928, Validation Accuracy: 0.6341
Starting Validation
Epoch [6/200] - Train Loss: 0.5109, Train Accuracy: 0.7192 - 
Validation Loss: 0.9037, Validation Accuracy: 0.5767
Starting Validation
Epoch [7/200] - Train Loss: 0.5127, Train Accuracy: 0.7299 - 
Validation Loss: 0.7986, Validation Accuracy: 0.6171
Starting Validation
Epoch [8/200] - Train Loss: 0.5232, Train Accuracy: 0.7239 - 
Validation Loss: 0.7387, Validation Accuracy: 0.5953
Starting Validation
Epoch [9/200] - Train Loss: 0.4746, Train Accuracy: 0.7505 - 
Validation Loss: 0.8706, Validation Accuracy: 0.5581
Starting Validation
Epoch [10/200] - Train Loss: 0.4691, Train Accuracy: 0.7572 - 
Validation Loss: 0.8695, Validation Accuracy: 0.5814
Starting Validation
Epoch [11/200] - Train Loss: 0.4610, Train Accuracy: 0.7638 - 
Validation Loss: 1.0134, Validation Accuracy: 0.5674
Starting Validation
Epoch [12/200] - Train Loss: 0.4430, Train Accuracy: 0.7745 - 
Validation Loss: 0.8194, Validation Accuracy: 0.5984
Starting Validation
Epoch [13/200] - Train Loss: 0.4288, Train Accuracy: 0.7891 - 
Validation Loss: 0.8154, Validation Accuracy: 0.5876
Starting Validation
Epoch [14/200] - Train Loss: 0.4148, Train Accuracy: 0.7957 - 
Validation Loss: 0.9435, Validation Accuracy: 0.5721
Starting Validation
Epoch [15/200] - Train Loss: 0.4236, Train Accuracy: 0.7931 - 
Validation Loss: 1.1397, Validation Accuracy: 0.5891
Starting Validation
Epoch [16/200] - Train Loss: 0.4076, Train Accuracy: 0.8077 - 
Validation Loss: 1.0170, Validation Accuracy: 0.5752
Starting Validation
Epoch [17/200] - Train Loss: 0.3670, Train Accuracy: 0.8157 - 
Validation Loss: 0.7557, Validation Accuracy: 0.6574
Starting Validation
Epoch [18/200] - Train Loss: 0.3522, Train Accuracy: 0.8350 - 
Validation Loss: 1.5379, Validation Accuracy: 0.5411
Starting Validation
Epoch [19/200] - Train Loss: 0.3468, Train Accuracy: 0.8403 - 
Validation Loss: 0.9099, Validation Accuracy: 0.6093
Starting Validation
Epoch [20/200] - Train Loss: 0.3399, Train Accuracy: 0.8323 - 
Validation Loss: 1.2403, Validation Accuracy: 0.5938
Starting Validation
Epoch [21/200] - Train Loss: 0.3246, Train Accuracy: 0.8523 - 
Validation Loss: 1.0791, Validation Accuracy: 0.5581
Starting Validation
Epoch [22/200] - Train Loss: 0.3065, Train Accuracy: 0.8530 - 
Validation Loss: 1.0306, Validation Accuracy: 0.6124
Starting Validation
Epoch [23/200] - Train Loss: 0.3001, Train Accuracy: 0.8649 - 
Validation Loss: 0.9464, Validation Accuracy: 0.6434
Starting Validation
Epoch [24/200] - Train Loss: 0.3193, Train Accuracy: 0.8649 - 
Validation Loss: 0.8511, Validation Accuracy: 0.6388
Starting Validation
Epoch [25/200] - Train Loss: 0.2414, Train Accuracy: 0.8975 - 
Validation Loss: 0.9762, Validation Accuracy: 0.6233
Starting Validation
Epoch [26/200] - Train Loss: 0.2940, Train Accuracy: 0.8703 - 
Validation Loss: 1.0248, Validation Accuracy: 0.6202
Starting Validation
Epoch [27/200] - Train Loss: 0.2423, Train Accuracy: 0.8935 - 
Validation Loss: 1.0947, Validation Accuracy: 0.5907
Starting Validation
Epoch [28/200] - Train Loss: 0.2400, Train Accuracy: 0.8955 - 
Validation Loss: 0.9788, Validation Accuracy: 0.6341
Starting Validation
Epoch [29/200] - Train Loss: 0.2478, Train Accuracy: 0.8929 - 
Validation Loss: 1.0057, Validation Accuracy: 0.6295
Starting Validation
Epoch [30/200] - Train Loss: 0.2333, Train Accuracy: 0.9002 - 
Validation Loss: 1.2527, Validation Accuracy: 0.6434
Starting Validation
Epoch [31/200] - Train Loss: 0.2134, Train Accuracy: 0.9108 - 
Validation Loss: 1.4249, Validation Accuracy: 0.6047
Starting Validation
Epoch [32/200] - Train Loss: 0.2069, Train Accuracy: 0.9162 - 
Validation Loss: 1.2949, Validation Accuracy: 0.6171
Starting Validation
Epoch [33/200] - Train Loss: 0.1767, Train Accuracy: 0.9308 - 
Validation Loss: 1.3765, Validation Accuracy: 0.6233
Starting Validation
Epoch [34/200] - Train Loss: 0.1637, Train Accuracy: 0.9341 - 
Validation Loss: 1.2328, Validation Accuracy: 0.5938
Starting Validation
Epoch [35/200] - Train Loss: 0.1604, Train Accuracy: 0.9448 - 
Validation Loss: 1.1851, Validation Accuracy: 0.6326
Starting Validation
Epoch [36/200] - Train Loss: 0.1794, Train Accuracy: 0.9268 - 
Validation Loss: 1.7904, Validation Accuracy: 0.5798
Starting Validation
Epoch [37/200] - Train Loss: 0.1933, Train Accuracy: 0.9268 - 
Validation Loss: 1.0532, Validation Accuracy: 0.6062
Starting Validation
Epoch [38/200] - Train Loss: 0.1615, Train Accuracy: 0.9328 - 
Validation Loss: 1.2011, Validation Accuracy: 0.5953
Starting Validation
Epoch [39/200] - Train Loss: 0.1479, Train Accuracy: 0.9468 - 
Validation Loss: 1.5736, Validation Accuracy: 0.6047
Starting Validation
Epoch [40/200] - Train Loss: 0.1537, Train Accuracy: 0.9395 - 
Validation Loss: 1.3066, Validation Accuracy: 0.6140
Starting Validation
Epoch [41/200] - Train Loss: 0.1834, Train Accuracy: 0.9295 - 
Validation Loss: 1.3906, Validation Accuracy: 0.6078
Starting Validation
Epoch [42/200] - Train Loss: 0.1238, Train Accuracy: 0.9601 - 
Validation Loss: 1.2925, Validation Accuracy: 0.6202
Starting Validation
Epoch [43/200] - Train Loss: 0.1277, Train Accuracy: 0.9488 - 
Validation Loss: 1.2487, Validation Accuracy: 0.6186
Starting Validation
Epoch [44/200] - Train Loss: 0.1506, Train Accuracy: 0.9448 - 
Validation Loss: 1.1128, Validation Accuracy: 0.6155
Starting Validation
Epoch [45/200] - Train Loss: 0.1364, Train Accuracy: 0.9521 - 
Validation Loss: 1.4161, Validation Accuracy: 0.6202
Starting Validation
Epoch [46/200] - Train Loss: 0.1059, Train Accuracy: 0.9574 - 
Validation Loss: 1.2293, Validation Accuracy: 0.6124
Starting Validation
Epoch [47/200] - Train Loss: 0.1173, Train Accuracy: 0.9634 - 
Validation Loss: 1.1216, Validation Accuracy: 0.6713
Starting Validation
Epoch [48/200] - Train Loss: 0.1263, Train Accuracy: 0.9548 - 
Validation Loss: 1.4381, Validation Accuracy: 0.5984
Starting Validation
Epoch [49/200] - Train Loss: 0.0933, Train Accuracy: 0.9694 - 
Validation Loss: 1.3608, Validation Accuracy: 0.6186
Starting Validation
Epoch [50/200] - Train Loss: 0.1213, Train Accuracy: 0.9548 - 
Validation Loss: 1.2462, Validation Accuracy: 0.6155
Starting Validation
Epoch [51/200] - Train Loss: 0.1015, Train Accuracy: 0.9594 - 
Validation Loss: 1.4203, Validation Accuracy: 0.6171
Starting Validation
Epoch [52/200] - Train Loss: 0.1035, Train Accuracy: 0.9621 - 
Validation Loss: 1.2704, Validation Accuracy: 0.6140
Starting Validation
Epoch [53/200] - Train Loss: 0.1241, Train Accuracy: 0.9508 - 
Validation Loss: 1.3263, Validation Accuracy: 0.6264
Starting Validation
Epoch [54/200] - Train Loss: 0.1124, Train Accuracy: 0.9634 - 
Validation Loss: 1.4693, Validation Accuracy: 0.6093
Starting Validation
Epoch [55/200] - Train Loss: 0.1099, Train Accuracy: 0.9554 - 
Validation Loss: 1.4207, Validation Accuracy: 0.6047
Starting Validation
Epoch [56/200] - Train Loss: 0.0833, Train Accuracy: 0.9721 - 
Validation Loss: 1.4303, Validation Accuracy: 0.6310
Starting Validation
Epoch [57/200] - Train Loss: 0.0917, Train Accuracy: 0.9647 - 
Validation Loss: 1.5912, Validation Accuracy: 0.6186
Starting Validation
Epoch [58/200] - Train Loss: 0.0858, Train Accuracy: 0.9654 - 
Validation Loss: 2.3705, Validation Accuracy: 0.5736
Starting Validation
Epoch [59/200] - Train Loss: 0.0802, Train Accuracy: 0.9654 - 
Validation Loss: 1.6292, Validation Accuracy: 0.6109
Starting Validation
Epoch [60/200] - Train Loss: 0.0829, Train Accuracy: 0.9661 - 
Validation Loss: 1.6083, Validation Accuracy: 0.5829
Starting Validation
Epoch [61/200] - Train Loss: 0.0842, Train Accuracy: 0.9661 - 
Validation Loss: 2.0774, Validation Accuracy: 0.5953
Starting Validation
Epoch [62/200] - Train Loss: 0.1082, Train Accuracy: 0.9561 - 
Validation Loss: 1.7013, Validation Accuracy: 0.5845
Starting Validation
Epoch [63/200] - Train Loss: 0.0909, Train Accuracy: 0.9621 - 
Validation Loss: 1.4194, Validation Accuracy: 0.6326
Starting Validation
Epoch [64/200] - Train Loss: 0.0761, Train Accuracy: 0.9674 - 
Validation Loss: 1.5384, Validation Accuracy: 0.6000
Starting Validation
Epoch [65/200] - Train Loss: 0.0738, Train Accuracy: 0.9694 - 
Validation Loss: 1.6588, Validation Accuracy: 0.5922
Starting Validation
Epoch [66/200] - Train Loss: 0.0764, Train Accuracy: 0.9681 - 
Validation Loss: 1.5492, Validation Accuracy: 0.6217
Starting Validation
Epoch [67/200] - Train Loss: 0.1091, Train Accuracy: 0.9581 - 
Validation Loss: 1.6539, Validation Accuracy: 0.6279
Starting Validation
Epoch [68/200] - Train Loss: 0.0961, Train Accuracy: 0.9607 - 
Validation Loss: 1.5436, Validation Accuracy: 0.6171
Starting Validation
Epoch [69/200] - Train Loss: 0.0683, Train Accuracy: 0.9727 - 
Validation Loss: 1.4869, Validation Accuracy: 0.6031
Starting Validation
Epoch [70/200] - Train Loss: 0.0591, Train Accuracy: 0.9774 - 
Validation Loss: 1.4976, Validation Accuracy: 0.6248
Starting Validation
Epoch [71/200] - Train Loss: 0.0842, Train Accuracy: 0.9694 - 
Validation Loss: 1.4971, Validation Accuracy: 0.6310
Starting Validation
Epoch [72/200] - Train Loss: 0.0835, Train Accuracy: 0.9707 - 
Validation Loss: 1.3850, Validation Accuracy: 0.6558
Starting Validation
Epoch [73/200] - Train Loss: 0.0592, Train Accuracy: 0.9794 - 
Validation Loss: 1.6770, Validation Accuracy: 0.6574
Starting Validation
Epoch [74/200] - Train Loss: 0.0600, Train Accuracy: 0.9800 - 
Validation Loss: 1.5526, Validation Accuracy: 0.6527
Starting Validation
Epoch [75/200] - Train Loss: 0.0847, Train Accuracy: 0.9667 - 
Validation Loss: 1.5429, Validation Accuracy: 0.6496
Starting Validation
Epoch [76/200] - Train Loss: 0.1308, Train Accuracy: 0.9508 - 
Validation Loss: 1.5891, Validation Accuracy: 0.6264
Starting Validation
Epoch [77/200] - Train Loss: 0.0982, Train Accuracy: 0.9627 - 
Validation Loss: 1.8117, Validation Accuracy: 0.6016
Starting Validation
Epoch [78/200] - Train Loss: 0.0869, Train Accuracy: 0.9667 - 
Validation Loss: 1.5555, Validation Accuracy: 0.5969
Starting Validation
Epoch [79/200] - Train Loss: 0.0804, Train Accuracy: 0.9687 - 
Validation Loss: 1.8381, Validation Accuracy: 0.6310
Starting Validation
Epoch [80/200] - Train Loss: 0.0730, Train Accuracy: 0.9694 - 
Validation Loss: 1.5312, Validation Accuracy: 0.6186
Starting Validation
Epoch [81/200] - Train Loss: 0.0507, Train Accuracy: 0.9820 - 
Validation Loss: 1.9039, Validation Accuracy: 0.5907
Starting Validation
Epoch [82/200] - Train Loss: 0.0693, Train Accuracy: 0.9734 - 
Validation Loss: 1.6154, Validation Accuracy: 0.6419
Starting Validation
Epoch [83/200] - Train Loss: 0.0591, Train Accuracy: 0.9767 - 
Validation Loss: 1.7043, Validation Accuracy: 0.6171
Starting Validation
Epoch [84/200] - Train Loss: 0.0453, Train Accuracy: 0.9814 - 
Validation Loss: 1.7392, Validation Accuracy: 0.6202
Starting Validation
Epoch [85/200] - Train Loss: 0.0701, Train Accuracy: 0.9714 - 
Validation Loss: 2.0628, Validation Accuracy: 0.5969
Starting Validation
Epoch [86/200] - Train Loss: 0.0675, Train Accuracy: 0.9734 - 
Validation Loss: 1.6937, Validation Accuracy: 0.6434
Starting Validation
Epoch [87/200] - Train Loss: 0.0667, Train Accuracy: 0.9734 - 
Validation Loss: 1.4790, Validation Accuracy: 0.6527
Starting Validation
Epoch [88/200] - Train Loss: 0.0571, Train Accuracy: 0.9741 - 
Validation Loss: 1.6841, Validation Accuracy: 0.6341
Starting Validation
Epoch [89/200] - Train Loss: 0.0790, Train Accuracy: 0.9674 - 
Validation Loss: 1.6765, Validation Accuracy: 0.6109
Starting Validation
Epoch [90/200] - Train Loss: 0.0647, Train Accuracy: 0.9741 - 
Validation Loss: 1.5130, Validation Accuracy: 0.6326
Starting Validation
Epoch [91/200] - Train Loss: 0.0478, Train Accuracy: 0.9827 - 
Validation Loss: 1.6789, Validation Accuracy: 0.6419
Starting Validation
Epoch [92/200] - Train Loss: 0.0615, Train Accuracy: 0.9754 - 
Validation Loss: 2.1667, Validation Accuracy: 0.6310
Starting Validation
Epoch [93/200] - Train Loss: 0.0565, Train Accuracy: 0.9794 - 
Validation Loss: 1.8281, Validation Accuracy: 0.6171
Starting Validation
Epoch [94/200] - Train Loss: 0.0463, Train Accuracy: 0.9834 - 
Validation Loss: 1.8788, Validation Accuracy: 0.6140
Starting Validation
Epoch [95/200] - Train Loss: 0.0373, Train Accuracy: 0.9840 - 
Validation Loss: 1.6437, Validation Accuracy: 0.6326
Starting Validation
Epoch [96/200] - Train Loss: 0.0370, Train Accuracy: 0.9847 - 
Validation Loss: 1.9981, Validation Accuracy: 0.6357
Starting Validation
Epoch [97/200] - Train Loss: 0.0477, Train Accuracy: 0.9807 - 
Validation Loss: 1.9454, Validation Accuracy: 0.6155
Starting Validation
Epoch [98/200] - Train Loss: 0.0658, Train Accuracy: 0.9754 - 
Validation Loss: 1.7903, Validation Accuracy: 0.6109
Starting Validation
Epoch [99/200] - Train Loss: 0.0863, Train Accuracy: 0.9661 - 
Validation Loss: 1.8627, Validation Accuracy: 0.6202
Starting Validation
Epoch [100/200] - Train Loss: 0.1097, Train Accuracy: 0.9521 - 
Validation Loss: 2.0639, Validation Accuracy: 0.6217
Starting Validation
Epoch [101/200] - Train Loss: 0.0603, Train Accuracy: 0.9800 - 
Validation Loss: 1.5443, Validation Accuracy: 0.6543
Starting Validation
Epoch [102/200] - Train Loss: 0.0513, Train Accuracy: 0.9787 - 
Validation Loss: 1.6296, Validation Accuracy: 0.6264
Starting Validation
Epoch [103/200] - Train Loss: 0.0479, Train Accuracy: 0.9787 - 
Validation Loss: 1.6155, Validation Accuracy: 0.6171
Starting Validation
Epoch [104/200] - Train Loss: 0.0653, Train Accuracy: 0.9754 - 
Validation Loss: 1.4708, Validation Accuracy: 0.6341
Starting Validation
Epoch [105/200] - Train Loss: 0.0539, Train Accuracy: 0.9834 - 
Validation Loss: 1.9669, Validation Accuracy: 0.6140
Starting Validation
Epoch [106/200] - Train Loss: 0.0598, Train Accuracy: 0.9807 - 
Validation Loss: 1.9518, Validation Accuracy: 0.6295
Starting Validation
Epoch [107/200] - Train Loss: 0.0449, Train Accuracy: 0.9800 - 
Validation Loss: 1.7760, Validation Accuracy: 0.6264
Starting Validation
Epoch [108/200] - Train Loss: 0.0395, Train Accuracy: 0.9827 - 
Validation Loss: 1.8938, Validation Accuracy: 0.6341
Starting Validation
Epoch [109/200] - Train Loss: 0.0565, Train Accuracy: 0.9754 - 
Validation Loss: 2.2348, Validation Accuracy: 0.5953
Starting Validation
Epoch [110/200] - Train Loss: 0.0771, Train Accuracy: 0.9741 - 
Validation Loss: 2.1359, Validation Accuracy: 0.6310
Starting Validation
Epoch [111/200] - Train Loss: 0.0473, Train Accuracy: 0.9827 - 
Validation Loss: 1.6759, Validation Accuracy: 0.6434
Starting Validation
Epoch [112/200] - Train Loss: 0.0781, Train Accuracy: 0.9701 - 
Validation Loss: 1.6590, Validation Accuracy: 0.6093
Starting Validation
Epoch [113/200] - Train Loss: 0.0576, Train Accuracy: 0.9780 - 
Validation Loss: 1.7907, Validation Accuracy: 0.6093
Starting Validation
Epoch [114/200] - Train Loss: 0.0503, Train Accuracy: 0.9800 - 
Validation Loss: 1.5412, Validation Accuracy: 0.6372
Starting Validation
Epoch [115/200] - Train Loss: 0.0598, Train Accuracy: 0.9767 - 
Validation Loss: 1.7683, Validation Accuracy: 0.6217
Starting Validation
Epoch [116/200] - Train Loss: 0.0492, Train Accuracy: 0.9774 - 
Validation Loss: 2.0885, Validation Accuracy: 0.6279
Starting Validation
Epoch [117/200] - Train Loss: 0.0404, Train Accuracy: 0.9854 - 
Validation Loss: 1.6536, Validation Accuracy: 0.6481
Starting Validation
Epoch [118/200] - Train Loss: 0.0574, Train Accuracy: 0.9787 - 
Validation Loss: 1.7756, Validation Accuracy: 0.5876
Starting Validation
Epoch [119/200] - Train Loss: 0.0616, Train Accuracy: 0.9780 - 
Validation Loss: 1.7902, Validation Accuracy: 0.5969
Starting Validation
Epoch [120/200] - Train Loss: 0.0548, Train Accuracy: 0.9760 - 
Validation Loss: 1.6097, Validation Accuracy: 0.6279
Starting Validation
Epoch [121/200] - Train Loss: 0.0493, Train Accuracy: 0.9800 - 
Validation Loss: 1.4967, Validation Accuracy: 0.6403
Starting Validation
Epoch [122/200] - Train Loss: 0.0375, Train Accuracy: 0.9820 - 
Validation Loss: 1.6925, Validation Accuracy: 0.6527
Starting Validation
Epoch [123/200] - Train Loss: 0.0363, Train Accuracy: 0.9867 - 
Validation Loss: 1.8007, Validation Accuracy: 0.6481
Starting Validation
Epoch [124/200] - Train Loss: 0.0522, Train Accuracy: 0.9807 - 
Validation Loss: 1.7819, Validation Accuracy: 0.6047
Starting Validation
Epoch [125/200] - Train Loss: 0.0588, Train Accuracy: 0.9774 - 
Validation Loss: 2.2113, Validation Accuracy: 0.5829
Starting Validation
Epoch [126/200] - Train Loss: 0.0485, Train Accuracy: 0.9814 - 
Validation Loss: 1.6954, Validation Accuracy: 0.6357
Starting Validation
Epoch [127/200] - Train Loss: 0.0582, Train Accuracy: 0.9760 - 
Validation Loss: 1.6609, Validation Accuracy: 0.6171
Starting Validation
Epoch [128/200] - Train Loss: 0.0463, Train Accuracy: 0.9814 - 
Validation Loss: 1.7738, Validation Accuracy: 0.6202
Starting Validation
Epoch [129/200] - Train Loss: 0.0268, Train Accuracy: 0.9900 - 
Validation Loss: 1.8790, Validation Accuracy: 0.6124
Starting Validation
Epoch [130/200] - Train Loss: 0.0210, Train Accuracy: 0.9894 - 
Validation Loss: 1.7369, Validation Accuracy: 0.6310
Starting Validation
Epoch [131/200] - Train Loss: 0.0430, Train Accuracy: 0.9814 - 
Validation Loss: 1.8824, Validation Accuracy: 0.6326
Starting Validation
Epoch [132/200] - Train Loss: 0.0414, Train Accuracy: 0.9780 - 
Validation Loss: 1.8763, Validation Accuracy: 0.6450
Starting Validation
Epoch [133/200] - Train Loss: 0.0286, Train Accuracy: 0.9900 - 
Validation Loss: 2.0245, Validation Accuracy: 0.6248
Starting Validation
Epoch [134/200] - Train Loss: 0.0535, Train Accuracy: 0.9754 - 
Validation Loss: 2.0546, Validation Accuracy: 0.6140
Starting Validation
Epoch [135/200] - Train Loss: 0.0928, Train Accuracy: 0.9654 - 
Validation Loss: 1.8447, Validation Accuracy: 0.6310
Starting Validation
Epoch [136/200] - Train Loss: 0.0552, Train Accuracy: 0.9807 - 
Validation Loss: 1.6564, Validation Accuracy: 0.6233
Starting Validation
Epoch [137/200] - Train Loss: 0.0543, Train Accuracy: 0.9800 - 
Validation Loss: 2.1424, Validation Accuracy: 0.6016
Starting Validation
Epoch [138/200] - Train Loss: 0.0775, Train Accuracy: 0.9694 - 
Validation Loss: 1.8066, Validation Accuracy: 0.6062
Starting Validation
Epoch [139/200] - Train Loss: 0.0549, Train Accuracy: 0.9787 - 
Validation Loss: 1.6093, Validation Accuracy: 0.6171
Starting Validation
Epoch [140/200] - Train Loss: 0.0631, Train Accuracy: 0.9721 - 
Validation Loss: 1.6966, Validation Accuracy: 0.6233
Starting Validation
Epoch [141/200] - Train Loss: 0.0433, Train Accuracy: 0.9800 - 
Validation Loss: 1.8305, Validation Accuracy: 0.6403
Starting Validation
Epoch [142/200] - Train Loss: 0.0371, Train Accuracy: 0.9840 - 
Validation Loss: 2.0096, Validation Accuracy: 0.6062
Starting Validation
Epoch [143/200] - Train Loss: 0.0402, Train Accuracy: 0.9814 - 
Validation Loss: 1.7444, Validation Accuracy: 0.6217
Starting Validation
Epoch [144/200] - Train Loss: 0.0222, Train Accuracy: 0.9900 - 
Validation Loss: 1.7778, Validation Accuracy: 0.6496
Starting Validation
Epoch [145/200] - Train Loss: 0.0458, Train Accuracy: 0.9820 - 
Validation Loss: 1.8204, Validation Accuracy: 0.6310
Starting Validation
Epoch [146/200] - Train Loss: 0.0390, Train Accuracy: 0.9794 - 
Validation Loss: 1.8421, Validation Accuracy: 0.6186
Starting Validation
Epoch [147/200] - Train Loss: 0.0373, Train Accuracy: 0.9847 - 
Validation Loss: 1.8494, Validation Accuracy: 0.6217
Starting Validation
Epoch [148/200] - Train Loss: 0.0442, Train Accuracy: 0.9834 - 
Validation Loss: 1.7279, Validation Accuracy: 0.6093
Starting Validation
Epoch [149/200] - Train Loss: 0.0536, Train Accuracy: 0.9774 - 
Validation Loss: 2.0813, Validation Accuracy: 0.6372
Starting Validation
Epoch [150/200] - Train Loss: 0.0491, Train Accuracy: 0.9780 - 
Validation Loss: 1.7611, Validation Accuracy: 0.6233
Starting Validation
Epoch [151/200] - Train Loss: 0.0491, Train Accuracy: 0.9794 - 
Validation Loss: 2.0656, Validation Accuracy: 0.6233
Starting Validation
Epoch [152/200] - Train Loss: 0.0632, Train Accuracy: 0.9780 - 
Validation Loss: 2.3674, Validation Accuracy: 0.6264
Starting Validation
Epoch [153/200] - Train Loss: 0.0500, Train Accuracy: 0.9780 - 
Validation Loss: 2.2038, Validation Accuracy: 0.5953
Starting Validation
Epoch [154/200] - Train Loss: 0.0453, Train Accuracy: 0.9820 - 
Validation Loss: 2.2236, Validation Accuracy: 0.6093
Starting Validation
Epoch [155/200] - Train Loss: 0.0644, Train Accuracy: 0.9754 - 
Validation Loss: 2.0490, Validation Accuracy: 0.6047
Starting Validation
Epoch [156/200] - Train Loss: 0.0502, Train Accuracy: 0.9767 - 
Validation Loss: 1.6583, Validation Accuracy: 0.6264
Starting Validation
Epoch [157/200] - Train Loss: 0.0419, Train Accuracy: 0.9787 - 
Validation Loss: 1.9469, Validation Accuracy: 0.6016
Starting Validation
Epoch [158/200] - Train Loss: 0.0407, Train Accuracy: 0.9834 - 
Validation Loss: 1.7734, Validation Accuracy: 0.6357
Starting Validation
Epoch [159/200] - Train Loss: 0.0280, Train Accuracy: 0.9874 - 
Validation Loss: 1.8825, Validation Accuracy: 0.6310
Starting Validation
Epoch [160/200] - Train Loss: 0.0305, Train Accuracy: 0.9840 - 
Validation Loss: 1.7876, Validation Accuracy: 0.6589
Starting Validation
Epoch [161/200] - Train Loss: 0.0201, Train Accuracy: 0.9907 - 
Validation Loss: 1.9518, Validation Accuracy: 0.6310
Starting Validation
Epoch [162/200] - Train Loss: 0.0193, Train Accuracy: 0.9900 - 
Validation Loss: 1.8758, Validation Accuracy: 0.6388
Starting Validation
Epoch [163/200] - Train Loss: 0.0210, Train Accuracy: 0.9894 - 
Validation Loss: 1.8612, Validation Accuracy: 0.6264
Starting Validation
Epoch [164/200] - Train Loss: 0.0246, Train Accuracy: 0.9874 - 
Validation Loss: 1.9674, Validation Accuracy: 0.6202
Starting Validation
Epoch [165/200] - Train Loss: 0.0416, Train Accuracy: 0.9827 - 
Validation Loss: 2.1340, Validation Accuracy: 0.6171
Starting Validation
Epoch [166/200] - Train Loss: 0.0438, Train Accuracy: 0.9787 - 
Validation Loss: 2.0123, Validation Accuracy: 0.6264
Starting Validation
Epoch [167/200] - Train Loss: 0.0540, Train Accuracy: 0.9760 - 
Validation Loss: 2.7405, Validation Accuracy: 0.5969
Starting Validation
Epoch [168/200] - Train Loss: 0.0512, Train Accuracy: 0.9780 - 
Validation Loss: 1.8475, Validation Accuracy: 0.6264
Starting Validation
Epoch [169/200] - Train Loss: 0.0689, Train Accuracy: 0.9687 - 
Validation Loss: 1.7411, Validation Accuracy: 0.6791
Starting Validation
Epoch [170/200] - Train Loss: 0.0565, Train Accuracy: 0.9767 - 
Validation Loss: 1.6868, Validation Accuracy: 0.6372
Starting Validation
Epoch [171/200] - Train Loss: 0.0370, Train Accuracy: 0.9847 - 
Validation Loss: 1.9190, Validation Accuracy: 0.5953
Starting Validation
Epoch [172/200] - Train Loss: 0.0354, Train Accuracy: 0.9874 - 
Validation Loss: 1.8045, Validation Accuracy: 0.6202
Starting Validation
Epoch [173/200] - Train Loss: 0.0263, Train Accuracy: 0.9867 - 
Validation Loss: 2.3731, Validation Accuracy: 0.5891
Starting Validation
Epoch [174/200] - Train Loss: 0.0265, Train Accuracy: 0.9874 - 
Validation Loss: 2.1251, Validation Accuracy: 0.6155
Starting Validation
Epoch [175/200] - Train Loss: 0.0427, Train Accuracy: 0.9854 - 
Validation Loss: 2.2483, Validation Accuracy: 0.5814
Starting Validation
Epoch [176/200] - Train Loss: 0.0519, Train Accuracy: 0.9780 - 
Validation Loss: 1.8751, Validation Accuracy: 0.5969
Starting Validation
Epoch [177/200] - Train Loss: 0.0446, Train Accuracy: 0.9787 - 
Validation Loss: 1.9902, Validation Accuracy: 0.5829
Starting Validation
Epoch [178/200] - Train Loss: 0.0472, Train Accuracy: 0.9827 - 
Validation Loss: 2.0186, Validation Accuracy: 0.6031
Starting Validation
Epoch [179/200] - Train Loss: 0.0406, Train Accuracy: 0.9800 - 
Validation Loss: 1.6728, Validation Accuracy: 0.6171
Starting Validation
Epoch [180/200] - Train Loss: 0.0414, Train Accuracy: 0.9807 - 
Validation Loss: 1.6017, Validation Accuracy: 0.6512
Starting Validation
Epoch [181/200] - Train Loss: 0.0404, Train Accuracy: 0.9827 - 
Validation Loss: 1.8054, Validation Accuracy: 0.6341
Starting Validation
Epoch [182/200] - Train Loss: 0.0280, Train Accuracy: 0.9894 - 
Validation Loss: 2.0239, Validation Accuracy: 0.6295
Starting Validation
Epoch [183/200] - Train Loss: 0.0252, Train Accuracy: 0.9874 - 
Validation Loss: 1.8470, Validation Accuracy: 0.6078
Starting Validation
Epoch [184/200] - Train Loss: 0.0275, Train Accuracy: 0.9867 - 
Validation Loss: 2.1312, Validation Accuracy: 0.5860
Starting Validation
Epoch [185/200] - Train Loss: 0.0221, Train Accuracy: 0.9894 - 
Validation Loss: 2.0434, Validation Accuracy: 0.6217
Starting Validation
Epoch [186/200] - Train Loss: 0.0464, Train Accuracy: 0.9840 - 
Validation Loss: 2.0539, Validation Accuracy: 0.6233
Starting Validation
Epoch [187/200] - Train Loss: 0.0361, Train Accuracy: 0.9847 - 
Validation Loss: 1.9047, Validation Accuracy: 0.6171
Starting Validation
Epoch [188/200] - Train Loss: 0.0280, Train Accuracy: 0.9894 - 
Validation Loss: 1.8282, Validation Accuracy: 0.6419
Starting Validation
Epoch [189/200] - Train Loss: 0.0375, Train Accuracy: 0.9827 - 
Validation Loss: 1.9809, Validation Accuracy: 0.6233
Starting Validation
Epoch [190/200] - Train Loss: 0.0241, Train Accuracy: 0.9860 - 
Validation Loss: 2.0132, Validation Accuracy: 0.6078
Starting Validation
Epoch [191/200] - Train Loss: 0.0534, Train Accuracy: 0.9807 - 
Validation Loss: 1.9603, Validation Accuracy: 0.6372
Starting Validation
Epoch [192/200] - Train Loss: 0.0385, Train Accuracy: 0.9847 - 
Validation Loss: 1.8677, Validation Accuracy: 0.6295
Starting Validation
Epoch [193/200] - Train Loss: 0.0514, Train Accuracy: 0.9807 - 
Validation Loss: 2.0172, Validation Accuracy: 0.6047
Starting Validation
Epoch [194/200] - Train Loss: 0.0534, Train Accuracy: 0.9800 - 
Validation Loss: 2.0612, Validation Accuracy: 0.6217
Starting Validation
Epoch [195/200] - Train Loss: 0.0360, Train Accuracy: 0.9854 - 
Validation Loss: 1.7999, Validation Accuracy: 0.6496
Starting Validation
Epoch [196/200] - Train Loss: 0.0361, Train Accuracy: 0.9814 - 
Validation Loss: 1.8793, Validation Accuracy: 0.6171
Starting Validation
Epoch [197/200] - Train Loss: 0.0324, Train Accuracy: 0.9867 - 
Validation Loss: 2.2467, Validation Accuracy: 0.6093
Starting Validation
Epoch [198/200] - Train Loss: 0.0213, Train Accuracy: 0.9874 - 
Validation Loss: 2.1385, Validation Accuracy: 0.6078
Starting Validation
Epoch [199/200] - Train Loss: 0.0280, Train Accuracy: 0.9887 - 
Validation Loss: 1.9437, Validation Accuracy: 0.6140
Starting Validation
Epoch [200/200] - Train Loss: 0.0211, Train Accuracy: 0.9880 - 
Validation Loss: 2.2446, Validation Accuracy: 0.5953
Plotting graph now
