MODEL: densenet121	DATASET: CBIS-DDSM
Training class distribution:
Class 0 (Benign): 917 samples
Class 1 (Malignant): 586 samples

Validation class distribution:
Class 0 (Benign): 327 samples
Class 1 (Malignant): 318 samples
Transforms on train: Compose(
    ToTensor()
    ColorJitter(brightness=None, contrast=[0.0, 3.0], saturation=None, hue=None)
)
Created DataLoaders
(224, 224)
Number of trainable parameters: 6955906
Starting training now
Starting Validation
Epoch [1/200] - Train Loss: 0.6478, Train Accuracy: 0.6174 - 
Validation Loss: 0.7052, Validation Accuracy: 0.5333
Starting Validation
Epoch [2/200] - Train Loss: 0.5637, Train Accuracy: 0.7066 - 
Validation Loss: 0.7007, Validation Accuracy: 0.5969
Starting Validation
Epoch [3/200] - Train Loss: 0.5176, Train Accuracy: 0.7279 - 
Validation Loss: 0.8080, Validation Accuracy: 0.6341
Starting Validation
Epoch [4/200] - Train Loss: 0.4620, Train Accuracy: 0.7884 - 
Validation Loss: 0.6804, Validation Accuracy: 0.6186
Starting Validation
Epoch [5/200] - Train Loss: 0.3856, Train Accuracy: 0.8124 - 
Validation Loss: 0.7616, Validation Accuracy: 0.6093
Starting Validation
Epoch [6/200] - Train Loss: 0.3357, Train Accuracy: 0.8430 - 
Validation Loss: 0.8774, Validation Accuracy: 0.6078
Starting Validation
Epoch [7/200] - Train Loss: 0.3328, Train Accuracy: 0.8470 - 
Validation Loss: 0.8293, Validation Accuracy: 0.6434
Starting Validation
Epoch [8/200] - Train Loss: 0.2753, Train Accuracy: 0.8762 - 
Validation Loss: 0.8726, Validation Accuracy: 0.6155
Starting Validation
Epoch [9/200] - Train Loss: 0.2441, Train Accuracy: 0.8995 - 
Validation Loss: 1.0626, Validation Accuracy: 0.6062
Starting Validation
Epoch [10/200] - Train Loss: 0.2171, Train Accuracy: 0.9102 - 
Validation Loss: 1.0323, Validation Accuracy: 0.6264
Starting Validation
Epoch [11/200] - Train Loss: 0.1848, Train Accuracy: 0.9228 - 
Validation Loss: 0.9902, Validation Accuracy: 0.6605
Starting Validation
Epoch [12/200] - Train Loss: 0.1858, Train Accuracy: 0.9142 - 
Validation Loss: 0.9621, Validation Accuracy: 0.6620
Starting Validation
Epoch [13/200] - Train Loss: 0.1612, Train Accuracy: 0.9288 - 
Validation Loss: 1.0372, Validation Accuracy: 0.6558
Starting Validation
Epoch [14/200] - Train Loss: 0.1582, Train Accuracy: 0.9361 - 
Validation Loss: 0.9670, Validation Accuracy: 0.6636
Starting Validation
Epoch [15/200] - Train Loss: 0.1948, Train Accuracy: 0.9155 - 
Validation Loss: 1.2907, Validation Accuracy: 0.5845
Starting Validation
Epoch [16/200] - Train Loss: 0.1551, Train Accuracy: 0.9428 - 
Validation Loss: 1.1035, Validation Accuracy: 0.6140
Starting Validation
Epoch [17/200] - Train Loss: 0.1494, Train Accuracy: 0.9395 - 
Validation Loss: 1.0525, Validation Accuracy: 0.6403
Starting Validation
Epoch [18/200] - Train Loss: 0.1224, Train Accuracy: 0.9494 - 
Validation Loss: 1.0786, Validation Accuracy: 0.6403
Starting Validation
Epoch [19/200] - Train Loss: 0.1087, Train Accuracy: 0.9548 - 
Validation Loss: 1.3609, Validation Accuracy: 0.6248
Starting Validation
Epoch [20/200] - Train Loss: 0.0958, Train Accuracy: 0.9621 - 
Validation Loss: 1.1615, Validation Accuracy: 0.6279
Starting Validation
Epoch [21/200] - Train Loss: 0.1028, Train Accuracy: 0.9574 - 
Validation Loss: 1.4083, Validation Accuracy: 0.6233
Starting Validation
Epoch [22/200] - Train Loss: 0.1351, Train Accuracy: 0.9381 - 
Validation Loss: 1.1744, Validation Accuracy: 0.6341
Starting Validation
Epoch [23/200] - Train Loss: 0.1380, Train Accuracy: 0.9434 - 
Validation Loss: 1.1273, Validation Accuracy: 0.6527
Starting Validation
Epoch [24/200] - Train Loss: 0.1315, Train Accuracy: 0.9421 - 
Validation Loss: 1.2385, Validation Accuracy: 0.6279
Starting Validation
Epoch [25/200] - Train Loss: 0.1133, Train Accuracy: 0.9554 - 
Validation Loss: 1.4646, Validation Accuracy: 0.6155
Starting Validation
Epoch [26/200] - Train Loss: 0.0875, Train Accuracy: 0.9687 - 
Validation Loss: 1.1907, Validation Accuracy: 0.6310
Starting Validation
Epoch [27/200] - Train Loss: 0.0855, Train Accuracy: 0.9647 - 
Validation Loss: 1.3998, Validation Accuracy: 0.6202
Starting Validation
Epoch [28/200] - Train Loss: 0.0729, Train Accuracy: 0.9687 - 
Validation Loss: 1.3262, Validation Accuracy: 0.6450
Starting Validation
Epoch [29/200] - Train Loss: 0.0688, Train Accuracy: 0.9674 - 
Validation Loss: 1.2195, Validation Accuracy: 0.6434
Starting Validation
Epoch [30/200] - Train Loss: 0.0812, Train Accuracy: 0.9647 - 
Validation Loss: 1.2029, Validation Accuracy: 0.6620
Starting Validation
Epoch [31/200] - Train Loss: 0.0952, Train Accuracy: 0.9641 - 
Validation Loss: 1.5868, Validation Accuracy: 0.6062
Starting Validation
Epoch [32/200] - Train Loss: 0.1073, Train Accuracy: 0.9441 - 
Validation Loss: 1.3315, Validation Accuracy: 0.6589
Starting Validation
Epoch [33/200] - Train Loss: 0.0779, Train Accuracy: 0.9634 - 
Validation Loss: 1.2344, Validation Accuracy: 0.6388
Starting Validation
Epoch [34/200] - Train Loss: 0.0778, Train Accuracy: 0.9701 - 
Validation Loss: 1.2051, Validation Accuracy: 0.6465
Starting Validation
Epoch [35/200] - Train Loss: 0.0523, Train Accuracy: 0.9794 - 
Validation Loss: 1.3400, Validation Accuracy: 0.6465
Starting Validation
Epoch [36/200] - Train Loss: 0.0555, Train Accuracy: 0.9760 - 
Validation Loss: 1.4979, Validation Accuracy: 0.6140
Starting Validation
Epoch [37/200] - Train Loss: 0.0448, Train Accuracy: 0.9800 - 
Validation Loss: 1.6055, Validation Accuracy: 0.6171
Starting Validation
Epoch [38/200] - Train Loss: 0.0829, Train Accuracy: 0.9634 - 
Validation Loss: 1.4880, Validation Accuracy: 0.6558
Starting Validation
Epoch [39/200] - Train Loss: 0.0769, Train Accuracy: 0.9727 - 
Validation Loss: 1.3203, Validation Accuracy: 0.6388
Starting Validation
Epoch [40/200] - Train Loss: 0.0785, Train Accuracy: 0.9641 - 
Validation Loss: 1.3092, Validation Accuracy: 0.6419
Starting Validation
Epoch [41/200] - Train Loss: 0.0798, Train Accuracy: 0.9667 - 
Validation Loss: 1.4214, Validation Accuracy: 0.6186
Starting Validation
Epoch [42/200] - Train Loss: 0.0861, Train Accuracy: 0.9634 - 
Validation Loss: 1.3904, Validation Accuracy: 0.6481
Starting Validation
Epoch [43/200] - Train Loss: 0.0697, Train Accuracy: 0.9687 - 
Validation Loss: 1.4181, Validation Accuracy: 0.6217
Starting Validation
Epoch [44/200] - Train Loss: 0.0631, Train Accuracy: 0.9674 - 
Validation Loss: 1.4011, Validation Accuracy: 0.6465
Starting Validation
Epoch [45/200] - Train Loss: 0.0668, Train Accuracy: 0.9687 - 
Validation Loss: 1.5610, Validation Accuracy: 0.6109
Starting Validation
Epoch [46/200] - Train Loss: 0.0740, Train Accuracy: 0.9674 - 
Validation Loss: 1.1966, Validation Accuracy: 0.6605
Starting Validation
Epoch [47/200] - Train Loss: 0.0675, Train Accuracy: 0.9667 - 
Validation Loss: 1.4838, Validation Accuracy: 0.6527
Starting Validation
Epoch [48/200] - Train Loss: 0.0542, Train Accuracy: 0.9774 - 
Validation Loss: 1.3789, Validation Accuracy: 0.6713
Starting Validation
Epoch [49/200] - Train Loss: 0.0807, Train Accuracy: 0.9681 - 
Validation Loss: 1.3948, Validation Accuracy: 0.6667
Starting Validation
Epoch [50/200] - Train Loss: 0.0736, Train Accuracy: 0.9734 - 
Validation Loss: 1.3882, Validation Accuracy: 0.6760
Starting Validation
Epoch [51/200] - Train Loss: 0.0445, Train Accuracy: 0.9807 - 
Validation Loss: 1.3929, Validation Accuracy: 0.6667
Starting Validation
Epoch [52/200] - Train Loss: 0.0538, Train Accuracy: 0.9747 - 
Validation Loss: 1.5148, Validation Accuracy: 0.6388
Starting Validation
Epoch [53/200] - Train Loss: 0.0448, Train Accuracy: 0.9780 - 
Validation Loss: 1.4550, Validation Accuracy: 0.6481
Starting Validation
Epoch [54/200] - Train Loss: 0.0384, Train Accuracy: 0.9820 - 
Validation Loss: 1.5540, Validation Accuracy: 0.6558
Starting Validation
Epoch [55/200] - Train Loss: 0.0444, Train Accuracy: 0.9760 - 
Validation Loss: 1.3181, Validation Accuracy: 0.7054
Starting Validation
Epoch [56/200] - Train Loss: 0.0498, Train Accuracy: 0.9754 - 
Validation Loss: 1.4967, Validation Accuracy: 0.6853
Starting Validation
Epoch [57/200] - Train Loss: 0.0390, Train Accuracy: 0.9774 - 
Validation Loss: 1.6538, Validation Accuracy: 0.6295
Starting Validation
Epoch [58/200] - Train Loss: 0.0406, Train Accuracy: 0.9794 - 
Validation Loss: 1.6224, Validation Accuracy: 0.6512
Starting Validation
Epoch [59/200] - Train Loss: 0.0342, Train Accuracy: 0.9834 - 
Validation Loss: 1.7040, Validation Accuracy: 0.6465
Starting Validation
Epoch [60/200] - Train Loss: 0.0481, Train Accuracy: 0.9787 - 
Validation Loss: 1.6761, Validation Accuracy: 0.6667
Starting Validation
Epoch [61/200] - Train Loss: 0.0697, Train Accuracy: 0.9707 - 
Validation Loss: 1.4924, Validation Accuracy: 0.6729
Starting Validation
Epoch [62/200] - Train Loss: 0.0567, Train Accuracy: 0.9800 - 
Validation Loss: 1.5171, Validation Accuracy: 0.6651
Starting Validation
Epoch [63/200] - Train Loss: 0.0709, Train Accuracy: 0.9734 - 
Validation Loss: 1.9735, Validation Accuracy: 0.6295
Starting Validation
Epoch [64/200] - Train Loss: 0.1048, Train Accuracy: 0.9541 - 
Validation Loss: 1.5625, Validation Accuracy: 0.6357
Starting Validation
Epoch [65/200] - Train Loss: 0.0740, Train Accuracy: 0.9694 - 
Validation Loss: 1.7053, Validation Accuracy: 0.6295
Starting Validation
Epoch [66/200] - Train Loss: 0.0643, Train Accuracy: 0.9741 - 
Validation Loss: 1.3075, Validation Accuracy: 0.6698
Starting Validation
Epoch [67/200] - Train Loss: 0.0626, Train Accuracy: 0.9721 - 
Validation Loss: 1.9464, Validation Accuracy: 0.6047
Starting Validation
Epoch [68/200] - Train Loss: 0.0431, Train Accuracy: 0.9807 - 
Validation Loss: 1.4749, Validation Accuracy: 0.6698
Starting Validation
Epoch [69/200] - Train Loss: 0.0571, Train Accuracy: 0.9780 - 
Validation Loss: 1.7003, Validation Accuracy: 0.6217
Starting Validation
Epoch [70/200] - Train Loss: 0.0527, Train Accuracy: 0.9760 - 
Validation Loss: 1.5181, Validation Accuracy: 0.6527
Starting Validation
Epoch [71/200] - Train Loss: 0.0544, Train Accuracy: 0.9774 - 
Validation Loss: 1.5335, Validation Accuracy: 0.6589
Starting Validation
Epoch [72/200] - Train Loss: 0.0533, Train Accuracy: 0.9714 - 
Validation Loss: 1.5989, Validation Accuracy: 0.6357
Starting Validation
Epoch [73/200] - Train Loss: 0.0553, Train Accuracy: 0.9741 - 
Validation Loss: 1.4537, Validation Accuracy: 0.6403
Starting Validation
Epoch [74/200] - Train Loss: 0.0324, Train Accuracy: 0.9854 - 
Validation Loss: 1.5642, Validation Accuracy: 0.6372
Starting Validation
Epoch [75/200] - Train Loss: 0.0333, Train Accuracy: 0.9814 - 
Validation Loss: 1.7423, Validation Accuracy: 0.6186
Starting Validation
Epoch [76/200] - Train Loss: 0.0359, Train Accuracy: 0.9794 - 
Validation Loss: 1.7474, Validation Accuracy: 0.6341
Starting Validation
Epoch [77/200] - Train Loss: 0.0284, Train Accuracy: 0.9854 - 
Validation Loss: 1.9900, Validation Accuracy: 0.5798
Starting Validation
Epoch [78/200] - Train Loss: 0.0319, Train Accuracy: 0.9827 - 
Validation Loss: 1.6986, Validation Accuracy: 0.6372
Starting Validation
Epoch [79/200] - Train Loss: 0.0326, Train Accuracy: 0.9834 - 
Validation Loss: 1.7544, Validation Accuracy: 0.6419
Starting Validation
Epoch [80/200] - Train Loss: 0.0397, Train Accuracy: 0.9800 - 
Validation Loss: 1.8278, Validation Accuracy: 0.6279
Starting Validation
Epoch [81/200] - Train Loss: 0.0445, Train Accuracy: 0.9800 - 
Validation Loss: 1.9376, Validation Accuracy: 0.6000
Starting Validation
Epoch [82/200] - Train Loss: 0.0494, Train Accuracy: 0.9814 - 
Validation Loss: 1.8378, Validation Accuracy: 0.6434
Starting Validation
Epoch [83/200] - Train Loss: 0.0699, Train Accuracy: 0.9721 - 
Validation Loss: 2.4893, Validation Accuracy: 0.5969
Starting Validation
Epoch [84/200] - Train Loss: 0.0572, Train Accuracy: 0.9741 - 
Validation Loss: 1.6953, Validation Accuracy: 0.6465
Starting Validation
Epoch [85/200] - Train Loss: 0.0435, Train Accuracy: 0.9800 - 
Validation Loss: 1.5520, Validation Accuracy: 0.6605
Starting Validation
Epoch [86/200] - Train Loss: 0.0460, Train Accuracy: 0.9767 - 
Validation Loss: 1.7965, Validation Accuracy: 0.6667
Starting Validation
Epoch [87/200] - Train Loss: 0.0468, Train Accuracy: 0.9747 - 
Validation Loss: 1.7508, Validation Accuracy: 0.6512
Starting Validation
Epoch [88/200] - Train Loss: 0.0385, Train Accuracy: 0.9787 - 
Validation Loss: 1.9021, Validation Accuracy: 0.6372
Starting Validation
Epoch [89/200] - Train Loss: 0.0366, Train Accuracy: 0.9814 - 
Validation Loss: 1.8861, Validation Accuracy: 0.6357
Starting Validation
Epoch [90/200] - Train Loss: 0.0314, Train Accuracy: 0.9867 - 
Validation Loss: 1.7695, Validation Accuracy: 0.6434
Starting Validation
Epoch [91/200] - Train Loss: 0.0245, Train Accuracy: 0.9840 - 
Validation Loss: 1.6384, Validation Accuracy: 0.6434
Starting Validation
Epoch [92/200] - Train Loss: 0.0259, Train Accuracy: 0.9867 - 
Validation Loss: 1.8070, Validation Accuracy: 0.6605
Starting Validation
Epoch [93/200] - Train Loss: 0.0419, Train Accuracy: 0.9807 - 
Validation Loss: 1.6045, Validation Accuracy: 0.6651
Starting Validation
Epoch [94/200] - Train Loss: 0.0404, Train Accuracy: 0.9780 - 
Validation Loss: 1.8167, Validation Accuracy: 0.6512
Starting Validation
Epoch [95/200] - Train Loss: 0.0709, Train Accuracy: 0.9694 - 
Validation Loss: 2.5107, Validation Accuracy: 0.6326
Starting Validation
Epoch [96/200] - Train Loss: 0.0932, Train Accuracy: 0.9641 - 
Validation Loss: 1.8714, Validation Accuracy: 0.6450
Starting Validation
Epoch [97/200] - Train Loss: 0.0632, Train Accuracy: 0.9734 - 
Validation Loss: 1.9968, Validation Accuracy: 0.6031
Starting Validation
Epoch [98/200] - Train Loss: 0.0691, Train Accuracy: 0.9721 - 
Validation Loss: 1.5208, Validation Accuracy: 0.6605
Starting Validation
Epoch [99/200] - Train Loss: 0.0590, Train Accuracy: 0.9747 - 
Validation Loss: 1.8030, Validation Accuracy: 0.6140
Starting Validation
Epoch [100/200] - Train Loss: 0.0322, Train Accuracy: 0.9854 - 
Validation Loss: 1.7959, Validation Accuracy: 0.6450
Starting Validation
Epoch [101/200] - Train Loss: 0.0373, Train Accuracy: 0.9774 - 
Validation Loss: 1.8059, Validation Accuracy: 0.6481
Starting Validation
Epoch [102/200] - Train Loss: 0.0288, Train Accuracy: 0.9834 - 
Validation Loss: 1.9720, Validation Accuracy: 0.6403
Starting Validation
Epoch [103/200] - Train Loss: 0.0332, Train Accuracy: 0.9847 - 
Validation Loss: 1.7657, Validation Accuracy: 0.6481
Starting Validation
Epoch [104/200] - Train Loss: 0.0315, Train Accuracy: 0.9860 - 
Validation Loss: 2.2073, Validation Accuracy: 0.6093
Starting Validation
Epoch [105/200] - Train Loss: 0.0372, Train Accuracy: 0.9834 - 
Validation Loss: 1.7522, Validation Accuracy: 0.6465
Starting Validation
Epoch [106/200] - Train Loss: 0.0350, Train Accuracy: 0.9854 - 
Validation Loss: 2.0583, Validation Accuracy: 0.6357
Starting Validation
Epoch [107/200] - Train Loss: 0.0446, Train Accuracy: 0.9767 - 
Validation Loss: 1.6704, Validation Accuracy: 0.6651
Starting Validation
Epoch [108/200] - Train Loss: 0.0571, Train Accuracy: 0.9767 - 
Validation Loss: 1.8382, Validation Accuracy: 0.6574
Starting Validation
Epoch [109/200] - Train Loss: 0.0594, Train Accuracy: 0.9721 - 
Validation Loss: 1.8636, Validation Accuracy: 0.6171
Starting Validation
Epoch [110/200] - Train Loss: 0.0524, Train Accuracy: 0.9774 - 
Validation Loss: 1.7669, Validation Accuracy: 0.6295
Starting Validation
Epoch [111/200] - Train Loss: 0.0417, Train Accuracy: 0.9787 - 
Validation Loss: 1.6169, Validation Accuracy: 0.6481
Starting Validation
Epoch [112/200] - Train Loss: 0.0292, Train Accuracy: 0.9840 - 
Validation Loss: 1.6923, Validation Accuracy: 0.6465
Starting Validation
Epoch [113/200] - Train Loss: 0.0325, Train Accuracy: 0.9827 - 
Validation Loss: 2.1496, Validation Accuracy: 0.6295
Starting Validation
Epoch [114/200] - Train Loss: 0.0365, Train Accuracy: 0.9827 - 
Validation Loss: 1.7880, Validation Accuracy: 0.6372
Starting Validation
Epoch [115/200] - Train Loss: 0.0418, Train Accuracy: 0.9827 - 
Validation Loss: 1.9065, Validation Accuracy: 0.5783
Starting Validation
Epoch [116/200] - Train Loss: 0.0394, Train Accuracy: 0.9807 - 
Validation Loss: 1.9114, Validation Accuracy: 0.6062
Starting Validation
Epoch [117/200] - Train Loss: 0.0352, Train Accuracy: 0.9827 - 
Validation Loss: 1.8215, Validation Accuracy: 0.6264
Starting Validation
Epoch [118/200] - Train Loss: 0.0475, Train Accuracy: 0.9814 - 
Validation Loss: 2.0280, Validation Accuracy: 0.6155
Starting Validation
Epoch [119/200] - Train Loss: 0.0374, Train Accuracy: 0.9820 - 
Validation Loss: 1.7459, Validation Accuracy: 0.6326
Starting Validation
Epoch [120/200] - Train Loss: 0.0411, Train Accuracy: 0.9814 - 
Validation Loss: 1.7564, Validation Accuracy: 0.6295
Starting Validation
Epoch [121/200] - Train Loss: 0.0334, Train Accuracy: 0.9847 - 
Validation Loss: 2.1963, Validation Accuracy: 0.6047
Starting Validation
Epoch [122/200] - Train Loss: 0.0223, Train Accuracy: 0.9880 - 
Validation Loss: 1.8189, Validation Accuracy: 0.6341
Starting Validation
Epoch [123/200] - Train Loss: 0.0266, Train Accuracy: 0.9840 - 
Validation Loss: 2.1934, Validation Accuracy: 0.6264
Starting Validation
Epoch [124/200] - Train Loss: 0.0263, Train Accuracy: 0.9834 - 
Validation Loss: 1.9341, Validation Accuracy: 0.6403
Starting Validation
Epoch [125/200] - Train Loss: 0.0267, Train Accuracy: 0.9854 - 
Validation Loss: 1.8307, Validation Accuracy: 0.6496
Starting Validation
Epoch [126/200] - Train Loss: 0.0388, Train Accuracy: 0.9787 - 
Validation Loss: 2.0023, Validation Accuracy: 0.6434
Starting Validation
Epoch [127/200] - Train Loss: 0.0523, Train Accuracy: 0.9760 - 
Validation Loss: 2.0638, Validation Accuracy: 0.6326
Starting Validation
Epoch [128/200] - Train Loss: 0.0404, Train Accuracy: 0.9847 - 
Validation Loss: 2.0456, Validation Accuracy: 0.6496
Starting Validation
Epoch [129/200] - Train Loss: 0.0377, Train Accuracy: 0.9780 - 
Validation Loss: 1.9023, Validation Accuracy: 0.6279
Starting Validation
Epoch [130/200] - Train Loss: 0.0378, Train Accuracy: 0.9760 - 
Validation Loss: 1.9448, Validation Accuracy: 0.6295
Starting Validation
Epoch [131/200] - Train Loss: 0.0307, Train Accuracy: 0.9840 - 
Validation Loss: 2.0497, Validation Accuracy: 0.6248
Starting Validation
Epoch [132/200] - Train Loss: 0.0287, Train Accuracy: 0.9860 - 
Validation Loss: 1.9813, Validation Accuracy: 0.6496
Starting Validation
Epoch [133/200] - Train Loss: 0.0287, Train Accuracy: 0.9840 - 
Validation Loss: 1.9405, Validation Accuracy: 0.6295
Starting Validation
Epoch [134/200] - Train Loss: 0.0268, Train Accuracy: 0.9840 - 
Validation Loss: 2.1031, Validation Accuracy: 0.6388
Starting Validation
Epoch [135/200] - Train Loss: 0.0370, Train Accuracy: 0.9827 - 
Validation Loss: 1.9292, Validation Accuracy: 0.6465
Starting Validation
Epoch [136/200] - Train Loss: 0.0297, Train Accuracy: 0.9880 - 
Validation Loss: 1.9439, Validation Accuracy: 0.6512
Starting Validation
Epoch [137/200] - Train Loss: 0.0485, Train Accuracy: 0.9787 - 
Validation Loss: 2.4147, Validation Accuracy: 0.5876
Starting Validation
Epoch [138/200] - Train Loss: 0.0648, Train Accuracy: 0.9734 - 
Validation Loss: 2.1562, Validation Accuracy: 0.6186
Starting Validation
Epoch [139/200] - Train Loss: 0.0484, Train Accuracy: 0.9787 - 
Validation Loss: 1.5473, Validation Accuracy: 0.6543
Starting Validation
Epoch [140/200] - Train Loss: 0.0537, Train Accuracy: 0.9814 - 
Validation Loss: 1.7672, Validation Accuracy: 0.6186
Starting Validation
Epoch [141/200] - Train Loss: 0.0459, Train Accuracy: 0.9780 - 
Validation Loss: 2.0273, Validation Accuracy: 0.6233
Starting Validation
Epoch [142/200] - Train Loss: 0.0297, Train Accuracy: 0.9834 - 
Validation Loss: 1.8944, Validation Accuracy: 0.6326
Starting Validation
Epoch [143/200] - Train Loss: 0.0225, Train Accuracy: 0.9887 - 
Validation Loss: 1.8178, Validation Accuracy: 0.6248
Starting Validation
Epoch [144/200] - Train Loss: 0.0187, Train Accuracy: 0.9907 - 
Validation Loss: 1.7416, Validation Accuracy: 0.6357
Starting Validation
Epoch [145/200] - Train Loss: 0.0190, Train Accuracy: 0.9874 - 
Validation Loss: 1.7007, Validation Accuracy: 0.6248
Starting Validation
Epoch [146/200] - Train Loss: 0.0212, Train Accuracy: 0.9874 - 
Validation Loss: 1.7643, Validation Accuracy: 0.6434
Starting Validation
Epoch [147/200] - Train Loss: 0.0254, Train Accuracy: 0.9847 - 
Validation Loss: 1.9209, Validation Accuracy: 0.6279
Starting Validation
Epoch [148/200] - Train Loss: 0.0280, Train Accuracy: 0.9847 - 
Validation Loss: 2.1876, Validation Accuracy: 0.6155
Starting Validation
Epoch [149/200] - Train Loss: 0.0242, Train Accuracy: 0.9874 - 
Validation Loss: 1.8520, Validation Accuracy: 0.6434
Starting Validation
Epoch [150/200] - Train Loss: 0.0284, Train Accuracy: 0.9854 - 
Validation Loss: 2.0242, Validation Accuracy: 0.6388
Starting Validation
Epoch [151/200] - Train Loss: 0.0282, Train Accuracy: 0.9874 - 
Validation Loss: 2.3014, Validation Accuracy: 0.6326
Starting Validation
Epoch [152/200] - Train Loss: 0.0396, Train Accuracy: 0.9780 - 
Validation Loss: 2.3461, Validation Accuracy: 0.6000
Starting Validation
Epoch [153/200] - Train Loss: 0.0591, Train Accuracy: 0.9721 - 
Validation Loss: 2.3246, Validation Accuracy: 0.6155
Starting Validation
Epoch [154/200] - Train Loss: 0.0694, Train Accuracy: 0.9707 - 
Validation Loss: 1.7320, Validation Accuracy: 0.5953
Starting Validation
Epoch [155/200] - Train Loss: 0.0386, Train Accuracy: 0.9780 - 
Validation Loss: 1.8852, Validation Accuracy: 0.6403
Starting Validation
Epoch [156/200] - Train Loss: 0.0457, Train Accuracy: 0.9774 - 
Validation Loss: 2.0970, Validation Accuracy: 0.6186
Starting Validation
Epoch [157/200] - Train Loss: 0.0281, Train Accuracy: 0.9834 - 
Validation Loss: 1.9708, Validation Accuracy: 0.6310
Starting Validation
Epoch [158/200] - Train Loss: 0.0281, Train Accuracy: 0.9854 - 
Validation Loss: 2.0893, Validation Accuracy: 0.6124
Starting Validation
Epoch [159/200] - Train Loss: 0.0390, Train Accuracy: 0.9840 - 
Validation Loss: 1.8982, Validation Accuracy: 0.6186
Starting Validation
Epoch [160/200] - Train Loss: 0.0804, Train Accuracy: 0.9701 - 
Validation Loss: 2.6292, Validation Accuracy: 0.6078
Starting Validation
Epoch [161/200] - Train Loss: 0.0631, Train Accuracy: 0.9714 - 
Validation Loss: 2.0789, Validation Accuracy: 0.6450
Starting Validation
Epoch [162/200] - Train Loss: 0.0495, Train Accuracy: 0.9827 - 
Validation Loss: 1.9779, Validation Accuracy: 0.6217
Starting Validation
Epoch [163/200] - Train Loss: 0.0212, Train Accuracy: 0.9887 - 
Validation Loss: 1.8196, Validation Accuracy: 0.6124
Starting Validation
Epoch [164/200] - Train Loss: 0.0266, Train Accuracy: 0.9874 - 
Validation Loss: 1.9297, Validation Accuracy: 0.6171
Starting Validation
Epoch [165/200] - Train Loss: 0.0229, Train Accuracy: 0.9887 - 
Validation Loss: 1.9589, Validation Accuracy: 0.6202
Starting Validation
Epoch [166/200] - Train Loss: 0.0263, Train Accuracy: 0.9874 - 
Validation Loss: 1.9846, Validation Accuracy: 0.6202
Starting Validation
Epoch [167/200] - Train Loss: 0.0276, Train Accuracy: 0.9834 - 
Validation Loss: 2.1375, Validation Accuracy: 0.6186
Starting Validation
Epoch [168/200] - Train Loss: 0.0277, Train Accuracy: 0.9854 - 
Validation Loss: 2.2535, Validation Accuracy: 0.5953
Starting Validation
Epoch [169/200] - Train Loss: 0.0258, Train Accuracy: 0.9847 - 
Validation Loss: 2.0218, Validation Accuracy: 0.6155
Starting Validation
Epoch [170/200] - Train Loss: 0.0201, Train Accuracy: 0.9880 - 
Validation Loss: 2.0809, Validation Accuracy: 0.6031
Starting Validation
Epoch [171/200] - Train Loss: 0.0260, Train Accuracy: 0.9840 - 
Validation Loss: 2.0247, Validation Accuracy: 0.6233
Starting Validation
Epoch [172/200] - Train Loss: 0.0178, Train Accuracy: 0.9927 - 
Validation Loss: 2.0539, Validation Accuracy: 0.6078
Starting Validation
Epoch [173/200] - Train Loss: 0.0235, Train Accuracy: 0.9860 - 
Validation Loss: 2.0441, Validation Accuracy: 0.6264
Starting Validation
Epoch [174/200] - Train Loss: 0.0258, Train Accuracy: 0.9847 - 
Validation Loss: 1.9702, Validation Accuracy: 0.6388
Starting Validation
Epoch [175/200] - Train Loss: 0.0174, Train Accuracy: 0.9900 - 
Validation Loss: 2.0486, Validation Accuracy: 0.6326
Starting Validation
Epoch [176/200] - Train Loss: 0.0204, Train Accuracy: 0.9874 - 
Validation Loss: 2.2053, Validation Accuracy: 0.6264
Starting Validation
Epoch [177/200] - Train Loss: 0.0239, Train Accuracy: 0.9887 - 
Validation Loss: 1.9679, Validation Accuracy: 0.6233
Starting Validation
Epoch [178/200] - Train Loss: 0.0320, Train Accuracy: 0.9827 - 
Validation Loss: 2.6042, Validation Accuracy: 0.6310
Starting Validation
Epoch [179/200] - Train Loss: 0.0504, Train Accuracy: 0.9741 - 
Validation Loss: 2.2639, Validation Accuracy: 0.6295
Starting Validation
Epoch [180/200] - Train Loss: 0.0581, Train Accuracy: 0.9774 - 
Validation Loss: 2.3743, Validation Accuracy: 0.5953
Starting Validation
Epoch [181/200] - Train Loss: 0.0766, Train Accuracy: 0.9714 - 
Validation Loss: 2.7915, Validation Accuracy: 0.5969
Starting Validation
Epoch [182/200] - Train Loss: 0.0842, Train Accuracy: 0.9654 - 
Validation Loss: 1.7356, Validation Accuracy: 0.6202
Starting Validation
Epoch [183/200] - Train Loss: 0.0792, Train Accuracy: 0.9701 - 
Validation Loss: 2.0879, Validation Accuracy: 0.6047
Starting Validation
Epoch [184/200] - Train Loss: 0.0536, Train Accuracy: 0.9754 - 
Validation Loss: 1.9099, Validation Accuracy: 0.6202
Starting Validation
Epoch [185/200] - Train Loss: 0.0307, Train Accuracy: 0.9820 - 
Validation Loss: 1.6631, Validation Accuracy: 0.6264
Starting Validation
Epoch [186/200] - Train Loss: 0.0370, Train Accuracy: 0.9807 - 
Validation Loss: 1.7159, Validation Accuracy: 0.6341
Starting Validation
Epoch [187/200] - Train Loss: 0.0208, Train Accuracy: 0.9894 - 
Validation Loss: 1.7789, Validation Accuracy: 0.6217
Starting Validation
Epoch [188/200] - Train Loss: 0.0173, Train Accuracy: 0.9907 - 
Validation Loss: 1.8081, Validation Accuracy: 0.6202
Starting Validation
Epoch [189/200] - Train Loss: 0.0296, Train Accuracy: 0.9814 - 
Validation Loss: 1.8857, Validation Accuracy: 0.6512
Starting Validation
Epoch [190/200] - Train Loss: 0.0350, Train Accuracy: 0.9834 - 
Validation Loss: 1.8494, Validation Accuracy: 0.6279
Starting Validation
Epoch [191/200] - Train Loss: 0.0215, Train Accuracy: 0.9880 - 
Validation Loss: 1.8082, Validation Accuracy: 0.6217
Starting Validation
Epoch [192/200] - Train Loss: 0.0242, Train Accuracy: 0.9854 - 
Validation Loss: 1.8691, Validation Accuracy: 0.6217
Starting Validation
Epoch [193/200] - Train Loss: 0.0197, Train Accuracy: 0.9880 - 
Validation Loss: 1.7887, Validation Accuracy: 0.6372
Starting Validation
Epoch [194/200] - Train Loss: 0.0238, Train Accuracy: 0.9827 - 
Validation Loss: 1.8503, Validation Accuracy: 0.6605
Starting Validation
Epoch [195/200] - Train Loss: 0.0214, Train Accuracy: 0.9874 - 
Validation Loss: 1.6716, Validation Accuracy: 0.6651
Starting Validation
Epoch [196/200] - Train Loss: 0.0209, Train Accuracy: 0.9860 - 
Validation Loss: 1.7828, Validation Accuracy: 0.6403
Starting Validation
Epoch [197/200] - Train Loss: 0.0298, Train Accuracy: 0.9854 - 
Validation Loss: 2.0584, Validation Accuracy: 0.6450
Starting Validation
Epoch [198/200] - Train Loss: 0.0304, Train Accuracy: 0.9867 - 
Validation Loss: 1.9949, Validation Accuracy: 0.6279
Starting Validation
Epoch [199/200] - Train Loss: 0.0270, Train Accuracy: 0.9860 - 
Validation Loss: 2.0406, Validation Accuracy: 0.6465
Starting Validation
Epoch [200/200] - Train Loss: 0.0223, Train Accuracy: 0.9880 - 
Validation Loss: 2.2088, Validation Accuracy: 0.6217
Plotting graph now
