MODEL: mobilenet_v2	DATASET: CMMD
Training class distribution:
Class 0 (Benign): 752 samples
Class 1 (Malignant): 2889 samples

Validation class distribution:
Class 0 (Benign): 356 samples
Class 1 (Malignant): 1205 samples
Created DataLoaders
(224, 224)
Number of trainable parameters: 3249474
Starting training now
Starting Validation
Epoch [1/200] - Train Loss: 0.5093, Train Accuracy: 0.7896 - 
Validation Loss: 0.5228, Validation Accuracy: 0.7719
Starting Validation
Epoch [2/200] - Train Loss: 0.4914, Train Accuracy: 0.7935 - 
Validation Loss: 0.5295, Validation Accuracy: 0.7719
Starting Validation
Epoch [3/200] - Train Loss: 0.4862, Train Accuracy: 0.7935 - 
Validation Loss: 0.5226, Validation Accuracy: 0.7719
Starting Validation
Epoch [4/200] - Train Loss: 0.4803, Train Accuracy: 0.7935 - 
Validation Loss: 0.5332, Validation Accuracy: 0.7719
Starting Validation
Epoch [5/200] - Train Loss: 0.4746, Train Accuracy: 0.7935 - 
Validation Loss: 0.5629, Validation Accuracy: 0.7719
Starting Validation
Epoch [6/200] - Train Loss: 0.4773, Train Accuracy: 0.7935 - 
Validation Loss: 0.5525, Validation Accuracy: 0.7719
Starting Validation
Epoch [7/200] - Train Loss: 0.4735, Train Accuracy: 0.7948 - 
Validation Loss: 0.5329, Validation Accuracy: 0.7380
Starting Validation
Epoch [8/200] - Train Loss: 0.4720, Train Accuracy: 0.7968 - 
Validation Loss: 0.5353, Validation Accuracy: 0.7252
Starting Validation
Epoch [9/200] - Train Loss: 0.4715, Train Accuracy: 0.7915 - 
Validation Loss: 0.5189, Validation Accuracy: 0.7719
Starting Validation
Epoch [10/200] - Train Loss: 0.4615, Train Accuracy: 0.7959 - 
Validation Loss: 0.5343, Validation Accuracy: 0.7732
Starting Validation
Epoch [11/200] - Train Loss: 0.4612, Train Accuracy: 0.8003 - 
Validation Loss: 0.5301, Validation Accuracy: 0.7450
Starting Validation
Epoch [12/200] - Train Loss: 0.4618, Train Accuracy: 0.8012 - 
Validation Loss: 0.5686, Validation Accuracy: 0.7726
Starting Validation
Epoch [13/200] - Train Loss: 0.4593, Train Accuracy: 0.7987 - 
Validation Loss: 0.5634, Validation Accuracy: 0.7643
Starting Validation
Epoch [14/200] - Train Loss: 0.4516, Train Accuracy: 0.7981 - 
Validation Loss: 0.5339, Validation Accuracy: 0.7598
Starting Validation
Epoch [15/200] - Train Loss: 0.4488, Train Accuracy: 0.8050 - 
Validation Loss: 0.5229, Validation Accuracy: 0.7643
Starting Validation
Epoch [16/200] - Train Loss: 0.4499, Train Accuracy: 0.8020 - 
Validation Loss: 0.5518, Validation Accuracy: 0.7431
Starting Validation
Epoch [17/200] - Train Loss: 0.4455, Train Accuracy: 0.8014 - 
Validation Loss: 0.5472, Validation Accuracy: 0.7553
Starting Validation
Epoch [18/200] - Train Loss: 0.4414, Train Accuracy: 0.7995 - 
Validation Loss: 0.5403, Validation Accuracy: 0.7591
Starting Validation
Epoch [19/200] - Train Loss: 0.4347, Train Accuracy: 0.8031 - 
Validation Loss: 0.5459, Validation Accuracy: 0.7611
Starting Validation
Epoch [20/200] - Train Loss: 0.4380, Train Accuracy: 0.8075 - 
Validation Loss: 0.5764, Validation Accuracy: 0.7489
Starting Validation
Epoch [21/200] - Train Loss: 0.4251, Train Accuracy: 0.8080 - 
Validation Loss: 0.5733, Validation Accuracy: 0.7412
Starting Validation
Epoch [22/200] - Train Loss: 0.4275, Train Accuracy: 0.8121 - 
Validation Loss: 0.5559, Validation Accuracy: 0.7675
Starting Validation
Epoch [23/200] - Train Loss: 0.4209, Train Accuracy: 0.8110 - 
Validation Loss: 0.5509, Validation Accuracy: 0.7508
Starting Validation
Epoch [24/200] - Train Loss: 0.4236, Train Accuracy: 0.8061 - 
Validation Loss: 0.5553, Validation Accuracy: 0.7514
Starting Validation
Epoch [25/200] - Train Loss: 0.4175, Train Accuracy: 0.8174 - 
Validation Loss: 0.5868, Validation Accuracy: 0.7559
Starting Validation
Epoch [26/200] - Train Loss: 0.4068, Train Accuracy: 0.8193 - 
Validation Loss: 0.6006, Validation Accuracy: 0.7495
Starting Validation
Epoch [27/200] - Train Loss: 0.4018, Train Accuracy: 0.8157 - 
Validation Loss: 0.6343, Validation Accuracy: 0.7329
Starting Validation
Epoch [28/200] - Train Loss: 0.4098, Train Accuracy: 0.8176 - 
Validation Loss: 0.5730, Validation Accuracy: 0.7412
Starting Validation
Epoch [29/200] - Train Loss: 0.4029, Train Accuracy: 0.8176 - 
Validation Loss: 0.6323, Validation Accuracy: 0.7290
Starting Validation
Epoch [30/200] - Train Loss: 0.3925, Train Accuracy: 0.8204 - 
Validation Loss: 0.5908, Validation Accuracy: 0.7502
Starting Validation
Epoch [31/200] - Train Loss: 0.3900, Train Accuracy: 0.8283 - 
Validation Loss: 0.5966, Validation Accuracy: 0.7489
Starting Validation
Epoch [32/200] - Train Loss: 0.3838, Train Accuracy: 0.8275 - 
Validation Loss: 0.6572, Validation Accuracy: 0.7431
Starting Validation
Epoch [33/200] - Train Loss: 0.3801, Train Accuracy: 0.8297 - 
Validation Loss: 0.5966, Validation Accuracy: 0.7489
Starting Validation
Epoch [34/200] - Train Loss: 0.3783, Train Accuracy: 0.8250 - 
Validation Loss: 0.5983, Validation Accuracy: 0.7566
Starting Validation
Epoch [35/200] - Train Loss: 0.3605, Train Accuracy: 0.8363 - 
Validation Loss: 0.6787, Validation Accuracy: 0.6970
Starting Validation
Epoch [36/200] - Train Loss: 0.3682, Train Accuracy: 0.8289 - 
Validation Loss: 0.6770, Validation Accuracy: 0.7578
Starting Validation
Epoch [37/200] - Train Loss: 0.3528, Train Accuracy: 0.8418 - 
Validation Loss: 0.6320, Validation Accuracy: 0.7168
Starting Validation
Epoch [38/200] - Train Loss: 0.3420, Train Accuracy: 0.8459 - 
Validation Loss: 0.7125, Validation Accuracy: 0.7297
Starting Validation
Epoch [39/200] - Train Loss: 0.3478, Train Accuracy: 0.8440 - 
Validation Loss: 0.6761, Validation Accuracy: 0.7284
Starting Validation
Epoch [40/200] - Train Loss: 0.3243, Train Accuracy: 0.8539 - 
Validation Loss: 0.7180, Validation Accuracy: 0.7508
Starting Validation
Epoch [41/200] - Train Loss: 0.3273, Train Accuracy: 0.8561 - 
Validation Loss: 0.7303, Validation Accuracy: 0.7444
Starting Validation
Epoch [42/200] - Train Loss: 0.3219, Train Accuracy: 0.8489 - 
Validation Loss: 0.6307, Validation Accuracy: 0.7373
Starting Validation
Epoch [43/200] - Train Loss: 0.3197, Train Accuracy: 0.8561 - 
Validation Loss: 0.6629, Validation Accuracy: 0.7233
Starting Validation
Epoch [44/200] - Train Loss: 0.3154, Train Accuracy: 0.8629 - 
Validation Loss: 0.7832, Validation Accuracy: 0.7508
Starting Validation
Epoch [45/200] - Train Loss: 0.3067, Train Accuracy: 0.8594 - 
Validation Loss: 0.7596, Validation Accuracy: 0.7540
Starting Validation
Epoch [46/200] - Train Loss: 0.3003, Train Accuracy: 0.8684 - 
Validation Loss: 0.7361, Validation Accuracy: 0.7309
Starting Validation
Epoch [47/200] - Train Loss: 0.2868, Train Accuracy: 0.8750 - 
Validation Loss: 0.8035, Validation Accuracy: 0.7220
Starting Validation
Epoch [48/200] - Train Loss: 0.2809, Train Accuracy: 0.8775 - 
Validation Loss: 0.7875, Validation Accuracy: 0.7329
Starting Validation
Epoch [49/200] - Train Loss: 0.2730, Train Accuracy: 0.8794 - 
Validation Loss: 0.7905, Validation Accuracy: 0.7277
Starting Validation
Epoch [50/200] - Train Loss: 0.2766, Train Accuracy: 0.8778 - 
Validation Loss: 0.8800, Validation Accuracy: 0.7040
Starting Validation
Epoch [51/200] - Train Loss: 0.2739, Train Accuracy: 0.8792 - 
Validation Loss: 0.8410, Validation Accuracy: 0.7226
Starting Validation
Epoch [52/200] - Train Loss: 0.2547, Train Accuracy: 0.8956 - 
Validation Loss: 0.8752, Validation Accuracy: 0.7104
Starting Validation
Epoch [53/200] - Train Loss: 0.2543, Train Accuracy: 0.8929 - 
Validation Loss: 0.8761, Validation Accuracy: 0.7104
Starting Validation
Epoch [54/200] - Train Loss: 0.2498, Train Accuracy: 0.8951 - 
Validation Loss: 0.8701, Validation Accuracy: 0.7188
Starting Validation
Epoch [55/200] - Train Loss: 0.2427, Train Accuracy: 0.8929 - 
Validation Loss: 0.9268, Validation Accuracy: 0.7175
Starting Validation
Epoch [56/200] - Train Loss: 0.2412, Train Accuracy: 0.8954 - 
Validation Loss: 0.8334, Validation Accuracy: 0.6938
Starting Validation
Epoch [57/200] - Train Loss: 0.2294, Train Accuracy: 0.9055 - 
Validation Loss: 0.9178, Validation Accuracy: 0.7085
Starting Validation
Epoch [58/200] - Train Loss: 0.2156, Train Accuracy: 0.9116 - 
Validation Loss: 0.9311, Validation Accuracy: 0.6771
Starting Validation
Epoch [59/200] - Train Loss: 0.2300, Train Accuracy: 0.9017 - 
Validation Loss: 0.8630, Validation Accuracy: 0.7201
Starting Validation
Epoch [60/200] - Train Loss: 0.2169, Train Accuracy: 0.9050 - 
Validation Loss: 0.9386, Validation Accuracy: 0.6931
Starting Validation
Epoch [61/200] - Train Loss: 0.2045, Train Accuracy: 0.9135 - 
Validation Loss: 0.9254, Validation Accuracy: 0.7143
Starting Validation
Epoch [62/200] - Train Loss: 0.2040, Train Accuracy: 0.9217 - 
Validation Loss: 0.9504, Validation Accuracy: 0.7386
Starting Validation
Epoch [63/200] - Train Loss: 0.1857, Train Accuracy: 0.9253 - 
Validation Loss: 0.9955, Validation Accuracy: 0.7162
Starting Validation
Epoch [64/200] - Train Loss: 0.1993, Train Accuracy: 0.9154 - 
Validation Loss: 1.0441, Validation Accuracy: 0.7117
Starting Validation
Epoch [65/200] - Train Loss: 0.2039, Train Accuracy: 0.9162 - 
Validation Loss: 1.0601, Validation Accuracy: 0.7181
Starting Validation
Epoch [66/200] - Train Loss: 0.1854, Train Accuracy: 0.9193 - 
Validation Loss: 1.1009, Validation Accuracy: 0.7252
Starting Validation
Epoch [67/200] - Train Loss: 0.1841, Train Accuracy: 0.9234 - 
Validation Loss: 1.1660, Validation Accuracy: 0.7380
Starting Validation
Epoch [68/200] - Train Loss: 0.1736, Train Accuracy: 0.9322 - 
Validation Loss: 0.9971, Validation Accuracy: 0.7335
Starting Validation
Epoch [69/200] - Train Loss: 0.1705, Train Accuracy: 0.9324 - 
Validation Loss: 1.1067, Validation Accuracy: 0.7162
Starting Validation
Epoch [70/200] - Train Loss: 0.1693, Train Accuracy: 0.9297 - 
Validation Loss: 1.1765, Validation Accuracy: 0.7162
Starting Validation
Epoch [71/200] - Train Loss: 0.1728, Train Accuracy: 0.9286 - 
Validation Loss: 1.1694, Validation Accuracy: 0.7047
Starting Validation
Epoch [72/200] - Train Loss: 0.1601, Train Accuracy: 0.9393 - 
Validation Loss: 1.1571, Validation Accuracy: 0.7316
Starting Validation
Epoch [73/200] - Train Loss: 0.1596, Train Accuracy: 0.9330 - 
Validation Loss: 1.0770, Validation Accuracy: 0.7245
Starting Validation
Epoch [74/200] - Train Loss: 0.1700, Train Accuracy: 0.9291 - 
Validation Loss: 1.1153, Validation Accuracy: 0.7092
Starting Validation
Epoch [75/200] - Train Loss: 0.1490, Train Accuracy: 0.9410 - 
Validation Loss: 1.1975, Validation Accuracy: 0.7047
Starting Validation
Epoch [76/200] - Train Loss: 0.1530, Train Accuracy: 0.9407 - 
Validation Loss: 1.1910, Validation Accuracy: 0.7098
Starting Validation
Epoch [77/200] - Train Loss: 0.1470, Train Accuracy: 0.9385 - 
Validation Loss: 1.2237, Validation Accuracy: 0.7162
Starting Validation
Epoch [78/200] - Train Loss: 0.1427, Train Accuracy: 0.9445 - 
Validation Loss: 1.1644, Validation Accuracy: 0.7162
Starting Validation
Epoch [79/200] - Train Loss: 0.1410, Train Accuracy: 0.9475 - 
Validation Loss: 1.2887, Validation Accuracy: 0.7002
Starting Validation
Epoch [80/200] - Train Loss: 0.1265, Train Accuracy: 0.9489 - 
Validation Loss: 1.3412, Validation Accuracy: 0.7425
Starting Validation
Epoch [81/200] - Train Loss: 0.1331, Train Accuracy: 0.9451 - 
Validation Loss: 1.2916, Validation Accuracy: 0.7233
Starting Validation
Epoch [82/200] - Train Loss: 0.1335, Train Accuracy: 0.9511 - 
Validation Loss: 1.1647, Validation Accuracy: 0.7220
Starting Validation
Epoch [83/200] - Train Loss: 0.1166, Train Accuracy: 0.9533 - 
Validation Loss: 1.2207, Validation Accuracy: 0.7258
Starting Validation
Epoch [84/200] - Train Loss: 0.1231, Train Accuracy: 0.9544 - 
Validation Loss: 1.2578, Validation Accuracy: 0.7053
Starting Validation
Epoch [85/200] - Train Loss: 0.1260, Train Accuracy: 0.9514 - 
Validation Loss: 1.3368, Validation Accuracy: 0.7047
Starting Validation
Epoch [86/200] - Train Loss: 0.1259, Train Accuracy: 0.9506 - 
Validation Loss: 1.2347, Validation Accuracy: 0.7092
Starting Validation
Epoch [87/200] - Train Loss: 0.1188, Train Accuracy: 0.9528 - 
Validation Loss: 1.2320, Validation Accuracy: 0.7149
Starting Validation
Epoch [88/200] - Train Loss: 0.1225, Train Accuracy: 0.9495 - 
Validation Loss: 1.2689, Validation Accuracy: 0.7028
Starting Validation
Epoch [89/200] - Train Loss: 0.1067, Train Accuracy: 0.9563 - 
Validation Loss: 1.3454, Validation Accuracy: 0.7188
Starting Validation
Epoch [90/200] - Train Loss: 0.1125, Train Accuracy: 0.9539 - 
Validation Loss: 1.4247, Validation Accuracy: 0.7297
Starting Validation
Epoch [91/200] - Train Loss: 0.1228, Train Accuracy: 0.9550 - 
Validation Loss: 1.3066, Validation Accuracy: 0.6996
Starting Validation
Epoch [92/200] - Train Loss: 0.1109, Train Accuracy: 0.9552 - 
Validation Loss: 1.4513, Validation Accuracy: 0.7130
Starting Validation
Epoch [93/200] - Train Loss: 0.1002, Train Accuracy: 0.9635 - 
Validation Loss: 1.3720, Validation Accuracy: 0.6996
Starting Validation
Epoch [94/200] - Train Loss: 0.1085, Train Accuracy: 0.9569 - 
Validation Loss: 1.4228, Validation Accuracy: 0.7277
Starting Validation
Epoch [95/200] - Train Loss: 0.1020, Train Accuracy: 0.9602 - 
Validation Loss: 1.4903, Validation Accuracy: 0.7233
Starting Validation
Epoch [96/200] - Train Loss: 0.0964, Train Accuracy: 0.9648 - 
Validation Loss: 1.5156, Validation Accuracy: 0.7188
Starting Validation
Epoch [97/200] - Train Loss: 0.1032, Train Accuracy: 0.9588 - 
Validation Loss: 1.3307, Validation Accuracy: 0.7015
Starting Validation
Epoch [98/200] - Train Loss: 0.0975, Train Accuracy: 0.9594 - 
Validation Loss: 1.3352, Validation Accuracy: 0.7297
Starting Validation
Epoch [99/200] - Train Loss: 0.0845, Train Accuracy: 0.9681 - 
Validation Loss: 1.5745, Validation Accuracy: 0.7354
Starting Validation
Epoch [100/200] - Train Loss: 0.0998, Train Accuracy: 0.9637 - 
Validation Loss: 1.4733, Validation Accuracy: 0.7104
Starting Validation
Epoch [101/200] - Train Loss: 0.0821, Train Accuracy: 0.9670 - 
Validation Loss: 1.6463, Validation Accuracy: 0.7297
Starting Validation
Epoch [102/200] - Train Loss: 0.0882, Train Accuracy: 0.9637 - 
Validation Loss: 1.5710, Validation Accuracy: 0.7072
Starting Validation
Epoch [103/200] - Train Loss: 0.0807, Train Accuracy: 0.9706 - 
Validation Loss: 1.6161, Validation Accuracy: 0.7092
Starting Validation
Epoch [104/200] - Train Loss: 0.0912, Train Accuracy: 0.9657 - 
Validation Loss: 1.5723, Validation Accuracy: 0.7220
Starting Validation
Epoch [105/200] - Train Loss: 0.0845, Train Accuracy: 0.9668 - 
Validation Loss: 1.6048, Validation Accuracy: 0.7252
Starting Validation
Epoch [106/200] - Train Loss: 0.0864, Train Accuracy: 0.9695 - 
Validation Loss: 1.5068, Validation Accuracy: 0.6983
Starting Validation
Epoch [107/200] - Train Loss: 0.0720, Train Accuracy: 0.9736 - 
Validation Loss: 1.7000, Validation Accuracy: 0.6996
Starting Validation
Epoch [108/200] - Train Loss: 0.0747, Train Accuracy: 0.9717 - 
Validation Loss: 1.6762, Validation Accuracy: 0.7175
Starting Validation
Epoch [109/200] - Train Loss: 0.0779, Train Accuracy: 0.9684 - 
Validation Loss: 1.5227, Validation Accuracy: 0.7271
Starting Validation
Epoch [110/200] - Train Loss: 0.0768, Train Accuracy: 0.9695 - 
Validation Loss: 1.5491, Validation Accuracy: 0.7028
Starting Validation
Epoch [111/200] - Train Loss: 0.0752, Train Accuracy: 0.9720 - 
Validation Loss: 1.7400, Validation Accuracy: 0.7297
Starting Validation
Epoch [112/200] - Train Loss: 0.0799, Train Accuracy: 0.9687 - 
Validation Loss: 1.5434, Validation Accuracy: 0.7252
Starting Validation
Epoch [113/200] - Train Loss: 0.0674, Train Accuracy: 0.9739 - 
Validation Loss: 1.7644, Validation Accuracy: 0.6842
Starting Validation
Epoch [114/200] - Train Loss: 0.0748, Train Accuracy: 0.9728 - 
Validation Loss: 1.6040, Validation Accuracy: 0.7015
Starting Validation
Epoch [115/200] - Train Loss: 0.0668, Train Accuracy: 0.9753 - 
Validation Loss: 1.7468, Validation Accuracy: 0.7188
Starting Validation
Epoch [116/200] - Train Loss: 0.0802, Train Accuracy: 0.9714 - 
Validation Loss: 1.5952, Validation Accuracy: 0.7303
Starting Validation
Epoch [117/200] - Train Loss: 0.0671, Train Accuracy: 0.9753 - 
Validation Loss: 1.7904, Validation Accuracy: 0.7072
Starting Validation
Epoch [118/200] - Train Loss: 0.0739, Train Accuracy: 0.9728 - 
Validation Loss: 1.5989, Validation Accuracy: 0.7239
Starting Validation
Epoch [119/200] - Train Loss: 0.0678, Train Accuracy: 0.9758 - 
Validation Loss: 1.7773, Validation Accuracy: 0.7213
Starting Validation
Epoch [120/200] - Train Loss: 0.0625, Train Accuracy: 0.9789 - 
Validation Loss: 1.6335, Validation Accuracy: 0.7111
Starting Validation
Epoch [121/200] - Train Loss: 0.0608, Train Accuracy: 0.9775 - 
Validation Loss: 1.7710, Validation Accuracy: 0.7066
Starting Validation
Epoch [122/200] - Train Loss: 0.0687, Train Accuracy: 0.9731 - 
Validation Loss: 1.7819, Validation Accuracy: 0.7220
Starting Validation
Epoch [123/200] - Train Loss: 0.0729, Train Accuracy: 0.9717 - 
Validation Loss: 1.5388, Validation Accuracy: 0.6983
Starting Validation
Epoch [124/200] - Train Loss: 0.0515, Train Accuracy: 0.9830 - 
Validation Loss: 1.6839, Validation Accuracy: 0.7143
Starting Validation
Epoch [125/200] - Train Loss: 0.0668, Train Accuracy: 0.9767 - 
Validation Loss: 1.5052, Validation Accuracy: 0.7124
Starting Validation
Epoch [126/200] - Train Loss: 0.0686, Train Accuracy: 0.9761 - 
Validation Loss: 1.5802, Validation Accuracy: 0.7213
Starting Validation
Epoch [127/200] - Train Loss: 0.0642, Train Accuracy: 0.9764 - 
Validation Loss: 1.5696, Validation Accuracy: 0.7252
Starting Validation
Epoch [128/200] - Train Loss: 0.0637, Train Accuracy: 0.9761 - 
Validation Loss: 1.7879, Validation Accuracy: 0.6989
Starting Validation
Epoch [129/200] - Train Loss: 0.0633, Train Accuracy: 0.9761 - 
Validation Loss: 1.7678, Validation Accuracy: 0.7092
Starting Validation
Epoch [130/200] - Train Loss: 0.0592, Train Accuracy: 0.9767 - 
Validation Loss: 1.8619, Validation Accuracy: 0.7290
Starting Validation
Epoch [131/200] - Train Loss: 0.0523, Train Accuracy: 0.9805 - 
Validation Loss: 1.8057, Validation Accuracy: 0.6906
Starting Validation
Epoch [132/200] - Train Loss: 0.0733, Train Accuracy: 0.9728 - 
Validation Loss: 1.5312, Validation Accuracy: 0.7245
Starting Validation
Epoch [133/200] - Train Loss: 0.0484, Train Accuracy: 0.9819 - 
Validation Loss: 1.9046, Validation Accuracy: 0.7194
Starting Validation
Epoch [134/200] - Train Loss: 0.0696, Train Accuracy: 0.9728 - 
Validation Loss: 1.6901, Validation Accuracy: 0.7060
Starting Validation
Epoch [135/200] - Train Loss: 0.0739, Train Accuracy: 0.9742 - 
Validation Loss: 1.4909, Validation Accuracy: 0.7220
Starting Validation
Epoch [136/200] - Train Loss: 0.0487, Train Accuracy: 0.9852 - 
Validation Loss: 1.9570, Validation Accuracy: 0.7066
Starting Validation
Epoch [137/200] - Train Loss: 0.0676, Train Accuracy: 0.9769 - 
Validation Loss: 1.6250, Validation Accuracy: 0.7047
Starting Validation
Epoch [138/200] - Train Loss: 0.0643, Train Accuracy: 0.9758 - 
Validation Loss: 1.7231, Validation Accuracy: 0.7303
Starting Validation
Epoch [139/200] - Train Loss: 0.0495, Train Accuracy: 0.9819 - 
Validation Loss: 1.9364, Validation Accuracy: 0.7309
Starting Validation
Epoch [140/200] - Train Loss: 0.0552, Train Accuracy: 0.9780 - 
Validation Loss: 1.8130, Validation Accuracy: 0.6963
Starting Validation
Epoch [141/200] - Train Loss: 0.0574, Train Accuracy: 0.9800 - 
Validation Loss: 1.6230, Validation Accuracy: 0.7008
Starting Validation
Epoch [142/200] - Train Loss: 0.0466, Train Accuracy: 0.9819 - 
Validation Loss: 1.9327, Validation Accuracy: 0.7111
Starting Validation
Epoch [143/200] - Train Loss: 0.0552, Train Accuracy: 0.9775 - 
Validation Loss: 1.8184, Validation Accuracy: 0.7060
Starting Validation
Epoch [144/200] - Train Loss: 0.0526, Train Accuracy: 0.9808 - 
Validation Loss: 1.8038, Validation Accuracy: 0.7162
Starting Validation
Epoch [145/200] - Train Loss: 0.0438, Train Accuracy: 0.9841 - 
Validation Loss: 1.9836, Validation Accuracy: 0.7303
Starting Validation
Epoch [146/200] - Train Loss: 0.0506, Train Accuracy: 0.9794 - 
Validation Loss: 1.9493, Validation Accuracy: 0.7181
Starting Validation
Epoch [147/200] - Train Loss: 0.0586, Train Accuracy: 0.9797 - 
Validation Loss: 1.9249, Validation Accuracy: 0.7124
Starting Validation
Epoch [148/200] - Train Loss: 0.0566, Train Accuracy: 0.9789 - 
Validation Loss: 1.7813, Validation Accuracy: 0.7181
Starting Validation
Epoch [149/200] - Train Loss: 0.0527, Train Accuracy: 0.9824 - 
Validation Loss: 1.7264, Validation Accuracy: 0.7188
Starting Validation
Epoch [150/200] - Train Loss: 0.0596, Train Accuracy: 0.9780 - 
Validation Loss: 1.6145, Validation Accuracy: 0.7085
Starting Validation
Epoch [151/200] - Train Loss: 0.0453, Train Accuracy: 0.9852 - 
Validation Loss: 2.1408, Validation Accuracy: 0.7309
Starting Validation
Epoch [152/200] - Train Loss: 0.0626, Train Accuracy: 0.9769 - 
Validation Loss: 1.6278, Validation Accuracy: 0.7188
Starting Validation
Epoch [153/200] - Train Loss: 0.0486, Train Accuracy: 0.9808 - 
Validation Loss: 1.9755, Validation Accuracy: 0.7297
Starting Validation
Epoch [154/200] - Train Loss: 0.0540, Train Accuracy: 0.9797 - 
Validation Loss: 1.7385, Validation Accuracy: 0.7329
Starting Validation
Epoch [155/200] - Train Loss: 0.0459, Train Accuracy: 0.9821 - 
Validation Loss: 1.7706, Validation Accuracy: 0.7047
Starting Validation
Epoch [156/200] - Train Loss: 0.0573, Train Accuracy: 0.9808 - 
Validation Loss: 1.7142, Validation Accuracy: 0.7194
Starting Validation
Epoch [157/200] - Train Loss: 0.0491, Train Accuracy: 0.9816 - 
Validation Loss: 1.9361, Validation Accuracy: 0.6989
Starting Validation
Epoch [158/200] - Train Loss: 0.0410, Train Accuracy: 0.9852 - 
Validation Loss: 1.9695, Validation Accuracy: 0.6855
Starting Validation
Epoch [159/200] - Train Loss: 0.0594, Train Accuracy: 0.9775 - 
Validation Loss: 1.5979, Validation Accuracy: 0.7207
Starting Validation
Epoch [160/200] - Train Loss: 0.0481, Train Accuracy: 0.9808 - 
Validation Loss: 1.9955, Validation Accuracy: 0.7175
Starting Validation
Epoch [161/200] - Train Loss: 0.0418, Train Accuracy: 0.9846 - 
Validation Loss: 1.9359, Validation Accuracy: 0.7098
Starting Validation
Epoch [162/200] - Train Loss: 0.0389, Train Accuracy: 0.9843 - 
Validation Loss: 1.7786, Validation Accuracy: 0.7098
Starting Validation
Epoch [163/200] - Train Loss: 0.0396, Train Accuracy: 0.9857 - 
Validation Loss: 1.8399, Validation Accuracy: 0.7111
Starting Validation
Epoch [164/200] - Train Loss: 0.0356, Train Accuracy: 0.9882 - 
Validation Loss: 1.8704, Validation Accuracy: 0.7252
Starting Validation
Epoch [165/200] - Train Loss: 0.0456, Train Accuracy: 0.9810 - 
Validation Loss: 1.9147, Validation Accuracy: 0.6976
Starting Validation
Epoch [166/200] - Train Loss: 0.0476, Train Accuracy: 0.9824 - 
Validation Loss: 2.0058, Validation Accuracy: 0.7335
Starting Validation
Epoch [167/200] - Train Loss: 0.0395, Train Accuracy: 0.9852 - 
Validation Loss: 2.3783, Validation Accuracy: 0.7233
Starting Validation
Epoch [168/200] - Train Loss: 0.0442, Train Accuracy: 0.9852 - 
Validation Loss: 1.9094, Validation Accuracy: 0.7239
Starting Validation
Epoch [169/200] - Train Loss: 0.0440, Train Accuracy: 0.9832 - 
Validation Loss: 1.9650, Validation Accuracy: 0.7245
Starting Validation
Epoch [170/200] - Train Loss: 0.0421, Train Accuracy: 0.9827 - 
Validation Loss: 1.8426, Validation Accuracy: 0.7066
Starting Validation
Epoch [171/200] - Train Loss: 0.0494, Train Accuracy: 0.9841 - 
Validation Loss: 1.7602, Validation Accuracy: 0.6899
Starting Validation
Epoch [172/200] - Train Loss: 0.0308, Train Accuracy: 0.9874 - 
Validation Loss: 2.0721, Validation Accuracy: 0.6996
Starting Validation
Epoch [173/200] - Train Loss: 0.0407, Train Accuracy: 0.9860 - 
Validation Loss: 2.3673, Validation Accuracy: 0.7117
Starting Validation
Epoch [174/200] - Train Loss: 0.0473, Train Accuracy: 0.9816 - 
Validation Loss: 1.9211, Validation Accuracy: 0.7201
Starting Validation
Epoch [175/200] - Train Loss: 0.0346, Train Accuracy: 0.9879 - 
Validation Loss: 1.9916, Validation Accuracy: 0.7104
Starting Validation
Epoch [176/200] - Train Loss: 0.0562, Train Accuracy: 0.9786 - 
Validation Loss: 1.7314, Validation Accuracy: 0.7181
Starting Validation
Epoch [177/200] - Train Loss: 0.0358, Train Accuracy: 0.9863 - 
Validation Loss: 1.9867, Validation Accuracy: 0.7162
Starting Validation
Epoch [178/200] - Train Loss: 0.0530, Train Accuracy: 0.9813 - 
Validation Loss: 1.6924, Validation Accuracy: 0.7207
Starting Validation
Epoch [179/200] - Train Loss: 0.0471, Train Accuracy: 0.9838 - 
Validation Loss: 1.8975, Validation Accuracy: 0.7354
Starting Validation
Epoch [180/200] - Train Loss: 0.0459, Train Accuracy: 0.9832 - 
Validation Loss: 1.8652, Validation Accuracy: 0.7053
Starting Validation
Epoch [181/200] - Train Loss: 0.0303, Train Accuracy: 0.9904 - 
Validation Loss: 2.0689, Validation Accuracy: 0.7040
Starting Validation
Epoch [182/200] - Train Loss: 0.0467, Train Accuracy: 0.9843 - 
Validation Loss: 1.9895, Validation Accuracy: 0.7220
Starting Validation
Epoch [183/200] - Train Loss: 0.0435, Train Accuracy: 0.9841 - 
Validation Loss: 1.8422, Validation Accuracy: 0.6829
Starting Validation
Epoch [184/200] - Train Loss: 0.0457, Train Accuracy: 0.9832 - 
Validation Loss: 2.0377, Validation Accuracy: 0.7252
Starting Validation
Epoch [185/200] - Train Loss: 0.0241, Train Accuracy: 0.9915 - 
Validation Loss: 2.3358, Validation Accuracy: 0.7303
Starting Validation
Epoch [186/200] - Train Loss: 0.0621, Train Accuracy: 0.9756 - 
Validation Loss: 1.7200, Validation Accuracy: 0.7053
Starting Validation
Epoch [187/200] - Train Loss: 0.0412, Train Accuracy: 0.9865 - 
Validation Loss: 2.0664, Validation Accuracy: 0.7092
Starting Validation
Epoch [188/200] - Train Loss: 0.0317, Train Accuracy: 0.9885 - 
Validation Loss: 2.0296, Validation Accuracy: 0.7136
Starting Validation
Epoch [189/200] - Train Loss: 0.0293, Train Accuracy: 0.9885 - 
Validation Loss: 2.5594, Validation Accuracy: 0.7277
Starting Validation
Epoch [190/200] - Train Loss: 0.0416, Train Accuracy: 0.9865 - 
Validation Loss: 2.1535, Validation Accuracy: 0.7130
Starting Validation
Epoch [191/200] - Train Loss: 0.0380, Train Accuracy: 0.9868 - 
Validation Loss: 2.0919, Validation Accuracy: 0.7028
Starting Validation
Epoch [192/200] - Train Loss: 0.0339, Train Accuracy: 0.9887 - 
Validation Loss: 1.9797, Validation Accuracy: 0.7060
Starting Validation
Epoch [193/200] - Train Loss: 0.0439, Train Accuracy: 0.9838 - 
Validation Loss: 1.7043, Validation Accuracy: 0.7143
Starting Validation
Epoch [194/200] - Train Loss: 0.0430, Train Accuracy: 0.9849 - 
Validation Loss: 1.8927, Validation Accuracy: 0.7136
Starting Validation
Epoch [195/200] - Train Loss: 0.0483, Train Accuracy: 0.9827 - 
Validation Loss: 1.7038, Validation Accuracy: 0.7098
Starting Validation
Epoch [196/200] - Train Loss: 0.0329, Train Accuracy: 0.9893 - 
Validation Loss: 2.0575, Validation Accuracy: 0.7277
Starting Validation
Epoch [197/200] - Train Loss: 0.0375, Train Accuracy: 0.9865 - 
Validation Loss: 1.9043, Validation Accuracy: 0.7226
Starting Validation
Epoch [198/200] - Train Loss: 0.0331, Train Accuracy: 0.9909 - 
Validation Loss: 2.0001, Validation Accuracy: 0.7047
Starting Validation
Epoch [199/200] - Train Loss: 0.0304, Train Accuracy: 0.9896 - 
Validation Loss: 2.0253, Validation Accuracy: 0.7245
Starting Validation
Epoch [200/200] - Train Loss: 0.0308, Train Accuracy: 0.9882 - 
Validation Loss: 2.0531, Validation Accuracy: 0.7111
Plotting graph now
